CRITICAL - 2022-02-08 00:11:51 --> A non well formed numeric value encountered
#0 /Applications/WebServer/htdocs/inventori-obat/app/Controllers/PesananObat.php(66): CodeIgniter\Debug\Exceptions->errorHandler(8, 'A non well form...', '/Applications/W...', 66, Array)
#1 /Applications/WebServer/htdocs/inventori-obat/vendor/codeigniter4/framework/system/CodeIgniter.php(825): App\Controllers\PesananObat->pesananEdit('2')
#2 /Applications/WebServer/htdocs/inventori-obat/vendor/codeigniter4/framework/system/CodeIgniter.php(412): CodeIgniter\CodeIgniter->runController(Object(App\Controllers\PesananObat))
#3 /Applications/WebServer/htdocs/inventori-obat/vendor/codeigniter4/framework/system/CodeIgniter.php(320): CodeIgniter\CodeIgniter->handleRequest(NULL, Object(Config\Cache), false)
#4 /Applications/WebServer/htdocs/inventori-obat/public/index.php(37): CodeIgniter\CodeIgniter->run()
#5 /Applications/WebServer/htdocs/inventori-obat/vendor/codeigniter4/framework/system/Commands/Server/rewrite.php(43): require_once('/Applications/W...')
#6 {main}
CRITICAL - 2022-02-08 00:15:27 --> strtotime() expects at most 2 parameters, 3 given
#0 [internal function]: CodeIgniter\Debug\Exceptions->errorHandler(2, 'strtotime() exp...', '/Applications/W...', 66, Array)
#1 /Applications/WebServer/htdocs/inventori-obat/app/Controllers/PesananObat.php(66): strtotime('+5 years', '+4 months', '+8 days')
#2 /Applications/WebServer/htdocs/inventori-obat/vendor/codeigniter4/framework/system/CodeIgniter.php(825): App\Controllers\PesananObat->pesananEdit('2')
#3 /Applications/WebServer/htdocs/inventori-obat/vendor/codeigniter4/framework/system/CodeIgniter.php(412): CodeIgniter\CodeIgniter->runController(Object(App\Controllers\PesananObat))
#4 /Applications/WebServer/htdocs/inventori-obat/vendor/codeigniter4/framework/system/CodeIgniter.php(320): CodeIgniter\CodeIgniter->handleRequest(NULL, Object(Config\Cache), false)
#5 /Applications/WebServer/htdocs/inventori-obat/public/index.php(37): CodeIgniter\CodeIgniter->run()
#6 /Applications/WebServer/htdocs/inventori-obat/vendor/codeigniter4/framework/system/Commands/Server/rewrite.php(43): require_once('/Applications/W...')
#7 {main}
CRITICAL - 2022-02-08 00:16:02 --> date() expects at most 2 parameters, 3 given
#0 [internal function]: CodeIgniter\Debug\Exceptions->errorHandler(2, 'date() expects ...', '/Applications/W...', 66, Array)
#1 /Applications/WebServer/htdocs/inventori-obat/app/Controllers/PesananObat.php(66): date('Y-m-d', 1802020562, 1654622162)
#2 /Applications/WebServer/htdocs/inventori-obat/vendor/codeigniter4/framework/system/CodeIgniter.php(825): App\Controllers\PesananObat->pesananEdit('2')
#3 /Applications/WebServer/htdocs/inventori-obat/vendor/codeigniter4/framework/system/CodeIgniter.php(412): CodeIgniter\CodeIgniter->runController(Object(App\Controllers\PesananObat))
#4 /Applications/WebServer/htdocs/inventori-obat/vendor/codeigniter4/framework/system/CodeIgniter.php(320): CodeIgniter\CodeIgniter->handleRequest(NULL, Object(Config\Cache), false)
#5 /Applications/WebServer/htdocs/inventori-obat/public/index.php(37): CodeIgniter\CodeIgniter->run()
#6 /Applications/WebServer/htdocs/inventori-obat/vendor/codeigniter4/framework/system/Commands/Server/rewrite.php(43): require_once('/Applications/W...')
#7 {main}
CRITICAL - 2022-02-08 00:16:28 --> A non well formed numeric value encountered
#0 [internal function]: CodeIgniter\Debug\Exceptions->errorHandler(8, 'A non well form...', '/Applications/W...', 66, Array)
#1 /Applications/WebServer/htdocs/inventori-obat/app/Controllers/PesananObat.php(66): strtotime('+5 years', '+4 days')
#2 /Applications/WebServer/htdocs/inventori-obat/vendor/codeigniter4/framework/system/CodeIgniter.php(825): App\Controllers\PesananObat->pesananEdit('2')
#3 /Applications/WebServer/htdocs/inventori-obat/vendor/codeigniter4/framework/system/CodeIgniter.php(412): CodeIgniter\CodeIgniter->runController(Object(App\Controllers\PesananObat))
#4 /Applications/WebServer/htdocs/inventori-obat/vendor/codeigniter4/framework/system/CodeIgniter.php(320): CodeIgniter\CodeIgniter->handleRequest(NULL, Object(Config\Cache), false)
#5 /Applications/WebServer/htdocs/inventori-obat/public/index.php(37): CodeIgniter\CodeIgniter->run()
#6 /Applications/WebServer/htdocs/inventori-obat/vendor/codeigniter4/framework/system/Commands/Server/rewrite.php(43): require_once('/Applications/W...')
#7 {main}
CRITICAL - 2022-02-08 00:42:30 --> Undefined variable: obat_kd
#0 /Applications/WebServer/htdocs/inventori-obat/app/Controllers/Laporan.php(93): CodeIgniter\Debug\Exceptions->errorHandler(8, 'Undefined varia...', '/Applications/W...', 93, Array)
#1 /Applications/WebServer/htdocs/inventori-obat/vendor/codeigniter4/framework/system/CodeIgniter.php(825): App\Controllers\Laporan->laporan_kadaluarsa()
#2 /Applications/WebServer/htdocs/inventori-obat/vendor/codeigniter4/framework/system/CodeIgniter.php(412): CodeIgniter\CodeIgniter->runController(Object(App\Controllers\Laporan))
#3 /Applications/WebServer/htdocs/inventori-obat/vendor/codeigniter4/framework/system/CodeIgniter.php(320): CodeIgniter\CodeIgniter->handleRequest(NULL, Object(Config\Cache), false)
#4 /Applications/WebServer/htdocs/inventori-obat/public/index.php(37): CodeIgniter\CodeIgniter->run()
#5 /Applications/WebServer/htdocs/inventori-obat/vendor/codeigniter4/framework/system/Commands/Server/rewrite.php(43): require_once('/Applications/W...')
#6 {main}
CRITICAL - 2022-02-08 00:43:07 --> count(): Parameter must be an array or an object that implements Countable
#0 /Applications/WebServer/htdocs/inventori-obat/app/Views/laporan/laporan_kadaluarsa.php(61): CodeIgniter\Debug\Exceptions->errorHandler(2, 'count(): Parame...', '/Applications/W...', 61, Array)
#1 /Applications/WebServer/htdocs/inventori-obat/vendor/codeigniter4/framework/system/View/View.php(210): include('/Applications/W...')
#2 /Applications/WebServer/htdocs/inventori-obat/vendor/codeigniter4/framework/system/View/View.php(213): CodeIgniter\View\View->CodeIgniter\View\{closure}()
#3 /Applications/WebServer/htdocs/inventori-obat/vendor/codeigniter4/framework/system/Common.php(1089): CodeIgniter\View\View->render('laporan/laporan...', Array, true)
#4 /Applications/WebServer/htdocs/inventori-obat/app/Controllers/Laporan.php(94): view('laporan/laporan...', Array)
#5 /Applications/WebServer/htdocs/inventori-obat/vendor/codeigniter4/framework/system/CodeIgniter.php(825): App\Controllers\Laporan->laporan_kadaluarsa()
#6 /Applications/WebServer/htdocs/inventori-obat/vendor/codeigniter4/framework/system/CodeIgniter.php(412): CodeIgniter\CodeIgniter->runController(Object(App\Controllers\Laporan))
#7 /Applications/WebServer/htdocs/inventori-obat/vendor/codeigniter4/framework/system/CodeIgniter.php(320): CodeIgniter\CodeIgniter->handleRequest(NULL, Object(Config\Cache), false)
#8 /Applications/WebServer/htdocs/inventori-obat/public/index.php(37): CodeIgniter\CodeIgniter->run()
#9 /Applications/WebServer/htdocs/inventori-obat/vendor/codeigniter4/framework/system/Commands/Server/rewrite.php(43): require_once('/Applications/W...')
#10 {main}
CRITICAL - 2022-02-08 00:43:47 --> Invalid argument supplied for foreach()
#0 /Applications/WebServer/htdocs/inventori-obat/app/Views/laporan/laporan_kadaluarsa.php(63): CodeIgniter\Debug\Exceptions->errorHandler(2, 'Invalid argumen...', '/Applications/W...', 63, Array)
#1 /Applications/WebServer/htdocs/inventori-obat/vendor/codeigniter4/framework/system/View/View.php(210): include('/Applications/W...')
#2 /Applications/WebServer/htdocs/inventori-obat/vendor/codeigniter4/framework/system/View/View.php(213): CodeIgniter\View\View->CodeIgniter\View\{closure}()
#3 /Applications/WebServer/htdocs/inventori-obat/vendor/codeigniter4/framework/system/Common.php(1089): CodeIgniter\View\View->render('laporan/laporan...', Array, true)
#4 /Applications/WebServer/htdocs/inventori-obat/app/Controllers/Laporan.php(94): view('laporan/laporan...', Array)
#5 /Applications/WebServer/htdocs/inventori-obat/vendor/codeigniter4/framework/system/CodeIgniter.php(825): App\Controllers\Laporan->laporan_kadaluarsa()
#6 /Applications/WebServer/htdocs/inventori-obat/vendor/codeigniter4/framework/system/CodeIgniter.php(412): CodeIgniter\CodeIgniter->runController(Object(App\Controllers\Laporan))
#7 /Applications/WebServer/htdocs/inventori-obat/vendor/codeigniter4/framework/system/CodeIgniter.php(320): CodeIgniter\CodeIgniter->handleRequest(NULL, Object(Config\Cache), false)
#8 /Applications/WebServer/htdocs/inventori-obat/public/index.php(37): CodeIgniter\CodeIgniter->run()
#9 /Applications/WebServer/htdocs/inventori-obat/vendor/codeigniter4/framework/system/Commands/Server/rewrite.php(43): require_once('/Applications/W...')
#10 {main}
CRITICAL - 2022-02-08 00:43:59 --> count(): Parameter must be an array or an object that implements Countable
#0 /Applications/WebServer/htdocs/inventori-obat/app/Views/laporan/laporan_kadaluarsa.php(82): CodeIgniter\Debug\Exceptions->errorHandler(2, 'count(): Parame...', '/Applications/W...', 82, Array)
#1 /Applications/WebServer/htdocs/inventori-obat/vendor/codeigniter4/framework/system/View/View.php(210): include('/Applications/W...')
#2 /Applications/WebServer/htdocs/inventori-obat/vendor/codeigniter4/framework/system/View/View.php(213): CodeIgniter\View\View->CodeIgniter\View\{closure}()
#3 /Applications/WebServer/htdocs/inventori-obat/vendor/codeigniter4/framework/system/Common.php(1089): CodeIgniter\View\View->render('laporan/laporan...', Array, true)
#4 /Applications/WebServer/htdocs/inventori-obat/app/Controllers/Laporan.php(94): view('laporan/laporan...', Array)
#5 /Applications/WebServer/htdocs/inventori-obat/vendor/codeigniter4/framework/system/CodeIgniter.php(825): App\Controllers\Laporan->laporan_kadaluarsa()
#6 /Applications/WebServer/htdocs/inventori-obat/vendor/codeigniter4/framework/system/CodeIgniter.php(412): CodeIgniter\CodeIgniter->runController(Object(App\Controllers\Laporan))
#7 /Applications/WebServer/htdocs/inventori-obat/vendor/codeigniter4/framework/system/CodeIgniter.php(320): CodeIgniter\CodeIgniter->handleRequest(NULL, Object(Config\Cache), false)
#8 /Applications/WebServer/htdocs/inventori-obat/public/index.php(37): CodeIgniter\CodeIgniter->run()
#9 /Applications/WebServer/htdocs/inventori-obat/vendor/codeigniter4/framework/system/Commands/Server/rewrite.php(43): require_once('/Applications/W...')
#10 {main}
CRITICAL - 2022-02-08 00:44:15 --> Undefined variable: obat_kd
#0 /Applications/WebServer/htdocs/inventori-obat/app/Controllers/Laporan.php(93): CodeIgniter\Debug\Exceptions->errorHandler(8, 'Undefined varia...', '/Applications/W...', 93, Array)
#1 /Applications/WebServer/htdocs/inventori-obat/vendor/codeigniter4/framework/system/CodeIgniter.php(825): App\Controllers\Laporan->laporan_kadaluarsa()
#2 /Applications/WebServer/htdocs/inventori-obat/vendor/codeigniter4/framework/system/CodeIgniter.php(412): CodeIgniter\CodeIgniter->runController(Object(App\Controllers\Laporan))
#3 /Applications/WebServer/htdocs/inventori-obat/vendor/codeigniter4/framework/system/CodeIgniter.php(320): CodeIgniter\CodeIgniter->handleRequest(NULL, Object(Config\Cache), false)
#4 /Applications/WebServer/htdocs/inventori-obat/public/index.php(37): CodeIgniter\CodeIgniter->run()
#5 /Applications/WebServer/htdocs/inventori-obat/vendor/codeigniter4/framework/system/Commands/Server/rewrite.php(43): require_once('/Applications/W...')
#6 {main}
CRITICAL - 2022-02-08 00:48:55 --> Invalid argument supplied for foreach()
#0 /Applications/WebServer/htdocs/inventori-obat/app/Views/dashboard/dokter.php(61): CodeIgniter\Debug\Exceptions->errorHandler(2, 'Invalid argumen...', '/Applications/W...', 61, Array)
#1 /Applications/WebServer/htdocs/inventori-obat/vendor/codeigniter4/framework/system/View/View.php(210): include('/Applications/W...')
#2 /Applications/WebServer/htdocs/inventori-obat/vendor/codeigniter4/framework/system/View/View.php(213): CodeIgniter\View\View->CodeIgniter\View\{closure}()
#3 /Applications/WebServer/htdocs/inventori-obat/vendor/codeigniter4/framework/system/Common.php(1089): CodeIgniter\View\View->render('dashboard/dokte...', Array, true)
#4 /Applications/WebServer/htdocs/inventori-obat/app/Controllers/Dashboard.php(257): view('dashboard/dokte...', Array)
#5 /Applications/WebServer/htdocs/inventori-obat/vendor/codeigniter4/framework/system/CodeIgniter.php(825): App\Controllers\Dashboard->data_dokter()
#6 /Applications/WebServer/htdocs/inventori-obat/vendor/codeigniter4/framework/system/CodeIgniter.php(412): CodeIgniter\CodeIgniter->runController(Object(App\Controllers\Dashboard))
#7 /Applications/WebServer/htdocs/inventori-obat/vendor/codeigniter4/framework/system/CodeIgniter.php(320): CodeIgniter\CodeIgniter->handleRequest(NULL, Object(Config\Cache), false)
#8 /Applications/WebServer/htdocs/inventori-obat/public/index.php(37): CodeIgniter\CodeIgniter->run()
#9 /Applications/WebServer/htdocs/inventori-obat/vendor/codeigniter4/framework/system/Commands/Server/rewrite.php(43): require_once('/Applications/W...')
#10 {main}
CRITICAL - 2022-02-08 00:51:02 --> Invalid argument supplied for foreach()
#0 /Applications/WebServer/htdocs/inventori-obat/app/Views/dashboard/pengambilan_obat.php(41): CodeIgniter\Debug\Exceptions->errorHandler(2, 'Invalid argumen...', '/Applications/W...', 41, Array)
#1 /Applications/WebServer/htdocs/inventori-obat/vendor/codeigniter4/framework/system/View/View.php(210): include('/Applications/W...')
#2 /Applications/WebServer/htdocs/inventori-obat/vendor/codeigniter4/framework/system/View/View.php(213): CodeIgniter\View\View->CodeIgniter\View\{closure}()
#3 /Applications/WebServer/htdocs/inventori-obat/vendor/codeigniter4/framework/system/Common.php(1089): CodeIgniter\View\View->render('dashboard/penga...', Array, true)
#4 /Applications/WebServer/htdocs/inventori-obat/app/Controllers/Dashboard.php(291): view('dashboard/penga...', Array)
#5 /Applications/WebServer/htdocs/inventori-obat/vendor/codeigniter4/framework/system/CodeIgniter.php(825): App\Controllers\Dashboard->pengambilan_obat()
#6 /Applications/WebServer/htdocs/inventori-obat/vendor/codeigniter4/framework/system/CodeIgniter.php(412): CodeIgniter\CodeIgniter->runController(Object(App\Controllers\Dashboard))
#7 /Applications/WebServer/htdocs/inventori-obat/vendor/codeigniter4/framework/system/CodeIgniter.php(320): CodeIgniter\CodeIgniter->handleRequest(NULL, Object(Config\Cache), false)
#8 /Applications/WebServer/htdocs/inventori-obat/public/index.php(37): CodeIgniter\CodeIgniter->run()
#9 /Applications/WebServer/htdocs/inventori-obat/vendor/codeigniter4/framework/system/Commands/Server/rewrite.php(43): require_once('/Applications/W...')
#10 {main}
CRITICAL - 2022-02-08 00:53:45 --> Invalid argument supplied for foreach()
#0 /Applications/WebServer/htdocs/inventori-obat/app/Views/dashboard/resep_obat.php(90): CodeIgniter\Debug\Exceptions->errorHandler(2, 'Invalid argumen...', '/Applications/W...', 90, Array)
#1 /Applications/WebServer/htdocs/inventori-obat/vendor/codeigniter4/framework/system/View/View.php(210): include('/Applications/W...')
#2 /Applications/WebServer/htdocs/inventori-obat/vendor/codeigniter4/framework/system/View/View.php(213): CodeIgniter\View\View->CodeIgniter\View\{closure}()
#3 /Applications/WebServer/htdocs/inventori-obat/vendor/codeigniter4/framework/system/Common.php(1089): CodeIgniter\View\View->render('dashboard/resep...', Array, true)
#4 /Applications/WebServer/htdocs/inventori-obat/app/Controllers/Dashboard.php(306): view('dashboard/resep...', Array)
#5 /Applications/WebServer/htdocs/inventori-obat/vendor/codeigniter4/framework/system/CodeIgniter.php(825): App\Controllers\Dashboard->resep_obat()
#6 /Applications/WebServer/htdocs/inventori-obat/vendor/codeigniter4/framework/system/CodeIgniter.php(412): CodeIgniter\CodeIgniter->runController(Object(App\Controllers\Dashboard))
#7 /Applications/WebServer/htdocs/inventori-obat/vendor/codeigniter4/framework/system/CodeIgniter.php(320): CodeIgniter\CodeIgniter->handleRequest(NULL, Object(Config\Cache), false)
#8 /Applications/WebServer/htdocs/inventori-obat/public/index.php(37): CodeIgniter\CodeIgniter->run()
#9 /Applications/WebServer/htdocs/inventori-obat/vendor/codeigniter4/framework/system/Commands/Server/rewrite.php(43): require_once('/Applications/W...')
#10 {main}
CRITICAL - 2022-02-08 00:55:43 --> Invalid argument supplied for foreach()
#0 /Applications/WebServer/htdocs/inventori-obat/app/Views/dashboard/riwayat_ambil_obat.php(89): CodeIgniter\Debug\Exceptions->errorHandler(2, 'Invalid argumen...', '/Applications/W...', 89, Array)
#1 /Applications/WebServer/htdocs/inventori-obat/vendor/codeigniter4/framework/system/View/View.php(210): include('/Applications/W...')
#2 /Applications/WebServer/htdocs/inventori-obat/vendor/codeigniter4/framework/system/View/View.php(213): CodeIgniter\View\View->CodeIgniter\View\{closure}()
#3 /Applications/WebServer/htdocs/inventori-obat/vendor/codeigniter4/framework/system/Common.php(1089): CodeIgniter\View\View->render('dashboard/riway...', Array, true)
#4 /Applications/WebServer/htdocs/inventori-obat/app/Controllers/Dashboard.php(316): view('dashboard/riway...', Array)
#5 /Applications/WebServer/htdocs/inventori-obat/vendor/codeigniter4/framework/system/CodeIgniter.php(825): App\Controllers\Dashboard->riwayat_pengambilan_obat()
#6 /Applications/WebServer/htdocs/inventori-obat/vendor/codeigniter4/framework/system/CodeIgniter.php(412): CodeIgniter\CodeIgniter->runController(Object(App\Controllers\Dashboard))
#7 /Applications/WebServer/htdocs/inventori-obat/vendor/codeigniter4/framework/system/CodeIgniter.php(320): CodeIgniter\CodeIgniter->handleRequest(NULL, Object(Config\Cache), false)
#8 /Applications/WebServer/htdocs/inventori-obat/public/index.php(37): CodeIgniter\CodeIgniter->run()
#9 /Applications/WebServer/htdocs/inventori-obat/vendor/codeigniter4/framework/system/Commands/Server/rewrite.php(43): require_once('/Applications/W...')
#10 {main}
CRITICAL - 2022-02-08 11:40:38 --> Undefined variable: totalObat
#0 /Applications/WebServer/htdocs/inventori-obat/app/Views/laporan/cetak-lkd.php(62): CodeIgniter\Debug\Exceptions->errorHandler(8, 'Undefined varia...', '/Applications/W...', 62, Array)
#1 /Applications/WebServer/htdocs/inventori-obat/vendor/codeigniter4/framework/system/View/View.php(210): include('/Applications/W...')
#2 /Applications/WebServer/htdocs/inventori-obat/vendor/codeigniter4/framework/system/View/View.php(213): CodeIgniter\View\View->CodeIgniter\View\{closure}()
#3 /Applications/WebServer/htdocs/inventori-obat/vendor/codeigniter4/framework/system/Common.php(1089): CodeIgniter\View\View->render('laporan/cetak-l...', Array, true)
#4 /Applications/WebServer/htdocs/inventori-obat/app/Controllers/Laporan.php(112): view('laporan/cetak-l...', Array)
#5 /Applications/WebServer/htdocs/inventori-obat/vendor/codeigniter4/framework/system/CodeIgniter.php(825): App\Controllers\Laporan->cetak_lkd()
#6 /Applications/WebServer/htdocs/inventori-obat/vendor/codeigniter4/framework/system/CodeIgniter.php(412): CodeIgniter\CodeIgniter->runController(Object(App\Controllers\Laporan))
#7 /Applications/WebServer/htdocs/inventori-obat/vendor/codeigniter4/framework/system/CodeIgniter.php(320): CodeIgniter\CodeIgniter->handleRequest(NULL, Object(Config\Cache), false)
#8 /Applications/WebServer/htdocs/inventori-obat/public/index.php(37): CodeIgniter\CodeIgniter->run()
#9 /Applications/WebServer/htdocs/inventori-obat/vendor/codeigniter4/framework/system/Commands/Server/rewrite.php(43): require_once('/Applications/W...')
#10 {main}
CRITICAL - 2022-02-08 11:59:24 --> Undefined index: tgl_kadaluarsa
#0 /Applications/WebServer/htdocs/inventori-obat/app/Controllers/Laporan.php(85): CodeIgniter\Debug\Exceptions->errorHandler(8, 'Undefined index...', '/Applications/W...', 85, Array)
#1 /Applications/WebServer/htdocs/inventori-obat/vendor/codeigniter4/framework/system/CodeIgniter.php(825): App\Controllers\Laporan->laporan_kadaluarsa()
#2 /Applications/WebServer/htdocs/inventori-obat/vendor/codeigniter4/framework/system/CodeIgniter.php(412): CodeIgniter\CodeIgniter->runController(Object(App\Controllers\Laporan))
#3 /Applications/WebServer/htdocs/inventori-obat/vendor/codeigniter4/framework/system/CodeIgniter.php(320): CodeIgniter\CodeIgniter->handleRequest(NULL, Object(Config\Cache), false)
#4 /Applications/WebServer/htdocs/inventori-obat/public/index.php(37): CodeIgniter\CodeIgniter->run()
#5 /Applications/WebServer/htdocs/inventori-obat/vendor/codeigniter4/framework/system/Commands/Server/rewrite.php(43): require_once('/Applications/W...')
#6 {main}
CRITICAL - 2022-02-08 13:15:59 --> Invalid argument supplied for foreach()
#0 /Applications/WebServer/htdocs/inventori-obat/app/Controllers/Laporan.php(85): CodeIgniter\Debug\Exceptions->errorHandler(2, 'Invalid argumen...', '/Applications/W...', 85, Array)
#1 /Applications/WebServer/htdocs/inventori-obat/vendor/codeigniter4/framework/system/CodeIgniter.php(825): App\Controllers\Laporan->laporan_kadaluarsa()
#2 /Applications/WebServer/htdocs/inventori-obat/vendor/codeigniter4/framework/system/CodeIgniter.php(412): CodeIgniter\CodeIgniter->runController(Object(App\Controllers\Laporan))
#3 /Applications/WebServer/htdocs/inventori-obat/vendor/codeigniter4/framework/system/CodeIgniter.php(320): CodeIgniter\CodeIgniter->handleRequest(NULL, Object(Config\Cache), false)
#4 /Applications/WebServer/htdocs/inventori-obat/public/index.php(37): CodeIgniter\CodeIgniter->run()
#5 /Applications/WebServer/htdocs/inventori-obat/vendor/codeigniter4/framework/system/Commands/Server/rewrite.php(43): require_once('/Applications/W...')
#6 {main}
CRITICAL - 2022-02-08 13:16:08 --> Undefined variable: data_kadaluarsa
#0 /Applications/WebServer/htdocs/inventori-obat/app/Controllers/Laporan.php(97): CodeIgniter\Debug\Exceptions->errorHandler(8, 'Undefined varia...', '/Applications/W...', 97, Array)
#1 /Applications/WebServer/htdocs/inventori-obat/vendor/codeigniter4/framework/system/CodeIgniter.php(825): App\Controllers\Laporan->laporan_kadaluarsa()
#2 /Applications/WebServer/htdocs/inventori-obat/vendor/codeigniter4/framework/system/CodeIgniter.php(412): CodeIgniter\CodeIgniter->runController(Object(App\Controllers\Laporan))
#3 /Applications/WebServer/htdocs/inventori-obat/vendor/codeigniter4/framework/system/CodeIgniter.php(320): CodeIgniter\CodeIgniter->handleRequest(NULL, Object(Config\Cache), false)
#4 /Applications/WebServer/htdocs/inventori-obat/public/index.php(37): CodeIgniter\CodeIgniter->run()
#5 /Applications/WebServer/htdocs/inventori-obat/vendor/codeigniter4/framework/system/Commands/Server/rewrite.php(43): require_once('/Applications/W...')
#6 {main}
CRITICAL - 2022-02-08 13:18:34 --> Undefined index: stok_masuk
#0 /Applications/WebServer/htdocs/inventori-obat/app/Views/laporan/cetak-lkd.php(49): CodeIgniter\Debug\Exceptions->errorHandler(8, 'Undefined index...', '/Applications/W...', 49, Array)
#1 /Applications/WebServer/htdocs/inventori-obat/vendor/codeigniter4/framework/system/View/View.php(210): include('/Applications/W...')
#2 /Applications/WebServer/htdocs/inventori-obat/vendor/codeigniter4/framework/system/View/View.php(213): CodeIgniter\View\View->CodeIgniter\View\{closure}()
#3 /Applications/WebServer/htdocs/inventori-obat/vendor/codeigniter4/framework/system/Common.php(1089): CodeIgniter\View\View->render('laporan/cetak-l...', Array, true)
#4 /Applications/WebServer/htdocs/inventori-obat/app/Controllers/Laporan.php(123): view('laporan/cetak-l...', Array)
#5 /Applications/WebServer/htdocs/inventori-obat/vendor/codeigniter4/framework/system/CodeIgniter.php(825): App\Controllers\Laporan->cetak_lkd()
#6 /Applications/WebServer/htdocs/inventori-obat/vendor/codeigniter4/framework/system/CodeIgniter.php(412): CodeIgniter\CodeIgniter->runController(Object(App\Controllers\Laporan))
#7 /Applications/WebServer/htdocs/inventori-obat/vendor/codeigniter4/framework/system/CodeIgniter.php(320): CodeIgniter\CodeIgniter->handleRequest(NULL, Object(Config\Cache), false)
#8 /Applications/WebServer/htdocs/inventori-obat/public/index.php(37): CodeIgniter\CodeIgniter->run()
#9 /Applications/WebServer/htdocs/inventori-obat/vendor/codeigniter4/framework/system/Commands/Server/rewrite.php(43): require_once('/Applications/W...')
#10 {main}
CRITICAL - 2022-02-08 15:21:30 --> Undefined variable: data_kadaluarsa
#0 /Applications/WebServer/htdocs/inventori-obat/app/Controllers/Laporan.php(104): CodeIgniter\Debug\Exceptions->errorHandler(8, 'Undefined varia...', '/Applications/W...', 104, Array)
#1 /Applications/WebServer/htdocs/inventori-obat/vendor/codeigniter4/framework/system/CodeIgniter.php(825): App\Controllers\Laporan->laporan_kadaluarsa()
#2 /Applications/WebServer/htdocs/inventori-obat/vendor/codeigniter4/framework/system/CodeIgniter.php(412): CodeIgniter\CodeIgniter->runController(Object(App\Controllers\Laporan))
#3 /Applications/WebServer/htdocs/inventori-obat/vendor/codeigniter4/framework/system/CodeIgniter.php(320): CodeIgniter\CodeIgniter->handleRequest(NULL, Object(Config\Cache), false)
#4 /Applications/WebServer/htdocs/inventori-obat/public/index.php(37): CodeIgniter\CodeIgniter->run()
#5 /Applications/WebServer/htdocs/inventori-obat/vendor/codeigniter4/framework/system/Commands/Server/rewrite.php(43): require_once('/Applications/W...')
#6 {main}
CRITICAL - 2022-02-08 15:23:02 --> Undefined variable: data_kadaluarsa
#0 /Applications/WebServer/htdocs/inventori-obat/app/Controllers/Laporan.php(129): CodeIgniter\Debug\Exceptions->errorHandler(8, 'Undefined varia...', '/Applications/W...', 129, Array)
#1 /Applications/WebServer/htdocs/inventori-obat/vendor/codeigniter4/framework/system/CodeIgniter.php(825): App\Controllers\Laporan->cetak_lkd()
#2 /Applications/WebServer/htdocs/inventori-obat/vendor/codeigniter4/framework/system/CodeIgniter.php(412): CodeIgniter\CodeIgniter->runController(Object(App\Controllers\Laporan))
#3 /Applications/WebServer/htdocs/inventori-obat/vendor/codeigniter4/framework/system/CodeIgniter.php(320): CodeIgniter\CodeIgniter->handleRequest(NULL, Object(Config\Cache), false)
#4 /Applications/WebServer/htdocs/inventori-obat/public/index.php(37): CodeIgniter\CodeIgniter->run()
#5 /Applications/WebServer/htdocs/inventori-obat/vendor/codeigniter4/framework/system/Commands/Server/rewrite.php(43): require_once('/Applications/W...')
#6 {main}
