CRITICAL - 2021-12-18 00:29:25 --> Undefined variable $currentAkses
#0 /Applications/XAMPP/xamppfiles/htdocs/inventori-obat/app/Controllers/Dashboard.php(99): CodeIgniter\Debug\Exceptions->errorHandler(2, 'Undefined varia...', '/Applications/X...', 99)
#1 /Applications/XAMPP/xamppfiles/htdocs/inventori-obat/vendor/codeigniter4/framework/system/CodeIgniter.php(824): App\Controllers\Dashboard->viewAkses('2')
#2 /Applications/XAMPP/xamppfiles/htdocs/inventori-obat/vendor/codeigniter4/framework/system/CodeIgniter.php(410): CodeIgniter\CodeIgniter->runController(Object(App\Controllers\Dashboard))
#3 /Applications/XAMPP/xamppfiles/htdocs/inventori-obat/vendor/codeigniter4/framework/system/CodeIgniter.php(318): CodeIgniter\CodeIgniter->handleRequest(NULL, Object(Config\Cache), false)
#4 /Applications/XAMPP/xamppfiles/htdocs/inventori-obat/public/index.php(37): CodeIgniter\CodeIgniter->run()
#5 /Applications/XAMPP/xamppfiles/htdocs/inventori-obat/vendor/codeigniter4/framework/system/Commands/Server/rewrite.php(43): require_once('/Applications/X...')
#6 {main}
CRITICAL - 2021-12-18 00:31:19 --> Undefined variable $currentAkses
#0 /Applications/XAMPP/xamppfiles/htdocs/inventori-obat/app/Controllers/Dashboard.php(99): CodeIgniter\Debug\Exceptions->errorHandler(2, 'Undefined varia...', '/Applications/X...', 99)
#1 /Applications/XAMPP/xamppfiles/htdocs/inventori-obat/vendor/codeigniter4/framework/system/CodeIgniter.php(824): App\Controllers\Dashboard->viewAkses('2')
#2 /Applications/XAMPP/xamppfiles/htdocs/inventori-obat/vendor/codeigniter4/framework/system/CodeIgniter.php(410): CodeIgniter\CodeIgniter->runController(Object(App\Controllers\Dashboard))
#3 /Applications/XAMPP/xamppfiles/htdocs/inventori-obat/vendor/codeigniter4/framework/system/CodeIgniter.php(318): CodeIgniter\CodeIgniter->handleRequest(NULL, Object(Config\Cache), false)
#4 /Applications/XAMPP/xamppfiles/htdocs/inventori-obat/public/index.php(37): CodeIgniter\CodeIgniter->run()
#5 /Applications/XAMPP/xamppfiles/htdocs/inventori-obat/vendor/codeigniter4/framework/system/Commands/Server/rewrite.php(43): require_once('/Applications/X...')
#6 {main}
CRITICAL - 2021-12-18 00:32:16 --> Undefined variable $currentAkses
#0 /Applications/XAMPP/xamppfiles/htdocs/inventori-obat/app/Controllers/Dashboard.php(99): CodeIgniter\Debug\Exceptions->errorHandler(2, 'Undefined varia...', '/Applications/X...', 99)
#1 /Applications/XAMPP/xamppfiles/htdocs/inventori-obat/vendor/codeigniter4/framework/system/CodeIgniter.php(824): App\Controllers\Dashboard->viewAkses('2')
#2 /Applications/XAMPP/xamppfiles/htdocs/inventori-obat/vendor/codeigniter4/framework/system/CodeIgniter.php(410): CodeIgniter\CodeIgniter->runController(Object(App\Controllers\Dashboard))
#3 /Applications/XAMPP/xamppfiles/htdocs/inventori-obat/vendor/codeigniter4/framework/system/CodeIgniter.php(318): CodeIgniter\CodeIgniter->handleRequest(NULL, Object(Config\Cache), false)
#4 /Applications/XAMPP/xamppfiles/htdocs/inventori-obat/public/index.php(37): CodeIgniter\CodeIgniter->run()
#5 /Applications/XAMPP/xamppfiles/htdocs/inventori-obat/vendor/codeigniter4/framework/system/Commands/Server/rewrite.php(43): require_once('/Applications/X...')
#6 {main}
CRITICAL - 2021-12-18 00:32:51 --> Undefined variable $currentAkses
#0 /Applications/XAMPP/xamppfiles/htdocs/inventori-obat/app/Controllers/Dashboard.php(99): CodeIgniter\Debug\Exceptions->errorHandler(2, 'Undefined varia...', '/Applications/X...', 99)
#1 /Applications/XAMPP/xamppfiles/htdocs/inventori-obat/vendor/codeigniter4/framework/system/CodeIgniter.php(824): App\Controllers\Dashboard->viewAkses('2')
#2 /Applications/XAMPP/xamppfiles/htdocs/inventori-obat/vendor/codeigniter4/framework/system/CodeIgniter.php(410): CodeIgniter\CodeIgniter->runController(Object(App\Controllers\Dashboard))
#3 /Applications/XAMPP/xamppfiles/htdocs/inventori-obat/vendor/codeigniter4/framework/system/CodeIgniter.php(318): CodeIgniter\CodeIgniter->handleRequest(NULL, Object(Config\Cache), false)
#4 /Applications/XAMPP/xamppfiles/htdocs/inventori-obat/public/index.php(37): CodeIgniter\CodeIgniter->run()
#5 /Applications/XAMPP/xamppfiles/htdocs/inventori-obat/vendor/codeigniter4/framework/system/Commands/Server/rewrite.php(43): require_once('/Applications/X...')
#6 {main}
CRITICAL - 2021-12-18 00:33:55 --> Undefined variable $currentAkses
#0 /Applications/XAMPP/xamppfiles/htdocs/inventori-obat/app/Controllers/Dashboard.php(99): CodeIgniter\Debug\Exceptions->errorHandler(2, 'Undefined varia...', '/Applications/X...', 99)
#1 /Applications/XAMPP/xamppfiles/htdocs/inventori-obat/vendor/codeigniter4/framework/system/CodeIgniter.php(824): App\Controllers\Dashboard->viewAkses('2')
#2 /Applications/XAMPP/xamppfiles/htdocs/inventori-obat/vendor/codeigniter4/framework/system/CodeIgniter.php(410): CodeIgniter\CodeIgniter->runController(Object(App\Controllers\Dashboard))
#3 /Applications/XAMPP/xamppfiles/htdocs/inventori-obat/vendor/codeigniter4/framework/system/CodeIgniter.php(318): CodeIgniter\CodeIgniter->handleRequest(NULL, Object(Config\Cache), false)
#4 /Applications/XAMPP/xamppfiles/htdocs/inventori-obat/public/index.php(37): CodeIgniter\CodeIgniter->run()
#5 /Applications/XAMPP/xamppfiles/htdocs/inventori-obat/vendor/codeigniter4/framework/system/Commands/Server/rewrite.php(43): require_once('/Applications/X...')
#6 {main}
CRITICAL - 2021-12-18 00:34:50 --> foreach() argument must be of type array|object, string given
#0 /Applications/XAMPP/xamppfiles/htdocs/inventori-obat/app/Views/role/role_akses.php(51): CodeIgniter\Debug\Exceptions->errorHandler(2, 'foreach() argum...', '/Applications/X...', 51)
#1 /Applications/XAMPP/xamppfiles/htdocs/inventori-obat/vendor/codeigniter4/framework/system/View/View.php(214): include('/Applications/X...')
#2 /Applications/XAMPP/xamppfiles/htdocs/inventori-obat/vendor/codeigniter4/framework/system/View/View.php(217): CodeIgniter\View\View->CodeIgniter\View\{closure}()
#3 /Applications/XAMPP/xamppfiles/htdocs/inventori-obat/vendor/codeigniter4/framework/system/Common.php(1097): CodeIgniter\View\View->render('role/role_akses', Array, true)
#4 /Applications/XAMPP/xamppfiles/htdocs/inventori-obat/app/Controllers/Dashboard.php(99): view('role/role_akses', Array)
#5 /Applications/XAMPP/xamppfiles/htdocs/inventori-obat/vendor/codeigniter4/framework/system/CodeIgniter.php(824): App\Controllers\Dashboard->viewAkses('2')
#6 /Applications/XAMPP/xamppfiles/htdocs/inventori-obat/vendor/codeigniter4/framework/system/CodeIgniter.php(410): CodeIgniter\CodeIgniter->runController(Object(App\Controllers\Dashboard))
#7 /Applications/XAMPP/xamppfiles/htdocs/inventori-obat/vendor/codeigniter4/framework/system/CodeIgniter.php(318): CodeIgniter\CodeIgniter->handleRequest(NULL, Object(Config\Cache), false)
#8 /Applications/XAMPP/xamppfiles/htdocs/inventori-obat/public/index.php(37): CodeIgniter\CodeIgniter->run()
#9 /Applications/XAMPP/xamppfiles/htdocs/inventori-obat/vendor/codeigniter4/framework/system/Commands/Server/rewrite.php(43): require_once('/Applications/X...')
#10 {main}
CRITICAL - 2021-12-18 00:39:36 --> Undefined property: App\Controllers\Dashboard::$accessRights
#0 /Applications/XAMPP/xamppfiles/htdocs/inventori-obat/app/Controllers/Dashboard.php(33): CodeIgniter\Debug\Exceptions->errorHandler(2, 'Undefined prope...', '/Applications/X...', 33)
#1 /Applications/XAMPP/xamppfiles/htdocs/inventori-obat/vendor/codeigniter4/framework/system/CodeIgniter.php(824): App\Controllers\Dashboard->index()
#2 /Applications/XAMPP/xamppfiles/htdocs/inventori-obat/vendor/codeigniter4/framework/system/CodeIgniter.php(410): CodeIgniter\CodeIgniter->runController(Object(App\Controllers\Dashboard))
#3 /Applications/XAMPP/xamppfiles/htdocs/inventori-obat/vendor/codeigniter4/framework/system/CodeIgniter.php(318): CodeIgniter\CodeIgniter->handleRequest(NULL, Object(Config\Cache), false)
#4 /Applications/XAMPP/xamppfiles/htdocs/inventori-obat/public/index.php(37): CodeIgniter\CodeIgniter->run()
#5 /Applications/XAMPP/xamppfiles/htdocs/inventori-obat/vendor/codeigniter4/framework/system/Commands/Server/rewrite.php(43): require_once('/Applications/X...')
#6 {main}
CRITICAL - 2021-12-18 00:53:36 --> Undefined array key "id_user"
#0 /Applications/XAMPP/xamppfiles/htdocs/inventori-obat/app/Controllers/BaseController.php(82): CodeIgniter\Debug\Exceptions->errorHandler(2, 'Undefined array...', '/Applications/X...', 82)
#1 /Applications/XAMPP/xamppfiles/htdocs/inventori-obat/vendor/codeigniter4/framework/system/CodeIgniter.php(802): App\Controllers\BaseController->initController(Object(CodeIgniter\HTTP\IncomingRequest), Object(CodeIgniter\HTTP\Response), Object(CodeIgniter\Log\Logger))
#2 /Applications/XAMPP/xamppfiles/htdocs/inventori-obat/vendor/codeigniter4/framework/system/CodeIgniter.php(401): CodeIgniter\CodeIgniter->createController()
#3 /Applications/XAMPP/xamppfiles/htdocs/inventori-obat/vendor/codeigniter4/framework/system/CodeIgniter.php(318): CodeIgniter\CodeIgniter->handleRequest(NULL, Object(Config\Cache), false)
#4 /Applications/XAMPP/xamppfiles/htdocs/inventori-obat/public/index.php(37): CodeIgniter\CodeIgniter->run()
#5 /Applications/XAMPP/xamppfiles/htdocs/inventori-obat/vendor/codeigniter4/framework/system/Commands/Server/rewrite.php(43): require_once('/Applications/X...')
#6 {main}
CRITICAL - 2021-12-18 00:55:44 --> Undefined array key "id_user"
#0 /Applications/XAMPP/xamppfiles/htdocs/inventori-obat/app/Controllers/BaseController.php(82): CodeIgniter\Debug\Exceptions->errorHandler(2, 'Undefined array...', '/Applications/X...', 82)
#1 /Applications/XAMPP/xamppfiles/htdocs/inventori-obat/vendor/codeigniter4/framework/system/CodeIgniter.php(802): App\Controllers\BaseController->initController(Object(CodeIgniter\HTTP\IncomingRequest), Object(CodeIgniter\HTTP\Response), Object(CodeIgniter\Log\Logger))
#2 /Applications/XAMPP/xamppfiles/htdocs/inventori-obat/vendor/codeigniter4/framework/system/CodeIgniter.php(401): CodeIgniter\CodeIgniter->createController()
#3 /Applications/XAMPP/xamppfiles/htdocs/inventori-obat/vendor/codeigniter4/framework/system/CodeIgniter.php(318): CodeIgniter\CodeIgniter->handleRequest(NULL, Object(Config\Cache), false)
#4 /Applications/XAMPP/xamppfiles/htdocs/inventori-obat/public/index.php(37): CodeIgniter\CodeIgniter->run()
#5 /Applications/XAMPP/xamppfiles/htdocs/inventori-obat/vendor/codeigniter4/framework/system/Commands/Server/rewrite.php(43): require_once('/Applications/X...')
#6 {main}
CRITICAL - 2021-12-18 00:55:47 --> Undefined array key "id_user"
#0 /Applications/XAMPP/xamppfiles/htdocs/inventori-obat/app/Controllers/BaseController.php(82): CodeIgniter\Debug\Exceptions->errorHandler(2, 'Undefined array...', '/Applications/X...', 82)
#1 /Applications/XAMPP/xamppfiles/htdocs/inventori-obat/vendor/codeigniter4/framework/system/CodeIgniter.php(802): App\Controllers\BaseController->initController(Object(CodeIgniter\HTTP\IncomingRequest), Object(CodeIgniter\HTTP\Response), Object(CodeIgniter\Log\Logger))
#2 /Applications/XAMPP/xamppfiles/htdocs/inventori-obat/vendor/codeigniter4/framework/system/CodeIgniter.php(401): CodeIgniter\CodeIgniter->createController()
#3 /Applications/XAMPP/xamppfiles/htdocs/inventori-obat/vendor/codeigniter4/framework/system/CodeIgniter.php(318): CodeIgniter\CodeIgniter->handleRequest(NULL, Object(Config\Cache), false)
#4 /Applications/XAMPP/xamppfiles/htdocs/inventori-obat/public/index.php(37): CodeIgniter\CodeIgniter->run()
#5 /Applications/XAMPP/xamppfiles/htdocs/inventori-obat/vendor/codeigniter4/framework/system/Commands/Server/rewrite.php(43): require_once('/Applications/X...')
#6 {main}
CRITICAL - 2021-12-18 00:55:53 --> Undefined array key "id_user"
#0 /Applications/XAMPP/xamppfiles/htdocs/inventori-obat/app/Controllers/BaseController.php(82): CodeIgniter\Debug\Exceptions->errorHandler(2, 'Undefined array...', '/Applications/X...', 82)
#1 /Applications/XAMPP/xamppfiles/htdocs/inventori-obat/vendor/codeigniter4/framework/system/CodeIgniter.php(802): App\Controllers\BaseController->initController(Object(CodeIgniter\HTTP\IncomingRequest), Object(CodeIgniter\HTTP\Response), Object(CodeIgniter\Log\Logger))
#2 /Applications/XAMPP/xamppfiles/htdocs/inventori-obat/vendor/codeigniter4/framework/system/CodeIgniter.php(401): CodeIgniter\CodeIgniter->createController()
#3 /Applications/XAMPP/xamppfiles/htdocs/inventori-obat/vendor/codeigniter4/framework/system/CodeIgniter.php(318): CodeIgniter\CodeIgniter->handleRequest(NULL, Object(Config\Cache), false)
#4 /Applications/XAMPP/xamppfiles/htdocs/inventori-obat/public/index.php(37): CodeIgniter\CodeIgniter->run()
#5 /Applications/XAMPP/xamppfiles/htdocs/inventori-obat/vendor/codeigniter4/framework/system/Commands/Server/rewrite.php(43): require_once('/Applications/X...')
#6 {main}
CRITICAL - 2021-12-18 00:56:15 --> Undefined array key "id_user"
#0 /Applications/XAMPP/xamppfiles/htdocs/inventori-obat/app/Controllers/Dashboard.php(88): CodeIgniter\Debug\Exceptions->errorHandler(2, 'Undefined array...', '/Applications/X...', 88)
#1 /Applications/XAMPP/xamppfiles/htdocs/inventori-obat/vendor/codeigniter4/framework/system/CodeIgniter.php(824): App\Controllers\Dashboard->viewAkses('1')
#2 /Applications/XAMPP/xamppfiles/htdocs/inventori-obat/vendor/codeigniter4/framework/system/CodeIgniter.php(410): CodeIgniter\CodeIgniter->runController(Object(App\Controllers\Dashboard))
#3 /Applications/XAMPP/xamppfiles/htdocs/inventori-obat/vendor/codeigniter4/framework/system/CodeIgniter.php(318): CodeIgniter\CodeIgniter->handleRequest(NULL, Object(Config\Cache), false)
#4 /Applications/XAMPP/xamppfiles/htdocs/inventori-obat/public/index.php(37): CodeIgniter\CodeIgniter->run()
#5 /Applications/XAMPP/xamppfiles/htdocs/inventori-obat/vendor/codeigniter4/framework/system/Commands/Server/rewrite.php(43): require_once('/Applications/X...')
#6 {main}
CRITICAL - 2021-12-18 00:56:18 --> Undefined array key "id_user"
#0 /Applications/XAMPP/xamppfiles/htdocs/inventori-obat/app/Controllers/Dashboard.php(88): CodeIgniter\Debug\Exceptions->errorHandler(2, 'Undefined array...', '/Applications/X...', 88)
#1 /Applications/XAMPP/xamppfiles/htdocs/inventori-obat/vendor/codeigniter4/framework/system/CodeIgniter.php(824): App\Controllers\Dashboard->viewAkses('5')
#2 /Applications/XAMPP/xamppfiles/htdocs/inventori-obat/vendor/codeigniter4/framework/system/CodeIgniter.php(410): CodeIgniter\CodeIgniter->runController(Object(App\Controllers\Dashboard))
#3 /Applications/XAMPP/xamppfiles/htdocs/inventori-obat/vendor/codeigniter4/framework/system/CodeIgniter.php(318): CodeIgniter\CodeIgniter->handleRequest(NULL, Object(Config\Cache), false)
#4 /Applications/XAMPP/xamppfiles/htdocs/inventori-obat/public/index.php(37): CodeIgniter\CodeIgniter->run()
#5 /Applications/XAMPP/xamppfiles/htdocs/inventori-obat/vendor/codeigniter4/framework/system/Commands/Server/rewrite.php(43): require_once('/Applications/X...')
#6 {main}
CRITICAL - 2021-12-18 00:56:30 --> Undefined array key "id_user"
#0 /Applications/XAMPP/xamppfiles/htdocs/inventori-obat/app/Controllers/Dashboard.php(88): CodeIgniter\Debug\Exceptions->errorHandler(2, 'Undefined array...', '/Applications/X...', 88)
#1 /Applications/XAMPP/xamppfiles/htdocs/inventori-obat/vendor/codeigniter4/framework/system/CodeIgniter.php(824): App\Controllers\Dashboard->viewAkses('5')
#2 /Applications/XAMPP/xamppfiles/htdocs/inventori-obat/vendor/codeigniter4/framework/system/CodeIgniter.php(410): CodeIgniter\CodeIgniter->runController(Object(App\Controllers\Dashboard))
#3 /Applications/XAMPP/xamppfiles/htdocs/inventori-obat/vendor/codeigniter4/framework/system/CodeIgniter.php(318): CodeIgniter\CodeIgniter->handleRequest(NULL, Object(Config\Cache), false)
#4 /Applications/XAMPP/xamppfiles/htdocs/inventori-obat/public/index.php(37): CodeIgniter\CodeIgniter->run()
#5 /Applications/XAMPP/xamppfiles/htdocs/inventori-obat/vendor/codeigniter4/framework/system/Commands/Server/rewrite.php(43): require_once('/Applications/X...')
#6 {main}
CRITICAL - 2021-12-18 01:03:22 --> Trying to access array offset on value of type null
#0 /Applications/XAMPP/xamppfiles/htdocs/inventori-obat/app/Controllers/BaseController.php(82): CodeIgniter\Debug\Exceptions->errorHandler(2, 'Trying to acces...', '/Applications/X...', 82)
#1 /Applications/XAMPP/xamppfiles/htdocs/inventori-obat/vendor/codeigniter4/framework/system/CodeIgniter.php(802): App\Controllers\BaseController->initController(Object(CodeIgniter\HTTP\IncomingRequest), Object(CodeIgniter\HTTP\Response), Object(CodeIgniter\Log\Logger))
#2 /Applications/XAMPP/xamppfiles/htdocs/inventori-obat/vendor/codeigniter4/framework/system/CodeIgniter.php(401): CodeIgniter\CodeIgniter->createController()
#3 /Applications/XAMPP/xamppfiles/htdocs/inventori-obat/vendor/codeigniter4/framework/system/CodeIgniter.php(318): CodeIgniter\CodeIgniter->handleRequest(NULL, Object(Config\Cache), false)
#4 /Applications/XAMPP/xamppfiles/htdocs/inventori-obat/public/index.php(37): CodeIgniter\CodeIgniter->run()
#5 /Applications/XAMPP/xamppfiles/htdocs/inventori-obat/vendor/codeigniter4/framework/system/Commands/Server/rewrite.php(43): require_once('/Applications/X...')
#6 {main}
