CRITICAL - 2021-11-11 07:42:38 --> Invalid file: templates/adminlte_template.php
#0 /Applications/XAMPP/xamppfiles/htdocs/inventori-obat/vendor/codeigniter4/framework/system/View/View.php(198): CodeIgniter\Exceptions\FrameworkException::forInvalidFile('templates/admin...')
#1 /Applications/XAMPP/xamppfiles/htdocs/inventori-obat/vendor/codeigniter4/framework/system/View/View.php(230): CodeIgniter\View\View->render('templates/admin...', Array, true)
#2 /Applications/XAMPP/xamppfiles/htdocs/inventori-obat/vendor/codeigniter4/framework/system/Common.php(1097): CodeIgniter\View\View->render('dashboard/index', Array, true)
#3 /Applications/XAMPP/xamppfiles/htdocs/inventori-obat/app/Controllers/Dashboard.php(9): view('dashboard/index')
#4 /Applications/XAMPP/xamppfiles/htdocs/inventori-obat/vendor/codeigniter4/framework/system/CodeIgniter.php(824): App\Controllers\Dashboard->index()
#5 /Applications/XAMPP/xamppfiles/htdocs/inventori-obat/vendor/codeigniter4/framework/system/CodeIgniter.php(410): CodeIgniter\CodeIgniter->runController(Object(App\Controllers\Dashboard))
#6 /Applications/XAMPP/xamppfiles/htdocs/inventori-obat/vendor/codeigniter4/framework/system/CodeIgniter.php(318): CodeIgniter\CodeIgniter->handleRequest(NULL, Object(Config\Cache), false)
#7 /Applications/XAMPP/xamppfiles/htdocs/inventori-obat/public/index.php(37): CodeIgniter\CodeIgniter->run()
#8 /Applications/XAMPP/xamppfiles/htdocs/inventori-obat/vendor/codeigniter4/framework/system/Commands/Server/rewrite.php(43): require_once('/Applications/X...')
#9 {main}
CRITICAL - 2021-11-11 08:24:38 --> Cannot declare class App\Controllers\Dashboard, because the name is already in use
#0 [internal function]: CodeIgniter\Debug\Exceptions->shutdownHandler()
#1 {main}
CRITICAL - 2021-11-11 08:25:04 --> Cannot declare class App\Controllers\Dashboard, because the name is already in use
#0 [internal function]: CodeIgniter\Debug\Exceptions->shutdownHandler()
#1 {main}
CRITICAL - 2021-11-11 09:34:53 --> Call to undefined function bse_url()
#0 /Applications/XAMPP/xamppfiles/htdocs/inventori-obat/vendor/codeigniter4/framework/system/View/View.php(214): include()
#1 /Applications/XAMPP/xamppfiles/htdocs/inventori-obat/vendor/codeigniter4/framework/system/View/View.php(217): CodeIgniter\View\View->CodeIgniter\View\{closure}()
#2 /Applications/XAMPP/xamppfiles/htdocs/inventori-obat/vendor/codeigniter4/framework/system/View/View.php(230): CodeIgniter\View\View->render('templates/admin...', Array, true)
#3 /Applications/XAMPP/xamppfiles/htdocs/inventori-obat/vendor/codeigniter4/framework/system/Common.php(1097): CodeIgniter\View\View->render('dashboard/index', Array, true)
#4 /Applications/XAMPP/xamppfiles/htdocs/inventori-obat/app/Controllers/Dashboard.php(9): view('dashboard/index')
#5 /Applications/XAMPP/xamppfiles/htdocs/inventori-obat/vendor/codeigniter4/framework/system/CodeIgniter.php(824): App\Controllers\Dashboard->index()
#6 /Applications/XAMPP/xamppfiles/htdocs/inventori-obat/vendor/codeigniter4/framework/system/CodeIgniter.php(410): CodeIgniter\CodeIgniter->runController(Object(App\Controllers\Dashboard))
#7 /Applications/XAMPP/xamppfiles/htdocs/inventori-obat/vendor/codeigniter4/framework/system/CodeIgniter.php(318): CodeIgniter\CodeIgniter->handleRequest(NULL, Object(Config\Cache), false)
#8 /Applications/XAMPP/xamppfiles/htdocs/inventori-obat/public/index.php(37): CodeIgniter\CodeIgniter->run()
#9 /Applications/XAMPP/xamppfiles/htdocs/inventori-obat/vendor/codeigniter4/framework/system/Commands/Server/rewrite.php(43): require_once('/Applications/X...')
#10 {main}
CRITICAL - 2021-11-11 18:17:09 --> Undefined property: CodeIgniter\View\View::$uri
#0 /Applications/XAMPP/xamppfiles/htdocs/inventori-obat/app/Views/templates/adminlte_template.php(105): CodeIgniter\Debug\Exceptions->errorHandler(2, 'Undefined prope...', '/Applications/X...', 105)
#1 /Applications/XAMPP/xamppfiles/htdocs/inventori-obat/vendor/codeigniter4/framework/system/View/View.php(214): include('/Applications/X...')
#2 /Applications/XAMPP/xamppfiles/htdocs/inventori-obat/vendor/codeigniter4/framework/system/View/View.php(217): CodeIgniter\View\View->CodeIgniter\View\{closure}()
#3 /Applications/XAMPP/xamppfiles/htdocs/inventori-obat/vendor/codeigniter4/framework/system/View/View.php(230): CodeIgniter\View\View->render('templates/admin...', Array, true)
#4 /Applications/XAMPP/xamppfiles/htdocs/inventori-obat/vendor/codeigniter4/framework/system/Common.php(1097): CodeIgniter\View\View->render('dashboard/apote...', Array, true)
#5 /Applications/XAMPP/xamppfiles/htdocs/inventori-obat/app/Controllers/Dashboard.php(14): view('dashboard/apote...')
#6 /Applications/XAMPP/xamppfiles/htdocs/inventori-obat/vendor/codeigniter4/framework/system/CodeIgniter.php(824): App\Controllers\Dashboard->apoteker()
#7 /Applications/XAMPP/xamppfiles/htdocs/inventori-obat/vendor/codeigniter4/framework/system/CodeIgniter.php(410): CodeIgniter\CodeIgniter->runController(Object(App\Controllers\Dashboard))
#8 /Applications/XAMPP/xamppfiles/htdocs/inventori-obat/vendor/codeigniter4/framework/system/CodeIgniter.php(318): CodeIgniter\CodeIgniter->handleRequest(NULL, Object(Config\Cache), false)
#9 /Applications/XAMPP/xamppfiles/htdocs/inventori-obat/public/index.php(37): CodeIgniter\CodeIgniter->run()
#10 /Applications/XAMPP/xamppfiles/htdocs/inventori-obat/vendor/codeigniter4/framework/system/Commands/Server/rewrite.php(43): require_once('/Applications/X...')
#11 {main}
CRITICAL - 2021-11-11 18:17:10 --> Undefined property: CodeIgniter\View\View::$uri
#0 /Applications/XAMPP/xamppfiles/htdocs/inventori-obat/app/Views/templates/adminlte_template.php(105): CodeIgniter\Debug\Exceptions->errorHandler(2, 'Undefined prope...', '/Applications/X...', 105)
#1 /Applications/XAMPP/xamppfiles/htdocs/inventori-obat/vendor/codeigniter4/framework/system/View/View.php(214): include('/Applications/X...')
#2 /Applications/XAMPP/xamppfiles/htdocs/inventori-obat/vendor/codeigniter4/framework/system/View/View.php(217): CodeIgniter\View\View->CodeIgniter\View\{closure}()
#3 /Applications/XAMPP/xamppfiles/htdocs/inventori-obat/vendor/codeigniter4/framework/system/View/View.php(230): CodeIgniter\View\View->render('templates/admin...', Array, true)
#4 /Applications/XAMPP/xamppfiles/htdocs/inventori-obat/vendor/codeigniter4/framework/system/Common.php(1097): CodeIgniter\View\View->render('dashboard/index', Array, true)
#5 /Applications/XAMPP/xamppfiles/htdocs/inventori-obat/app/Controllers/Dashboard.php(9): view('dashboard/index')
#6 /Applications/XAMPP/xamppfiles/htdocs/inventori-obat/vendor/codeigniter4/framework/system/CodeIgniter.php(824): App\Controllers\Dashboard->index()
#7 /Applications/XAMPP/xamppfiles/htdocs/inventori-obat/vendor/codeigniter4/framework/system/CodeIgniter.php(410): CodeIgniter\CodeIgniter->runController(Object(App\Controllers\Dashboard))
#8 /Applications/XAMPP/xamppfiles/htdocs/inventori-obat/vendor/codeigniter4/framework/system/CodeIgniter.php(318): CodeIgniter\CodeIgniter->handleRequest(NULL, Object(Config\Cache), false)
#9 /Applications/XAMPP/xamppfiles/htdocs/inventori-obat/public/index.php(37): CodeIgniter\CodeIgniter->run()
#10 /Applications/XAMPP/xamppfiles/htdocs/inventori-obat/vendor/codeigniter4/framework/system/Commands/Server/rewrite.php(43): require_once('/Applications/X...')
#11 {main}
CRITICAL - 2021-11-11 18:17:12 --> Undefined property: CodeIgniter\View\View::$uri
#0 /Applications/XAMPP/xamppfiles/htdocs/inventori-obat/app/Views/templates/adminlte_template.php(105): CodeIgniter\Debug\Exceptions->errorHandler(2, 'Undefined prope...', '/Applications/X...', 105)
#1 /Applications/XAMPP/xamppfiles/htdocs/inventori-obat/vendor/codeigniter4/framework/system/View/View.php(214): include('/Applications/X...')
#2 /Applications/XAMPP/xamppfiles/htdocs/inventori-obat/vendor/codeigniter4/framework/system/View/View.php(217): CodeIgniter\View\View->CodeIgniter\View\{closure}()
#3 /Applications/XAMPP/xamppfiles/htdocs/inventori-obat/vendor/codeigniter4/framework/system/View/View.php(230): CodeIgniter\View\View->render('templates/admin...', Array, true)
#4 /Applications/XAMPP/xamppfiles/htdocs/inventori-obat/vendor/codeigniter4/framework/system/Common.php(1097): CodeIgniter\View\View->render('dashboard/index', Array, true)
#5 /Applications/XAMPP/xamppfiles/htdocs/inventori-obat/app/Controllers/Dashboard.php(9): view('dashboard/index')
#6 /Applications/XAMPP/xamppfiles/htdocs/inventori-obat/vendor/codeigniter4/framework/system/CodeIgniter.php(824): App\Controllers\Dashboard->index()
#7 /Applications/XAMPP/xamppfiles/htdocs/inventori-obat/vendor/codeigniter4/framework/system/CodeIgniter.php(410): CodeIgniter\CodeIgniter->runController(Object(App\Controllers\Dashboard))
#8 /Applications/XAMPP/xamppfiles/htdocs/inventori-obat/vendor/codeigniter4/framework/system/CodeIgniter.php(318): CodeIgniter\CodeIgniter->handleRequest(NULL, Object(Config\Cache), false)
#9 /Applications/XAMPP/xamppfiles/htdocs/inventori-obat/public/index.php(37): CodeIgniter\CodeIgniter->run()
#10 /Applications/XAMPP/xamppfiles/htdocs/inventori-obat/vendor/codeigniter4/framework/system/Commands/Server/rewrite.php(43): require_once('/Applications/X...')
#11 {main}
CRITICAL - 2021-11-11 18:17:44 --> Undefined property: CodeIgniter\View\View::$uri
#0 /Applications/XAMPP/xamppfiles/htdocs/inventori-obat/app/Views/templates/adminlte_template.php(105): CodeIgniter\Debug\Exceptions->errorHandler(2, 'Undefined prope...', '/Applications/X...', 105)
#1 /Applications/XAMPP/xamppfiles/htdocs/inventori-obat/vendor/codeigniter4/framework/system/View/View.php(214): include('/Applications/X...')
#2 /Applications/XAMPP/xamppfiles/htdocs/inventori-obat/vendor/codeigniter4/framework/system/View/View.php(217): CodeIgniter\View\View->CodeIgniter\View\{closure}()
#3 /Applications/XAMPP/xamppfiles/htdocs/inventori-obat/vendor/codeigniter4/framework/system/View/View.php(230): CodeIgniter\View\View->render('templates/admin...', Array, true)
#4 /Applications/XAMPP/xamppfiles/htdocs/inventori-obat/vendor/codeigniter4/framework/system/Common.php(1097): CodeIgniter\View\View->render('dashboard/index', Array, true)
#5 /Applications/XAMPP/xamppfiles/htdocs/inventori-obat/app/Controllers/Dashboard.php(9): view('dashboard/index')
#6 /Applications/XAMPP/xamppfiles/htdocs/inventori-obat/vendor/codeigniter4/framework/system/CodeIgniter.php(824): App\Controllers\Dashboard->index()
#7 /Applications/XAMPP/xamppfiles/htdocs/inventori-obat/vendor/codeigniter4/framework/system/CodeIgniter.php(410): CodeIgniter\CodeIgniter->runController(Object(App\Controllers\Dashboard))
#8 /Applications/XAMPP/xamppfiles/htdocs/inventori-obat/vendor/codeigniter4/framework/system/CodeIgniter.php(318): CodeIgniter\CodeIgniter->handleRequest(NULL, Object(Config\Cache), false)
#9 /Applications/XAMPP/xamppfiles/htdocs/inventori-obat/public/index.php(37): CodeIgniter\CodeIgniter->run()
#10 /Applications/XAMPP/xamppfiles/htdocs/inventori-obat/vendor/codeigniter4/framework/system/Commands/Server/rewrite.php(43): require_once('/Applications/X...')
#11 {main}
CRITICAL - 2021-11-11 18:18:32 --> Undefined property: CodeIgniter\View\View::$uri
#0 /Applications/XAMPP/xamppfiles/htdocs/inventori-obat/app/Views/templates/adminlte_template.php(106): CodeIgniter\Debug\Exceptions->errorHandler(2, 'Undefined prope...', '/Applications/X...', 106)
#1 /Applications/XAMPP/xamppfiles/htdocs/inventori-obat/vendor/codeigniter4/framework/system/View/View.php(214): include('/Applications/X...')
#2 /Applications/XAMPP/xamppfiles/htdocs/inventori-obat/vendor/codeigniter4/framework/system/View/View.php(217): CodeIgniter\View\View->CodeIgniter\View\{closure}()
#3 /Applications/XAMPP/xamppfiles/htdocs/inventori-obat/vendor/codeigniter4/framework/system/View/View.php(230): CodeIgniter\View\View->render('templates/admin...', Array, true)
#4 /Applications/XAMPP/xamppfiles/htdocs/inventori-obat/vendor/codeigniter4/framework/system/Common.php(1097): CodeIgniter\View\View->render('dashboard/index', Array, true)
#5 /Applications/XAMPP/xamppfiles/htdocs/inventori-obat/app/Controllers/Dashboard.php(9): view('dashboard/index')
#6 /Applications/XAMPP/xamppfiles/htdocs/inventori-obat/vendor/codeigniter4/framework/system/CodeIgniter.php(824): App\Controllers\Dashboard->index()
#7 /Applications/XAMPP/xamppfiles/htdocs/inventori-obat/vendor/codeigniter4/framework/system/CodeIgniter.php(410): CodeIgniter\CodeIgniter->runController(Object(App\Controllers\Dashboard))
#8 /Applications/XAMPP/xamppfiles/htdocs/inventori-obat/vendor/codeigniter4/framework/system/CodeIgniter.php(318): CodeIgniter\CodeIgniter->handleRequest(NULL, Object(Config\Cache), false)
#9 /Applications/XAMPP/xamppfiles/htdocs/inventori-obat/public/index.php(37): CodeIgniter\CodeIgniter->run()
#10 /Applications/XAMPP/xamppfiles/htdocs/inventori-obat/vendor/codeigniter4/framework/system/Commands/Server/rewrite.php(43): require_once('/Applications/X...')
#11 {main}
CRITICAL - 2021-11-11 18:18:33 --> Undefined property: CodeIgniter\View\View::$uri
#0 /Applications/XAMPP/xamppfiles/htdocs/inventori-obat/app/Views/templates/adminlte_template.php(106): CodeIgniter\Debug\Exceptions->errorHandler(2, 'Undefined prope...', '/Applications/X...', 106)
#1 /Applications/XAMPP/xamppfiles/htdocs/inventori-obat/vendor/codeigniter4/framework/system/View/View.php(214): include('/Applications/X...')
#2 /Applications/XAMPP/xamppfiles/htdocs/inventori-obat/vendor/codeigniter4/framework/system/View/View.php(217): CodeIgniter\View\View->CodeIgniter\View\{closure}()
#3 /Applications/XAMPP/xamppfiles/htdocs/inventori-obat/vendor/codeigniter4/framework/system/View/View.php(230): CodeIgniter\View\View->render('templates/admin...', Array, true)
#4 /Applications/XAMPP/xamppfiles/htdocs/inventori-obat/vendor/codeigniter4/framework/system/Common.php(1097): CodeIgniter\View\View->render('dashboard/index', Array, true)
#5 /Applications/XAMPP/xamppfiles/htdocs/inventori-obat/app/Controllers/Dashboard.php(9): view('dashboard/index')
#6 /Applications/XAMPP/xamppfiles/htdocs/inventori-obat/vendor/codeigniter4/framework/system/CodeIgniter.php(824): App\Controllers\Dashboard->index()
#7 /Applications/XAMPP/xamppfiles/htdocs/inventori-obat/vendor/codeigniter4/framework/system/CodeIgniter.php(410): CodeIgniter\CodeIgniter->runController(Object(App\Controllers\Dashboard))
#8 /Applications/XAMPP/xamppfiles/htdocs/inventori-obat/vendor/codeigniter4/framework/system/CodeIgniter.php(318): CodeIgniter\CodeIgniter->handleRequest(NULL, Object(Config\Cache), false)
#9 /Applications/XAMPP/xamppfiles/htdocs/inventori-obat/public/index.php(37): CodeIgniter\CodeIgniter->run()
#10 /Applications/XAMPP/xamppfiles/htdocs/inventori-obat/vendor/codeigniter4/framework/system/Commands/Server/rewrite.php(43): require_once('/Applications/X...')
#11 {main}
CRITICAL - 2021-11-11 18:19:13 --> Undefined property: CodeIgniter\View\View::$uri
#0 /Applications/XAMPP/xamppfiles/htdocs/inventori-obat/app/Views/templates/adminlte_template.php(107): CodeIgniter\Debug\Exceptions->errorHandler(2, 'Undefined prope...', '/Applications/X...', 107)
#1 /Applications/XAMPP/xamppfiles/htdocs/inventori-obat/vendor/codeigniter4/framework/system/View/View.php(214): include('/Applications/X...')
#2 /Applications/XAMPP/xamppfiles/htdocs/inventori-obat/vendor/codeigniter4/framework/system/View/View.php(217): CodeIgniter\View\View->CodeIgniter\View\{closure}()
#3 /Applications/XAMPP/xamppfiles/htdocs/inventori-obat/vendor/codeigniter4/framework/system/View/View.php(230): CodeIgniter\View\View->render('templates/admin...', Array, true)
#4 /Applications/XAMPP/xamppfiles/htdocs/inventori-obat/vendor/codeigniter4/framework/system/Common.php(1097): CodeIgniter\View\View->render('dashboard/index', Array, true)
#5 /Applications/XAMPP/xamppfiles/htdocs/inventori-obat/app/Controllers/Dashboard.php(9): view('dashboard/index')
#6 /Applications/XAMPP/xamppfiles/htdocs/inventori-obat/vendor/codeigniter4/framework/system/CodeIgniter.php(824): App\Controllers\Dashboard->index()
#7 /Applications/XAMPP/xamppfiles/htdocs/inventori-obat/vendor/codeigniter4/framework/system/CodeIgniter.php(410): CodeIgniter\CodeIgniter->runController(Object(App\Controllers\Dashboard))
#8 /Applications/XAMPP/xamppfiles/htdocs/inventori-obat/vendor/codeigniter4/framework/system/CodeIgniter.php(318): CodeIgniter\CodeIgniter->handleRequest(NULL, Object(Config\Cache), false)
#9 /Applications/XAMPP/xamppfiles/htdocs/inventori-obat/public/index.php(37): CodeIgniter\CodeIgniter->run()
#10 /Applications/XAMPP/xamppfiles/htdocs/inventori-obat/vendor/codeigniter4/framework/system/Commands/Server/rewrite.php(43): require_once('/Applications/X...')
#11 {main}
CRITICAL - 2021-11-11 18:19:51 --> Undefined constant "saya"
#0 /Applications/XAMPP/xamppfiles/htdocs/inventori-obat/vendor/codeigniter4/framework/system/View/View.php(214): include()
#1 /Applications/XAMPP/xamppfiles/htdocs/inventori-obat/vendor/codeigniter4/framework/system/View/View.php(217): CodeIgniter\View\View->CodeIgniter\View\{closure}()
#2 /Applications/XAMPP/xamppfiles/htdocs/inventori-obat/vendor/codeigniter4/framework/system/View/View.php(230): CodeIgniter\View\View->render('templates/admin...', Array, true)
#3 /Applications/XAMPP/xamppfiles/htdocs/inventori-obat/vendor/codeigniter4/framework/system/Common.php(1097): CodeIgniter\View\View->render('dashboard/index', Array, true)
#4 /Applications/XAMPP/xamppfiles/htdocs/inventori-obat/app/Controllers/Dashboard.php(9): view('dashboard/index')
#5 /Applications/XAMPP/xamppfiles/htdocs/inventori-obat/vendor/codeigniter4/framework/system/CodeIgniter.php(824): App\Controllers\Dashboard->index()
#6 /Applications/XAMPP/xamppfiles/htdocs/inventori-obat/vendor/codeigniter4/framework/system/CodeIgniter.php(410): CodeIgniter\CodeIgniter->runController(Object(App\Controllers\Dashboard))
#7 /Applications/XAMPP/xamppfiles/htdocs/inventori-obat/vendor/codeigniter4/framework/system/CodeIgniter.php(318): CodeIgniter\CodeIgniter->handleRequest(NULL, Object(Config\Cache), false)
#8 /Applications/XAMPP/xamppfiles/htdocs/inventori-obat/public/index.php(37): CodeIgniter\CodeIgniter->run()
#9 /Applications/XAMPP/xamppfiles/htdocs/inventori-obat/vendor/codeigniter4/framework/system/Commands/Server/rewrite.php(43): require_once('/Applications/X...')
#10 {main}
CRITICAL - 2021-11-11 18:19:52 --> Undefined constant "saya"
#0 /Applications/XAMPP/xamppfiles/htdocs/inventori-obat/vendor/codeigniter4/framework/system/View/View.php(214): include()
#1 /Applications/XAMPP/xamppfiles/htdocs/inventori-obat/vendor/codeigniter4/framework/system/View/View.php(217): CodeIgniter\View\View->CodeIgniter\View\{closure}()
#2 /Applications/XAMPP/xamppfiles/htdocs/inventori-obat/vendor/codeigniter4/framework/system/View/View.php(230): CodeIgniter\View\View->render('templates/admin...', Array, true)
#3 /Applications/XAMPP/xamppfiles/htdocs/inventori-obat/vendor/codeigniter4/framework/system/Common.php(1097): CodeIgniter\View\View->render('dashboard/index', Array, true)
#4 /Applications/XAMPP/xamppfiles/htdocs/inventori-obat/app/Controllers/Dashboard.php(9): view('dashboard/index')
#5 /Applications/XAMPP/xamppfiles/htdocs/inventori-obat/vendor/codeigniter4/framework/system/CodeIgniter.php(824): App\Controllers\Dashboard->index()
#6 /Applications/XAMPP/xamppfiles/htdocs/inventori-obat/vendor/codeigniter4/framework/system/CodeIgniter.php(410): CodeIgniter\CodeIgniter->runController(Object(App\Controllers\Dashboard))
#7 /Applications/XAMPP/xamppfiles/htdocs/inventori-obat/vendor/codeigniter4/framework/system/CodeIgniter.php(318): CodeIgniter\CodeIgniter->handleRequest(NULL, Object(Config\Cache), false)
#8 /Applications/XAMPP/xamppfiles/htdocs/inventori-obat/public/index.php(37): CodeIgniter\CodeIgniter->run()
#9 /Applications/XAMPP/xamppfiles/htdocs/inventori-obat/vendor/codeigniter4/framework/system/Commands/Server/rewrite.php(43): require_once('/Applications/X...')
#10 {main}
CRITICAL - 2021-11-11 18:20:00 --> Undefined constant "saya"
#0 /Applications/XAMPP/xamppfiles/htdocs/inventori-obat/vendor/codeigniter4/framework/system/View/View.php(214): include()
#1 /Applications/XAMPP/xamppfiles/htdocs/inventori-obat/vendor/codeigniter4/framework/system/View/View.php(217): CodeIgniter\View\View->CodeIgniter\View\{closure}()
#2 /Applications/XAMPP/xamppfiles/htdocs/inventori-obat/vendor/codeigniter4/framework/system/View/View.php(230): CodeIgniter\View\View->render('templates/admin...', Array, true)
#3 /Applications/XAMPP/xamppfiles/htdocs/inventori-obat/vendor/codeigniter4/framework/system/Common.php(1097): CodeIgniter\View\View->render('dashboard/index', Array, true)
#4 /Applications/XAMPP/xamppfiles/htdocs/inventori-obat/app/Controllers/Dashboard.php(9): view('dashboard/index')
#5 /Applications/XAMPP/xamppfiles/htdocs/inventori-obat/vendor/codeigniter4/framework/system/CodeIgniter.php(824): App\Controllers\Dashboard->index()
#6 /Applications/XAMPP/xamppfiles/htdocs/inventori-obat/vendor/codeigniter4/framework/system/CodeIgniter.php(410): CodeIgniter\CodeIgniter->runController(Object(App\Controllers\Dashboard))
#7 /Applications/XAMPP/xamppfiles/htdocs/inventori-obat/vendor/codeigniter4/framework/system/CodeIgniter.php(318): CodeIgniter\CodeIgniter->handleRequest(NULL, Object(Config\Cache), false)
#8 /Applications/XAMPP/xamppfiles/htdocs/inventori-obat/public/index.php(37): CodeIgniter\CodeIgniter->run()
#9 /Applications/XAMPP/xamppfiles/htdocs/inventori-obat/vendor/codeigniter4/framework/system/Commands/Server/rewrite.php(43): require_once('/Applications/X...')
#10 {main}
CRITICAL - 2021-11-11 18:20:53 --> Undefined constant "saya"
#0 /Applications/XAMPP/xamppfiles/htdocs/inventori-obat/vendor/codeigniter4/framework/system/View/View.php(214): include()
#1 /Applications/XAMPP/xamppfiles/htdocs/inventori-obat/vendor/codeigniter4/framework/system/View/View.php(217): CodeIgniter\View\View->CodeIgniter\View\{closure}()
#2 /Applications/XAMPP/xamppfiles/htdocs/inventori-obat/vendor/codeigniter4/framework/system/View/View.php(230): CodeIgniter\View\View->render('templates/admin...', Array, true)
#3 /Applications/XAMPP/xamppfiles/htdocs/inventori-obat/vendor/codeigniter4/framework/system/Common.php(1097): CodeIgniter\View\View->render('dashboard/index', Array, true)
#4 /Applications/XAMPP/xamppfiles/htdocs/inventori-obat/app/Controllers/Dashboard.php(9): view('dashboard/index')
#5 /Applications/XAMPP/xamppfiles/htdocs/inventori-obat/vendor/codeigniter4/framework/system/CodeIgniter.php(824): App\Controllers\Dashboard->index()
#6 /Applications/XAMPP/xamppfiles/htdocs/inventori-obat/vendor/codeigniter4/framework/system/CodeIgniter.php(410): CodeIgniter\CodeIgniter->runController(Object(App\Controllers\Dashboard))
#7 /Applications/XAMPP/xamppfiles/htdocs/inventori-obat/vendor/codeigniter4/framework/system/CodeIgniter.php(318): CodeIgniter\CodeIgniter->handleRequest(NULL, Object(Config\Cache), false)
#8 /Applications/XAMPP/xamppfiles/htdocs/inventori-obat/public/index.php(37): CodeIgniter\CodeIgniter->run()
#9 /Applications/XAMPP/xamppfiles/htdocs/inventori-obat/vendor/codeigniter4/framework/system/Commands/Server/rewrite.php(43): require_once('/Applications/X...')
#10 {main}
CRITICAL - 2021-11-11 18:21:03 --> Undefined constant "saya"
#0 /Applications/XAMPP/xamppfiles/htdocs/inventori-obat/vendor/codeigniter4/framework/system/View/View.php(214): include()
#1 /Applications/XAMPP/xamppfiles/htdocs/inventori-obat/vendor/codeigniter4/framework/system/View/View.php(217): CodeIgniter\View\View->CodeIgniter\View\{closure}()
#2 /Applications/XAMPP/xamppfiles/htdocs/inventori-obat/vendor/codeigniter4/framework/system/View/View.php(230): CodeIgniter\View\View->render('templates/admin...', Array, true)
#3 /Applications/XAMPP/xamppfiles/htdocs/inventori-obat/vendor/codeigniter4/framework/system/Common.php(1097): CodeIgniter\View\View->render('dashboard/index', Array, true)
#4 /Applications/XAMPP/xamppfiles/htdocs/inventori-obat/app/Controllers/Dashboard.php(9): view('dashboard/index')
#5 /Applications/XAMPP/xamppfiles/htdocs/inventori-obat/vendor/codeigniter4/framework/system/CodeIgniter.php(824): App\Controllers\Dashboard->index()
#6 /Applications/XAMPP/xamppfiles/htdocs/inventori-obat/vendor/codeigniter4/framework/system/CodeIgniter.php(410): CodeIgniter\CodeIgniter->runController(Object(App\Controllers\Dashboard))
#7 /Applications/XAMPP/xamppfiles/htdocs/inventori-obat/vendor/codeigniter4/framework/system/CodeIgniter.php(318): CodeIgniter\CodeIgniter->handleRequest(NULL, Object(Config\Cache), false)
#8 /Applications/XAMPP/xamppfiles/htdocs/inventori-obat/public/index.php(37): CodeIgniter\CodeIgniter->run()
#9 /Applications/XAMPP/xamppfiles/htdocs/inventori-obat/vendor/codeigniter4/framework/system/Commands/Server/rewrite.php(43): require_once('/Applications/X...')
#10 {main}
CRITICAL - 2021-11-11 18:21:32 --> Undefined constant "saya"
#0 /Applications/XAMPP/xamppfiles/htdocs/inventori-obat/vendor/codeigniter4/framework/system/View/View.php(214): include()
#1 /Applications/XAMPP/xamppfiles/htdocs/inventori-obat/vendor/codeigniter4/framework/system/View/View.php(217): CodeIgniter\View\View->CodeIgniter\View\{closure}()
#2 /Applications/XAMPP/xamppfiles/htdocs/inventori-obat/vendor/codeigniter4/framework/system/View/View.php(230): CodeIgniter\View\View->render('templates/admin...', Array, true)
#3 /Applications/XAMPP/xamppfiles/htdocs/inventori-obat/vendor/codeigniter4/framework/system/Common.php(1097): CodeIgniter\View\View->render('dashboard/index', Array, true)
#4 /Applications/XAMPP/xamppfiles/htdocs/inventori-obat/app/Controllers/Dashboard.php(9): view('dashboard/index')
#5 /Applications/XAMPP/xamppfiles/htdocs/inventori-obat/vendor/codeigniter4/framework/system/CodeIgniter.php(824): App\Controllers\Dashboard->index()
#6 /Applications/XAMPP/xamppfiles/htdocs/inventori-obat/vendor/codeigniter4/framework/system/CodeIgniter.php(410): CodeIgniter\CodeIgniter->runController(Object(App\Controllers\Dashboard))
#7 /Applications/XAMPP/xamppfiles/htdocs/inventori-obat/vendor/codeigniter4/framework/system/CodeIgniter.php(318): CodeIgniter\CodeIgniter->handleRequest(NULL, Object(Config\Cache), false)
#8 /Applications/XAMPP/xamppfiles/htdocs/inventori-obat/public/index.php(37): CodeIgniter\CodeIgniter->run()
#9 /Applications/XAMPP/xamppfiles/htdocs/inventori-obat/vendor/codeigniter4/framework/system/Commands/Server/rewrite.php(43): require_once('/Applications/X...')
#10 {main}
CRITICAL - 2021-11-11 18:21:36 --> Undefined constant "saya"
#0 /Applications/XAMPP/xamppfiles/htdocs/inventori-obat/vendor/codeigniter4/framework/system/View/View.php(214): include()
#1 /Applications/XAMPP/xamppfiles/htdocs/inventori-obat/vendor/codeigniter4/framework/system/View/View.php(217): CodeIgniter\View\View->CodeIgniter\View\{closure}()
#2 /Applications/XAMPP/xamppfiles/htdocs/inventori-obat/vendor/codeigniter4/framework/system/View/View.php(230): CodeIgniter\View\View->render('templates/admin...', Array, true)
#3 /Applications/XAMPP/xamppfiles/htdocs/inventori-obat/vendor/codeigniter4/framework/system/Common.php(1097): CodeIgniter\View\View->render('dashboard/index', Array, true)
#4 /Applications/XAMPP/xamppfiles/htdocs/inventori-obat/app/Controllers/Dashboard.php(9): view('dashboard/index')
#5 /Applications/XAMPP/xamppfiles/htdocs/inventori-obat/vendor/codeigniter4/framework/system/CodeIgniter.php(824): App\Controllers\Dashboard->index()
#6 /Applications/XAMPP/xamppfiles/htdocs/inventori-obat/vendor/codeigniter4/framework/system/CodeIgniter.php(410): CodeIgniter\CodeIgniter->runController(Object(App\Controllers\Dashboard))
#7 /Applications/XAMPP/xamppfiles/htdocs/inventori-obat/vendor/codeigniter4/framework/system/CodeIgniter.php(318): CodeIgniter\CodeIgniter->handleRequest(NULL, Object(Config\Cache), false)
#8 /Applications/XAMPP/xamppfiles/htdocs/inventori-obat/public/index.php(37): CodeIgniter\CodeIgniter->run()
#9 /Applications/XAMPP/xamppfiles/htdocs/inventori-obat/vendor/codeigniter4/framework/system/Commands/Server/rewrite.php(43): require_once('/Applications/X...')
#10 {main}
CRITICAL - 2021-11-11 18:21:51 --> Undefined property: CodeIgniter\View\View::$uri
#0 /Applications/XAMPP/xamppfiles/htdocs/inventori-obat/app/Views/templates/adminlte_template.php(105): CodeIgniter\Debug\Exceptions->errorHandler(2, 'Undefined prope...', '/Applications/X...', 105)
#1 /Applications/XAMPP/xamppfiles/htdocs/inventori-obat/vendor/codeigniter4/framework/system/View/View.php(214): include('/Applications/X...')
#2 /Applications/XAMPP/xamppfiles/htdocs/inventori-obat/vendor/codeigniter4/framework/system/View/View.php(217): CodeIgniter\View\View->CodeIgniter\View\{closure}()
#3 /Applications/XAMPP/xamppfiles/htdocs/inventori-obat/vendor/codeigniter4/framework/system/View/View.php(230): CodeIgniter\View\View->render('templates/admin...', Array, true)
#4 /Applications/XAMPP/xamppfiles/htdocs/inventori-obat/vendor/codeigniter4/framework/system/Common.php(1097): CodeIgniter\View\View->render('dashboard/index', Array, true)
#5 /Applications/XAMPP/xamppfiles/htdocs/inventori-obat/app/Controllers/Dashboard.php(9): view('dashboard/index')
#6 /Applications/XAMPP/xamppfiles/htdocs/inventori-obat/vendor/codeigniter4/framework/system/CodeIgniter.php(824): App\Controllers\Dashboard->index()
#7 /Applications/XAMPP/xamppfiles/htdocs/inventori-obat/vendor/codeigniter4/framework/system/CodeIgniter.php(410): CodeIgniter\CodeIgniter->runController(Object(App\Controllers\Dashboard))
#8 /Applications/XAMPP/xamppfiles/htdocs/inventori-obat/vendor/codeigniter4/framework/system/CodeIgniter.php(318): CodeIgniter\CodeIgniter->handleRequest(NULL, Object(Config\Cache), false)
#9 /Applications/XAMPP/xamppfiles/htdocs/inventori-obat/public/index.php(37): CodeIgniter\CodeIgniter->run()
#10 /Applications/XAMPP/xamppfiles/htdocs/inventori-obat/vendor/codeigniter4/framework/system/Commands/Server/rewrite.php(43): require_once('/Applications/X...')
#11 {main}
CRITICAL - 2021-11-11 18:22:06 --> syntax error, unexpected double-quoted string " >", expecting "," or ";"
#0 /Applications/XAMPP/xamppfiles/htdocs/inventori-obat/vendor/codeigniter4/framework/system/View/View.php(217): CodeIgniter\View\View->CodeIgniter\View\{closure}()
#1 /Applications/XAMPP/xamppfiles/htdocs/inventori-obat/vendor/codeigniter4/framework/system/View/View.php(230): CodeIgniter\View\View->render('templates/admin...', Array, true)
#2 /Applications/XAMPP/xamppfiles/htdocs/inventori-obat/vendor/codeigniter4/framework/system/Common.php(1097): CodeIgniter\View\View->render('dashboard/index', Array, true)
#3 /Applications/XAMPP/xamppfiles/htdocs/inventori-obat/app/Controllers/Dashboard.php(9): view('dashboard/index')
#4 /Applications/XAMPP/xamppfiles/htdocs/inventori-obat/vendor/codeigniter4/framework/system/CodeIgniter.php(824): App\Controllers\Dashboard->index()
#5 /Applications/XAMPP/xamppfiles/htdocs/inventori-obat/vendor/codeigniter4/framework/system/CodeIgniter.php(410): CodeIgniter\CodeIgniter->runController(Object(App\Controllers\Dashboard))
#6 /Applications/XAMPP/xamppfiles/htdocs/inventori-obat/vendor/codeigniter4/framework/system/CodeIgniter.php(318): CodeIgniter\CodeIgniter->handleRequest(NULL, Object(Config\Cache), false)
#7 /Applications/XAMPP/xamppfiles/htdocs/inventori-obat/public/index.php(37): CodeIgniter\CodeIgniter->run()
#8 /Applications/XAMPP/xamppfiles/htdocs/inventori-obat/vendor/codeigniter4/framework/system/Commands/Server/rewrite.php(43): require_once('/Applications/X...')
#9 {main}
CRITICAL - 2021-11-11 18:22:14 --> Undefined property: CodeIgniter\View\View::$uri
#0 /Applications/XAMPP/xamppfiles/htdocs/inventori-obat/app/Views/templates/adminlte_template.php(105): CodeIgniter\Debug\Exceptions->errorHandler(2, 'Undefined prope...', '/Applications/X...', 105)
#1 /Applications/XAMPP/xamppfiles/htdocs/inventori-obat/vendor/codeigniter4/framework/system/View/View.php(214): include('/Applications/X...')
#2 /Applications/XAMPP/xamppfiles/htdocs/inventori-obat/vendor/codeigniter4/framework/system/View/View.php(217): CodeIgniter\View\View->CodeIgniter\View\{closure}()
#3 /Applications/XAMPP/xamppfiles/htdocs/inventori-obat/vendor/codeigniter4/framework/system/View/View.php(230): CodeIgniter\View\View->render('templates/admin...', Array, true)
#4 /Applications/XAMPP/xamppfiles/htdocs/inventori-obat/vendor/codeigniter4/framework/system/Common.php(1097): CodeIgniter\View\View->render('dashboard/index', Array, true)
#5 /Applications/XAMPP/xamppfiles/htdocs/inventori-obat/app/Controllers/Dashboard.php(9): view('dashboard/index')
#6 /Applications/XAMPP/xamppfiles/htdocs/inventori-obat/vendor/codeigniter4/framework/system/CodeIgniter.php(824): App\Controllers\Dashboard->index()
#7 /Applications/XAMPP/xamppfiles/htdocs/inventori-obat/vendor/codeigniter4/framework/system/CodeIgniter.php(410): CodeIgniter\CodeIgniter->runController(Object(App\Controllers\Dashboard))
#8 /Applications/XAMPP/xamppfiles/htdocs/inventori-obat/vendor/codeigniter4/framework/system/CodeIgniter.php(318): CodeIgniter\CodeIgniter->handleRequest(NULL, Object(Config\Cache), false)
#9 /Applications/XAMPP/xamppfiles/htdocs/inventori-obat/public/index.php(37): CodeIgniter\CodeIgniter->run()
#10 /Applications/XAMPP/xamppfiles/htdocs/inventori-obat/vendor/codeigniter4/framework/system/Commands/Server/rewrite.php(43): require_once('/Applications/X...')
#11 {main}
CRITICAL - 2021-11-11 18:25:23 --> Undefined property: CodeIgniter\View\View::$uri
#0 /Applications/XAMPP/xamppfiles/htdocs/inventori-obat/app/Views/templates/adminlte_template.php(105): CodeIgniter\Debug\Exceptions->errorHandler(2, 'Undefined prope...', '/Applications/X...', 105)
#1 /Applications/XAMPP/xamppfiles/htdocs/inventori-obat/vendor/codeigniter4/framework/system/View/View.php(214): include('/Applications/X...')
#2 /Applications/XAMPP/xamppfiles/htdocs/inventori-obat/vendor/codeigniter4/framework/system/View/View.php(217): CodeIgniter\View\View->CodeIgniter\View\{closure}()
#3 /Applications/XAMPP/xamppfiles/htdocs/inventori-obat/vendor/codeigniter4/framework/system/View/View.php(230): CodeIgniter\View\View->render('templates/admin...', Array, true)
#4 /Applications/XAMPP/xamppfiles/htdocs/inventori-obat/vendor/codeigniter4/framework/system/Common.php(1097): CodeIgniter\View\View->render('dashboard/index', Array, true)
#5 /Applications/XAMPP/xamppfiles/htdocs/inventori-obat/app/Controllers/Dashboard.php(9): view('dashboard/index')
#6 /Applications/XAMPP/xamppfiles/htdocs/inventori-obat/vendor/codeigniter4/framework/system/CodeIgniter.php(824): App\Controllers\Dashboard->index()
#7 /Applications/XAMPP/xamppfiles/htdocs/inventori-obat/vendor/codeigniter4/framework/system/CodeIgniter.php(410): CodeIgniter\CodeIgniter->runController(Object(App\Controllers\Dashboard))
#8 /Applications/XAMPP/xamppfiles/htdocs/inventori-obat/vendor/codeigniter4/framework/system/CodeIgniter.php(318): CodeIgniter\CodeIgniter->handleRequest(NULL, Object(Config\Cache), false)
#9 /Applications/XAMPP/xamppfiles/htdocs/inventori-obat/public/index.php(37): CodeIgniter\CodeIgniter->run()
#10 /Applications/XAMPP/xamppfiles/htdocs/inventori-obat/vendor/codeigniter4/framework/system/Commands/Server/rewrite.php(43): require_once('/Applications/X...')
#11 {main}
CRITICAL - 2021-11-11 18:25:29 --> Undefined property: CodeIgniter\View\View::$uri
#0 /Applications/XAMPP/xamppfiles/htdocs/inventori-obat/app/Views/templates/adminlte_template.php(105): CodeIgniter\Debug\Exceptions->errorHandler(2, 'Undefined prope...', '/Applications/X...', 105)
#1 /Applications/XAMPP/xamppfiles/htdocs/inventori-obat/vendor/codeigniter4/framework/system/View/View.php(214): include('/Applications/X...')
#2 /Applications/XAMPP/xamppfiles/htdocs/inventori-obat/vendor/codeigniter4/framework/system/View/View.php(217): CodeIgniter\View\View->CodeIgniter\View\{closure}()
#3 /Applications/XAMPP/xamppfiles/htdocs/inventori-obat/vendor/codeigniter4/framework/system/View/View.php(230): CodeIgniter\View\View->render('templates/admin...', Array, true)
#4 /Applications/XAMPP/xamppfiles/htdocs/inventori-obat/vendor/codeigniter4/framework/system/Common.php(1097): CodeIgniter\View\View->render('dashboard/index', Array, true)
#5 /Applications/XAMPP/xamppfiles/htdocs/inventori-obat/app/Controllers/Dashboard.php(9): view('dashboard/index')
#6 /Applications/XAMPP/xamppfiles/htdocs/inventori-obat/vendor/codeigniter4/framework/system/CodeIgniter.php(824): App\Controllers\Dashboard->index()
#7 /Applications/XAMPP/xamppfiles/htdocs/inventori-obat/vendor/codeigniter4/framework/system/CodeIgniter.php(410): CodeIgniter\CodeIgniter->runController(Object(App\Controllers\Dashboard))
#8 /Applications/XAMPP/xamppfiles/htdocs/inventori-obat/vendor/codeigniter4/framework/system/CodeIgniter.php(318): CodeIgniter\CodeIgniter->handleRequest(NULL, Object(Config\Cache), false)
#9 /Applications/XAMPP/xamppfiles/htdocs/inventori-obat/public/index.php(37): CodeIgniter\CodeIgniter->run()
#10 /Applications/XAMPP/xamppfiles/htdocs/inventori-obat/vendor/codeigniter4/framework/system/Commands/Server/rewrite.php(43): require_once('/Applications/X...')
#11 {main}
CRITICAL - 2021-11-11 18:25:56 --> Undefined property: CodeIgniter\View\View::$uri
#0 /Applications/XAMPP/xamppfiles/htdocs/inventori-obat/app/Views/templates/adminlte_template.php(105): CodeIgniter\Debug\Exceptions->errorHandler(2, 'Undefined prope...', '/Applications/X...', 105)
#1 /Applications/XAMPP/xamppfiles/htdocs/inventori-obat/vendor/codeigniter4/framework/system/View/View.php(214): include('/Applications/X...')
#2 /Applications/XAMPP/xamppfiles/htdocs/inventori-obat/vendor/codeigniter4/framework/system/View/View.php(217): CodeIgniter\View\View->CodeIgniter\View\{closure}()
#3 /Applications/XAMPP/xamppfiles/htdocs/inventori-obat/vendor/codeigniter4/framework/system/View/View.php(230): CodeIgniter\View\View->render('templates/admin...', Array, true)
#4 /Applications/XAMPP/xamppfiles/htdocs/inventori-obat/vendor/codeigniter4/framework/system/Common.php(1097): CodeIgniter\View\View->render('dashboard/index', Array, true)
#5 /Applications/XAMPP/xamppfiles/htdocs/inventori-obat/app/Controllers/Dashboard.php(9): view('dashboard/index')
#6 /Applications/XAMPP/xamppfiles/htdocs/inventori-obat/vendor/codeigniter4/framework/system/CodeIgniter.php(824): App\Controllers\Dashboard->index()
#7 /Applications/XAMPP/xamppfiles/htdocs/inventori-obat/vendor/codeigniter4/framework/system/CodeIgniter.php(410): CodeIgniter\CodeIgniter->runController(Object(App\Controllers\Dashboard))
#8 /Applications/XAMPP/xamppfiles/htdocs/inventori-obat/vendor/codeigniter4/framework/system/CodeIgniter.php(318): CodeIgniter\CodeIgniter->handleRequest(NULL, Object(Config\Cache), false)
#9 /Applications/XAMPP/xamppfiles/htdocs/inventori-obat/public/index.php(37): CodeIgniter\CodeIgniter->run()
#10 /Applications/XAMPP/xamppfiles/htdocs/inventori-obat/vendor/codeigniter4/framework/system/Commands/Server/rewrite.php(43): require_once('/Applications/X...')
#11 {main}
CRITICAL - 2021-11-11 18:27:09 --> Undefined property: CodeIgniter\View\View::$uri
#0 /Applications/XAMPP/xamppfiles/htdocs/inventori-obat/app/Views/templates/adminlte_template.php(106): CodeIgniter\Debug\Exceptions->errorHandler(2, 'Undefined prope...', '/Applications/X...', 106)
#1 /Applications/XAMPP/xamppfiles/htdocs/inventori-obat/vendor/codeigniter4/framework/system/View/View.php(214): include('/Applications/X...')
#2 /Applications/XAMPP/xamppfiles/htdocs/inventori-obat/vendor/codeigniter4/framework/system/View/View.php(217): CodeIgniter\View\View->CodeIgniter\View\{closure}()
#3 /Applications/XAMPP/xamppfiles/htdocs/inventori-obat/vendor/codeigniter4/framework/system/View/View.php(230): CodeIgniter\View\View->render('templates/admin...', Array, true)
#4 /Applications/XAMPP/xamppfiles/htdocs/inventori-obat/vendor/codeigniter4/framework/system/Common.php(1097): CodeIgniter\View\View->render('dashboard/index', Array, true)
#5 /Applications/XAMPP/xamppfiles/htdocs/inventori-obat/app/Controllers/Dashboard.php(9): view('dashboard/index')
#6 /Applications/XAMPP/xamppfiles/htdocs/inventori-obat/vendor/codeigniter4/framework/system/CodeIgniter.php(824): App\Controllers\Dashboard->index()
#7 /Applications/XAMPP/xamppfiles/htdocs/inventori-obat/vendor/codeigniter4/framework/system/CodeIgniter.php(410): CodeIgniter\CodeIgniter->runController(Object(App\Controllers\Dashboard))
#8 /Applications/XAMPP/xamppfiles/htdocs/inventori-obat/vendor/codeigniter4/framework/system/CodeIgniter.php(318): CodeIgniter\CodeIgniter->handleRequest(NULL, Object(Config\Cache), false)
#9 /Applications/XAMPP/xamppfiles/htdocs/inventori-obat/public/index.php(37): CodeIgniter\CodeIgniter->run()
#10 /Applications/XAMPP/xamppfiles/htdocs/inventori-obat/vendor/codeigniter4/framework/system/Commands/Server/rewrite.php(43): require_once('/Applications/X...')
#11 {main}
CRITICAL - 2021-11-11 18:30:08 --> Undefined property: CodeIgniter\View\View::$uri
#0 /Applications/XAMPP/xamppfiles/htdocs/inventori-obat/app/Views/templates/adminlte_template.php(106): CodeIgniter\Debug\Exceptions->errorHandler(2, 'Undefined prope...', '/Applications/X...', 106)
#1 /Applications/XAMPP/xamppfiles/htdocs/inventori-obat/vendor/codeigniter4/framework/system/View/View.php(214): include('/Applications/X...')
#2 /Applications/XAMPP/xamppfiles/htdocs/inventori-obat/vendor/codeigniter4/framework/system/View/View.php(217): CodeIgniter\View\View->CodeIgniter\View\{closure}()
#3 /Applications/XAMPP/xamppfiles/htdocs/inventori-obat/vendor/codeigniter4/framework/system/View/View.php(230): CodeIgniter\View\View->render('templates/admin...', Array, true)
#4 /Applications/XAMPP/xamppfiles/htdocs/inventori-obat/vendor/codeigniter4/framework/system/Common.php(1097): CodeIgniter\View\View->render('dashboard/index', Array, true)
#5 /Applications/XAMPP/xamppfiles/htdocs/inventori-obat/app/Controllers/Dashboard.php(9): view('dashboard/index')
#6 /Applications/XAMPP/xamppfiles/htdocs/inventori-obat/vendor/codeigniter4/framework/system/CodeIgniter.php(824): App\Controllers\Dashboard->index()
#7 /Applications/XAMPP/xamppfiles/htdocs/inventori-obat/vendor/codeigniter4/framework/system/CodeIgniter.php(410): CodeIgniter\CodeIgniter->runController(Object(App\Controllers\Dashboard))
#8 /Applications/XAMPP/xamppfiles/htdocs/inventori-obat/vendor/codeigniter4/framework/system/CodeIgniter.php(318): CodeIgniter\CodeIgniter->handleRequest(NULL, Object(Config\Cache), false)
#9 /Applications/XAMPP/xamppfiles/htdocs/inventori-obat/public/index.php(37): CodeIgniter\CodeIgniter->run()
#10 /Applications/XAMPP/xamppfiles/htdocs/inventori-obat/vendor/codeigniter4/framework/system/Commands/Server/rewrite.php(43): require_once('/Applications/X...')
#11 {main}
CRITICAL - 2021-11-11 18:34:19 --> Undefined property: CodeIgniter\View\View::$uri
#0 /Applications/XAMPP/xamppfiles/htdocs/inventori-obat/app/Views/templates/adminlte_template.php(106): CodeIgniter\Debug\Exceptions->errorHandler(2, 'Undefined prope...', '/Applications/X...', 106)
#1 /Applications/XAMPP/xamppfiles/htdocs/inventori-obat/vendor/codeigniter4/framework/system/View/View.php(214): include('/Applications/X...')
#2 /Applications/XAMPP/xamppfiles/htdocs/inventori-obat/vendor/codeigniter4/framework/system/View/View.php(217): CodeIgniter\View\View->CodeIgniter\View\{closure}()
#3 /Applications/XAMPP/xamppfiles/htdocs/inventori-obat/vendor/codeigniter4/framework/system/View/View.php(230): CodeIgniter\View\View->render('templates/admin...', Array, true)
#4 /Applications/XAMPP/xamppfiles/htdocs/inventori-obat/vendor/codeigniter4/framework/system/Common.php(1097): CodeIgniter\View\View->render('dashboard/index', Array, true)
#5 /Applications/XAMPP/xamppfiles/htdocs/inventori-obat/app/Controllers/Dashboard.php(10): view('dashboard/index', Array)
#6 /Applications/XAMPP/xamppfiles/htdocs/inventori-obat/vendor/codeigniter4/framework/system/CodeIgniter.php(824): App\Controllers\Dashboard->index()
#7 /Applications/XAMPP/xamppfiles/htdocs/inventori-obat/vendor/codeigniter4/framework/system/CodeIgniter.php(410): CodeIgniter\CodeIgniter->runController(Object(App\Controllers\Dashboard))
#8 /Applications/XAMPP/xamppfiles/htdocs/inventori-obat/vendor/codeigniter4/framework/system/CodeIgniter.php(318): CodeIgniter\CodeIgniter->handleRequest(NULL, Object(Config\Cache), false)
#9 /Applications/XAMPP/xamppfiles/htdocs/inventori-obat/public/index.php(37): CodeIgniter\CodeIgniter->run()
#10 /Applications/XAMPP/xamppfiles/htdocs/inventori-obat/vendor/codeigniter4/framework/system/Commands/Server/rewrite.php(43): require_once('/Applications/X...')
#11 {main}
CRITICAL - 2021-11-11 18:34:47 --> Undefined constant "nav"
#0 /Applications/XAMPP/xamppfiles/htdocs/inventori-obat/vendor/codeigniter4/framework/system/View/View.php(214): include()
#1 /Applications/XAMPP/xamppfiles/htdocs/inventori-obat/vendor/codeigniter4/framework/system/View/View.php(217): CodeIgniter\View\View->CodeIgniter\View\{closure}()
#2 /Applications/XAMPP/xamppfiles/htdocs/inventori-obat/vendor/codeigniter4/framework/system/View/View.php(230): CodeIgniter\View\View->render('templates/admin...', Array, true)
#3 /Applications/XAMPP/xamppfiles/htdocs/inventori-obat/vendor/codeigniter4/framework/system/Common.php(1097): CodeIgniter\View\View->render('dashboard/index', Array, true)
#4 /Applications/XAMPP/xamppfiles/htdocs/inventori-obat/app/Controllers/Dashboard.php(10): view('dashboard/index', Array)
#5 /Applications/XAMPP/xamppfiles/htdocs/inventori-obat/vendor/codeigniter4/framework/system/CodeIgniter.php(824): App\Controllers\Dashboard->index()
#6 /Applications/XAMPP/xamppfiles/htdocs/inventori-obat/vendor/codeigniter4/framework/system/CodeIgniter.php(410): CodeIgniter\CodeIgniter->runController(Object(App\Controllers\Dashboard))
#7 /Applications/XAMPP/xamppfiles/htdocs/inventori-obat/vendor/codeigniter4/framework/system/CodeIgniter.php(318): CodeIgniter\CodeIgniter->handleRequest(NULL, Object(Config\Cache), false)
#8 /Applications/XAMPP/xamppfiles/htdocs/inventori-obat/public/index.php(37): CodeIgniter\CodeIgniter->run()
#9 /Applications/XAMPP/xamppfiles/htdocs/inventori-obat/vendor/codeigniter4/framework/system/Commands/Server/rewrite.php(43): require_once('/Applications/X...')
#10 {main}
CRITICAL - 2021-11-11 19:01:50 --> Invalid file: dashboard/resep_obat.php
#0 /Applications/XAMPP/xamppfiles/htdocs/inventori-obat/vendor/codeigniter4/framework/system/View/View.php(198): CodeIgniter\Exceptions\FrameworkException::forInvalidFile('dashboard/resep...')
#1 /Applications/XAMPP/xamppfiles/htdocs/inventori-obat/vendor/codeigniter4/framework/system/Common.php(1097): CodeIgniter\View\View->render('dashboard/resep...', Array, true)
#2 /Applications/XAMPP/xamppfiles/htdocs/inventori-obat/app/Controllers/Dashboard.php(42): view('dashboard/resep...', Array)
#3 /Applications/XAMPP/xamppfiles/htdocs/inventori-obat/vendor/codeigniter4/framework/system/CodeIgniter.php(824): App\Controllers\Dashboard->resep_obat()
#4 /Applications/XAMPP/xamppfiles/htdocs/inventori-obat/vendor/codeigniter4/framework/system/CodeIgniter.php(410): CodeIgniter\CodeIgniter->runController(Object(App\Controllers\Dashboard))
#5 /Applications/XAMPP/xamppfiles/htdocs/inventori-obat/vendor/codeigniter4/framework/system/CodeIgniter.php(318): CodeIgniter\CodeIgniter->handleRequest(NULL, Object(Config\Cache), false)
#6 /Applications/XAMPP/xamppfiles/htdocs/inventori-obat/public/index.php(37): CodeIgniter\CodeIgniter->run()
#7 /Applications/XAMPP/xamppfiles/htdocs/inventori-obat/vendor/codeigniter4/framework/system/Commands/Server/rewrite.php(43): require_once('/Applications/X...')
#8 {main}
CRITICAL - 2021-11-11 19:02:15 --> Invalid file: dashboard/resep_obat.php
#0 /Applications/XAMPP/xamppfiles/htdocs/inventori-obat/vendor/codeigniter4/framework/system/View/View.php(198): CodeIgniter\Exceptions\FrameworkException::forInvalidFile('dashboard/resep...')
#1 /Applications/XAMPP/xamppfiles/htdocs/inventori-obat/vendor/codeigniter4/framework/system/Common.php(1097): CodeIgniter\View\View->render('dashboard/resep...', Array, true)
#2 /Applications/XAMPP/xamppfiles/htdocs/inventori-obat/app/Controllers/Dashboard.php(42): view('dashboard/resep...', Array)
#3 /Applications/XAMPP/xamppfiles/htdocs/inventori-obat/vendor/codeigniter4/framework/system/CodeIgniter.php(824): App\Controllers\Dashboard->resep_obat()
#4 /Applications/XAMPP/xamppfiles/htdocs/inventori-obat/vendor/codeigniter4/framework/system/CodeIgniter.php(410): CodeIgniter\CodeIgniter->runController(Object(App\Controllers\Dashboard))
#5 /Applications/XAMPP/xamppfiles/htdocs/inventori-obat/vendor/codeigniter4/framework/system/CodeIgniter.php(318): CodeIgniter\CodeIgniter->handleRequest(NULL, Object(Config\Cache), false)
#6 /Applications/XAMPP/xamppfiles/htdocs/inventori-obat/public/index.php(37): CodeIgniter\CodeIgniter->run()
#7 /Applications/XAMPP/xamppfiles/htdocs/inventori-obat/vendor/codeigniter4/framework/system/Commands/Server/rewrite.php(43): require_once('/Applications/X...')
#8 {main}
CRITICAL - 2021-11-11 19:02:42 --> Invalid file: dashboard/permintaan_obat.php
#0 /Applications/XAMPP/xamppfiles/htdocs/inventori-obat/vendor/codeigniter4/framework/system/View/View.php(198): CodeIgniter\Exceptions\FrameworkException::forInvalidFile('dashboard/permi...')
#1 /Applications/XAMPP/xamppfiles/htdocs/inventori-obat/vendor/codeigniter4/framework/system/Common.php(1097): CodeIgniter\View\View->render('dashboard/permi...', Array, true)
#2 /Applications/XAMPP/xamppfiles/htdocs/inventori-obat/app/Controllers/Dashboard.php(50): view('dashboard/permi...', Array)
#3 /Applications/XAMPP/xamppfiles/htdocs/inventori-obat/vendor/codeigniter4/framework/system/CodeIgniter.php(824): App\Controllers\Dashboard->permintaan_obat()
#4 /Applications/XAMPP/xamppfiles/htdocs/inventori-obat/vendor/codeigniter4/framework/system/CodeIgniter.php(410): CodeIgniter\CodeIgniter->runController(Object(App\Controllers\Dashboard))
#5 /Applications/XAMPP/xamppfiles/htdocs/inventori-obat/vendor/codeigniter4/framework/system/CodeIgniter.php(318): CodeIgniter\CodeIgniter->handleRequest(NULL, Object(Config\Cache), false)
#6 /Applications/XAMPP/xamppfiles/htdocs/inventori-obat/public/index.php(37): CodeIgniter\CodeIgniter->run()
#7 /Applications/XAMPP/xamppfiles/htdocs/inventori-obat/vendor/codeigniter4/framework/system/Commands/Server/rewrite.php(43): require_once('/Applications/X...')
#8 {main}
CRITICAL - 2021-11-11 19:02:57 --> Invalid file: dashboard/resep_obat.php
#0 /Applications/XAMPP/xamppfiles/htdocs/inventori-obat/vendor/codeigniter4/framework/system/View/View.php(198): CodeIgniter\Exceptions\FrameworkException::forInvalidFile('dashboard/resep...')
#1 /Applications/XAMPP/xamppfiles/htdocs/inventori-obat/vendor/codeigniter4/framework/system/Common.php(1097): CodeIgniter\View\View->render('dashboard/resep...', Array, true)
#2 /Applications/XAMPP/xamppfiles/htdocs/inventori-obat/app/Controllers/Dashboard.php(42): view('dashboard/resep...', Array)
#3 /Applications/XAMPP/xamppfiles/htdocs/inventori-obat/vendor/codeigniter4/framework/system/CodeIgniter.php(824): App\Controllers\Dashboard->resep_obat()
#4 /Applications/XAMPP/xamppfiles/htdocs/inventori-obat/vendor/codeigniter4/framework/system/CodeIgniter.php(410): CodeIgniter\CodeIgniter->runController(Object(App\Controllers\Dashboard))
#5 /Applications/XAMPP/xamppfiles/htdocs/inventori-obat/vendor/codeigniter4/framework/system/CodeIgniter.php(318): CodeIgniter\CodeIgniter->handleRequest(NULL, Object(Config\Cache), false)
#6 /Applications/XAMPP/xamppfiles/htdocs/inventori-obat/public/index.php(37): CodeIgniter\CodeIgniter->run()
#7 /Applications/XAMPP/xamppfiles/htdocs/inventori-obat/vendor/codeigniter4/framework/system/Commands/Server/rewrite.php(43): require_once('/Applications/X...')
#8 {main}
CRITICAL - 2021-11-11 19:06:25 --> Invalid file: dashboard/daftar_user.php
#0 /Applications/XAMPP/xamppfiles/htdocs/inventori-obat/vendor/codeigniter4/framework/system/View/View.php(198): CodeIgniter\Exceptions\FrameworkException::forInvalidFile('dashboard/dafta...')
#1 /Applications/XAMPP/xamppfiles/htdocs/inventori-obat/vendor/codeigniter4/framework/system/Common.php(1097): CodeIgniter\View\View->render('dashboard/dafta...', Array, true)
#2 /Applications/XAMPP/xamppfiles/htdocs/inventori-obat/app/Controllers/Dashboard.php(18): view('dashboard/dafta...', Array)
#3 /Applications/XAMPP/xamppfiles/htdocs/inventori-obat/vendor/codeigniter4/framework/system/CodeIgniter.php(824): App\Controllers\Dashboard->kelola_user()
#4 /Applications/XAMPP/xamppfiles/htdocs/inventori-obat/vendor/codeigniter4/framework/system/CodeIgniter.php(410): CodeIgniter\CodeIgniter->runController(Object(App\Controllers\Dashboard))
#5 /Applications/XAMPP/xamppfiles/htdocs/inventori-obat/vendor/codeigniter4/framework/system/CodeIgniter.php(318): CodeIgniter\CodeIgniter->handleRequest(NULL, Object(Config\Cache), false)
#6 /Applications/XAMPP/xamppfiles/htdocs/inventori-obat/public/index.php(37): CodeIgniter\CodeIgniter->run()
#7 /Applications/XAMPP/xamppfiles/htdocs/inventori-obat/vendor/codeigniter4/framework/system/Commands/Server/rewrite.php(43): require_once('/Applications/X...')
#8 {main}
