CRITICAL - 2022-01-14 00:06:51 --> Undefined array key "id"
#0 /Applications/XAMPP/xamppfiles/htdocs/inventori-obat/app/Controllers/ResepObat.php(52): CodeIgniter\Debug\Exceptions->errorHandler(2, 'Undefined array...', '/Applications/X...', 52)
#1 /Applications/XAMPP/xamppfiles/htdocs/inventori-obat/vendor/codeigniter4/framework/system/CodeIgniter.php(825): App\Controllers\ResepObat->create()
#2 /Applications/XAMPP/xamppfiles/htdocs/inventori-obat/vendor/codeigniter4/framework/system/CodeIgniter.php(412): CodeIgniter\CodeIgniter->runController(Object(App\Controllers\ResepObat))
#3 /Applications/XAMPP/xamppfiles/htdocs/inventori-obat/vendor/codeigniter4/framework/system/CodeIgniter.php(320): CodeIgniter\CodeIgniter->handleRequest(NULL, Object(Config\Cache), false)
#4 /Applications/XAMPP/xamppfiles/htdocs/inventori-obat/public/index.php(37): CodeIgniter\CodeIgniter->run()
#5 /Applications/XAMPP/xamppfiles/htdocs/inventori-obat/vendor/codeigniter4/framework/system/Commands/Server/rewrite.php(43): require_once('/Applications/X...')
#6 {main}
CRITICAL - 2022-01-14 00:07:24 --> count(): Argument #1 ($value) must be of type Countable|array, string given
#0 /Applications/XAMPP/xamppfiles/htdocs/inventori-obat/app/Controllers/ResepObat.php(52): count('000001')
#1 /Applications/XAMPP/xamppfiles/htdocs/inventori-obat/vendor/codeigniter4/framework/system/CodeIgniter.php(825): App\Controllers\ResepObat->create()
#2 /Applications/XAMPP/xamppfiles/htdocs/inventori-obat/vendor/codeigniter4/framework/system/CodeIgniter.php(412): CodeIgniter\CodeIgniter->runController(Object(App\Controllers\ResepObat))
#3 /Applications/XAMPP/xamppfiles/htdocs/inventori-obat/vendor/codeigniter4/framework/system/CodeIgniter.php(320): CodeIgniter\CodeIgniter->handleRequest(NULL, Object(Config\Cache), false)
#4 /Applications/XAMPP/xamppfiles/htdocs/inventori-obat/public/index.php(37): CodeIgniter\CodeIgniter->run()
#5 /Applications/XAMPP/xamppfiles/htdocs/inventori-obat/vendor/codeigniter4/framework/system/Commands/Server/rewrite.php(43): require_once('/Applications/X...')
#6 {main}
CRITICAL - 2022-01-14 00:07:56 --> count(): Argument #1 ($value) must be of type Countable|array, string given
#0 /Applications/XAMPP/xamppfiles/htdocs/inventori-obat/app/Controllers/ResepObat.php(52): count('000001')
#1 /Applications/XAMPP/xamppfiles/htdocs/inventori-obat/vendor/codeigniter4/framework/system/CodeIgniter.php(825): App\Controllers\ResepObat->create()
#2 /Applications/XAMPP/xamppfiles/htdocs/inventori-obat/vendor/codeigniter4/framework/system/CodeIgniter.php(412): CodeIgniter\CodeIgniter->runController(Object(App\Controllers\ResepObat))
#3 /Applications/XAMPP/xamppfiles/htdocs/inventori-obat/vendor/codeigniter4/framework/system/CodeIgniter.php(320): CodeIgniter\CodeIgniter->handleRequest(NULL, Object(Config\Cache), false)
#4 /Applications/XAMPP/xamppfiles/htdocs/inventori-obat/public/index.php(37): CodeIgniter\CodeIgniter->run()
#5 /Applications/XAMPP/xamppfiles/htdocs/inventori-obat/vendor/codeigniter4/framework/system/Commands/Server/rewrite.php(43): require_once('/Applications/X...')
#6 {main}
CRITICAL - 2022-01-14 00:08:57 --> count(): Argument #1 ($value) must be of type Countable|array, string given
#0 /Applications/XAMPP/xamppfiles/htdocs/inventori-obat/app/Controllers/ResepObat.php(52): count('000001')
#1 /Applications/XAMPP/xamppfiles/htdocs/inventori-obat/vendor/codeigniter4/framework/system/CodeIgniter.php(825): App\Controllers\ResepObat->create()
#2 /Applications/XAMPP/xamppfiles/htdocs/inventori-obat/vendor/codeigniter4/framework/system/CodeIgniter.php(412): CodeIgniter\CodeIgniter->runController(Object(App\Controllers\ResepObat))
#3 /Applications/XAMPP/xamppfiles/htdocs/inventori-obat/vendor/codeigniter4/framework/system/CodeIgniter.php(320): CodeIgniter\CodeIgniter->handleRequest(NULL, Object(Config\Cache), false)
#4 /Applications/XAMPP/xamppfiles/htdocs/inventori-obat/public/index.php(37): CodeIgniter\CodeIgniter->run()
#5 /Applications/XAMPP/xamppfiles/htdocs/inventori-obat/vendor/codeigniter4/framework/system/Commands/Server/rewrite.php(43): require_once('/Applications/X...')
#6 {main}
CRITICAL - 2022-01-14 00:10:13 --> count(): Argument #1 ($value) must be of type Countable|array, string given
#0 /Applications/XAMPP/xamppfiles/htdocs/inventori-obat/app/Controllers/ResepObat.php(52): count('000001')
#1 /Applications/XAMPP/xamppfiles/htdocs/inventori-obat/vendor/codeigniter4/framework/system/CodeIgniter.php(825): App\Controllers\ResepObat->create()
#2 /Applications/XAMPP/xamppfiles/htdocs/inventori-obat/vendor/codeigniter4/framework/system/CodeIgniter.php(412): CodeIgniter\CodeIgniter->runController(Object(App\Controllers\ResepObat))
#3 /Applications/XAMPP/xamppfiles/htdocs/inventori-obat/vendor/codeigniter4/framework/system/CodeIgniter.php(320): CodeIgniter\CodeIgniter->handleRequest(NULL, Object(Config\Cache), false)
#4 /Applications/XAMPP/xamppfiles/htdocs/inventori-obat/public/index.php(37): CodeIgniter\CodeIgniter->run()
#5 /Applications/XAMPP/xamppfiles/htdocs/inventori-obat/vendor/codeigniter4/framework/system/Commands/Server/rewrite.php(43): require_once('/Applications/X...')
#6 {main}
CRITICAL - 2022-01-14 00:12:38 --> count(): Argument #1 ($value) must be of type Countable|array, string given
#0 /Applications/XAMPP/xamppfiles/htdocs/inventori-obat/app/Controllers/ResepObat.php(52): count('000001')
#1 /Applications/XAMPP/xamppfiles/htdocs/inventori-obat/vendor/codeigniter4/framework/system/CodeIgniter.php(825): App\Controllers\ResepObat->create()
#2 /Applications/XAMPP/xamppfiles/htdocs/inventori-obat/vendor/codeigniter4/framework/system/CodeIgniter.php(412): CodeIgniter\CodeIgniter->runController(Object(App\Controllers\ResepObat))
#3 /Applications/XAMPP/xamppfiles/htdocs/inventori-obat/vendor/codeigniter4/framework/system/CodeIgniter.php(320): CodeIgniter\CodeIgniter->handleRequest(NULL, Object(Config\Cache), false)
#4 /Applications/XAMPP/xamppfiles/htdocs/inventori-obat/public/index.php(37): CodeIgniter\CodeIgniter->run()
#5 /Applications/XAMPP/xamppfiles/htdocs/inventori-obat/vendor/codeigniter4/framework/system/Commands/Server/rewrite.php(43): require_once('/Applications/X...')
#6 {main}
CRITICAL - 2022-01-14 01:08:06 --> Allowed memory size of 134217728 bytes exhausted (tried to allocate 92291072 bytes)
#0 [internal function]: CodeIgniter\Debug\Exceptions->shutdownHandler()
#1 {main}
CRITICAL - 2022-01-14 01:15:47 --> Undefined variable $array1
#0 /Applications/XAMPP/xamppfiles/htdocs/inventori-obat/app/Controllers/ResepObat.php(58): CodeIgniter\Debug\Exceptions->errorHandler(2, 'Undefined varia...', '/Applications/X...', 58)
#1 /Applications/XAMPP/xamppfiles/htdocs/inventori-obat/vendor/codeigniter4/framework/system/CodeIgniter.php(825): App\Controllers\ResepObat->create()
#2 /Applications/XAMPP/xamppfiles/htdocs/inventori-obat/vendor/codeigniter4/framework/system/CodeIgniter.php(412): CodeIgniter\CodeIgniter->runController(Object(App\Controllers\ResepObat))
#3 /Applications/XAMPP/xamppfiles/htdocs/inventori-obat/vendor/codeigniter4/framework/system/CodeIgniter.php(320): CodeIgniter\CodeIgniter->handleRequest(NULL, Object(Config\Cache), false)
#4 /Applications/XAMPP/xamppfiles/htdocs/inventori-obat/public/index.php(37): CodeIgniter\CodeIgniter->run()
#5 /Applications/XAMPP/xamppfiles/htdocs/inventori-obat/vendor/codeigniter4/framework/system/Commands/Server/rewrite.php(43): require_once('/Applications/X...')
#6 {main}
CRITICAL - 2022-01-14 01:16:06 --> Undefined variable $array1
#0 /Applications/XAMPP/xamppfiles/htdocs/inventori-obat/app/Controllers/ResepObat.php(58): CodeIgniter\Debug\Exceptions->errorHandler(2, 'Undefined varia...', '/Applications/X...', 58)
#1 /Applications/XAMPP/xamppfiles/htdocs/inventori-obat/vendor/codeigniter4/framework/system/CodeIgniter.php(825): App\Controllers\ResepObat->create()
#2 /Applications/XAMPP/xamppfiles/htdocs/inventori-obat/vendor/codeigniter4/framework/system/CodeIgniter.php(412): CodeIgniter\CodeIgniter->runController(Object(App\Controllers\ResepObat))
#3 /Applications/XAMPP/xamppfiles/htdocs/inventori-obat/vendor/codeigniter4/framework/system/CodeIgniter.php(320): CodeIgniter\CodeIgniter->handleRequest(NULL, Object(Config\Cache), false)
#4 /Applications/XAMPP/xamppfiles/htdocs/inventori-obat/public/index.php(37): CodeIgniter\CodeIgniter->run()
#5 /Applications/XAMPP/xamppfiles/htdocs/inventori-obat/vendor/codeigniter4/framework/system/Commands/Server/rewrite.php(43): require_once('/Applications/X...')
#6 {main}
CRITICAL - 2022-01-14 01:21:21 --> Undefined variable $nomor_db
#0 /Applications/XAMPP/xamppfiles/htdocs/inventori-obat/app/Controllers/ResepObat.php(62): CodeIgniter\Debug\Exceptions->errorHandler(2, 'Undefined varia...', '/Applications/X...', 62)
#1 /Applications/XAMPP/xamppfiles/htdocs/inventori-obat/vendor/codeigniter4/framework/system/CodeIgniter.php(825): App\Controllers\ResepObat->create()
#2 /Applications/XAMPP/xamppfiles/htdocs/inventori-obat/vendor/codeigniter4/framework/system/CodeIgniter.php(412): CodeIgniter\CodeIgniter->runController(Object(App\Controllers\ResepObat))
#3 /Applications/XAMPP/xamppfiles/htdocs/inventori-obat/vendor/codeigniter4/framework/system/CodeIgniter.php(320): CodeIgniter\CodeIgniter->handleRequest(NULL, Object(Config\Cache), false)
#4 /Applications/XAMPP/xamppfiles/htdocs/inventori-obat/public/index.php(37): CodeIgniter\CodeIgniter->run()
#5 /Applications/XAMPP/xamppfiles/htdocs/inventori-obat/vendor/codeigniter4/framework/system/Commands/Server/rewrite.php(43): require_once('/Applications/X...')
#6 {main}
CRITICAL - 2022-01-14 01:21:33 --> Undefined variable $nomor_db
#0 /Applications/XAMPP/xamppfiles/htdocs/inventori-obat/app/Controllers/ResepObat.php(62): CodeIgniter\Debug\Exceptions->errorHandler(2, 'Undefined varia...', '/Applications/X...', 62)
#1 /Applications/XAMPP/xamppfiles/htdocs/inventori-obat/vendor/codeigniter4/framework/system/CodeIgniter.php(825): App\Controllers\ResepObat->create()
#2 /Applications/XAMPP/xamppfiles/htdocs/inventori-obat/vendor/codeigniter4/framework/system/CodeIgniter.php(412): CodeIgniter\CodeIgniter->runController(Object(App\Controllers\ResepObat))
#3 /Applications/XAMPP/xamppfiles/htdocs/inventori-obat/vendor/codeigniter4/framework/system/CodeIgniter.php(320): CodeIgniter\CodeIgniter->handleRequest(NULL, Object(Config\Cache), false)
#4 /Applications/XAMPP/xamppfiles/htdocs/inventori-obat/public/index.php(37): CodeIgniter\CodeIgniter->run()
#5 /Applications/XAMPP/xamppfiles/htdocs/inventori-obat/vendor/codeigniter4/framework/system/Commands/Server/rewrite.php(43): require_once('/Applications/X...')
#6 {main}
CRITICAL - 2022-01-14 01:32:17 --> Undefined variable $nomor_db
#0 /Applications/XAMPP/xamppfiles/htdocs/inventori-obat/app/Controllers/ResepObat.php(62): CodeIgniter\Debug\Exceptions->errorHandler(2, 'Undefined varia...', '/Applications/X...', 62)
#1 /Applications/XAMPP/xamppfiles/htdocs/inventori-obat/vendor/codeigniter4/framework/system/CodeIgniter.php(825): App\Controllers\ResepObat->create()
#2 /Applications/XAMPP/xamppfiles/htdocs/inventori-obat/vendor/codeigniter4/framework/system/CodeIgniter.php(412): CodeIgniter\CodeIgniter->runController(Object(App\Controllers\ResepObat))
#3 /Applications/XAMPP/xamppfiles/htdocs/inventori-obat/vendor/codeigniter4/framework/system/CodeIgniter.php(320): CodeIgniter\CodeIgniter->handleRequest(NULL, Object(Config\Cache), false)
#4 /Applications/XAMPP/xamppfiles/htdocs/inventori-obat/public/index.php(37): CodeIgniter\CodeIgniter->run()
#5 /Applications/XAMPP/xamppfiles/htdocs/inventori-obat/vendor/codeigniter4/framework/system/Commands/Server/rewrite.php(43): require_once('/Applications/X...')
#6 {main}
CRITICAL - 2022-01-14 01:46:44 --> The action you requested is not allowed.
#0 /Applications/XAMPP/xamppfiles/htdocs/inventori-obat/vendor/codeigniter4/framework/system/Security/Security.php(289): CodeIgniter\Security\Exceptions\SecurityException::forDisallowedAction()
#1 /Applications/XAMPP/xamppfiles/htdocs/inventori-obat/vendor/codeigniter4/framework/system/Filters/CSRF.php(53): CodeIgniter\Security\Security->verify(Object(CodeIgniter\HTTP\IncomingRequest))
#2 /Applications/XAMPP/xamppfiles/htdocs/inventori-obat/vendor/codeigniter4/framework/system/Filters/Filters.php(173): CodeIgniter\Filters\CSRF->before(Object(CodeIgniter\HTTP\IncomingRequest), NULL)
#3 /Applications/XAMPP/xamppfiles/htdocs/inventori-obat/vendor/codeigniter4/framework/system/CodeIgniter.php(386): CodeIgniter\Filters\Filters->run('resep-obat/crea...', 'before')
#4 /Applications/XAMPP/xamppfiles/htdocs/inventori-obat/vendor/codeigniter4/framework/system/CodeIgniter.php(320): CodeIgniter\CodeIgniter->handleRequest(NULL, Object(Config\Cache), false)
#5 /Applications/XAMPP/xamppfiles/htdocs/inventori-obat/public/index.php(37): CodeIgniter\CodeIgniter->run()
#6 /Applications/XAMPP/xamppfiles/htdocs/inventori-obat/vendor/codeigniter4/framework/system/Commands/Server/rewrite.php(43): require_once('/Applications/X...')
#7 {main}
CRITICAL - 2022-01-14 01:47:06 --> The action you requested is not allowed.
#0 /Applications/XAMPP/xamppfiles/htdocs/inventori-obat/vendor/codeigniter4/framework/system/Security/Security.php(289): CodeIgniter\Security\Exceptions\SecurityException::forDisallowedAction()
#1 /Applications/XAMPP/xamppfiles/htdocs/inventori-obat/vendor/codeigniter4/framework/system/Filters/CSRF.php(53): CodeIgniter\Security\Security->verify(Object(CodeIgniter\HTTP\IncomingRequest))
#2 /Applications/XAMPP/xamppfiles/htdocs/inventori-obat/vendor/codeigniter4/framework/system/Filters/Filters.php(173): CodeIgniter\Filters\CSRF->before(Object(CodeIgniter\HTTP\IncomingRequest), NULL)
#3 /Applications/XAMPP/xamppfiles/htdocs/inventori-obat/vendor/codeigniter4/framework/system/CodeIgniter.php(386): CodeIgniter\Filters\Filters->run('resep-obat/crea...', 'before')
#4 /Applications/XAMPP/xamppfiles/htdocs/inventori-obat/vendor/codeigniter4/framework/system/CodeIgniter.php(320): CodeIgniter\CodeIgniter->handleRequest(NULL, Object(Config\Cache), false)
#5 /Applications/XAMPP/xamppfiles/htdocs/inventori-obat/public/index.php(37): CodeIgniter\CodeIgniter->run()
#6 /Applications/XAMPP/xamppfiles/htdocs/inventori-obat/vendor/codeigniter4/framework/system/Commands/Server/rewrite.php(43): require_once('/Applications/X...')
#7 {main}
CRITICAL - 2022-01-14 01:48:08 --> Undefined variable $nomor_db
#0 /Applications/XAMPP/xamppfiles/htdocs/inventori-obat/app/Controllers/ResepObat.php(62): CodeIgniter\Debug\Exceptions->errorHandler(2, 'Undefined varia...', '/Applications/X...', 62)
#1 /Applications/XAMPP/xamppfiles/htdocs/inventori-obat/vendor/codeigniter4/framework/system/CodeIgniter.php(825): App\Controllers\ResepObat->create()
#2 /Applications/XAMPP/xamppfiles/htdocs/inventori-obat/vendor/codeigniter4/framework/system/CodeIgniter.php(412): CodeIgniter\CodeIgniter->runController(Object(App\Controllers\ResepObat))
#3 /Applications/XAMPP/xamppfiles/htdocs/inventori-obat/vendor/codeigniter4/framework/system/CodeIgniter.php(320): CodeIgniter\CodeIgniter->handleRequest(NULL, Object(Config\Cache), false)
#4 /Applications/XAMPP/xamppfiles/htdocs/inventori-obat/public/index.php(37): CodeIgniter\CodeIgniter->run()
#5 /Applications/XAMPP/xamppfiles/htdocs/inventori-obat/vendor/codeigniter4/framework/system/Commands/Server/rewrite.php(43): require_once('/Applications/X...')
#6 {main}
CRITICAL - 2022-01-14 01:49:12 --> The action you requested is not allowed.
#0 /Applications/XAMPP/xamppfiles/htdocs/inventori-obat/vendor/codeigniter4/framework/system/Security/Security.php(289): CodeIgniter\Security\Exceptions\SecurityException::forDisallowedAction()
#1 /Applications/XAMPP/xamppfiles/htdocs/inventori-obat/vendor/codeigniter4/framework/system/Filters/CSRF.php(53): CodeIgniter\Security\Security->verify(Object(CodeIgniter\HTTP\IncomingRequest))
#2 /Applications/XAMPP/xamppfiles/htdocs/inventori-obat/vendor/codeigniter4/framework/system/Filters/Filters.php(173): CodeIgniter\Filters\CSRF->before(Object(CodeIgniter\HTTP\IncomingRequest), NULL)
#3 /Applications/XAMPP/xamppfiles/htdocs/inventori-obat/vendor/codeigniter4/framework/system/CodeIgniter.php(386): CodeIgniter\Filters\Filters->run('resep-obat/crea...', 'before')
#4 /Applications/XAMPP/xamppfiles/htdocs/inventori-obat/vendor/codeigniter4/framework/system/CodeIgniter.php(320): CodeIgniter\CodeIgniter->handleRequest(NULL, Object(Config\Cache), false)
#5 /Applications/XAMPP/xamppfiles/htdocs/inventori-obat/public/index.php(37): CodeIgniter\CodeIgniter->run()
#6 /Applications/XAMPP/xamppfiles/htdocs/inventori-obat/vendor/codeigniter4/framework/system/Commands/Server/rewrite.php(43): require_once('/Applications/X...')
#7 {main}
CRITICAL - 2022-01-14 01:49:25 --> The action you requested is not allowed.
#0 /Applications/XAMPP/xamppfiles/htdocs/inventori-obat/vendor/codeigniter4/framework/system/Security/Security.php(289): CodeIgniter\Security\Exceptions\SecurityException::forDisallowedAction()
#1 /Applications/XAMPP/xamppfiles/htdocs/inventori-obat/vendor/codeigniter4/framework/system/Filters/CSRF.php(53): CodeIgniter\Security\Security->verify(Object(CodeIgniter\HTTP\IncomingRequest))
#2 /Applications/XAMPP/xamppfiles/htdocs/inventori-obat/vendor/codeigniter4/framework/system/Filters/Filters.php(173): CodeIgniter\Filters\CSRF->before(Object(CodeIgniter\HTTP\IncomingRequest), NULL)
#3 /Applications/XAMPP/xamppfiles/htdocs/inventori-obat/vendor/codeigniter4/framework/system/CodeIgniter.php(386): CodeIgniter\Filters\Filters->run('resep-obat/crea...', 'before')
#4 /Applications/XAMPP/xamppfiles/htdocs/inventori-obat/vendor/codeigniter4/framework/system/CodeIgniter.php(320): CodeIgniter\CodeIgniter->handleRequest(NULL, Object(Config\Cache), false)
#5 /Applications/XAMPP/xamppfiles/htdocs/inventori-obat/public/index.php(37): CodeIgniter\CodeIgniter->run()
#6 /Applications/XAMPP/xamppfiles/htdocs/inventori-obat/vendor/codeigniter4/framework/system/Commands/Server/rewrite.php(43): require_once('/Applications/X...')
#7 {main}
CRITICAL - 2022-01-14 01:50:02 --> The action you requested is not allowed.
#0 /Applications/XAMPP/xamppfiles/htdocs/inventori-obat/vendor/codeigniter4/framework/system/Security/Security.php(289): CodeIgniter\Security\Exceptions\SecurityException::forDisallowedAction()
#1 /Applications/XAMPP/xamppfiles/htdocs/inventori-obat/vendor/codeigniter4/framework/system/Filters/CSRF.php(53): CodeIgniter\Security\Security->verify(Object(CodeIgniter\HTTP\IncomingRequest))
#2 /Applications/XAMPP/xamppfiles/htdocs/inventori-obat/vendor/codeigniter4/framework/system/Filters/Filters.php(173): CodeIgniter\Filters\CSRF->before(Object(CodeIgniter\HTTP\IncomingRequest), NULL)
#3 /Applications/XAMPP/xamppfiles/htdocs/inventori-obat/vendor/codeigniter4/framework/system/CodeIgniter.php(386): CodeIgniter\Filters\Filters->run('resep-obat/crea...', 'before')
#4 /Applications/XAMPP/xamppfiles/htdocs/inventori-obat/vendor/codeigniter4/framework/system/CodeIgniter.php(320): CodeIgniter\CodeIgniter->handleRequest(NULL, Object(Config\Cache), false)
#5 /Applications/XAMPP/xamppfiles/htdocs/inventori-obat/public/index.php(37): CodeIgniter\CodeIgniter->run()
#6 /Applications/XAMPP/xamppfiles/htdocs/inventori-obat/vendor/codeigniter4/framework/system/Commands/Server/rewrite.php(43): require_once('/Applications/X...')
#7 {main}
CRITICAL - 2022-01-14 01:50:10 --> The action you requested is not allowed.
#0 /Applications/XAMPP/xamppfiles/htdocs/inventori-obat/vendor/codeigniter4/framework/system/Security/Security.php(289): CodeIgniter\Security\Exceptions\SecurityException::forDisallowedAction()
#1 /Applications/XAMPP/xamppfiles/htdocs/inventori-obat/vendor/codeigniter4/framework/system/Filters/CSRF.php(53): CodeIgniter\Security\Security->verify(Object(CodeIgniter\HTTP\IncomingRequest))
#2 /Applications/XAMPP/xamppfiles/htdocs/inventori-obat/vendor/codeigniter4/framework/system/Filters/Filters.php(173): CodeIgniter\Filters\CSRF->before(Object(CodeIgniter\HTTP\IncomingRequest), NULL)
#3 /Applications/XAMPP/xamppfiles/htdocs/inventori-obat/vendor/codeigniter4/framework/system/CodeIgniter.php(386): CodeIgniter\Filters\Filters->run('resep-obat/crea...', 'before')
#4 /Applications/XAMPP/xamppfiles/htdocs/inventori-obat/vendor/codeigniter4/framework/system/CodeIgniter.php(320): CodeIgniter\CodeIgniter->handleRequest(NULL, Object(Config\Cache), false)
#5 /Applications/XAMPP/xamppfiles/htdocs/inventori-obat/public/index.php(37): CodeIgniter\CodeIgniter->run()
#6 /Applications/XAMPP/xamppfiles/htdocs/inventori-obat/vendor/codeigniter4/framework/system/Commands/Server/rewrite.php(43): require_once('/Applications/X...')
#7 {main}
CRITICAL - 2022-01-14 01:51:05 --> The action you requested is not allowed.
#0 /Applications/XAMPP/xamppfiles/htdocs/inventori-obat/vendor/codeigniter4/framework/system/Security/Security.php(289): CodeIgniter\Security\Exceptions\SecurityException::forDisallowedAction()
#1 /Applications/XAMPP/xamppfiles/htdocs/inventori-obat/vendor/codeigniter4/framework/system/Filters/CSRF.php(53): CodeIgniter\Security\Security->verify(Object(CodeIgniter\HTTP\IncomingRequest))
#2 /Applications/XAMPP/xamppfiles/htdocs/inventori-obat/vendor/codeigniter4/framework/system/Filters/Filters.php(173): CodeIgniter\Filters\CSRF->before(Object(CodeIgniter\HTTP\IncomingRequest), NULL)
#3 /Applications/XAMPP/xamppfiles/htdocs/inventori-obat/vendor/codeigniter4/framework/system/CodeIgniter.php(386): CodeIgniter\Filters\Filters->run('resep-obat/crea...', 'before')
#4 /Applications/XAMPP/xamppfiles/htdocs/inventori-obat/vendor/codeigniter4/framework/system/CodeIgniter.php(320): CodeIgniter\CodeIgniter->handleRequest(NULL, Object(Config\Cache), false)
#5 /Applications/XAMPP/xamppfiles/htdocs/inventori-obat/public/index.php(37): CodeIgniter\CodeIgniter->run()
#6 /Applications/XAMPP/xamppfiles/htdocs/inventori-obat/vendor/codeigniter4/framework/system/Commands/Server/rewrite.php(43): require_once('/Applications/X...')
#7 {main}
CRITICAL - 2022-01-14 02:13:12 --> The action you requested is not allowed.
#0 /Applications/XAMPP/xamppfiles/htdocs/inventori-obat/vendor/codeigniter4/framework/system/Security/Security.php(289): CodeIgniter\Security\Exceptions\SecurityException::forDisallowedAction()
#1 /Applications/XAMPP/xamppfiles/htdocs/inventori-obat/vendor/codeigniter4/framework/system/Filters/CSRF.php(53): CodeIgniter\Security\Security->verify(Object(CodeIgniter\HTTP\IncomingRequest))
#2 /Applications/XAMPP/xamppfiles/htdocs/inventori-obat/vendor/codeigniter4/framework/system/Filters/Filters.php(173): CodeIgniter\Filters\CSRF->before(Object(CodeIgniter\HTTP\IncomingRequest), NULL)
#3 /Applications/XAMPP/xamppfiles/htdocs/inventori-obat/vendor/codeigniter4/framework/system/CodeIgniter.php(386): CodeIgniter\Filters\Filters->run('resep-obat/crea...', 'before')
#4 /Applications/XAMPP/xamppfiles/htdocs/inventori-obat/vendor/codeigniter4/framework/system/CodeIgniter.php(320): CodeIgniter\CodeIgniter->handleRequest(NULL, Object(Config\Cache), false)
#5 /Applications/XAMPP/xamppfiles/htdocs/inventori-obat/public/index.php(37): CodeIgniter\CodeIgniter->run()
#6 /Applications/XAMPP/xamppfiles/htdocs/inventori-obat/vendor/codeigniter4/framework/system/Commands/Server/rewrite.php(43): require_once('/Applications/X...')
#7 {main}
CRITICAL - 2022-01-14 02:14:19 --> The action you requested is not allowed.
#0 /Applications/XAMPP/xamppfiles/htdocs/inventori-obat/vendor/codeigniter4/framework/system/Security/Security.php(289): CodeIgniter\Security\Exceptions\SecurityException::forDisallowedAction()
#1 /Applications/XAMPP/xamppfiles/htdocs/inventori-obat/vendor/codeigniter4/framework/system/Filters/CSRF.php(53): CodeIgniter\Security\Security->verify(Object(CodeIgniter\HTTP\IncomingRequest))
#2 /Applications/XAMPP/xamppfiles/htdocs/inventori-obat/vendor/codeigniter4/framework/system/Filters/Filters.php(173): CodeIgniter\Filters\CSRF->before(Object(CodeIgniter\HTTP\IncomingRequest), NULL)
#3 /Applications/XAMPP/xamppfiles/htdocs/inventori-obat/vendor/codeigniter4/framework/system/CodeIgniter.php(386): CodeIgniter\Filters\Filters->run('resep-obat/crea...', 'before')
#4 /Applications/XAMPP/xamppfiles/htdocs/inventori-obat/vendor/codeigniter4/framework/system/CodeIgniter.php(320): CodeIgniter\CodeIgniter->handleRequest(NULL, Object(Config\Cache), false)
#5 /Applications/XAMPP/xamppfiles/htdocs/inventori-obat/public/index.php(37): CodeIgniter\CodeIgniter->run()
#6 /Applications/XAMPP/xamppfiles/htdocs/inventori-obat/vendor/codeigniter4/framework/system/Commands/Server/rewrite.php(43): require_once('/Applications/X...')
#7 {main}
CRITICAL - 2022-01-14 02:14:51 --> The action you requested is not allowed.
#0 /Applications/XAMPP/xamppfiles/htdocs/inventori-obat/vendor/codeigniter4/framework/system/Security/Security.php(289): CodeIgniter\Security\Exceptions\SecurityException::forDisallowedAction()
#1 /Applications/XAMPP/xamppfiles/htdocs/inventori-obat/vendor/codeigniter4/framework/system/Filters/CSRF.php(53): CodeIgniter\Security\Security->verify(Object(CodeIgniter\HTTP\IncomingRequest))
#2 /Applications/XAMPP/xamppfiles/htdocs/inventori-obat/vendor/codeigniter4/framework/system/Filters/Filters.php(173): CodeIgniter\Filters\CSRF->before(Object(CodeIgniter\HTTP\IncomingRequest), NULL)
#3 /Applications/XAMPP/xamppfiles/htdocs/inventori-obat/vendor/codeigniter4/framework/system/CodeIgniter.php(386): CodeIgniter\Filters\Filters->run('resep-obat/crea...', 'before')
#4 /Applications/XAMPP/xamppfiles/htdocs/inventori-obat/vendor/codeigniter4/framework/system/CodeIgniter.php(320): CodeIgniter\CodeIgniter->handleRequest(NULL, Object(Config\Cache), false)
#5 /Applications/XAMPP/xamppfiles/htdocs/inventori-obat/public/index.php(37): CodeIgniter\CodeIgniter->run()
#6 /Applications/XAMPP/xamppfiles/htdocs/inventori-obat/vendor/codeigniter4/framework/system/Commands/Server/rewrite.php(43): require_once('/Applications/X...')
#7 {main}
CRITICAL - 2022-01-14 02:15:10 --> The action you requested is not allowed.
#0 /Applications/XAMPP/xamppfiles/htdocs/inventori-obat/vendor/codeigniter4/framework/system/Security/Security.php(289): CodeIgniter\Security\Exceptions\SecurityException::forDisallowedAction()
#1 /Applications/XAMPP/xamppfiles/htdocs/inventori-obat/vendor/codeigniter4/framework/system/Filters/CSRF.php(53): CodeIgniter\Security\Security->verify(Object(CodeIgniter\HTTP\IncomingRequest))
#2 /Applications/XAMPP/xamppfiles/htdocs/inventori-obat/vendor/codeigniter4/framework/system/Filters/Filters.php(173): CodeIgniter\Filters\CSRF->before(Object(CodeIgniter\HTTP\IncomingRequest), NULL)
#3 /Applications/XAMPP/xamppfiles/htdocs/inventori-obat/vendor/codeigniter4/framework/system/CodeIgniter.php(386): CodeIgniter\Filters\Filters->run('resep-obat/crea...', 'before')
#4 /Applications/XAMPP/xamppfiles/htdocs/inventori-obat/vendor/codeigniter4/framework/system/CodeIgniter.php(320): CodeIgniter\CodeIgniter->handleRequest(NULL, Object(Config\Cache), false)
#5 /Applications/XAMPP/xamppfiles/htdocs/inventori-obat/public/index.php(37): CodeIgniter\CodeIgniter->run()
#6 /Applications/XAMPP/xamppfiles/htdocs/inventori-obat/vendor/codeigniter4/framework/system/Commands/Server/rewrite.php(43): require_once('/Applications/X...')
#7 {main}
CRITICAL - 2022-01-14 02:15:36 --> The action you requested is not allowed.
#0 /Applications/XAMPP/xamppfiles/htdocs/inventori-obat/vendor/codeigniter4/framework/system/Security/Security.php(289): CodeIgniter\Security\Exceptions\SecurityException::forDisallowedAction()
#1 /Applications/XAMPP/xamppfiles/htdocs/inventori-obat/vendor/codeigniter4/framework/system/Filters/CSRF.php(53): CodeIgniter\Security\Security->verify(Object(CodeIgniter\HTTP\IncomingRequest))
#2 /Applications/XAMPP/xamppfiles/htdocs/inventori-obat/vendor/codeigniter4/framework/system/Filters/Filters.php(173): CodeIgniter\Filters\CSRF->before(Object(CodeIgniter\HTTP\IncomingRequest), NULL)
#3 /Applications/XAMPP/xamppfiles/htdocs/inventori-obat/vendor/codeigniter4/framework/system/CodeIgniter.php(386): CodeIgniter\Filters\Filters->run('resep-obat/crea...', 'before')
#4 /Applications/XAMPP/xamppfiles/htdocs/inventori-obat/vendor/codeigniter4/framework/system/CodeIgniter.php(320): CodeIgniter\CodeIgniter->handleRequest(NULL, Object(Config\Cache), false)
#5 /Applications/XAMPP/xamppfiles/htdocs/inventori-obat/public/index.php(37): CodeIgniter\CodeIgniter->run()
#6 /Applications/XAMPP/xamppfiles/htdocs/inventori-obat/vendor/codeigniter4/framework/system/Commands/Server/rewrite.php(43): require_once('/Applications/X...')
#7 {main}
CRITICAL - 2022-01-14 02:17:54 --> There is no data to insert.
#0 /Applications/XAMPP/xamppfiles/htdocs/inventori-obat/vendor/codeigniter4/framework/system/BaseModel.php(718): CodeIgniter\Database\Exceptions\DataException::forEmptyDataset('insert')
#1 /Applications/XAMPP/xamppfiles/htdocs/inventori-obat/vendor/codeigniter4/framework/system/Model.php(625): CodeIgniter\BaseModel->insert(Array, true)
#2 /Applications/XAMPP/xamppfiles/htdocs/inventori-obat/app/Controllers/ResepObat.php(73): CodeIgniter\Model->insert(Array)
#3 /Applications/XAMPP/xamppfiles/htdocs/inventori-obat/vendor/codeigniter4/framework/system/CodeIgniter.php(825): App\Controllers\ResepObat->create()
#4 /Applications/XAMPP/xamppfiles/htdocs/inventori-obat/vendor/codeigniter4/framework/system/CodeIgniter.php(412): CodeIgniter\CodeIgniter->runController(Object(App\Controllers\ResepObat))
#5 /Applications/XAMPP/xamppfiles/htdocs/inventori-obat/vendor/codeigniter4/framework/system/CodeIgniter.php(320): CodeIgniter\CodeIgniter->handleRequest(NULL, Object(Config\Cache), false)
#6 /Applications/XAMPP/xamppfiles/htdocs/inventori-obat/public/index.php(37): CodeIgniter\CodeIgniter->run()
#7 /Applications/XAMPP/xamppfiles/htdocs/inventori-obat/vendor/codeigniter4/framework/system/Commands/Server/rewrite.php(43): require_once('/Applications/X...')
#8 {main}
CRITICAL - 2022-01-14 02:18:21 --> The action you requested is not allowed.
#0 /Applications/XAMPP/xamppfiles/htdocs/inventori-obat/vendor/codeigniter4/framework/system/Security/Security.php(289): CodeIgniter\Security\Exceptions\SecurityException::forDisallowedAction()
#1 /Applications/XAMPP/xamppfiles/htdocs/inventori-obat/vendor/codeigniter4/framework/system/Filters/CSRF.php(53): CodeIgniter\Security\Security->verify(Object(CodeIgniter\HTTP\IncomingRequest))
#2 /Applications/XAMPP/xamppfiles/htdocs/inventori-obat/vendor/codeigniter4/framework/system/Filters/Filters.php(173): CodeIgniter\Filters\CSRF->before(Object(CodeIgniter\HTTP\IncomingRequest), NULL)
#3 /Applications/XAMPP/xamppfiles/htdocs/inventori-obat/vendor/codeigniter4/framework/system/CodeIgniter.php(386): CodeIgniter\Filters\Filters->run('resep-obat/crea...', 'before')
#4 /Applications/XAMPP/xamppfiles/htdocs/inventori-obat/vendor/codeigniter4/framework/system/CodeIgniter.php(320): CodeIgniter\CodeIgniter->handleRequest(NULL, Object(Config\Cache), false)
#5 /Applications/XAMPP/xamppfiles/htdocs/inventori-obat/public/index.php(37): CodeIgniter\CodeIgniter->run()
#6 /Applications/XAMPP/xamppfiles/htdocs/inventori-obat/vendor/codeigniter4/framework/system/Commands/Server/rewrite.php(43): require_once('/Applications/X...')
#7 {main}
CRITICAL - 2022-01-14 02:18:48 --> The action you requested is not allowed.
#0 /Applications/XAMPP/xamppfiles/htdocs/inventori-obat/vendor/codeigniter4/framework/system/Security/Security.php(289): CodeIgniter\Security\Exceptions\SecurityException::forDisallowedAction()
#1 /Applications/XAMPP/xamppfiles/htdocs/inventori-obat/vendor/codeigniter4/framework/system/Filters/CSRF.php(53): CodeIgniter\Security\Security->verify(Object(CodeIgniter\HTTP\IncomingRequest))
#2 /Applications/XAMPP/xamppfiles/htdocs/inventori-obat/vendor/codeigniter4/framework/system/Filters/Filters.php(173): CodeIgniter\Filters\CSRF->before(Object(CodeIgniter\HTTP\IncomingRequest), NULL)
#3 /Applications/XAMPP/xamppfiles/htdocs/inventori-obat/vendor/codeigniter4/framework/system/CodeIgniter.php(386): CodeIgniter\Filters\Filters->run('resep-obat/crea...', 'before')
#4 /Applications/XAMPP/xamppfiles/htdocs/inventori-obat/vendor/codeigniter4/framework/system/CodeIgniter.php(320): CodeIgniter\CodeIgniter->handleRequest(NULL, Object(Config\Cache), false)
#5 /Applications/XAMPP/xamppfiles/htdocs/inventori-obat/public/index.php(37): CodeIgniter\CodeIgniter->run()
#6 /Applications/XAMPP/xamppfiles/htdocs/inventori-obat/vendor/codeigniter4/framework/system/Commands/Server/rewrite.php(43): require_once('/Applications/X...')
#7 {main}
CRITICAL - 2022-01-14 02:19:21 --> Trying to access array offset on value of type int
#0 /Applications/XAMPP/xamppfiles/htdocs/inventori-obat/app/Controllers/ResepObat.php(64): CodeIgniter\Debug\Exceptions->errorHandler(2, 'Trying to acces...', '/Applications/X...', 64)
#1 /Applications/XAMPP/xamppfiles/htdocs/inventori-obat/vendor/codeigniter4/framework/system/CodeIgniter.php(825): App\Controllers\ResepObat->create()
#2 /Applications/XAMPP/xamppfiles/htdocs/inventori-obat/vendor/codeigniter4/framework/system/CodeIgniter.php(412): CodeIgniter\CodeIgniter->runController(Object(App\Controllers\ResepObat))
#3 /Applications/XAMPP/xamppfiles/htdocs/inventori-obat/vendor/codeigniter4/framework/system/CodeIgniter.php(320): CodeIgniter\CodeIgniter->handleRequest(NULL, Object(Config\Cache), false)
#4 /Applications/XAMPP/xamppfiles/htdocs/inventori-obat/public/index.php(37): CodeIgniter\CodeIgniter->run()
#5 /Applications/XAMPP/xamppfiles/htdocs/inventori-obat/vendor/codeigniter4/framework/system/Commands/Server/rewrite.php(43): require_once('/Applications/X...')
#6 {main}
CRITICAL - 2022-01-14 02:20:03 --> The action you requested is not allowed.
#0 /Applications/XAMPP/xamppfiles/htdocs/inventori-obat/vendor/codeigniter4/framework/system/Security/Security.php(289): CodeIgniter\Security\Exceptions\SecurityException::forDisallowedAction()
#1 /Applications/XAMPP/xamppfiles/htdocs/inventori-obat/vendor/codeigniter4/framework/system/Filters/CSRF.php(53): CodeIgniter\Security\Security->verify(Object(CodeIgniter\HTTP\IncomingRequest))
#2 /Applications/XAMPP/xamppfiles/htdocs/inventori-obat/vendor/codeigniter4/framework/system/Filters/Filters.php(173): CodeIgniter\Filters\CSRF->before(Object(CodeIgniter\HTTP\IncomingRequest), NULL)
#3 /Applications/XAMPP/xamppfiles/htdocs/inventori-obat/vendor/codeigniter4/framework/system/CodeIgniter.php(386): CodeIgniter\Filters\Filters->run('resep-obat/crea...', 'before')
#4 /Applications/XAMPP/xamppfiles/htdocs/inventori-obat/vendor/codeigniter4/framework/system/CodeIgniter.php(320): CodeIgniter\CodeIgniter->handleRequest(NULL, Object(Config\Cache), false)
#5 /Applications/XAMPP/xamppfiles/htdocs/inventori-obat/public/index.php(37): CodeIgniter\CodeIgniter->run()
#6 /Applications/XAMPP/xamppfiles/htdocs/inventori-obat/vendor/codeigniter4/framework/system/Commands/Server/rewrite.php(43): require_once('/Applications/X...')
#7 {main}
CRITICAL - 2022-01-14 02:20:26 --> Trying to access array offset on value of type int
#0 /Applications/XAMPP/xamppfiles/htdocs/inventori-obat/app/Controllers/ResepObat.php(64): CodeIgniter\Debug\Exceptions->errorHandler(2, 'Trying to acces...', '/Applications/X...', 64)
#1 /Applications/XAMPP/xamppfiles/htdocs/inventori-obat/vendor/codeigniter4/framework/system/CodeIgniter.php(825): App\Controllers\ResepObat->create()
#2 /Applications/XAMPP/xamppfiles/htdocs/inventori-obat/vendor/codeigniter4/framework/system/CodeIgniter.php(412): CodeIgniter\CodeIgniter->runController(Object(App\Controllers\ResepObat))
#3 /Applications/XAMPP/xamppfiles/htdocs/inventori-obat/vendor/codeigniter4/framework/system/CodeIgniter.php(320): CodeIgniter\CodeIgniter->handleRequest(NULL, Object(Config\Cache), false)
#4 /Applications/XAMPP/xamppfiles/htdocs/inventori-obat/public/index.php(37): CodeIgniter\CodeIgniter->run()
#5 /Applications/XAMPP/xamppfiles/htdocs/inventori-obat/vendor/codeigniter4/framework/system/Commands/Server/rewrite.php(43): require_once('/Applications/X...')
#6 {main}
CRITICAL - 2022-01-14 02:51:11 --> The action you requested is not allowed.
#0 /Applications/XAMPP/xamppfiles/htdocs/inventori-obat/vendor/codeigniter4/framework/system/Security/Security.php(289): CodeIgniter\Security\Exceptions\SecurityException::forDisallowedAction()
#1 /Applications/XAMPP/xamppfiles/htdocs/inventori-obat/vendor/codeigniter4/framework/system/Filters/CSRF.php(53): CodeIgniter\Security\Security->verify(Object(CodeIgniter\HTTP\IncomingRequest))
#2 /Applications/XAMPP/xamppfiles/htdocs/inventori-obat/vendor/codeigniter4/framework/system/Filters/Filters.php(173): CodeIgniter\Filters\CSRF->before(Object(CodeIgniter\HTTP\IncomingRequest), NULL)
#3 /Applications/XAMPP/xamppfiles/htdocs/inventori-obat/vendor/codeigniter4/framework/system/CodeIgniter.php(386): CodeIgniter\Filters\Filters->run('resep-obat/crea...', 'before')
#4 /Applications/XAMPP/xamppfiles/htdocs/inventori-obat/vendor/codeigniter4/framework/system/CodeIgniter.php(320): CodeIgniter\CodeIgniter->handleRequest(NULL, Object(Config\Cache), false)
#5 /Applications/XAMPP/xamppfiles/htdocs/inventori-obat/public/index.php(37): CodeIgniter\CodeIgniter->run()
#6 /Applications/XAMPP/xamppfiles/htdocs/inventori-obat/vendor/codeigniter4/framework/system/Commands/Server/rewrite.php(43): require_once('/Applications/X...')
#7 {main}
CRITICAL - 2022-01-14 02:52:24 --> Trying to access array offset on value of type int
#0 /Applications/XAMPP/xamppfiles/htdocs/inventori-obat/app/Controllers/ResepObat.php(64): CodeIgniter\Debug\Exceptions->errorHandler(2, 'Trying to acces...', '/Applications/X...', 64)
#1 /Applications/XAMPP/xamppfiles/htdocs/inventori-obat/vendor/codeigniter4/framework/system/CodeIgniter.php(825): App\Controllers\ResepObat->create()
#2 /Applications/XAMPP/xamppfiles/htdocs/inventori-obat/vendor/codeigniter4/framework/system/CodeIgniter.php(412): CodeIgniter\CodeIgniter->runController(Object(App\Controllers\ResepObat))
#3 /Applications/XAMPP/xamppfiles/htdocs/inventori-obat/vendor/codeigniter4/framework/system/CodeIgniter.php(320): CodeIgniter\CodeIgniter->handleRequest(NULL, Object(Config\Cache), false)
#4 /Applications/XAMPP/xamppfiles/htdocs/inventori-obat/public/index.php(37): CodeIgniter\CodeIgniter->run()
#5 /Applications/XAMPP/xamppfiles/htdocs/inventori-obat/vendor/codeigniter4/framework/system/Commands/Server/rewrite.php(43): require_once('/Applications/X...')
#6 {main}
CRITICAL - 2022-01-14 02:53:11 --> There is no data to insert.
#0 /Applications/XAMPP/xamppfiles/htdocs/inventori-obat/vendor/codeigniter4/framework/system/BaseModel.php(718): CodeIgniter\Database\Exceptions\DataException::forEmptyDataset('insert')
#1 /Applications/XAMPP/xamppfiles/htdocs/inventori-obat/vendor/codeigniter4/framework/system/Model.php(625): CodeIgniter\BaseModel->insert(Array, true)
#2 /Applications/XAMPP/xamppfiles/htdocs/inventori-obat/app/Controllers/ResepObat.php(73): CodeIgniter\Model->insert(Array)
#3 /Applications/XAMPP/xamppfiles/htdocs/inventori-obat/vendor/codeigniter4/framework/system/CodeIgniter.php(825): App\Controllers\ResepObat->create()
#4 /Applications/XAMPP/xamppfiles/htdocs/inventori-obat/vendor/codeigniter4/framework/system/CodeIgniter.php(412): CodeIgniter\CodeIgniter->runController(Object(App\Controllers\ResepObat))
#5 /Applications/XAMPP/xamppfiles/htdocs/inventori-obat/vendor/codeigniter4/framework/system/CodeIgniter.php(320): CodeIgniter\CodeIgniter->handleRequest(NULL, Object(Config\Cache), false)
#6 /Applications/XAMPP/xamppfiles/htdocs/inventori-obat/public/index.php(37): CodeIgniter\CodeIgniter->run()
#7 /Applications/XAMPP/xamppfiles/htdocs/inventori-obat/vendor/codeigniter4/framework/system/Commands/Server/rewrite.php(43): require_once('/Applications/X...')
#8 {main}
CRITICAL - 2022-01-14 02:53:47 --> The action you requested is not allowed.
#0 /Applications/XAMPP/xamppfiles/htdocs/inventori-obat/vendor/codeigniter4/framework/system/Security/Security.php(289): CodeIgniter\Security\Exceptions\SecurityException::forDisallowedAction()
#1 /Applications/XAMPP/xamppfiles/htdocs/inventori-obat/vendor/codeigniter4/framework/system/Filters/CSRF.php(53): CodeIgniter\Security\Security->verify(Object(CodeIgniter\HTTP\IncomingRequest))
#2 /Applications/XAMPP/xamppfiles/htdocs/inventori-obat/vendor/codeigniter4/framework/system/Filters/Filters.php(173): CodeIgniter\Filters\CSRF->before(Object(CodeIgniter\HTTP\IncomingRequest), NULL)
#3 /Applications/XAMPP/xamppfiles/htdocs/inventori-obat/vendor/codeigniter4/framework/system/CodeIgniter.php(386): CodeIgniter\Filters\Filters->run('resep-obat/crea...', 'before')
#4 /Applications/XAMPP/xamppfiles/htdocs/inventori-obat/vendor/codeigniter4/framework/system/CodeIgniter.php(320): CodeIgniter\CodeIgniter->handleRequest(NULL, Object(Config\Cache), false)
#5 /Applications/XAMPP/xamppfiles/htdocs/inventori-obat/public/index.php(37): CodeIgniter\CodeIgniter->run()
#6 /Applications/XAMPP/xamppfiles/htdocs/inventori-obat/vendor/codeigniter4/framework/system/Commands/Server/rewrite.php(43): require_once('/Applications/X...')
#7 {main}
CRITICAL - 2022-01-14 02:53:59 --> There is no data to insert.
#0 /Applications/XAMPP/xamppfiles/htdocs/inventori-obat/vendor/codeigniter4/framework/system/BaseModel.php(718): CodeIgniter\Database\Exceptions\DataException::forEmptyDataset('insert')
#1 /Applications/XAMPP/xamppfiles/htdocs/inventori-obat/vendor/codeigniter4/framework/system/Model.php(625): CodeIgniter\BaseModel->insert(Array, true)
#2 /Applications/XAMPP/xamppfiles/htdocs/inventori-obat/app/Controllers/ResepObat.php(80): CodeIgniter\Model->insert(Array)
#3 /Applications/XAMPP/xamppfiles/htdocs/inventori-obat/vendor/codeigniter4/framework/system/CodeIgniter.php(825): App\Controllers\ResepObat->create()
#4 /Applications/XAMPP/xamppfiles/htdocs/inventori-obat/vendor/codeigniter4/framework/system/CodeIgniter.php(412): CodeIgniter\CodeIgniter->runController(Object(App\Controllers\ResepObat))
#5 /Applications/XAMPP/xamppfiles/htdocs/inventori-obat/vendor/codeigniter4/framework/system/CodeIgniter.php(320): CodeIgniter\CodeIgniter->handleRequest(NULL, Object(Config\Cache), false)
#6 /Applications/XAMPP/xamppfiles/htdocs/inventori-obat/public/index.php(37): CodeIgniter\CodeIgniter->run()
#7 /Applications/XAMPP/xamppfiles/htdocs/inventori-obat/vendor/codeigniter4/framework/system/Commands/Server/rewrite.php(43): require_once('/Applications/X...')
#8 {main}
CRITICAL - 2022-01-14 02:54:45 --> The action you requested is not allowed.
#0 /Applications/XAMPP/xamppfiles/htdocs/inventori-obat/vendor/codeigniter4/framework/system/Security/Security.php(289): CodeIgniter\Security\Exceptions\SecurityException::forDisallowedAction()
#1 /Applications/XAMPP/xamppfiles/htdocs/inventori-obat/vendor/codeigniter4/framework/system/Filters/CSRF.php(53): CodeIgniter\Security\Security->verify(Object(CodeIgniter\HTTP\IncomingRequest))
#2 /Applications/XAMPP/xamppfiles/htdocs/inventori-obat/vendor/codeigniter4/framework/system/Filters/Filters.php(173): CodeIgniter\Filters\CSRF->before(Object(CodeIgniter\HTTP\IncomingRequest), NULL)
#3 /Applications/XAMPP/xamppfiles/htdocs/inventori-obat/vendor/codeigniter4/framework/system/CodeIgniter.php(386): CodeIgniter\Filters\Filters->run('resep-obat/crea...', 'before')
#4 /Applications/XAMPP/xamppfiles/htdocs/inventori-obat/vendor/codeigniter4/framework/system/CodeIgniter.php(320): CodeIgniter\CodeIgniter->handleRequest(NULL, Object(Config\Cache), false)
#5 /Applications/XAMPP/xamppfiles/htdocs/inventori-obat/public/index.php(37): CodeIgniter\CodeIgniter->run()
#6 /Applications/XAMPP/xamppfiles/htdocs/inventori-obat/vendor/codeigniter4/framework/system/Commands/Server/rewrite.php(43): require_once('/Applications/X...')
#7 {main}
ERROR - 2022-01-14 02:59:36 --> Unknown column 'id_transaksi' in 'order clause'
CRITICAL - 2022-01-14 02:59:36 --> Unknown column 'id_transaksi' in 'order clause'
#0 /Applications/XAMPP/xamppfiles/htdocs/inventori-obat/vendor/codeigniter4/framework/system/Database/MySQLi/Connection.php(292): mysqli->query('SELECT *\nFROM `...', 0)
#1 /Applications/XAMPP/xamppfiles/htdocs/inventori-obat/vendor/codeigniter4/framework/system/Database/BaseConnection.php(670): CodeIgniter\Database\MySQLi\Connection->execute('SELECT *\nFROM `...')
#2 /Applications/XAMPP/xamppfiles/htdocs/inventori-obat/vendor/codeigniter4/framework/system/Database/BaseConnection.php(598): CodeIgniter\Database\BaseConnection->simpleQuery('SELECT *\nFROM `...')
#3 /Applications/XAMPP/xamppfiles/htdocs/inventori-obat/vendor/codeigniter4/framework/system/Database/BaseBuilder.php(1455): CodeIgniter\Database\BaseConnection->query('SELECT *\nFROM `...', Array, false)
#4 /Applications/XAMPP/xamppfiles/htdocs/inventori-obat/vendor/codeigniter4/framework/system/Model.php(183): CodeIgniter\Database\BaseBuilder->get()
#5 /Applications/XAMPP/xamppfiles/htdocs/inventori-obat/vendor/codeigniter4/framework/system/BaseModel.php(584): CodeIgniter\Model->doFindAll(0, 0)
#6 /Applications/XAMPP/xamppfiles/htdocs/inventori-obat/app/Controllers/ResepObat.php(62): CodeIgniter\BaseModel->findAll()
#7 /Applications/XAMPP/xamppfiles/htdocs/inventori-obat/vendor/codeigniter4/framework/system/CodeIgniter.php(825): App\Controllers\ResepObat->create()
#8 /Applications/XAMPP/xamppfiles/htdocs/inventori-obat/vendor/codeigniter4/framework/system/CodeIgniter.php(412): CodeIgniter\CodeIgniter->runController(Object(App\Controllers\ResepObat))
#9 /Applications/XAMPP/xamppfiles/htdocs/inventori-obat/vendor/codeigniter4/framework/system/CodeIgniter.php(320): CodeIgniter\CodeIgniter->handleRequest(NULL, Object(Config\Cache), false)
#10 /Applications/XAMPP/xamppfiles/htdocs/inventori-obat/public/index.php(37): CodeIgniter\CodeIgniter->run()
#11 /Applications/XAMPP/xamppfiles/htdocs/inventori-obat/vendor/codeigniter4/framework/system/Commands/Server/rewrite.php(43): require_once('/Applications/X...')
#12 {main}
ERROR - 2022-01-14 02:59:50 --> Unknown column 'id_transaksi' in 'order clause'
CRITICAL - 2022-01-14 02:59:50 --> Unknown column 'id_transaksi' in 'order clause'
#0 /Applications/XAMPP/xamppfiles/htdocs/inventori-obat/vendor/codeigniter4/framework/system/Database/MySQLi/Connection.php(292): mysqli->query('SELECT *\nFROM `...', 0)
#1 /Applications/XAMPP/xamppfiles/htdocs/inventori-obat/vendor/codeigniter4/framework/system/Database/BaseConnection.php(670): CodeIgniter\Database\MySQLi\Connection->execute('SELECT *\nFROM `...')
#2 /Applications/XAMPP/xamppfiles/htdocs/inventori-obat/vendor/codeigniter4/framework/system/Database/BaseConnection.php(598): CodeIgniter\Database\BaseConnection->simpleQuery('SELECT *\nFROM `...')
#3 /Applications/XAMPP/xamppfiles/htdocs/inventori-obat/vendor/codeigniter4/framework/system/Database/BaseBuilder.php(1455): CodeIgniter\Database\BaseConnection->query('SELECT *\nFROM `...', Array, false)
#4 /Applications/XAMPP/xamppfiles/htdocs/inventori-obat/vendor/codeigniter4/framework/system/Model.php(183): CodeIgniter\Database\BaseBuilder->get()
#5 /Applications/XAMPP/xamppfiles/htdocs/inventori-obat/vendor/codeigniter4/framework/system/BaseModel.php(584): CodeIgniter\Model->doFindAll(0, 0)
#6 /Applications/XAMPP/xamppfiles/htdocs/inventori-obat/app/Controllers/ResepObat.php(62): CodeIgniter\BaseModel->findAll()
#7 /Applications/XAMPP/xamppfiles/htdocs/inventori-obat/vendor/codeigniter4/framework/system/CodeIgniter.php(825): App\Controllers\ResepObat->create()
#8 /Applications/XAMPP/xamppfiles/htdocs/inventori-obat/vendor/codeigniter4/framework/system/CodeIgniter.php(412): CodeIgniter\CodeIgniter->runController(Object(App\Controllers\ResepObat))
#9 /Applications/XAMPP/xamppfiles/htdocs/inventori-obat/vendor/codeigniter4/framework/system/CodeIgniter.php(320): CodeIgniter\CodeIgniter->handleRequest(NULL, Object(Config\Cache), false)
#10 /Applications/XAMPP/xamppfiles/htdocs/inventori-obat/public/index.php(37): CodeIgniter\CodeIgniter->run()
#11 /Applications/XAMPP/xamppfiles/htdocs/inventori-obat/vendor/codeigniter4/framework/system/Commands/Server/rewrite.php(43): require_once('/Applications/X...')
#12 {main}
CRITICAL - 2022-01-14 03:00:30 --> The action you requested is not allowed.
#0 /Applications/XAMPP/xamppfiles/htdocs/inventori-obat/vendor/codeigniter4/framework/system/Security/Security.php(289): CodeIgniter\Security\Exceptions\SecurityException::forDisallowedAction()
#1 /Applications/XAMPP/xamppfiles/htdocs/inventori-obat/vendor/codeigniter4/framework/system/Filters/CSRF.php(53): CodeIgniter\Security\Security->verify(Object(CodeIgniter\HTTP\IncomingRequest))
#2 /Applications/XAMPP/xamppfiles/htdocs/inventori-obat/vendor/codeigniter4/framework/system/Filters/Filters.php(173): CodeIgniter\Filters\CSRF->before(Object(CodeIgniter\HTTP\IncomingRequest), NULL)
#3 /Applications/XAMPP/xamppfiles/htdocs/inventori-obat/vendor/codeigniter4/framework/system/CodeIgniter.php(386): CodeIgniter\Filters\Filters->run('resep-obat/crea...', 'before')
#4 /Applications/XAMPP/xamppfiles/htdocs/inventori-obat/vendor/codeigniter4/framework/system/CodeIgniter.php(320): CodeIgniter\CodeIgniter->handleRequest(NULL, Object(Config\Cache), false)
#5 /Applications/XAMPP/xamppfiles/htdocs/inventori-obat/public/index.php(37): CodeIgniter\CodeIgniter->run()
#6 /Applications/XAMPP/xamppfiles/htdocs/inventori-obat/vendor/codeigniter4/framework/system/Commands/Server/rewrite.php(43): require_once('/Applications/X...')
#7 {main}
CRITICAL - 2022-01-14 03:41:18 --> Undefined array key "no_rekamedis"
#0 /Applications/XAMPP/xamppfiles/htdocs/inventori-obat/app/Controllers/ResepObat.php(25): CodeIgniter\Debug\Exceptions->errorHandler(2, 'Undefined array...', '/Applications/X...', 25)
#1 /Applications/XAMPP/xamppfiles/htdocs/inventori-obat/vendor/codeigniter4/framework/system/CodeIgniter.php(825): App\Controllers\ResepObat->cetakResep('1')
#2 /Applications/XAMPP/xamppfiles/htdocs/inventori-obat/vendor/codeigniter4/framework/system/CodeIgniter.php(412): CodeIgniter\CodeIgniter->runController(Object(App\Controllers\ResepObat))
#3 /Applications/XAMPP/xamppfiles/htdocs/inventori-obat/vendor/codeigniter4/framework/system/CodeIgniter.php(320): CodeIgniter\CodeIgniter->handleRequest(NULL, Object(Config\Cache), false)
#4 /Applications/XAMPP/xamppfiles/htdocs/inventori-obat/public/index.php(37): CodeIgniter\CodeIgniter->run()
#5 /Applications/XAMPP/xamppfiles/htdocs/inventori-obat/vendor/codeigniter4/framework/system/Commands/Server/rewrite.php(43): require_once('/Applications/X...')
#6 {main}
CRITICAL - 2022-01-14 03:53:36 --> Undefined property: CodeIgniter\View\View::$resepDetailModel
#0 /Applications/XAMPP/xamppfiles/htdocs/inventori-obat/app/Views/dashboard/resep_obat.php(84): CodeIgniter\Debug\Exceptions->errorHandler(2, 'Undefined prope...', '/Applications/X...', 84)
#1 /Applications/XAMPP/xamppfiles/htdocs/inventori-obat/vendor/codeigniter4/framework/system/View/View.php(210): include('/Applications/X...')
#2 /Applications/XAMPP/xamppfiles/htdocs/inventori-obat/vendor/codeigniter4/framework/system/View/View.php(213): CodeIgniter\View\View->CodeIgniter\View\{closure}()
#3 /Applications/XAMPP/xamppfiles/htdocs/inventori-obat/vendor/codeigniter4/framework/system/Common.php(1089): CodeIgniter\View\View->render('dashboard/resep...', Array, true)
#4 /Applications/XAMPP/xamppfiles/htdocs/inventori-obat/app/Controllers/Dashboard.php(271): view('dashboard/resep...', Array)
#5 /Applications/XAMPP/xamppfiles/htdocs/inventori-obat/vendor/codeigniter4/framework/system/CodeIgniter.php(825): App\Controllers\Dashboard->resep_obat()
#6 /Applications/XAMPP/xamppfiles/htdocs/inventori-obat/vendor/codeigniter4/framework/system/CodeIgniter.php(412): CodeIgniter\CodeIgniter->runController(Object(App\Controllers\Dashboard))
#7 /Applications/XAMPP/xamppfiles/htdocs/inventori-obat/vendor/codeigniter4/framework/system/CodeIgniter.php(320): CodeIgniter\CodeIgniter->handleRequest(NULL, Object(Config\Cache), false)
#8 /Applications/XAMPP/xamppfiles/htdocs/inventori-obat/public/index.php(37): CodeIgniter\CodeIgniter->run()
#9 /Applications/XAMPP/xamppfiles/htdocs/inventori-obat/vendor/codeigniter4/framework/system/Commands/Server/rewrite.php(43): require_once('/Applications/X...')
#10 {main}
CRITICAL - 2022-01-14 04:20:00 --> Undefined array key "no_rekamedis"
#0 /Applications/XAMPP/xamppfiles/htdocs/inventori-obat/app/Controllers/ResepObat.php(25): CodeIgniter\Debug\Exceptions->errorHandler(2, 'Undefined array...', '/Applications/X...', 25)
#1 /Applications/XAMPP/xamppfiles/htdocs/inventori-obat/vendor/codeigniter4/framework/system/CodeIgniter.php(825): App\Controllers\ResepObat->cetakResep('1')
#2 /Applications/XAMPP/xamppfiles/htdocs/inventori-obat/vendor/codeigniter4/framework/system/CodeIgniter.php(412): CodeIgniter\CodeIgniter->runController(Object(App\Controllers\ResepObat))
#3 /Applications/XAMPP/xamppfiles/htdocs/inventori-obat/vendor/codeigniter4/framework/system/CodeIgniter.php(320): CodeIgniter\CodeIgniter->handleRequest(NULL, Object(Config\Cache), false)
#4 /Applications/XAMPP/xamppfiles/htdocs/inventori-obat/public/index.php(37): CodeIgniter\CodeIgniter->run()
#5 /Applications/XAMPP/xamppfiles/htdocs/inventori-obat/vendor/codeigniter4/framework/system/Commands/Server/rewrite.php(43): require_once('/Applications/X...')
#6 {main}
CRITICAL - 2022-01-14 04:29:18 --> Trying to access array offset on value of type null
#0 /Applications/XAMPP/xamppfiles/htdocs/inventori-obat/app/Controllers/ResepObat.php(25): CodeIgniter\Debug\Exceptions->errorHandler(2, 'Trying to acces...', '/Applications/X...', 25)
#1 /Applications/XAMPP/xamppfiles/htdocs/inventori-obat/vendor/codeigniter4/framework/system/CodeIgniter.php(825): App\Controllers\ResepObat->cetakResep('2')
#2 /Applications/XAMPP/xamppfiles/htdocs/inventori-obat/vendor/codeigniter4/framework/system/CodeIgniter.php(412): CodeIgniter\CodeIgniter->runController(Object(App\Controllers\ResepObat))
#3 /Applications/XAMPP/xamppfiles/htdocs/inventori-obat/vendor/codeigniter4/framework/system/CodeIgniter.php(320): CodeIgniter\CodeIgniter->handleRequest(NULL, Object(Config\Cache), false)
#4 /Applications/XAMPP/xamppfiles/htdocs/inventori-obat/public/index.php(37): CodeIgniter\CodeIgniter->run()
#5 /Applications/XAMPP/xamppfiles/htdocs/inventori-obat/vendor/codeigniter4/framework/system/Commands/Server/rewrite.php(43): require_once('/Applications/X...')
#6 {main}
CRITICAL - 2022-01-14 04:30:25 --> Undefined variable $byPasien
#0 /Applications/XAMPP/xamppfiles/htdocs/inventori-obat/app/Views/resep/resep_cetak.php(73): CodeIgniter\Debug\Exceptions->errorHandler(2, 'Undefined varia...', '/Applications/X...', 73)
#1 /Applications/XAMPP/xamppfiles/htdocs/inventori-obat/vendor/codeigniter4/framework/system/View/View.php(210): include('/Applications/X...')
#2 /Applications/XAMPP/xamppfiles/htdocs/inventori-obat/vendor/codeigniter4/framework/system/View/View.php(213): CodeIgniter\View\View->CodeIgniter\View\{closure}()
#3 /Applications/XAMPP/xamppfiles/htdocs/inventori-obat/vendor/codeigniter4/framework/system/Common.php(1089): CodeIgniter\View\View->render('resep/resep_cet...', Array, true)
#4 /Applications/XAMPP/xamppfiles/htdocs/inventori-obat/app/Controllers/ResepObat.php(36): view('resep/resep_cet...', Array)
#5 /Applications/XAMPP/xamppfiles/htdocs/inventori-obat/vendor/codeigniter4/framework/system/CodeIgniter.php(825): App\Controllers\ResepObat->cetakResep('1')
#6 /Applications/XAMPP/xamppfiles/htdocs/inventori-obat/vendor/codeigniter4/framework/system/CodeIgniter.php(412): CodeIgniter\CodeIgniter->runController(Object(App\Controllers\ResepObat))
#7 /Applications/XAMPP/xamppfiles/htdocs/inventori-obat/vendor/codeigniter4/framework/system/CodeIgniter.php(320): CodeIgniter\CodeIgniter->handleRequest(NULL, Object(Config\Cache), false)
#8 /Applications/XAMPP/xamppfiles/htdocs/inventori-obat/public/index.php(37): CodeIgniter\CodeIgniter->run()
#9 /Applications/XAMPP/xamppfiles/htdocs/inventori-obat/vendor/codeigniter4/framework/system/Commands/Server/rewrite.php(43): require_once('/Applications/X...')
#10 {main}
CRITICAL - 2022-01-14 04:32:25 --> Undefined variable $byPasien
#0 /Applications/XAMPP/xamppfiles/htdocs/inventori-obat/app/Views/resep/resep_cetak.php(73): CodeIgniter\Debug\Exceptions->errorHandler(2, 'Undefined varia...', '/Applications/X...', 73)
#1 /Applications/XAMPP/xamppfiles/htdocs/inventori-obat/vendor/codeigniter4/framework/system/View/View.php(210): include('/Applications/X...')
#2 /Applications/XAMPP/xamppfiles/htdocs/inventori-obat/vendor/codeigniter4/framework/system/View/View.php(213): CodeIgniter\View\View->CodeIgniter\View\{closure}()
#3 /Applications/XAMPP/xamppfiles/htdocs/inventori-obat/vendor/codeigniter4/framework/system/Common.php(1089): CodeIgniter\View\View->render('resep/resep_cet...', Array, true)
#4 /Applications/XAMPP/xamppfiles/htdocs/inventori-obat/app/Controllers/ResepObat.php(36): view('resep/resep_cet...', Array)
#5 /Applications/XAMPP/xamppfiles/htdocs/inventori-obat/vendor/codeigniter4/framework/system/CodeIgniter.php(825): App\Controllers\ResepObat->cetakResep('1')
#6 /Applications/XAMPP/xamppfiles/htdocs/inventori-obat/vendor/codeigniter4/framework/system/CodeIgniter.php(412): CodeIgniter\CodeIgniter->runController(Object(App\Controllers\ResepObat))
#7 /Applications/XAMPP/xamppfiles/htdocs/inventori-obat/vendor/codeigniter4/framework/system/CodeIgniter.php(320): CodeIgniter\CodeIgniter->handleRequest(NULL, Object(Config\Cache), false)
#8 /Applications/XAMPP/xamppfiles/htdocs/inventori-obat/public/index.php(37): CodeIgniter\CodeIgniter->run()
#9 /Applications/XAMPP/xamppfiles/htdocs/inventori-obat/vendor/codeigniter4/framework/system/Commands/Server/rewrite.php(43): require_once('/Applications/X...')
#10 {main}
CRITICAL - 2022-01-14 04:32:34 --> Undefined array key "jumlah_obat"
#0 /Applications/XAMPP/xamppfiles/htdocs/inventori-obat/app/Views/resep/resep_cetak.php(82): CodeIgniter\Debug\Exceptions->errorHandler(2, 'Undefined array...', '/Applications/X...', 82)
#1 /Applications/XAMPP/xamppfiles/htdocs/inventori-obat/vendor/codeigniter4/framework/system/View/View.php(210): include('/Applications/X...')
#2 /Applications/XAMPP/xamppfiles/htdocs/inventori-obat/vendor/codeigniter4/framework/system/View/View.php(213): CodeIgniter\View\View->CodeIgniter\View\{closure}()
#3 /Applications/XAMPP/xamppfiles/htdocs/inventori-obat/vendor/codeigniter4/framework/system/Common.php(1089): CodeIgniter\View\View->render('resep/resep_cet...', Array, true)
#4 /Applications/XAMPP/xamppfiles/htdocs/inventori-obat/app/Controllers/ResepObat.php(36): view('resep/resep_cet...', Array)
#5 /Applications/XAMPP/xamppfiles/htdocs/inventori-obat/vendor/codeigniter4/framework/system/CodeIgniter.php(825): App\Controllers\ResepObat->cetakResep('1')
#6 /Applications/XAMPP/xamppfiles/htdocs/inventori-obat/vendor/codeigniter4/framework/system/CodeIgniter.php(412): CodeIgniter\CodeIgniter->runController(Object(App\Controllers\ResepObat))
#7 /Applications/XAMPP/xamppfiles/htdocs/inventori-obat/vendor/codeigniter4/framework/system/CodeIgniter.php(320): CodeIgniter\CodeIgniter->handleRequest(NULL, Object(Config\Cache), false)
#8 /Applications/XAMPP/xamppfiles/htdocs/inventori-obat/public/index.php(37): CodeIgniter\CodeIgniter->run()
#9 /Applications/XAMPP/xamppfiles/htdocs/inventori-obat/vendor/codeigniter4/framework/system/Commands/Server/rewrite.php(43): require_once('/Applications/X...')
#10 {main}
CRITICAL - 2022-01-14 04:32:42 --> Array to string conversion
#0 /Applications/XAMPP/xamppfiles/htdocs/inventori-obat/app/Views/resep/resep_cetak.php(92): CodeIgniter\Debug\Exceptions->errorHandler(2, 'Array to string...', '/Applications/X...', 92)
#1 /Applications/XAMPP/xamppfiles/htdocs/inventori-obat/vendor/codeigniter4/framework/system/View/View.php(210): include('/Applications/X...')
#2 /Applications/XAMPP/xamppfiles/htdocs/inventori-obat/vendor/codeigniter4/framework/system/View/View.php(213): CodeIgniter\View\View->CodeIgniter\View\{closure}()
#3 /Applications/XAMPP/xamppfiles/htdocs/inventori-obat/vendor/codeigniter4/framework/system/Common.php(1089): CodeIgniter\View\View->render('resep/resep_cet...', Array, true)
#4 /Applications/XAMPP/xamppfiles/htdocs/inventori-obat/app/Controllers/ResepObat.php(36): view('resep/resep_cet...', Array)
#5 /Applications/XAMPP/xamppfiles/htdocs/inventori-obat/vendor/codeigniter4/framework/system/CodeIgniter.php(825): App\Controllers\ResepObat->cetakResep('1')
#6 /Applications/XAMPP/xamppfiles/htdocs/inventori-obat/vendor/codeigniter4/framework/system/CodeIgniter.php(412): CodeIgniter\CodeIgniter->runController(Object(App\Controllers\ResepObat))
#7 /Applications/XAMPP/xamppfiles/htdocs/inventori-obat/vendor/codeigniter4/framework/system/CodeIgniter.php(320): CodeIgniter\CodeIgniter->handleRequest(NULL, Object(Config\Cache), false)
#8 /Applications/XAMPP/xamppfiles/htdocs/inventori-obat/public/index.php(37): CodeIgniter\CodeIgniter->run()
#9 /Applications/XAMPP/xamppfiles/htdocs/inventori-obat/vendor/codeigniter4/framework/system/Commands/Server/rewrite.php(43): require_once('/Applications/X...')
#10 {main}
CRITICAL - 2022-01-14 04:32:51 --> Array to string conversion
#0 /Applications/XAMPP/xamppfiles/htdocs/inventori-obat/app/Views/resep/resep_cetak.php(92): CodeIgniter\Debug\Exceptions->errorHandler(2, 'Array to string...', '/Applications/X...', 92)
#1 /Applications/XAMPP/xamppfiles/htdocs/inventori-obat/vendor/codeigniter4/framework/system/View/View.php(210): include('/Applications/X...')
#2 /Applications/XAMPP/xamppfiles/htdocs/inventori-obat/vendor/codeigniter4/framework/system/View/View.php(213): CodeIgniter\View\View->CodeIgniter\View\{closure}()
#3 /Applications/XAMPP/xamppfiles/htdocs/inventori-obat/vendor/codeigniter4/framework/system/Common.php(1089): CodeIgniter\View\View->render('resep/resep_cet...', Array, true)
#4 /Applications/XAMPP/xamppfiles/htdocs/inventori-obat/app/Controllers/ResepObat.php(36): view('resep/resep_cet...', Array)
#5 /Applications/XAMPP/xamppfiles/htdocs/inventori-obat/vendor/codeigniter4/framework/system/CodeIgniter.php(825): App\Controllers\ResepObat->cetakResep('1')
#6 /Applications/XAMPP/xamppfiles/htdocs/inventori-obat/vendor/codeigniter4/framework/system/CodeIgniter.php(412): CodeIgniter\CodeIgniter->runController(Object(App\Controllers\ResepObat))
#7 /Applications/XAMPP/xamppfiles/htdocs/inventori-obat/vendor/codeigniter4/framework/system/CodeIgniter.php(320): CodeIgniter\CodeIgniter->handleRequest(NULL, Object(Config\Cache), false)
#8 /Applications/XAMPP/xamppfiles/htdocs/inventori-obat/public/index.php(37): CodeIgniter\CodeIgniter->run()
#9 /Applications/XAMPP/xamppfiles/htdocs/inventori-obat/vendor/codeigniter4/framework/system/Commands/Server/rewrite.php(43): require_once('/Applications/X...')
#10 {main}
CRITICAL - 2022-01-14 04:32:52 --> Array to string conversion
#0 /Applications/XAMPP/xamppfiles/htdocs/inventori-obat/app/Views/resep/resep_cetak.php(92): CodeIgniter\Debug\Exceptions->errorHandler(2, 'Array to string...', '/Applications/X...', 92)
#1 /Applications/XAMPP/xamppfiles/htdocs/inventori-obat/vendor/codeigniter4/framework/system/View/View.php(210): include('/Applications/X...')
#2 /Applications/XAMPP/xamppfiles/htdocs/inventori-obat/vendor/codeigniter4/framework/system/View/View.php(213): CodeIgniter\View\View->CodeIgniter\View\{closure}()
#3 /Applications/XAMPP/xamppfiles/htdocs/inventori-obat/vendor/codeigniter4/framework/system/Common.php(1089): CodeIgniter\View\View->render('resep/resep_cet...', Array, true)
#4 /Applications/XAMPP/xamppfiles/htdocs/inventori-obat/app/Controllers/ResepObat.php(36): view('resep/resep_cet...', Array)
#5 /Applications/XAMPP/xamppfiles/htdocs/inventori-obat/vendor/codeigniter4/framework/system/CodeIgniter.php(825): App\Controllers\ResepObat->cetakResep('1')
#6 /Applications/XAMPP/xamppfiles/htdocs/inventori-obat/vendor/codeigniter4/framework/system/CodeIgniter.php(412): CodeIgniter\CodeIgniter->runController(Object(App\Controllers\ResepObat))
#7 /Applications/XAMPP/xamppfiles/htdocs/inventori-obat/vendor/codeigniter4/framework/system/CodeIgniter.php(320): CodeIgniter\CodeIgniter->handleRequest(NULL, Object(Config\Cache), false)
#8 /Applications/XAMPP/xamppfiles/htdocs/inventori-obat/public/index.php(37): CodeIgniter\CodeIgniter->run()
#9 /Applications/XAMPP/xamppfiles/htdocs/inventori-obat/vendor/codeigniter4/framework/system/Commands/Server/rewrite.php(43): require_once('/Applications/X...')
#10 {main}
CRITICAL - 2022-01-14 04:32:55 --> Array to string conversion
#0 /Applications/XAMPP/xamppfiles/htdocs/inventori-obat/app/Views/resep/resep_cetak.php(92): CodeIgniter\Debug\Exceptions->errorHandler(2, 'Array to string...', '/Applications/X...', 92)
#1 /Applications/XAMPP/xamppfiles/htdocs/inventori-obat/vendor/codeigniter4/framework/system/View/View.php(210): include('/Applications/X...')
#2 /Applications/XAMPP/xamppfiles/htdocs/inventori-obat/vendor/codeigniter4/framework/system/View/View.php(213): CodeIgniter\View\View->CodeIgniter\View\{closure}()
#3 /Applications/XAMPP/xamppfiles/htdocs/inventori-obat/vendor/codeigniter4/framework/system/Common.php(1089): CodeIgniter\View\View->render('resep/resep_cet...', Array, true)
#4 /Applications/XAMPP/xamppfiles/htdocs/inventori-obat/app/Controllers/ResepObat.php(36): view('resep/resep_cet...', Array)
#5 /Applications/XAMPP/xamppfiles/htdocs/inventori-obat/vendor/codeigniter4/framework/system/CodeIgniter.php(825): App\Controllers\ResepObat->cetakResep('1')
#6 /Applications/XAMPP/xamppfiles/htdocs/inventori-obat/vendor/codeigniter4/framework/system/CodeIgniter.php(412): CodeIgniter\CodeIgniter->runController(Object(App\Controllers\ResepObat))
#7 /Applications/XAMPP/xamppfiles/htdocs/inventori-obat/vendor/codeigniter4/framework/system/CodeIgniter.php(320): CodeIgniter\CodeIgniter->handleRequest(NULL, Object(Config\Cache), false)
#8 /Applications/XAMPP/xamppfiles/htdocs/inventori-obat/public/index.php(37): CodeIgniter\CodeIgniter->run()
#9 /Applications/XAMPP/xamppfiles/htdocs/inventori-obat/vendor/codeigniter4/framework/system/Commands/Server/rewrite.php(43): require_once('/Applications/X...')
#10 {main}
