ERROR - 2022-07-07 19:43:40 --> Error connecting to the database: Connection refused
CRITICAL - 2022-07-07 19:43:40 --> Unable to connect to the database.
Main connection [MySQLi]: Connection refused
#0 /Applications/XAMPP/xamppfiles/htdocs/si_dudcha/vendor/codeigniter4/framework/system/Database/BaseConnection.php(577): CodeIgniter\Database\BaseConnection->initialize()
#1 /Applications/XAMPP/xamppfiles/htdocs/si_dudcha/vendor/codeigniter4/framework/system/Database/BaseBuilder.php(1455): CodeIgniter\Database\BaseConnection->query('SELECT *\nFROM `...', Array, false)
#2 /Applications/XAMPP/xamppfiles/htdocs/si_dudcha/vendor/codeigniter4/framework/system/Model.php(183): CodeIgniter\Database\BaseBuilder->get()
#3 /Applications/XAMPP/xamppfiles/htdocs/si_dudcha/vendor/codeigniter4/framework/system/BaseModel.php(584): CodeIgniter\Model->doFindAll(0, 0)
#4 /Applications/XAMPP/xamppfiles/htdocs/si_dudcha/app/Controllers/BaseController.php(99): CodeIgniter\BaseModel->findAll()
#5 /Applications/XAMPP/xamppfiles/htdocs/si_dudcha/vendor/codeigniter4/framework/system/CodeIgniter.php(803): App\Controllers\BaseController->initController(Object(CodeIgniter\HTTP\IncomingRequest), Object(CodeIgniter\HTTP\Response), Object(CodeIgniter\Log\Logger))
#6 /Applications/XAMPP/xamppfiles/htdocs/si_dudcha/vendor/codeigniter4/framework/system/CodeIgniter.php(403): CodeIgniter\CodeIgniter->createController()
#7 /Applications/XAMPP/xamppfiles/htdocs/si_dudcha/vendor/codeigniter4/framework/system/CodeIgniter.php(320): CodeIgniter\CodeIgniter->handleRequest(NULL, Object(Config\Cache), false)
#8 /Applications/XAMPP/xamppfiles/htdocs/si_dudcha/public/index.php(37): CodeIgniter\CodeIgniter->run()
#9 /Applications/XAMPP/xamppfiles/htdocs/si_dudcha/vendor/codeigniter4/framework/system/Commands/Server/rewrite.php(43): require_once('/Applications/X...')
#10 {main}
CRITICAL - 2022-07-07 21:03:20 --> The action you requested is not allowed.
#0 /Applications/XAMPP/xamppfiles/htdocs/si_dudcha/vendor/codeigniter4/framework/system/Security/Security.php(289): CodeIgniter\Security\Exceptions\SecurityException::forDisallowedAction()
#1 /Applications/XAMPP/xamppfiles/htdocs/si_dudcha/vendor/codeigniter4/framework/system/Filters/CSRF.php(53): CodeIgniter\Security\Security->verify(Object(CodeIgniter\HTTP\IncomingRequest))
#2 /Applications/XAMPP/xamppfiles/htdocs/si_dudcha/vendor/codeigniter4/framework/system/Filters/Filters.php(173): CodeIgniter\Filters\CSRF->before(Object(CodeIgniter\HTTP\IncomingRequest), NULL)
#3 /Applications/XAMPP/xamppfiles/htdocs/si_dudcha/vendor/codeigniter4/framework/system/CodeIgniter.php(386): CodeIgniter\Filters\Filters->run('pengguna/update...', 'before')
#4 /Applications/XAMPP/xamppfiles/htdocs/si_dudcha/vendor/codeigniter4/framework/system/CodeIgniter.php(320): CodeIgniter\CodeIgniter->handleRequest(NULL, Object(Config\Cache), false)
#5 /Applications/XAMPP/xamppfiles/htdocs/si_dudcha/public/index.php(37): CodeIgniter\CodeIgniter->run()
#6 /Applications/XAMPP/xamppfiles/htdocs/si_dudcha/vendor/codeigniter4/framework/system/Commands/Server/rewrite.php(43): require_once('/Applications/X...')
#7 {main}
CRITICAL - 2022-07-07 21:03:31 --> The action you requested is not allowed.
#0 /Applications/XAMPP/xamppfiles/htdocs/si_dudcha/vendor/codeigniter4/framework/system/Security/Security.php(289): CodeIgniter\Security\Exceptions\SecurityException::forDisallowedAction()
#1 /Applications/XAMPP/xamppfiles/htdocs/si_dudcha/vendor/codeigniter4/framework/system/Filters/CSRF.php(53): CodeIgniter\Security\Security->verify(Object(CodeIgniter\HTTP\IncomingRequest))
#2 /Applications/XAMPP/xamppfiles/htdocs/si_dudcha/vendor/codeigniter4/framework/system/Filters/Filters.php(173): CodeIgniter\Filters\CSRF->before(Object(CodeIgniter\HTTP\IncomingRequest), NULL)
#3 /Applications/XAMPP/xamppfiles/htdocs/si_dudcha/vendor/codeigniter4/framework/system/CodeIgniter.php(386): CodeIgniter\Filters\Filters->run('pengguna/update...', 'before')
#4 /Applications/XAMPP/xamppfiles/htdocs/si_dudcha/vendor/codeigniter4/framework/system/CodeIgniter.php(320): CodeIgniter\CodeIgniter->handleRequest(NULL, Object(Config\Cache), false)
#5 /Applications/XAMPP/xamppfiles/htdocs/si_dudcha/public/index.php(37): CodeIgniter\CodeIgniter->run()
#6 /Applications/XAMPP/xamppfiles/htdocs/si_dudcha/vendor/codeigniter4/framework/system/Commands/Server/rewrite.php(43): require_once('/Applications/X...')
#7 {main}
CRITICAL - 2022-07-07 21:03:46 --> The action you requested is not allowed.
#0 /Applications/XAMPP/xamppfiles/htdocs/si_dudcha/vendor/codeigniter4/framework/system/Security/Security.php(289): CodeIgniter\Security\Exceptions\SecurityException::forDisallowedAction()
#1 /Applications/XAMPP/xamppfiles/htdocs/si_dudcha/vendor/codeigniter4/framework/system/Filters/CSRF.php(53): CodeIgniter\Security\Security->verify(Object(CodeIgniter\HTTP\IncomingRequest))
#2 /Applications/XAMPP/xamppfiles/htdocs/si_dudcha/vendor/codeigniter4/framework/system/Filters/Filters.php(173): CodeIgniter\Filters\CSRF->before(Object(CodeIgniter\HTTP\IncomingRequest), NULL)
#3 /Applications/XAMPP/xamppfiles/htdocs/si_dudcha/vendor/codeigniter4/framework/system/CodeIgniter.php(386): CodeIgniter\Filters\Filters->run('pengguna/update...', 'before')
#4 /Applications/XAMPP/xamppfiles/htdocs/si_dudcha/vendor/codeigniter4/framework/system/CodeIgniter.php(320): CodeIgniter\CodeIgniter->handleRequest(NULL, Object(Config\Cache), false)
#5 /Applications/XAMPP/xamppfiles/htdocs/si_dudcha/public/index.php(37): CodeIgniter\CodeIgniter->run()
#6 /Applications/XAMPP/xamppfiles/htdocs/si_dudcha/vendor/codeigniter4/framework/system/Commands/Server/rewrite.php(43): require_once('/Applications/X...')
#7 {main}
CRITICAL - 2022-07-07 21:05:41 --> The action you requested is not allowed.
#0 /Applications/XAMPP/xamppfiles/htdocs/si_dudcha/vendor/codeigniter4/framework/system/Security/Security.php(289): CodeIgniter\Security\Exceptions\SecurityException::forDisallowedAction()
#1 /Applications/XAMPP/xamppfiles/htdocs/si_dudcha/vendor/codeigniter4/framework/system/Filters/CSRF.php(53): CodeIgniter\Security\Security->verify(Object(CodeIgniter\HTTP\IncomingRequest))
#2 /Applications/XAMPP/xamppfiles/htdocs/si_dudcha/vendor/codeigniter4/framework/system/Filters/Filters.php(173): CodeIgniter\Filters\CSRF->before(Object(CodeIgniter\HTTP\IncomingRequest), NULL)
#3 /Applications/XAMPP/xamppfiles/htdocs/si_dudcha/vendor/codeigniter4/framework/system/CodeIgniter.php(386): CodeIgniter\Filters\Filters->run('pengguna/update...', 'before')
#4 /Applications/XAMPP/xamppfiles/htdocs/si_dudcha/vendor/codeigniter4/framework/system/CodeIgniter.php(320): CodeIgniter\CodeIgniter->handleRequest(NULL, Object(Config\Cache), false)
#5 /Applications/XAMPP/xamppfiles/htdocs/si_dudcha/public/index.php(37): CodeIgniter\CodeIgniter->run()
#6 /Applications/XAMPP/xamppfiles/htdocs/si_dudcha/vendor/codeigniter4/framework/system/Commands/Server/rewrite.php(43): require_once('/Applications/X...')
#7 {main}
CRITICAL - 2022-07-07 21:06:46 --> The action you requested is not allowed.
#0 /Applications/XAMPP/xamppfiles/htdocs/si_dudcha/vendor/codeigniter4/framework/system/Security/Security.php(289): CodeIgniter\Security\Exceptions\SecurityException::forDisallowedAction()
#1 /Applications/XAMPP/xamppfiles/htdocs/si_dudcha/vendor/codeigniter4/framework/system/Filters/CSRF.php(53): CodeIgniter\Security\Security->verify(Object(CodeIgniter\HTTP\IncomingRequest))
#2 /Applications/XAMPP/xamppfiles/htdocs/si_dudcha/vendor/codeigniter4/framework/system/Filters/Filters.php(173): CodeIgniter\Filters\CSRF->before(Object(CodeIgniter\HTTP\IncomingRequest), NULL)
#3 /Applications/XAMPP/xamppfiles/htdocs/si_dudcha/vendor/codeigniter4/framework/system/CodeIgniter.php(386): CodeIgniter\Filters\Filters->run('pengguna/update...', 'before')
#4 /Applications/XAMPP/xamppfiles/htdocs/si_dudcha/vendor/codeigniter4/framework/system/CodeIgniter.php(320): CodeIgniter\CodeIgniter->handleRequest(NULL, Object(Config\Cache), false)
#5 /Applications/XAMPP/xamppfiles/htdocs/si_dudcha/public/index.php(37): CodeIgniter\CodeIgniter->run()
#6 /Applications/XAMPP/xamppfiles/htdocs/si_dudcha/vendor/codeigniter4/framework/system/Commands/Server/rewrite.php(43): require_once('/Applications/X...')
#7 {main}
CRITICAL - 2022-07-07 21:09:42 --> The action you requested is not allowed.
#0 /Applications/XAMPP/xamppfiles/htdocs/si_dudcha/vendor/codeigniter4/framework/system/Security/Security.php(289): CodeIgniter\Security\Exceptions\SecurityException::forDisallowedAction()
#1 /Applications/XAMPP/xamppfiles/htdocs/si_dudcha/vendor/codeigniter4/framework/system/Filters/CSRF.php(53): CodeIgniter\Security\Security->verify(Object(CodeIgniter\HTTP\IncomingRequest))
#2 /Applications/XAMPP/xamppfiles/htdocs/si_dudcha/vendor/codeigniter4/framework/system/Filters/Filters.php(173): CodeIgniter\Filters\CSRF->before(Object(CodeIgniter\HTTP\IncomingRequest), NULL)
#3 /Applications/XAMPP/xamppfiles/htdocs/si_dudcha/vendor/codeigniter4/framework/system/CodeIgniter.php(386): CodeIgniter\Filters\Filters->run('pengguna/update...', 'before')
#4 /Applications/XAMPP/xamppfiles/htdocs/si_dudcha/vendor/codeigniter4/framework/system/CodeIgniter.php(320): CodeIgniter\CodeIgniter->handleRequest(NULL, Object(Config\Cache), false)
#5 /Applications/XAMPP/xamppfiles/htdocs/si_dudcha/public/index.php(37): CodeIgniter\CodeIgniter->run()
#6 /Applications/XAMPP/xamppfiles/htdocs/si_dudcha/vendor/codeigniter4/framework/system/Commands/Server/rewrite.php(43): require_once('/Applications/X...')
#7 {main}
CRITICAL - 2022-07-07 21:10:48 --> The action you requested is not allowed.
#0 /Applications/XAMPP/xamppfiles/htdocs/si_dudcha/vendor/codeigniter4/framework/system/Security/Security.php(289): CodeIgniter\Security\Exceptions\SecurityException::forDisallowedAction()
#1 /Applications/XAMPP/xamppfiles/htdocs/si_dudcha/vendor/codeigniter4/framework/system/Filters/CSRF.php(53): CodeIgniter\Security\Security->verify(Object(CodeIgniter\HTTP\IncomingRequest))
#2 /Applications/XAMPP/xamppfiles/htdocs/si_dudcha/vendor/codeigniter4/framework/system/Filters/Filters.php(173): CodeIgniter\Filters\CSRF->before(Object(CodeIgniter\HTTP\IncomingRequest), NULL)
#3 /Applications/XAMPP/xamppfiles/htdocs/si_dudcha/vendor/codeigniter4/framework/system/CodeIgniter.php(386): CodeIgniter\Filters\Filters->run('pengguna/update...', 'before')
#4 /Applications/XAMPP/xamppfiles/htdocs/si_dudcha/vendor/codeigniter4/framework/system/CodeIgniter.php(320): CodeIgniter\CodeIgniter->handleRequest(NULL, Object(Config\Cache), false)
#5 /Applications/XAMPP/xamppfiles/htdocs/si_dudcha/public/index.php(37): CodeIgniter\CodeIgniter->run()
#6 /Applications/XAMPP/xamppfiles/htdocs/si_dudcha/vendor/codeigniter4/framework/system/Commands/Server/rewrite.php(43): require_once('/Applications/X...')
#7 {main}
CRITICAL - 2022-07-07 21:11:17 --> The action you requested is not allowed.
#0 /Applications/XAMPP/xamppfiles/htdocs/si_dudcha/vendor/codeigniter4/framework/system/Security/Security.php(289): CodeIgniter\Security\Exceptions\SecurityException::forDisallowedAction()
#1 /Applications/XAMPP/xamppfiles/htdocs/si_dudcha/vendor/codeigniter4/framework/system/Filters/CSRF.php(53): CodeIgniter\Security\Security->verify(Object(CodeIgniter\HTTP\IncomingRequest))
#2 /Applications/XAMPP/xamppfiles/htdocs/si_dudcha/vendor/codeigniter4/framework/system/Filters/Filters.php(173): CodeIgniter\Filters\CSRF->before(Object(CodeIgniter\HTTP\IncomingRequest), NULL)
#3 /Applications/XAMPP/xamppfiles/htdocs/si_dudcha/vendor/codeigniter4/framework/system/CodeIgniter.php(386): CodeIgniter\Filters\Filters->run('pengguna/update...', 'before')
#4 /Applications/XAMPP/xamppfiles/htdocs/si_dudcha/vendor/codeigniter4/framework/system/CodeIgniter.php(320): CodeIgniter\CodeIgniter->handleRequest(NULL, Object(Config\Cache), false)
#5 /Applications/XAMPP/xamppfiles/htdocs/si_dudcha/public/index.php(37): CodeIgniter\CodeIgniter->run()
#6 /Applications/XAMPP/xamppfiles/htdocs/si_dudcha/vendor/codeigniter4/framework/system/Commands/Server/rewrite.php(43): require_once('/Applications/X...')
#7 {main}
CRITICAL - 2022-07-07 21:18:46 --> The action you requested is not allowed.
#0 /Applications/XAMPP/xamppfiles/htdocs/si_dudcha/vendor/codeigniter4/framework/system/Security/Security.php(289): CodeIgniter\Security\Exceptions\SecurityException::forDisallowedAction()
#1 /Applications/XAMPP/xamppfiles/htdocs/si_dudcha/vendor/codeigniter4/framework/system/Filters/CSRF.php(53): CodeIgniter\Security\Security->verify(Object(CodeIgniter\HTTP\IncomingRequest))
#2 /Applications/XAMPP/xamppfiles/htdocs/si_dudcha/vendor/codeigniter4/framework/system/Filters/Filters.php(173): CodeIgniter\Filters\CSRF->before(Object(CodeIgniter\HTTP\IncomingRequest), NULL)
#3 /Applications/XAMPP/xamppfiles/htdocs/si_dudcha/vendor/codeigniter4/framework/system/CodeIgniter.php(386): CodeIgniter\Filters\Filters->run('pengguna/update...', 'before')
#4 /Applications/XAMPP/xamppfiles/htdocs/si_dudcha/vendor/codeigniter4/framework/system/CodeIgniter.php(320): CodeIgniter\CodeIgniter->handleRequest(NULL, Object(Config\Cache), false)
#5 /Applications/XAMPP/xamppfiles/htdocs/si_dudcha/public/index.php(37): CodeIgniter\CodeIgniter->run()
#6 /Applications/XAMPP/xamppfiles/htdocs/si_dudcha/vendor/codeigniter4/framework/system/Commands/Server/rewrite.php(43): require_once('/Applications/X...')
#7 {main}
CRITICAL - 2022-07-07 21:23:13 --> The action you requested is not allowed.
#0 /Applications/XAMPP/xamppfiles/htdocs/si_dudcha/vendor/codeigniter4/framework/system/Security/Security.php(289): CodeIgniter\Security\Exceptions\SecurityException::forDisallowedAction()
#1 /Applications/XAMPP/xamppfiles/htdocs/si_dudcha/vendor/codeigniter4/framework/system/Filters/CSRF.php(53): CodeIgniter\Security\Security->verify(Object(CodeIgniter\HTTP\IncomingRequest))
#2 /Applications/XAMPP/xamppfiles/htdocs/si_dudcha/vendor/codeigniter4/framework/system/Filters/Filters.php(173): CodeIgniter\Filters\CSRF->before(Object(CodeIgniter\HTTP\IncomingRequest), NULL)
#3 /Applications/XAMPP/xamppfiles/htdocs/si_dudcha/vendor/codeigniter4/framework/system/CodeIgniter.php(386): CodeIgniter\Filters\Filters->run('pengguna/update...', 'before')
#4 /Applications/XAMPP/xamppfiles/htdocs/si_dudcha/vendor/codeigniter4/framework/system/CodeIgniter.php(320): CodeIgniter\CodeIgniter->handleRequest(NULL, Object(Config\Cache), false)
#5 /Applications/XAMPP/xamppfiles/htdocs/si_dudcha/public/index.php(37): CodeIgniter\CodeIgniter->run()
#6 /Applications/XAMPP/xamppfiles/htdocs/si_dudcha/vendor/codeigniter4/framework/system/Commands/Server/rewrite.php(43): require_once('/Applications/X...')
#7 {main}
CRITICAL - 2022-07-07 21:23:44 --> The action you requested is not allowed.
#0 /Applications/XAMPP/xamppfiles/htdocs/si_dudcha/vendor/codeigniter4/framework/system/Security/Security.php(289): CodeIgniter\Security\Exceptions\SecurityException::forDisallowedAction()
#1 /Applications/XAMPP/xamppfiles/htdocs/si_dudcha/vendor/codeigniter4/framework/system/Filters/CSRF.php(53): CodeIgniter\Security\Security->verify(Object(CodeIgniter\HTTP\IncomingRequest))
#2 /Applications/XAMPP/xamppfiles/htdocs/si_dudcha/vendor/codeigniter4/framework/system/Filters/Filters.php(173): CodeIgniter\Filters\CSRF->before(Object(CodeIgniter\HTTP\IncomingRequest), NULL)
#3 /Applications/XAMPP/xamppfiles/htdocs/si_dudcha/vendor/codeigniter4/framework/system/CodeIgniter.php(386): CodeIgniter\Filters\Filters->run('pengguna/update...', 'before')
#4 /Applications/XAMPP/xamppfiles/htdocs/si_dudcha/vendor/codeigniter4/framework/system/CodeIgniter.php(320): CodeIgniter\CodeIgniter->handleRequest(NULL, Object(Config\Cache), false)
#5 /Applications/XAMPP/xamppfiles/htdocs/si_dudcha/public/index.php(37): CodeIgniter\CodeIgniter->run()
#6 /Applications/XAMPP/xamppfiles/htdocs/si_dudcha/vendor/codeigniter4/framework/system/Commands/Server/rewrite.php(43): require_once('/Applications/X...')
#7 {main}
CRITICAL - 2022-07-07 21:24:32 --> The action you requested is not allowed.
#0 /Applications/XAMPP/xamppfiles/htdocs/si_dudcha/vendor/codeigniter4/framework/system/Security/Security.php(289): CodeIgniter\Security\Exceptions\SecurityException::forDisallowedAction()
#1 /Applications/XAMPP/xamppfiles/htdocs/si_dudcha/vendor/codeigniter4/framework/system/Filters/CSRF.php(53): CodeIgniter\Security\Security->verify(Object(CodeIgniter\HTTP\IncomingRequest))
#2 /Applications/XAMPP/xamppfiles/htdocs/si_dudcha/vendor/codeigniter4/framework/system/Filters/Filters.php(173): CodeIgniter\Filters\CSRF->before(Object(CodeIgniter\HTTP\IncomingRequest), NULL)
#3 /Applications/XAMPP/xamppfiles/htdocs/si_dudcha/vendor/codeigniter4/framework/system/CodeIgniter.php(386): CodeIgniter\Filters\Filters->run('pengguna/update...', 'before')
#4 /Applications/XAMPP/xamppfiles/htdocs/si_dudcha/vendor/codeigniter4/framework/system/CodeIgniter.php(320): CodeIgniter\CodeIgniter->handleRequest(NULL, Object(Config\Cache), false)
#5 /Applications/XAMPP/xamppfiles/htdocs/si_dudcha/public/index.php(37): CodeIgniter\CodeIgniter->run()
#6 /Applications/XAMPP/xamppfiles/htdocs/si_dudcha/vendor/codeigniter4/framework/system/Commands/Server/rewrite.php(43): require_once('/Applications/X...')
#7 {main}
