CRITICAL - 2022-07-01 01:36:25 --> Undefined index: no_nota
#0 /Applications/XAMPP/xamppfiles/htdocs/si_dudcha/app/Views/dashboard/riwayat_penjualan_barang.php(91): CodeIgniter\Debug\Exceptions->errorHandler(8, 'Undefined index...', '/Applications/X...', 91, Array)
#1 /Applications/XAMPP/xamppfiles/htdocs/si_dudcha/vendor/codeigniter4/framework/system/View/View.php(210): include('/Applications/X...')
#2 /Applications/XAMPP/xamppfiles/htdocs/si_dudcha/vendor/codeigniter4/framework/system/View/View.php(213): CodeIgniter\View\View->CodeIgniter\View\{closure}()
#3 /Applications/XAMPP/xamppfiles/htdocs/si_dudcha/vendor/codeigniter4/framework/system/Common.php(1089): CodeIgniter\View\View->render('dashboard/riway...', Array, true)
#4 /Applications/XAMPP/xamppfiles/htdocs/si_dudcha/app/Controllers/Dashboard.php(345): view('dashboard/riway...', Array)
#5 /Applications/XAMPP/xamppfiles/htdocs/si_dudcha/vendor/codeigniter4/framework/system/CodeIgniter.php(825): App\Controllers\Dashboard->riwayat_penjualan_barang()
#6 /Applications/XAMPP/xamppfiles/htdocs/si_dudcha/vendor/codeigniter4/framework/system/CodeIgniter.php(412): CodeIgniter\CodeIgniter->runController(Object(App\Controllers\Dashboard))
#7 /Applications/XAMPP/xamppfiles/htdocs/si_dudcha/vendor/codeigniter4/framework/system/CodeIgniter.php(320): CodeIgniter\CodeIgniter->handleRequest(NULL, Object(Config\Cache), false)
#8 /Applications/XAMPP/xamppfiles/htdocs/si_dudcha/public/index.php(37): CodeIgniter\CodeIgniter->run()
#9 /Applications/XAMPP/xamppfiles/htdocs/si_dudcha/vendor/codeigniter4/framework/system/Commands/Server/rewrite.php(43): require_once('/Applications/X...')
#10 {main}
CRITICAL - 2022-07-01 01:40:59 --> Wrong parameter count for number_format()
#0 [internal function]: CodeIgniter\Debug\Exceptions->errorHandler(2, 'Wrong parameter...', '/Applications/X...', 95, Array)
#1 /Applications/XAMPP/xamppfiles/htdocs/si_dudcha/app/Views/dashboard/riwayat_penjualan_barang.php(95): number_format('2000', 1, ',')
#2 /Applications/XAMPP/xamppfiles/htdocs/si_dudcha/vendor/codeigniter4/framework/system/View/View.php(210): include('/Applications/X...')
#3 /Applications/XAMPP/xamppfiles/htdocs/si_dudcha/vendor/codeigniter4/framework/system/View/View.php(213): CodeIgniter\View\View->CodeIgniter\View\{closure}()
#4 /Applications/XAMPP/xamppfiles/htdocs/si_dudcha/vendor/codeigniter4/framework/system/Common.php(1089): CodeIgniter\View\View->render('dashboard/riway...', Array, true)
#5 /Applications/XAMPP/xamppfiles/htdocs/si_dudcha/app/Controllers/Dashboard.php(345): view('dashboard/riway...', Array)
#6 /Applications/XAMPP/xamppfiles/htdocs/si_dudcha/vendor/codeigniter4/framework/system/CodeIgniter.php(825): App\Controllers\Dashboard->riwayat_penjualan_barang()
#7 /Applications/XAMPP/xamppfiles/htdocs/si_dudcha/vendor/codeigniter4/framework/system/CodeIgniter.php(412): CodeIgniter\CodeIgniter->runController(Object(App\Controllers\Dashboard))
#8 /Applications/XAMPP/xamppfiles/htdocs/si_dudcha/vendor/codeigniter4/framework/system/CodeIgniter.php(320): CodeIgniter\CodeIgniter->handleRequest(NULL, Object(Config\Cache), false)
#9 /Applications/XAMPP/xamppfiles/htdocs/si_dudcha/public/index.php(37): CodeIgniter\CodeIgniter->run()
#10 /Applications/XAMPP/xamppfiles/htdocs/si_dudcha/vendor/codeigniter4/framework/system/Commands/Server/rewrite.php(43): require_once('/Applications/X...')
#11 {main}
CRITICAL - 2022-07-01 01:41:02 --> Wrong parameter count for number_format()
#0 [internal function]: CodeIgniter\Debug\Exceptions->errorHandler(2, 'Wrong parameter...', '/Applications/X...', 95, Array)
#1 /Applications/XAMPP/xamppfiles/htdocs/si_dudcha/app/Views/dashboard/riwayat_penjualan_barang.php(95): number_format('2000', 2, ',')
#2 /Applications/XAMPP/xamppfiles/htdocs/si_dudcha/vendor/codeigniter4/framework/system/View/View.php(210): include('/Applications/X...')
#3 /Applications/XAMPP/xamppfiles/htdocs/si_dudcha/vendor/codeigniter4/framework/system/View/View.php(213): CodeIgniter\View\View->CodeIgniter\View\{closure}()
#4 /Applications/XAMPP/xamppfiles/htdocs/si_dudcha/vendor/codeigniter4/framework/system/Common.php(1089): CodeIgniter\View\View->render('dashboard/riway...', Array, true)
#5 /Applications/XAMPP/xamppfiles/htdocs/si_dudcha/app/Controllers/Dashboard.php(345): view('dashboard/riway...', Array)
#6 /Applications/XAMPP/xamppfiles/htdocs/si_dudcha/vendor/codeigniter4/framework/system/CodeIgniter.php(825): App\Controllers\Dashboard->riwayat_penjualan_barang()
#7 /Applications/XAMPP/xamppfiles/htdocs/si_dudcha/vendor/codeigniter4/framework/system/CodeIgniter.php(412): CodeIgniter\CodeIgniter->runController(Object(App\Controllers\Dashboard))
#8 /Applications/XAMPP/xamppfiles/htdocs/si_dudcha/vendor/codeigniter4/framework/system/CodeIgniter.php(320): CodeIgniter\CodeIgniter->handleRequest(NULL, Object(Config\Cache), false)
#9 /Applications/XAMPP/xamppfiles/htdocs/si_dudcha/public/index.php(37): CodeIgniter\CodeIgniter->run()
#10 /Applications/XAMPP/xamppfiles/htdocs/si_dudcha/vendor/codeigniter4/framework/system/Commands/Server/rewrite.php(43): require_once('/Applications/X...')
#11 {main}
CRITICAL - 2022-07-01 01:41:03 --> Wrong parameter count for number_format()
#0 [internal function]: CodeIgniter\Debug\Exceptions->errorHandler(2, 'Wrong parameter...', '/Applications/X...', 95, Array)
#1 /Applications/XAMPP/xamppfiles/htdocs/si_dudcha/app/Views/dashboard/riwayat_penjualan_barang.php(95): number_format('2000', 2, ',')
#2 /Applications/XAMPP/xamppfiles/htdocs/si_dudcha/vendor/codeigniter4/framework/system/View/View.php(210): include('/Applications/X...')
#3 /Applications/XAMPP/xamppfiles/htdocs/si_dudcha/vendor/codeigniter4/framework/system/View/View.php(213): CodeIgniter\View\View->CodeIgniter\View\{closure}()
#4 /Applications/XAMPP/xamppfiles/htdocs/si_dudcha/vendor/codeigniter4/framework/system/Common.php(1089): CodeIgniter\View\View->render('dashboard/riway...', Array, true)
#5 /Applications/XAMPP/xamppfiles/htdocs/si_dudcha/app/Controllers/Dashboard.php(345): view('dashboard/riway...', Array)
#6 /Applications/XAMPP/xamppfiles/htdocs/si_dudcha/vendor/codeigniter4/framework/system/CodeIgniter.php(825): App\Controllers\Dashboard->riwayat_penjualan_barang()
#7 /Applications/XAMPP/xamppfiles/htdocs/si_dudcha/vendor/codeigniter4/framework/system/CodeIgniter.php(412): CodeIgniter\CodeIgniter->runController(Object(App\Controllers\Dashboard))
#8 /Applications/XAMPP/xamppfiles/htdocs/si_dudcha/vendor/codeigniter4/framework/system/CodeIgniter.php(320): CodeIgniter\CodeIgniter->handleRequest(NULL, Object(Config\Cache), false)
#9 /Applications/XAMPP/xamppfiles/htdocs/si_dudcha/public/index.php(37): CodeIgniter\CodeIgniter->run()
#10 /Applications/XAMPP/xamppfiles/htdocs/si_dudcha/vendor/codeigniter4/framework/system/Commands/Server/rewrite.php(43): require_once('/Applications/X...')
#11 {main}
CRITICAL - 2022-07-01 02:52:53 --> Undefined property: App\Controllers\PenjualanBarang::$penjualanModel
#0 /Applications/XAMPP/xamppfiles/htdocs/si_dudcha/app/Controllers/PenjualanBarang.php(27): CodeIgniter\Debug\Exceptions->errorHandler(8, 'Undefined prope...', '/Applications/X...', 27, Array)
#1 /Applications/XAMPP/xamppfiles/htdocs/si_dudcha/vendor/codeigniter4/framework/system/CodeIgniter.php(825): App\Controllers\PenjualanBarang->cetakNota('1')
#2 /Applications/XAMPP/xamppfiles/htdocs/si_dudcha/vendor/codeigniter4/framework/system/CodeIgniter.php(412): CodeIgniter\CodeIgniter->runController(Object(App\Controllers\PenjualanBarang))
#3 /Applications/XAMPP/xamppfiles/htdocs/si_dudcha/vendor/codeigniter4/framework/system/CodeIgniter.php(320): CodeIgniter\CodeIgniter->handleRequest(NULL, Object(Config\Cache), false)
#4 /Applications/XAMPP/xamppfiles/htdocs/si_dudcha/public/index.php(37): CodeIgniter\CodeIgniter->run()
#5 /Applications/XAMPP/xamppfiles/htdocs/si_dudcha/vendor/codeigniter4/framework/system/Commands/Server/rewrite.php(43): require_once('/Applications/X...')
#6 {main}
CRITICAL - 2022-07-01 02:56:15 --> Undefined variable: connect
#0 /Applications/XAMPP/xamppfiles/htdocs/si_dudcha/app/Views/laporan/cetak-nota.php(91): CodeIgniter\Debug\Exceptions->errorHandler(8, 'Undefined varia...', '/Applications/X...', 91, Array)
#1 /Applications/XAMPP/xamppfiles/htdocs/si_dudcha/vendor/codeigniter4/framework/system/View/View.php(210): include('/Applications/X...')
#2 /Applications/XAMPP/xamppfiles/htdocs/si_dudcha/vendor/codeigniter4/framework/system/View/View.php(213): CodeIgniter\View\View->CodeIgniter\View\{closure}()
#3 /Applications/XAMPP/xamppfiles/htdocs/si_dudcha/vendor/codeigniter4/framework/system/Common.php(1089): CodeIgniter\View\View->render('laporan/cetak-n...', Array, true)
#4 /Applications/XAMPP/xamppfiles/htdocs/si_dudcha/app/Controllers/PenjualanBarang.php(44): view('laporan/cetak-n...', Array)
#5 /Applications/XAMPP/xamppfiles/htdocs/si_dudcha/vendor/codeigniter4/framework/system/CodeIgniter.php(825): App\Controllers\PenjualanBarang->cetakNota('1')
#6 /Applications/XAMPP/xamppfiles/htdocs/si_dudcha/vendor/codeigniter4/framework/system/CodeIgniter.php(412): CodeIgniter\CodeIgniter->runController(Object(App\Controllers\PenjualanBarang))
#7 /Applications/XAMPP/xamppfiles/htdocs/si_dudcha/vendor/codeigniter4/framework/system/CodeIgniter.php(320): CodeIgniter\CodeIgniter->handleRequest(NULL, Object(Config\Cache), false)
#8 /Applications/XAMPP/xamppfiles/htdocs/si_dudcha/public/index.php(37): CodeIgniter\CodeIgniter->run()
#9 /Applications/XAMPP/xamppfiles/htdocs/si_dudcha/vendor/codeigniter4/framework/system/Commands/Server/rewrite.php(43): require_once('/Applications/X...')
#10 {main}
