ERROR - 2022-02-07 11:06:28 --> Expression #1 of SELECT list is not in GROUP BY clause and contains nonaggregated column 'kelola_obat.tbl_resep.tanggal' which is not functionally dependent on columns in GROUP BY clause; this is incompatible with sql_mode=only_full_group_by
CRITICAL - 2022-02-07 11:06:28 --> Expression #1 of SELECT list is not in GROUP BY clause and contains nonaggregated column 'kelola_obat.tbl_resep.tanggal' which is not functionally dependent on columns in GROUP BY clause; this is incompatible with sql_mode=only_full_group_by
#0 /Applications/WebServer/htdocs/inventori-obat/vendor/codeigniter4/framework/system/Database/MySQLi/Connection.php(292): mysqli->query('SELECT bulan.bu...', 0)
#1 /Applications/WebServer/htdocs/inventori-obat/vendor/codeigniter4/framework/system/Database/BaseConnection.php(670): CodeIgniter\Database\MySQLi\Connection->execute('SELECT bulan.bu...')
#2 /Applications/WebServer/htdocs/inventori-obat/vendor/codeigniter4/framework/system/Database/BaseConnection.php(598): CodeIgniter\Database\BaseConnection->simpleQuery('SELECT bulan.bu...')
#3 /Applications/WebServer/htdocs/inventori-obat/app/Views/dashboard/index.php(117): CodeIgniter\Database\BaseConnection->query('SELECT bulan.bu...')
#4 /Applications/WebServer/htdocs/inventori-obat/vendor/codeigniter4/framework/system/View/View.php(210): include('/Applications/W...')
#5 /Applications/WebServer/htdocs/inventori-obat/vendor/codeigniter4/framework/system/View/View.php(213): CodeIgniter\View\View->CodeIgniter\View\{closure}()
#6 /Applications/WebServer/htdocs/inventori-obat/vendor/codeigniter4/framework/system/Common.php(1089): CodeIgniter\View\View->render('dashboard/index', Array, true)
#7 /Applications/WebServer/htdocs/inventori-obat/app/Controllers/Dashboard.php(76): view('dashboard/index', Array)
#8 /Applications/WebServer/htdocs/inventori-obat/vendor/codeigniter4/framework/system/CodeIgniter.php(825): App\Controllers\Dashboard->index()
#9 /Applications/WebServer/htdocs/inventori-obat/vendor/codeigniter4/framework/system/CodeIgniter.php(412): CodeIgniter\CodeIgniter->runController(Object(App\Controllers\Dashboard))
#10 /Applications/WebServer/htdocs/inventori-obat/vendor/codeigniter4/framework/system/CodeIgniter.php(320): CodeIgniter\CodeIgniter->handleRequest(NULL, Object(Config\Cache), false)
#11 /Applications/WebServer/htdocs/inventori-obat/public/index.php(37): CodeIgniter\CodeIgniter->run()
#12 /Applications/WebServer/htdocs/inventori-obat/vendor/codeigniter4/framework/system/Commands/Server/rewrite.php(43): require_once('/Applications/W...')
#13 {main}
ERROR - 2022-02-07 11:07:15 --> Expression #1 of SELECT list is not in GROUP BY clause and contains nonaggregated column 'kelola_obat.tbl_resep.tanggal' which is not functionally dependent on columns in GROUP BY clause; this is incompatible with sql_mode=only_full_group_by
CRITICAL - 2022-02-07 11:07:15 --> Expression #1 of SELECT list is not in GROUP BY clause and contains nonaggregated column 'kelola_obat.tbl_resep.tanggal' which is not functionally dependent on columns in GROUP BY clause; this is incompatible with sql_mode=only_full_group_by
#0 /Applications/WebServer/htdocs/inventori-obat/vendor/codeigniter4/framework/system/Database/MySQLi/Connection.php(292): mysqli->query('SELECT bulan.bu...', 0)
#1 /Applications/WebServer/htdocs/inventori-obat/vendor/codeigniter4/framework/system/Database/BaseConnection.php(670): CodeIgniter\Database\MySQLi\Connection->execute('SELECT bulan.bu...')
#2 /Applications/WebServer/htdocs/inventori-obat/vendor/codeigniter4/framework/system/Database/BaseConnection.php(598): CodeIgniter\Database\BaseConnection->simpleQuery('SELECT bulan.bu...')
#3 /Applications/WebServer/htdocs/inventori-obat/app/Views/dashboard/index.php(117): CodeIgniter\Database\BaseConnection->query('SELECT bulan.bu...')
#4 /Applications/WebServer/htdocs/inventori-obat/vendor/codeigniter4/framework/system/View/View.php(210): include('/Applications/W...')
#5 /Applications/WebServer/htdocs/inventori-obat/vendor/codeigniter4/framework/system/View/View.php(213): CodeIgniter\View\View->CodeIgniter\View\{closure}()
#6 /Applications/WebServer/htdocs/inventori-obat/vendor/codeigniter4/framework/system/Common.php(1089): CodeIgniter\View\View->render('dashboard/index', Array, true)
#7 /Applications/WebServer/htdocs/inventori-obat/app/Controllers/Dashboard.php(76): view('dashboard/index', Array)
#8 /Applications/WebServer/htdocs/inventori-obat/vendor/codeigniter4/framework/system/CodeIgniter.php(825): App\Controllers\Dashboard->index()
#9 /Applications/WebServer/htdocs/inventori-obat/vendor/codeigniter4/framework/system/CodeIgniter.php(412): CodeIgniter\CodeIgniter->runController(Object(App\Controllers\Dashboard))
#10 /Applications/WebServer/htdocs/inventori-obat/vendor/codeigniter4/framework/system/CodeIgniter.php(320): CodeIgniter\CodeIgniter->handleRequest(NULL, Object(Config\Cache), false)
#11 /Applications/WebServer/htdocs/inventori-obat/public/index.php(37): CodeIgniter\CodeIgniter->run()
#12 /Applications/WebServer/htdocs/inventori-obat/vendor/codeigniter4/framework/system/Commands/Server/rewrite.php(43): require_once('/Applications/W...')
#13 {main}
ERROR - 2022-02-07 11:08:43 --> Expression #1 of SELECT list is not in GROUP BY clause and contains nonaggregated column 'kelola_obat.tbl_resep.tanggal' which is not functionally dependent on columns in GROUP BY clause; this is incompatible with sql_mode=only_full_group_by
CRITICAL - 2022-02-07 11:08:43 --> Expression #1 of SELECT list is not in GROUP BY clause and contains nonaggregated column 'kelola_obat.tbl_resep.tanggal' which is not functionally dependent on columns in GROUP BY clause; this is incompatible with sql_mode=only_full_group_by
#0 /Applications/WebServer/htdocs/inventori-obat/vendor/codeigniter4/framework/system/Database/MySQLi/Connection.php(292): mysqli->query('SELECT bulan.bu...', 0)
#1 /Applications/WebServer/htdocs/inventori-obat/vendor/codeigniter4/framework/system/Database/BaseConnection.php(670): CodeIgniter\Database\MySQLi\Connection->execute('SELECT bulan.bu...')
#2 /Applications/WebServer/htdocs/inventori-obat/vendor/codeigniter4/framework/system/Database/BaseConnection.php(598): CodeIgniter\Database\BaseConnection->simpleQuery('SELECT bulan.bu...')
#3 /Applications/WebServer/htdocs/inventori-obat/app/Views/dashboard/index.php(117): CodeIgniter\Database\BaseConnection->query('SELECT bulan.bu...')
#4 /Applications/WebServer/htdocs/inventori-obat/vendor/codeigniter4/framework/system/View/View.php(210): include('/Applications/W...')
#5 /Applications/WebServer/htdocs/inventori-obat/vendor/codeigniter4/framework/system/View/View.php(213): CodeIgniter\View\View->CodeIgniter\View\{closure}()
#6 /Applications/WebServer/htdocs/inventori-obat/vendor/codeigniter4/framework/system/Common.php(1089): CodeIgniter\View\View->render('dashboard/index', Array, true)
#7 /Applications/WebServer/htdocs/inventori-obat/app/Controllers/Dashboard.php(76): view('dashboard/index', Array)
#8 /Applications/WebServer/htdocs/inventori-obat/vendor/codeigniter4/framework/system/CodeIgniter.php(825): App\Controllers\Dashboard->index()
#9 /Applications/WebServer/htdocs/inventori-obat/vendor/codeigniter4/framework/system/CodeIgniter.php(412): CodeIgniter\CodeIgniter->runController(Object(App\Controllers\Dashboard))
#10 /Applications/WebServer/htdocs/inventori-obat/vendor/codeigniter4/framework/system/CodeIgniter.php(320): CodeIgniter\CodeIgniter->handleRequest(NULL, Object(Config\Cache), false)
#11 /Applications/WebServer/htdocs/inventori-obat/public/index.php(37): CodeIgniter\CodeIgniter->run()
#12 /Applications/WebServer/htdocs/inventori-obat/vendor/codeigniter4/framework/system/Commands/Server/rewrite.php(43): require_once('/Applications/W...')
#13 {main}
ERROR - 2022-02-07 11:08:44 --> Expression #1 of SELECT list is not in GROUP BY clause and contains nonaggregated column 'kelola_obat.tbl_resep.tanggal' which is not functionally dependent on columns in GROUP BY clause; this is incompatible with sql_mode=only_full_group_by
CRITICAL - 2022-02-07 11:08:44 --> Expression #1 of SELECT list is not in GROUP BY clause and contains nonaggregated column 'kelola_obat.tbl_resep.tanggal' which is not functionally dependent on columns in GROUP BY clause; this is incompatible with sql_mode=only_full_group_by
#0 /Applications/WebServer/htdocs/inventori-obat/vendor/codeigniter4/framework/system/Database/MySQLi/Connection.php(292): mysqli->query('SELECT bulan.bu...', 0)
#1 /Applications/WebServer/htdocs/inventori-obat/vendor/codeigniter4/framework/system/Database/BaseConnection.php(670): CodeIgniter\Database\MySQLi\Connection->execute('SELECT bulan.bu...')
#2 /Applications/WebServer/htdocs/inventori-obat/vendor/codeigniter4/framework/system/Database/BaseConnection.php(598): CodeIgniter\Database\BaseConnection->simpleQuery('SELECT bulan.bu...')
#3 /Applications/WebServer/htdocs/inventori-obat/app/Views/dashboard/index.php(117): CodeIgniter\Database\BaseConnection->query('SELECT bulan.bu...')
#4 /Applications/WebServer/htdocs/inventori-obat/vendor/codeigniter4/framework/system/View/View.php(210): include('/Applications/W...')
#5 /Applications/WebServer/htdocs/inventori-obat/vendor/codeigniter4/framework/system/View/View.php(213): CodeIgniter\View\View->CodeIgniter\View\{closure}()
#6 /Applications/WebServer/htdocs/inventori-obat/vendor/codeigniter4/framework/system/Common.php(1089): CodeIgniter\View\View->render('dashboard/index', Array, true)
#7 /Applications/WebServer/htdocs/inventori-obat/app/Controllers/Dashboard.php(76): view('dashboard/index', Array)
#8 /Applications/WebServer/htdocs/inventori-obat/vendor/codeigniter4/framework/system/CodeIgniter.php(825): App\Controllers\Dashboard->index()
#9 /Applications/WebServer/htdocs/inventori-obat/vendor/codeigniter4/framework/system/CodeIgniter.php(412): CodeIgniter\CodeIgniter->runController(Object(App\Controllers\Dashboard))
#10 /Applications/WebServer/htdocs/inventori-obat/vendor/codeigniter4/framework/system/CodeIgniter.php(320): CodeIgniter\CodeIgniter->handleRequest(NULL, Object(Config\Cache), false)
#11 /Applications/WebServer/htdocs/inventori-obat/public/index.php(37): CodeIgniter\CodeIgniter->run()
#12 /Applications/WebServer/htdocs/inventori-obat/vendor/codeigniter4/framework/system/Commands/Server/rewrite.php(43): require_once('/Applications/W...')
#13 {main}
ERROR - 2022-02-07 11:08:47 --> Expression #1 of SELECT list is not in GROUP BY clause and contains nonaggregated column 'kelola_obat.tbl_resep.tanggal' which is not functionally dependent on columns in GROUP BY clause; this is incompatible with sql_mode=only_full_group_by
CRITICAL - 2022-02-07 11:08:47 --> Expression #1 of SELECT list is not in GROUP BY clause and contains nonaggregated column 'kelola_obat.tbl_resep.tanggal' which is not functionally dependent on columns in GROUP BY clause; this is incompatible with sql_mode=only_full_group_by
#0 /Applications/WebServer/htdocs/inventori-obat/vendor/codeigniter4/framework/system/Database/MySQLi/Connection.php(292): mysqli->query('SELECT bulan.bu...', 0)
#1 /Applications/WebServer/htdocs/inventori-obat/vendor/codeigniter4/framework/system/Database/BaseConnection.php(670): CodeIgniter\Database\MySQLi\Connection->execute('SELECT bulan.bu...')
#2 /Applications/WebServer/htdocs/inventori-obat/vendor/codeigniter4/framework/system/Database/BaseConnection.php(598): CodeIgniter\Database\BaseConnection->simpleQuery('SELECT bulan.bu...')
#3 /Applications/WebServer/htdocs/inventori-obat/app/Views/dashboard/index.php(117): CodeIgniter\Database\BaseConnection->query('SELECT bulan.bu...')
#4 /Applications/WebServer/htdocs/inventori-obat/vendor/codeigniter4/framework/system/View/View.php(210): include('/Applications/W...')
#5 /Applications/WebServer/htdocs/inventori-obat/vendor/codeigniter4/framework/system/View/View.php(213): CodeIgniter\View\View->CodeIgniter\View\{closure}()
#6 /Applications/WebServer/htdocs/inventori-obat/vendor/codeigniter4/framework/system/Common.php(1089): CodeIgniter\View\View->render('dashboard/index', Array, true)
#7 /Applications/WebServer/htdocs/inventori-obat/app/Controllers/Dashboard.php(76): view('dashboard/index', Array)
#8 /Applications/WebServer/htdocs/inventori-obat/vendor/codeigniter4/framework/system/CodeIgniter.php(825): App\Controllers\Dashboard->index()
#9 /Applications/WebServer/htdocs/inventori-obat/vendor/codeigniter4/framework/system/CodeIgniter.php(412): CodeIgniter\CodeIgniter->runController(Object(App\Controllers\Dashboard))
#10 /Applications/WebServer/htdocs/inventori-obat/vendor/codeigniter4/framework/system/CodeIgniter.php(320): CodeIgniter\CodeIgniter->handleRequest(NULL, Object(Config\Cache), false)
#11 /Applications/WebServer/htdocs/inventori-obat/public/index.php(37): CodeIgniter\CodeIgniter->run()
#12 /Applications/WebServer/htdocs/inventori-obat/vendor/codeigniter4/framework/system/Commands/Server/rewrite.php(43): require_once('/Applications/W...')
#13 {main}
ERROR - 2022-02-07 11:12:36 --> Expression #1 of SELECT list is not in GROUP BY clause and contains nonaggregated column 'kelola_obat.tbl_resep.tanggal' which is not functionally dependent on columns in GROUP BY clause; this is incompatible with sql_mode=only_full_group_by
CRITICAL - 2022-02-07 11:12:36 --> Expression #1 of SELECT list is not in GROUP BY clause and contains nonaggregated column 'kelola_obat.tbl_resep.tanggal' which is not functionally dependent on columns in GROUP BY clause; this is incompatible with sql_mode=only_full_group_by
#0 /Applications/WebServer/htdocs/inventori-obat/vendor/codeigniter4/framework/system/Database/MySQLi/Connection.php(292): mysqli->query('SELECT bulan.bu...', 0)
#1 /Applications/WebServer/htdocs/inventori-obat/vendor/codeigniter4/framework/system/Database/BaseConnection.php(670): CodeIgniter\Database\MySQLi\Connection->execute('SELECT bulan.bu...')
#2 /Applications/WebServer/htdocs/inventori-obat/vendor/codeigniter4/framework/system/Database/BaseConnection.php(598): CodeIgniter\Database\BaseConnection->simpleQuery('SELECT bulan.bu...')
#3 /Applications/WebServer/htdocs/inventori-obat/app/Views/dashboard/index.php(117): CodeIgniter\Database\BaseConnection->query('SELECT bulan.bu...')
#4 /Applications/WebServer/htdocs/inventori-obat/vendor/codeigniter4/framework/system/View/View.php(210): include('/Applications/W...')
#5 /Applications/WebServer/htdocs/inventori-obat/vendor/codeigniter4/framework/system/View/View.php(213): CodeIgniter\View\View->CodeIgniter\View\{closure}()
#6 /Applications/WebServer/htdocs/inventori-obat/vendor/codeigniter4/framework/system/Common.php(1089): CodeIgniter\View\View->render('dashboard/index', Array, true)
#7 /Applications/WebServer/htdocs/inventori-obat/app/Controllers/Dashboard.php(76): view('dashboard/index', Array)
#8 /Applications/WebServer/htdocs/inventori-obat/vendor/codeigniter4/framework/system/CodeIgniter.php(825): App\Controllers\Dashboard->index()
#9 /Applications/WebServer/htdocs/inventori-obat/vendor/codeigniter4/framework/system/CodeIgniter.php(412): CodeIgniter\CodeIgniter->runController(Object(App\Controllers\Dashboard))
#10 /Applications/WebServer/htdocs/inventori-obat/vendor/codeigniter4/framework/system/CodeIgniter.php(320): CodeIgniter\CodeIgniter->handleRequest(NULL, Object(Config\Cache), false)
#11 /Applications/WebServer/htdocs/inventori-obat/public/index.php(37): CodeIgniter\CodeIgniter->run()
#12 /Applications/WebServer/htdocs/inventori-obat/vendor/codeigniter4/framework/system/Commands/Server/rewrite.php(43): require_once('/Applications/W...')
#13 {main}
ERROR - 2022-02-07 11:13:30 --> Expression #1 of SELECT list is not in GROUP BY clause and contains nonaggregated column 'kelola_obat.tbl_resep.tanggal' which is not functionally dependent on columns in GROUP BY clause; this is incompatible with sql_mode=only_full_group_by
CRITICAL - 2022-02-07 11:13:30 --> Expression #1 of SELECT list is not in GROUP BY clause and contains nonaggregated column 'kelola_obat.tbl_resep.tanggal' which is not functionally dependent on columns in GROUP BY clause; this is incompatible with sql_mode=only_full_group_by
#0 /Applications/WebServer/htdocs/inventori-obat/vendor/codeigniter4/framework/system/Database/MySQLi/Connection.php(292): mysqli->query('SELECT bulan.bu...', 0)
#1 /Applications/WebServer/htdocs/inventori-obat/vendor/codeigniter4/framework/system/Database/BaseConnection.php(670): CodeIgniter\Database\MySQLi\Connection->execute('SELECT bulan.bu...')
#2 /Applications/WebServer/htdocs/inventori-obat/vendor/codeigniter4/framework/system/Database/BaseConnection.php(598): CodeIgniter\Database\BaseConnection->simpleQuery('SELECT bulan.bu...')
#3 /Applications/WebServer/htdocs/inventori-obat/app/Views/dashboard/index.php(117): CodeIgniter\Database\BaseConnection->query('SELECT bulan.bu...')
#4 /Applications/WebServer/htdocs/inventori-obat/vendor/codeigniter4/framework/system/View/View.php(210): include('/Applications/W...')
#5 /Applications/WebServer/htdocs/inventori-obat/vendor/codeigniter4/framework/system/View/View.php(213): CodeIgniter\View\View->CodeIgniter\View\{closure}()
#6 /Applications/WebServer/htdocs/inventori-obat/vendor/codeigniter4/framework/system/Common.php(1089): CodeIgniter\View\View->render('dashboard/index', Array, true)
#7 /Applications/WebServer/htdocs/inventori-obat/app/Controllers/Dashboard.php(76): view('dashboard/index', Array)
#8 /Applications/WebServer/htdocs/inventori-obat/vendor/codeigniter4/framework/system/CodeIgniter.php(825): App\Controllers\Dashboard->index()
#9 /Applications/WebServer/htdocs/inventori-obat/vendor/codeigniter4/framework/system/CodeIgniter.php(412): CodeIgniter\CodeIgniter->runController(Object(App\Controllers\Dashboard))
#10 /Applications/WebServer/htdocs/inventori-obat/vendor/codeigniter4/framework/system/CodeIgniter.php(320): CodeIgniter\CodeIgniter->handleRequest(NULL, Object(Config\Cache), false)
#11 /Applications/WebServer/htdocs/inventori-obat/public/index.php(37): CodeIgniter\CodeIgniter->run()
#12 /Applications/WebServer/htdocs/inventori-obat/vendor/codeigniter4/framework/system/Commands/Server/rewrite.php(43): require_once('/Applications/W...')
#13 {main}
ERROR - 2022-02-07 20:47:45 --> Expression #1 of SELECT list is not in GROUP BY clause and contains nonaggregated column 'kelola_obat.tbl_resep.tanggal' which is not functionally dependent on columns in GROUP BY clause; this is incompatible with sql_mode=only_full_group_by
CRITICAL - 2022-02-07 20:47:45 --> Expression #1 of SELECT list is not in GROUP BY clause and contains nonaggregated column 'kelola_obat.tbl_resep.tanggal' which is not functionally dependent on columns in GROUP BY clause; this is incompatible with sql_mode=only_full_group_by
#0 /Applications/WebServer/htdocs/inventori-obat/vendor/codeigniter4/framework/system/Database/MySQLi/Connection.php(292): mysqli->query('SELECT bulan.bu...', 0)
#1 /Applications/WebServer/htdocs/inventori-obat/vendor/codeigniter4/framework/system/Database/BaseConnection.php(670): CodeIgniter\Database\MySQLi\Connection->execute('SELECT bulan.bu...')
#2 /Applications/WebServer/htdocs/inventori-obat/vendor/codeigniter4/framework/system/Database/BaseConnection.php(598): CodeIgniter\Database\BaseConnection->simpleQuery('SELECT bulan.bu...')
#3 /Applications/WebServer/htdocs/inventori-obat/app/Views/dashboard/index.php(117): CodeIgniter\Database\BaseConnection->query('SELECT bulan.bu...')
#4 /Applications/WebServer/htdocs/inventori-obat/vendor/codeigniter4/framework/system/View/View.php(210): include('/Applications/W...')
#5 /Applications/WebServer/htdocs/inventori-obat/vendor/codeigniter4/framework/system/View/View.php(213): CodeIgniter\View\View->CodeIgniter\View\{closure}()
#6 /Applications/WebServer/htdocs/inventori-obat/vendor/codeigniter4/framework/system/Common.php(1089): CodeIgniter\View\View->render('dashboard/index', Array, true)
#7 /Applications/WebServer/htdocs/inventori-obat/app/Controllers/Dashboard.php(75): view('dashboard/index', Array)
#8 /Applications/WebServer/htdocs/inventori-obat/vendor/codeigniter4/framework/system/CodeIgniter.php(825): App\Controllers\Dashboard->index()
#9 /Applications/WebServer/htdocs/inventori-obat/vendor/codeigniter4/framework/system/CodeIgniter.php(412): CodeIgniter\CodeIgniter->runController(Object(App\Controllers\Dashboard))
#10 /Applications/WebServer/htdocs/inventori-obat/vendor/codeigniter4/framework/system/CodeIgniter.php(320): CodeIgniter\CodeIgniter->handleRequest(NULL, Object(Config\Cache), false)
#11 /Applications/WebServer/htdocs/inventori-obat/public/index.php(37): CodeIgniter\CodeIgniter->run()
#12 /Applications/WebServer/htdocs/inventori-obat/vendor/codeigniter4/framework/system/Commands/Server/rewrite.php(43): require_once('/Applications/W...')
#13 {main}
ERROR - 2022-02-07 20:57:56 --> Expression #1 of SELECT list is not in GROUP BY clause and contains nonaggregated column 'kelola_obat.tbl_resep.tanggal' which is not functionally dependent on columns in GROUP BY clause; this is incompatible with sql_mode=only_full_group_by
CRITICAL - 2022-02-07 20:57:56 --> Expression #1 of SELECT list is not in GROUP BY clause and contains nonaggregated column 'kelola_obat.tbl_resep.tanggal' which is not functionally dependent on columns in GROUP BY clause; this is incompatible with sql_mode=only_full_group_by
#0 /Applications/WebServer/htdocs/inventori-obat/vendor/codeigniter4/framework/system/Database/MySQLi/Connection.php(292): mysqli->query('SELECT bulan.bu...', 0)
#1 /Applications/WebServer/htdocs/inventori-obat/vendor/codeigniter4/framework/system/Database/BaseConnection.php(670): CodeIgniter\Database\MySQLi\Connection->execute('SELECT bulan.bu...')
#2 /Applications/WebServer/htdocs/inventori-obat/vendor/codeigniter4/framework/system/Database/BaseConnection.php(598): CodeIgniter\Database\BaseConnection->simpleQuery('SELECT bulan.bu...')
#3 /Applications/WebServer/htdocs/inventori-obat/app/Views/dashboard/index.php(117): CodeIgniter\Database\BaseConnection->query('SELECT bulan.bu...')
#4 /Applications/WebServer/htdocs/inventori-obat/vendor/codeigniter4/framework/system/View/View.php(210): include('/Applications/W...')
#5 /Applications/WebServer/htdocs/inventori-obat/vendor/codeigniter4/framework/system/View/View.php(213): CodeIgniter\View\View->CodeIgniter\View\{closure}()
#6 /Applications/WebServer/htdocs/inventori-obat/vendor/codeigniter4/framework/system/Common.php(1089): CodeIgniter\View\View->render('dashboard/index', Array, true)
#7 /Applications/WebServer/htdocs/inventori-obat/app/Controllers/Dashboard.php(75): view('dashboard/index', Array)
#8 /Applications/WebServer/htdocs/inventori-obat/vendor/codeigniter4/framework/system/CodeIgniter.php(825): App\Controllers\Dashboard->index()
#9 /Applications/WebServer/htdocs/inventori-obat/vendor/codeigniter4/framework/system/CodeIgniter.php(412): CodeIgniter\CodeIgniter->runController(Object(App\Controllers\Dashboard))
#10 /Applications/WebServer/htdocs/inventori-obat/vendor/codeigniter4/framework/system/CodeIgniter.php(320): CodeIgniter\CodeIgniter->handleRequest(NULL, Object(Config\Cache), false)
#11 /Applications/WebServer/htdocs/inventori-obat/public/index.php(37): CodeIgniter\CodeIgniter->run()
#12 /Applications/WebServer/htdocs/inventori-obat/vendor/codeigniter4/framework/system/Commands/Server/rewrite.php(43): require_once('/Applications/W...')
#13 {main}
CRITICAL - 2022-02-07 23:31:17 --> Undefined index: date
#0 /Applications/WebServer/htdocs/inventori-obat/app/Views/laporan/laporan_kadaluarsa.php(32): CodeIgniter\Debug\Exceptions->errorHandler(8, 'Undefined index...', '/Applications/W...', 32, Array)
#1 /Applications/WebServer/htdocs/inventori-obat/vendor/codeigniter4/framework/system/View/View.php(210): include('/Applications/W...')
#2 /Applications/WebServer/htdocs/inventori-obat/vendor/codeigniter4/framework/system/View/View.php(213): CodeIgniter\View\View->CodeIgniter\View\{closure}()
#3 /Applications/WebServer/htdocs/inventori-obat/vendor/codeigniter4/framework/system/Common.php(1089): CodeIgniter\View\View->render('laporan/laporan...', Array, true)
#4 /Applications/WebServer/htdocs/inventori-obat/app/Controllers/Laporan.php(151): view('laporan/laporan...', Array)
#5 /Applications/WebServer/htdocs/inventori-obat/vendor/codeigniter4/framework/system/CodeIgniter.php(825): App\Controllers\Laporan->laporan_kadaluarsa()
#6 /Applications/WebServer/htdocs/inventori-obat/vendor/codeigniter4/framework/system/CodeIgniter.php(412): CodeIgniter\CodeIgniter->runController(Object(App\Controllers\Laporan))
#7 /Applications/WebServer/htdocs/inventori-obat/vendor/codeigniter4/framework/system/CodeIgniter.php(320): CodeIgniter\CodeIgniter->handleRequest(NULL, Object(Config\Cache), false)
#8 /Applications/WebServer/htdocs/inventori-obat/public/index.php(37): CodeIgniter\CodeIgniter->run()
#9 /Applications/WebServer/htdocs/inventori-obat/vendor/codeigniter4/framework/system/Commands/Server/rewrite.php(43): require_once('/Applications/W...')
#10 {main}
CRITICAL - 2022-02-07 23:36:07 --> Undefined index: tgl_kadaluarsa
#0 /Applications/WebServer/htdocs/inventori-obat/app/Controllers/Laporan.php(85): CodeIgniter\Debug\Exceptions->errorHandler(8, 'Undefined index...', '/Applications/W...', 85, Array)
#1 /Applications/WebServer/htdocs/inventori-obat/vendor/codeigniter4/framework/system/CodeIgniter.php(825): App\Controllers\Laporan->laporan_kadaluarsa()
#2 /Applications/WebServer/htdocs/inventori-obat/vendor/codeigniter4/framework/system/CodeIgniter.php(412): CodeIgniter\CodeIgniter->runController(Object(App\Controllers\Laporan))
#3 /Applications/WebServer/htdocs/inventori-obat/vendor/codeigniter4/framework/system/CodeIgniter.php(320): CodeIgniter\CodeIgniter->handleRequest(NULL, Object(Config\Cache), false)
#4 /Applications/WebServer/htdocs/inventori-obat/public/index.php(37): CodeIgniter\CodeIgniter->run()
#5 /Applications/WebServer/htdocs/inventori-obat/vendor/codeigniter4/framework/system/Commands/Server/rewrite.php(43): require_once('/Applications/W...')
#6 {main}
CRITICAL - 2022-02-07 23:42:36 --> count(): Parameter must be an array or an object that implements Countable
#0 [internal function]: CodeIgniter\Debug\Exceptions->errorHandler(2, 'count(): Parame...', '/Applications/W...', 85, Array)
#1 /Applications/WebServer/htdocs/inventori-obat/app/Controllers/Laporan.php(85): count('2021-11-12')
#2 /Applications/WebServer/htdocs/inventori-obat/vendor/codeigniter4/framework/system/CodeIgniter.php(825): App\Controllers\Laporan->laporan_kadaluarsa()
#3 /Applications/WebServer/htdocs/inventori-obat/vendor/codeigniter4/framework/system/CodeIgniter.php(412): CodeIgniter\CodeIgniter->runController(Object(App\Controllers\Laporan))
#4 /Applications/WebServer/htdocs/inventori-obat/vendor/codeigniter4/framework/system/CodeIgniter.php(320): CodeIgniter\CodeIgniter->handleRequest(NULL, Object(Config\Cache), false)
#5 /Applications/WebServer/htdocs/inventori-obat/public/index.php(37): CodeIgniter\CodeIgniter->run()
#6 /Applications/WebServer/htdocs/inventori-obat/vendor/codeigniter4/framework/system/Commands/Server/rewrite.php(43): require_once('/Applications/W...')
#7 {main}
CRITICAL - 2022-02-07 23:49:29 --> Undefined variable: total
#0 /Applications/WebServer/htdocs/inventori-obat/app/Views/laporan/laporan_kadaluarsa.php(86): CodeIgniter\Debug\Exceptions->errorHandler(8, 'Undefined varia...', '/Applications/W...', 86, Array)
#1 /Applications/WebServer/htdocs/inventori-obat/vendor/codeigniter4/framework/system/View/View.php(210): include('/Applications/W...')
#2 /Applications/WebServer/htdocs/inventori-obat/vendor/codeigniter4/framework/system/View/View.php(213): CodeIgniter\View\View->CodeIgniter\View\{closure}()
#3 /Applications/WebServer/htdocs/inventori-obat/vendor/codeigniter4/framework/system/Common.php(1089): CodeIgniter\View\View->render('laporan/laporan...', Array, true)
#4 /Applications/WebServer/htdocs/inventori-obat/app/Controllers/Laporan.php(95): view('laporan/laporan...', Array)
#5 /Applications/WebServer/htdocs/inventori-obat/vendor/codeigniter4/framework/system/CodeIgniter.php(825): App\Controllers\Laporan->laporan_kadaluarsa()
#6 /Applications/WebServer/htdocs/inventori-obat/vendor/codeigniter4/framework/system/CodeIgniter.php(412): CodeIgniter\CodeIgniter->runController(Object(App\Controllers\Laporan))
#7 /Applications/WebServer/htdocs/inventori-obat/vendor/codeigniter4/framework/system/CodeIgniter.php(320): CodeIgniter\CodeIgniter->handleRequest(NULL, Object(Config\Cache), false)
#8 /Applications/WebServer/htdocs/inventori-obat/public/index.php(37): CodeIgniter\CodeIgniter->run()
#9 /Applications/WebServer/htdocs/inventori-obat/vendor/codeigniter4/framework/system/Commands/Server/rewrite.php(43): require_once('/Applications/W...')
#10 {main}
