CRITICAL - 2022-01-11 07:34:04 --> Undefined variable $aturan_obat
#0 /Applications/XAMPP/xamppfiles/htdocs/inventori-obat/app/Views/dashboard/aturan_obat.php(57): CodeIgniter\Debug\Exceptions->errorHandler(2, 'Undefined varia...', '/Applications/X...', 57)
#1 /Applications/XAMPP/xamppfiles/htdocs/inventori-obat/vendor/codeigniter4/framework/system/View/View.php(214): include('/Applications/X...')
#2 /Applications/XAMPP/xamppfiles/htdocs/inventori-obat/vendor/codeigniter4/framework/system/View/View.php(217): CodeIgniter\View\View->CodeIgniter\View\{closure}()
#3 /Applications/XAMPP/xamppfiles/htdocs/inventori-obat/vendor/codeigniter4/framework/system/Common.php(1097): CodeIgniter\View\View->render('dashboard/atura...', Array, true)
#4 /Applications/XAMPP/xamppfiles/htdocs/inventori-obat/app/Controllers/Dashboard.php(187): view('dashboard/atura...', Array)
#5 /Applications/XAMPP/xamppfiles/htdocs/inventori-obat/vendor/codeigniter4/framework/system/CodeIgniter.php(824): App\Controllers\Dashboard->aturan_obat()
#6 /Applications/XAMPP/xamppfiles/htdocs/inventori-obat/vendor/codeigniter4/framework/system/CodeIgniter.php(410): CodeIgniter\CodeIgniter->runController(Object(App\Controllers\Dashboard))
#7 /Applications/XAMPP/xamppfiles/htdocs/inventori-obat/vendor/codeigniter4/framework/system/CodeIgniter.php(318): CodeIgniter\CodeIgniter->handleRequest(NULL, Object(Config\Cache), false)
#8 /Applications/XAMPP/xamppfiles/htdocs/inventori-obat/public/index.php(37): CodeIgniter\CodeIgniter->run()
#9 /Applications/XAMPP/xamppfiles/htdocs/inventori-obat/vendor/codeigniter4/framework/system/Commands/Server/rewrite.php(43): require_once('/Applications/X...')
#10 {main}
CRITICAL - 2022-01-11 07:34:15 --> Undefined array key "dosis_aturan_obat"
#0 /Applications/XAMPP/xamppfiles/htdocs/inventori-obat/app/Views/dashboard/aturan_obat.php(60): CodeIgniter\Debug\Exceptions->errorHandler(2, 'Undefined array...', '/Applications/X...', 60)
#1 /Applications/XAMPP/xamppfiles/htdocs/inventori-obat/vendor/codeigniter4/framework/system/View/View.php(214): include('/Applications/X...')
#2 /Applications/XAMPP/xamppfiles/htdocs/inventori-obat/vendor/codeigniter4/framework/system/View/View.php(217): CodeIgniter\View\View->CodeIgniter\View\{closure}()
#3 /Applications/XAMPP/xamppfiles/htdocs/inventori-obat/vendor/codeigniter4/framework/system/Common.php(1097): CodeIgniter\View\View->render('dashboard/atura...', Array, true)
#4 /Applications/XAMPP/xamppfiles/htdocs/inventori-obat/app/Controllers/Dashboard.php(187): view('dashboard/atura...', Array)
#5 /Applications/XAMPP/xamppfiles/htdocs/inventori-obat/vendor/codeigniter4/framework/system/CodeIgniter.php(824): App\Controllers\Dashboard->aturan_obat()
#6 /Applications/XAMPP/xamppfiles/htdocs/inventori-obat/vendor/codeigniter4/framework/system/CodeIgniter.php(410): CodeIgniter\CodeIgniter->runController(Object(App\Controllers\Dashboard))
#7 /Applications/XAMPP/xamppfiles/htdocs/inventori-obat/vendor/codeigniter4/framework/system/CodeIgniter.php(318): CodeIgniter\CodeIgniter->handleRequest(NULL, Object(Config\Cache), false)
#8 /Applications/XAMPP/xamppfiles/htdocs/inventori-obat/public/index.php(37): CodeIgniter\CodeIgniter->run()
#9 /Applications/XAMPP/xamppfiles/htdocs/inventori-obat/vendor/codeigniter4/framework/system/Commands/Server/rewrite.php(43): require_once('/Applications/X...')
#10 {main}
CRITICAL - 2022-01-11 07:34:17 --> Undefined array key "dosis_aturan_obat"
#0 /Applications/XAMPP/xamppfiles/htdocs/inventori-obat/app/Views/dashboard/aturan_obat.php(60): CodeIgniter\Debug\Exceptions->errorHandler(2, 'Undefined array...', '/Applications/X...', 60)
#1 /Applications/XAMPP/xamppfiles/htdocs/inventori-obat/vendor/codeigniter4/framework/system/View/View.php(214): include('/Applications/X...')
#2 /Applications/XAMPP/xamppfiles/htdocs/inventori-obat/vendor/codeigniter4/framework/system/View/View.php(217): CodeIgniter\View\View->CodeIgniter\View\{closure}()
#3 /Applications/XAMPP/xamppfiles/htdocs/inventori-obat/vendor/codeigniter4/framework/system/Common.php(1097): CodeIgniter\View\View->render('dashboard/atura...', Array, true)
#4 /Applications/XAMPP/xamppfiles/htdocs/inventori-obat/app/Controllers/Dashboard.php(187): view('dashboard/atura...', Array)
#5 /Applications/XAMPP/xamppfiles/htdocs/inventori-obat/vendor/codeigniter4/framework/system/CodeIgniter.php(824): App\Controllers\Dashboard->aturan_obat()
#6 /Applications/XAMPP/xamppfiles/htdocs/inventori-obat/vendor/codeigniter4/framework/system/CodeIgniter.php(410): CodeIgniter\CodeIgniter->runController(Object(App\Controllers\Dashboard))
#7 /Applications/XAMPP/xamppfiles/htdocs/inventori-obat/vendor/codeigniter4/framework/system/CodeIgniter.php(318): CodeIgniter\CodeIgniter->handleRequest(NULL, Object(Config\Cache), false)
#8 /Applications/XAMPP/xamppfiles/htdocs/inventori-obat/public/index.php(37): CodeIgniter\CodeIgniter->run()
#9 /Applications/XAMPP/xamppfiles/htdocs/inventori-obat/vendor/codeigniter4/framework/system/Commands/Server/rewrite.php(43): require_once('/Applications/X...')
#10 {main}
CRITICAL - 2022-01-11 07:35:23 --> Undefined array key "kode_aturan"
#0 /Applications/XAMPP/xamppfiles/htdocs/inventori-obat/app/Views/dashboard/aturan_obat.php(70): CodeIgniter\Debug\Exceptions->errorHandler(2, 'Undefined array...', '/Applications/X...', 70)
#1 /Applications/XAMPP/xamppfiles/htdocs/inventori-obat/vendor/codeigniter4/framework/system/View/View.php(214): include('/Applications/X...')
#2 /Applications/XAMPP/xamppfiles/htdocs/inventori-obat/vendor/codeigniter4/framework/system/View/View.php(217): CodeIgniter\View\View->CodeIgniter\View\{closure}()
#3 /Applications/XAMPP/xamppfiles/htdocs/inventori-obat/vendor/codeigniter4/framework/system/Common.php(1097): CodeIgniter\View\View->render('dashboard/atura...', Array, true)
#4 /Applications/XAMPP/xamppfiles/htdocs/inventori-obat/app/Controllers/Dashboard.php(187): view('dashboard/atura...', Array)
#5 /Applications/XAMPP/xamppfiles/htdocs/inventori-obat/vendor/codeigniter4/framework/system/CodeIgniter.php(824): App\Controllers\Dashboard->aturan_obat()
#6 /Applications/XAMPP/xamppfiles/htdocs/inventori-obat/vendor/codeigniter4/framework/system/CodeIgniter.php(410): CodeIgniter\CodeIgniter->runController(Object(App\Controllers\Dashboard))
#7 /Applications/XAMPP/xamppfiles/htdocs/inventori-obat/vendor/codeigniter4/framework/system/CodeIgniter.php(318): CodeIgniter\CodeIgniter->handleRequest(NULL, Object(Config\Cache), false)
#8 /Applications/XAMPP/xamppfiles/htdocs/inventori-obat/public/index.php(37): CodeIgniter\CodeIgniter->run()
#9 /Applications/XAMPP/xamppfiles/htdocs/inventori-obat/vendor/codeigniter4/framework/system/Commands/Server/rewrite.php(43): require_once('/Applications/X...')
#10 {main}
ERROR - 2022-01-11 07:41:24 --> Unknown column 'no_rekamedis' in 'order clause'
CRITICAL - 2022-01-11 07:41:24 --> Unknown column 'no_rekamedis' in 'order clause'
#0 /Applications/XAMPP/xamppfiles/htdocs/inventori-obat/vendor/codeigniter4/framework/system/Database/MySQLi/Connection.php(292): mysqli->query('SELECT *\nFROM `...', 0)
#1 /Applications/XAMPP/xamppfiles/htdocs/inventori-obat/vendor/codeigniter4/framework/system/Database/BaseConnection.php(670): CodeIgniter\Database\MySQLi\Connection->execute('SELECT *\nFROM `...')
#2 /Applications/XAMPP/xamppfiles/htdocs/inventori-obat/vendor/codeigniter4/framework/system/Database/BaseConnection.php(598): CodeIgniter\Database\BaseConnection->simpleQuery('SELECT *\nFROM `...')
#3 /Applications/XAMPP/xamppfiles/htdocs/inventori-obat/vendor/codeigniter4/framework/system/Database/BaseBuilder.php(1443): CodeIgniter\Database\BaseConnection->query('SELECT *\nFROM `...', Array, false)
#4 /Applications/XAMPP/xamppfiles/htdocs/inventori-obat/vendor/codeigniter4/framework/system/Model.php(183): CodeIgniter\Database\BaseBuilder->get()
#5 /Applications/XAMPP/xamppfiles/htdocs/inventori-obat/vendor/codeigniter4/framework/system/BaseModel.php(584): CodeIgniter\Model->doFindAll(0, 0)
#6 /Applications/XAMPP/xamppfiles/htdocs/inventori-obat/app/Controllers/Pasien.php(9): CodeIgniter\BaseModel->findAll()
#7 /Applications/XAMPP/xamppfiles/htdocs/inventori-obat/vendor/codeigniter4/framework/system/CodeIgniter.php(824): App\Controllers\Pasien->pasienAdd()
#8 /Applications/XAMPP/xamppfiles/htdocs/inventori-obat/vendor/codeigniter4/framework/system/CodeIgniter.php(410): CodeIgniter\CodeIgniter->runController(Object(App\Controllers\Pasien))
#9 /Applications/XAMPP/xamppfiles/htdocs/inventori-obat/vendor/codeigniter4/framework/system/CodeIgniter.php(318): CodeIgniter\CodeIgniter->handleRequest(NULL, Object(Config\Cache), false)
#10 /Applications/XAMPP/xamppfiles/htdocs/inventori-obat/public/index.php(37): CodeIgniter\CodeIgniter->run()
#11 /Applications/XAMPP/xamppfiles/htdocs/inventori-obat/vendor/codeigniter4/framework/system/Commands/Server/rewrite.php(43): require_once('/Applications/X...')
#12 {main}
ERROR - 2022-01-11 08:21:06 --> Unknown column 'updated_at' in 'order clause'
CRITICAL - 2022-01-11 08:21:06 --> Unknown column 'updated_at' in 'order clause'
#0 /Applications/XAMPP/xamppfiles/htdocs/inventori-obat/vendor/codeigniter4/framework/system/Database/MySQLi/Connection.php(292): mysqli->query('SELECT *\nFROM `...', 0)
#1 /Applications/XAMPP/xamppfiles/htdocs/inventori-obat/vendor/codeigniter4/framework/system/Database/BaseConnection.php(670): CodeIgniter\Database\MySQLi\Connection->execute('SELECT *\nFROM `...')
#2 /Applications/XAMPP/xamppfiles/htdocs/inventori-obat/vendor/codeigniter4/framework/system/Database/BaseConnection.php(598): CodeIgniter\Database\BaseConnection->simpleQuery('SELECT *\nFROM `...')
#3 /Applications/XAMPP/xamppfiles/htdocs/inventori-obat/vendor/codeigniter4/framework/system/Database/BaseBuilder.php(1443): CodeIgniter\Database\BaseConnection->query('SELECT *\nFROM `...', Array, false)
#4 /Applications/XAMPP/xamppfiles/htdocs/inventori-obat/vendor/codeigniter4/framework/system/Model.php(183): CodeIgniter\Database\BaseBuilder->get()
#5 /Applications/XAMPP/xamppfiles/htdocs/inventori-obat/vendor/codeigniter4/framework/system/BaseModel.php(584): CodeIgniter\Model->doFindAll(0, 0)
#6 /Applications/XAMPP/xamppfiles/htdocs/inventori-obat/app/Controllers/Dashboard.php(167): CodeIgniter\BaseModel->findAll()
#7 /Applications/XAMPP/xamppfiles/htdocs/inventori-obat/vendor/codeigniter4/framework/system/CodeIgniter.php(824): App\Controllers\Dashboard->data_dokter()
#8 /Applications/XAMPP/xamppfiles/htdocs/inventori-obat/vendor/codeigniter4/framework/system/CodeIgniter.php(410): CodeIgniter\CodeIgniter->runController(Object(App\Controllers\Dashboard))
#9 /Applications/XAMPP/xamppfiles/htdocs/inventori-obat/vendor/codeigniter4/framework/system/CodeIgniter.php(318): CodeIgniter\CodeIgniter->handleRequest(NULL, Object(Config\Cache), false)
#10 /Applications/XAMPP/xamppfiles/htdocs/inventori-obat/public/index.php(37): CodeIgniter\CodeIgniter->run()
#11 /Applications/XAMPP/xamppfiles/htdocs/inventori-obat/vendor/codeigniter4/framework/system/Commands/Server/rewrite.php(43): require_once('/Applications/X...')
#12 {main}
ERROR - 2022-01-11 08:21:10 --> Unknown column 'no_rekamedis' in 'order clause'
CRITICAL - 2022-01-11 08:21:10 --> Unknown column 'no_rekamedis' in 'order clause'
#0 /Applications/XAMPP/xamppfiles/htdocs/inventori-obat/vendor/codeigniter4/framework/system/Database/MySQLi/Connection.php(292): mysqli->query('SELECT *\nFROM `...', 0)
#1 /Applications/XAMPP/xamppfiles/htdocs/inventori-obat/vendor/codeigniter4/framework/system/Database/BaseConnection.php(670): CodeIgniter\Database\MySQLi\Connection->execute('SELECT *\nFROM `...')
#2 /Applications/XAMPP/xamppfiles/htdocs/inventori-obat/vendor/codeigniter4/framework/system/Database/BaseConnection.php(598): CodeIgniter\Database\BaseConnection->simpleQuery('SELECT *\nFROM `...')
#3 /Applications/XAMPP/xamppfiles/htdocs/inventori-obat/vendor/codeigniter4/framework/system/Database/BaseBuilder.php(1443): CodeIgniter\Database\BaseConnection->query('SELECT *\nFROM `...', Array, false)
#4 /Applications/XAMPP/xamppfiles/htdocs/inventori-obat/vendor/codeigniter4/framework/system/Model.php(183): CodeIgniter\Database\BaseBuilder->get()
#5 /Applications/XAMPP/xamppfiles/htdocs/inventori-obat/vendor/codeigniter4/framework/system/BaseModel.php(584): CodeIgniter\Model->doFindAll(0, 0)
#6 /Applications/XAMPP/xamppfiles/htdocs/inventori-obat/app/Controllers/Pasien.php(9): CodeIgniter\BaseModel->findAll()
#7 /Applications/XAMPP/xamppfiles/htdocs/inventori-obat/vendor/codeigniter4/framework/system/CodeIgniter.php(824): App\Controllers\Pasien->pasienAdd()
#8 /Applications/XAMPP/xamppfiles/htdocs/inventori-obat/vendor/codeigniter4/framework/system/CodeIgniter.php(410): CodeIgniter\CodeIgniter->runController(Object(App\Controllers\Pasien))
#9 /Applications/XAMPP/xamppfiles/htdocs/inventori-obat/vendor/codeigniter4/framework/system/CodeIgniter.php(318): CodeIgniter\CodeIgniter->handleRequest(NULL, Object(Config\Cache), false)
#10 /Applications/XAMPP/xamppfiles/htdocs/inventori-obat/public/index.php(37): CodeIgniter\CodeIgniter->run()
#11 /Applications/XAMPP/xamppfiles/htdocs/inventori-obat/vendor/codeigniter4/framework/system/Commands/Server/rewrite.php(43): require_once('/Applications/X...')
#12 {main}
ERROR - 2022-01-11 08:35:17 --> Unknown column 'updated_at' in 'order clause'
CRITICAL - 2022-01-11 08:35:17 --> Unknown column 'updated_at' in 'order clause'
#0 /Applications/XAMPP/xamppfiles/htdocs/inventori-obat/vendor/codeigniter4/framework/system/Database/MySQLi/Connection.php(292): mysqli->query('SELECT *\nFROM `...', 0)
#1 /Applications/XAMPP/xamppfiles/htdocs/inventori-obat/vendor/codeigniter4/framework/system/Database/BaseConnection.php(670): CodeIgniter\Database\MySQLi\Connection->execute('SELECT *\nFROM `...')
#2 /Applications/XAMPP/xamppfiles/htdocs/inventori-obat/vendor/codeigniter4/framework/system/Database/BaseConnection.php(598): CodeIgniter\Database\BaseConnection->simpleQuery('SELECT *\nFROM `...')
#3 /Applications/XAMPP/xamppfiles/htdocs/inventori-obat/vendor/codeigniter4/framework/system/Database/BaseBuilder.php(1443): CodeIgniter\Database\BaseConnection->query('SELECT *\nFROM `...', Array, false)
#4 /Applications/XAMPP/xamppfiles/htdocs/inventori-obat/vendor/codeigniter4/framework/system/Model.php(183): CodeIgniter\Database\BaseBuilder->get()
#5 /Applications/XAMPP/xamppfiles/htdocs/inventori-obat/vendor/codeigniter4/framework/system/BaseModel.php(584): CodeIgniter\Model->doFindAll(0, 0)
#6 /Applications/XAMPP/xamppfiles/htdocs/inventori-obat/app/Controllers/Dashboard.php(176): CodeIgniter\BaseModel->findAll()
#7 /Applications/XAMPP/xamppfiles/htdocs/inventori-obat/vendor/codeigniter4/framework/system/CodeIgniter.php(824): App\Controllers\Dashboard->data_dokter()
#8 /Applications/XAMPP/xamppfiles/htdocs/inventori-obat/vendor/codeigniter4/framework/system/CodeIgniter.php(410): CodeIgniter\CodeIgniter->runController(Object(App\Controllers\Dashboard))
#9 /Applications/XAMPP/xamppfiles/htdocs/inventori-obat/vendor/codeigniter4/framework/system/CodeIgniter.php(318): CodeIgniter\CodeIgniter->handleRequest(NULL, Object(Config\Cache), false)
#10 /Applications/XAMPP/xamppfiles/htdocs/inventori-obat/public/index.php(37): CodeIgniter\CodeIgniter->run()
#11 /Applications/XAMPP/xamppfiles/htdocs/inventori-obat/vendor/codeigniter4/framework/system/Commands/Server/rewrite.php(43): require_once('/Applications/X...')
#12 {main}
ERROR - 2022-01-11 08:36:14 --> Unknown column 'updated_at' in 'order clause'
CRITICAL - 2022-01-11 08:36:14 --> Unknown column 'updated_at' in 'order clause'
#0 /Applications/XAMPP/xamppfiles/htdocs/inventori-obat/vendor/codeigniter4/framework/system/Database/MySQLi/Connection.php(292): mysqli->query('SELECT *\nFROM `...', 0)
#1 /Applications/XAMPP/xamppfiles/htdocs/inventori-obat/vendor/codeigniter4/framework/system/Database/BaseConnection.php(670): CodeIgniter\Database\MySQLi\Connection->execute('SELECT *\nFROM `...')
#2 /Applications/XAMPP/xamppfiles/htdocs/inventori-obat/vendor/codeigniter4/framework/system/Database/BaseConnection.php(598): CodeIgniter\Database\BaseConnection->simpleQuery('SELECT *\nFROM `...')
#3 /Applications/XAMPP/xamppfiles/htdocs/inventori-obat/vendor/codeigniter4/framework/system/Database/BaseBuilder.php(1443): CodeIgniter\Database\BaseConnection->query('SELECT *\nFROM `...', Array, false)
#4 /Applications/XAMPP/xamppfiles/htdocs/inventori-obat/vendor/codeigniter4/framework/system/Model.php(183): CodeIgniter\Database\BaseBuilder->get()
#5 /Applications/XAMPP/xamppfiles/htdocs/inventori-obat/vendor/codeigniter4/framework/system/BaseModel.php(584): CodeIgniter\Model->doFindAll(0, 0)
#6 /Applications/XAMPP/xamppfiles/htdocs/inventori-obat/app/Controllers/Dashboard.php(176): CodeIgniter\BaseModel->findAll()
#7 /Applications/XAMPP/xamppfiles/htdocs/inventori-obat/vendor/codeigniter4/framework/system/CodeIgniter.php(824): App\Controllers\Dashboard->data_dokter()
#8 /Applications/XAMPP/xamppfiles/htdocs/inventori-obat/vendor/codeigniter4/framework/system/CodeIgniter.php(410): CodeIgniter\CodeIgniter->runController(Object(App\Controllers\Dashboard))
#9 /Applications/XAMPP/xamppfiles/htdocs/inventori-obat/vendor/codeigniter4/framework/system/CodeIgniter.php(318): CodeIgniter\CodeIgniter->handleRequest(NULL, Object(Config\Cache), false)
#10 /Applications/XAMPP/xamppfiles/htdocs/inventori-obat/public/index.php(37): CodeIgniter\CodeIgniter->run()
#11 /Applications/XAMPP/xamppfiles/htdocs/inventori-obat/vendor/codeigniter4/framework/system/Commands/Server/rewrite.php(43): require_once('/Applications/X...')
#12 {main}
CRITICAL - 2022-01-11 08:41:45 --> Undefined variable $aturan
#0 /Applications/XAMPP/xamppfiles/htdocs/inventori-obat/app/Views/dashboard/dokter.php(101): CodeIgniter\Debug\Exceptions->errorHandler(2, 'Undefined varia...', '/Applications/X...', 101)
#1 /Applications/XAMPP/xamppfiles/htdocs/inventori-obat/vendor/codeigniter4/framework/system/View/View.php(214): include('/Applications/X...')
#2 /Applications/XAMPP/xamppfiles/htdocs/inventori-obat/vendor/codeigniter4/framework/system/View/View.php(217): CodeIgniter\View\View->CodeIgniter\View\{closure}()
#3 /Applications/XAMPP/xamppfiles/htdocs/inventori-obat/vendor/codeigniter4/framework/system/Common.php(1097): CodeIgniter\View\View->render('dashboard/dokte...', Array, true)
#4 /Applications/XAMPP/xamppfiles/htdocs/inventori-obat/app/Controllers/Dashboard.php(183): view('dashboard/dokte...', Array)
#5 /Applications/XAMPP/xamppfiles/htdocs/inventori-obat/vendor/codeigniter4/framework/system/CodeIgniter.php(824): App\Controllers\Dashboard->data_dokter()
#6 /Applications/XAMPP/xamppfiles/htdocs/inventori-obat/vendor/codeigniter4/framework/system/CodeIgniter.php(410): CodeIgniter\CodeIgniter->runController(Object(App\Controllers\Dashboard))
#7 /Applications/XAMPP/xamppfiles/htdocs/inventori-obat/vendor/codeigniter4/framework/system/CodeIgniter.php(318): CodeIgniter\CodeIgniter->handleRequest(NULL, Object(Config\Cache), false)
#8 /Applications/XAMPP/xamppfiles/htdocs/inventori-obat/public/index.php(37): CodeIgniter\CodeIgniter->run()
#9 /Applications/XAMPP/xamppfiles/htdocs/inventori-obat/vendor/codeigniter4/framework/system/Commands/Server/rewrite.php(43): require_once('/Applications/X...')
#10 {main}
CRITICAL - 2022-01-11 08:41:53 --> Undefined variable $aturan
#0 /Applications/XAMPP/xamppfiles/htdocs/inventori-obat/app/Views/dashboard/dokter.php(101): CodeIgniter\Debug\Exceptions->errorHandler(2, 'Undefined varia...', '/Applications/X...', 101)
#1 /Applications/XAMPP/xamppfiles/htdocs/inventori-obat/vendor/codeigniter4/framework/system/View/View.php(214): include('/Applications/X...')
#2 /Applications/XAMPP/xamppfiles/htdocs/inventori-obat/vendor/codeigniter4/framework/system/View/View.php(217): CodeIgniter\View\View->CodeIgniter\View\{closure}()
#3 /Applications/XAMPP/xamppfiles/htdocs/inventori-obat/vendor/codeigniter4/framework/system/Common.php(1097): CodeIgniter\View\View->render('dashboard/dokte...', Array, true)
#4 /Applications/XAMPP/xamppfiles/htdocs/inventori-obat/app/Controllers/Dashboard.php(183): view('dashboard/dokte...', Array)
#5 /Applications/XAMPP/xamppfiles/htdocs/inventori-obat/vendor/codeigniter4/framework/system/CodeIgniter.php(824): App\Controllers\Dashboard->data_dokter()
#6 /Applications/XAMPP/xamppfiles/htdocs/inventori-obat/vendor/codeigniter4/framework/system/CodeIgniter.php(410): CodeIgniter\CodeIgniter->runController(Object(App\Controllers\Dashboard))
#7 /Applications/XAMPP/xamppfiles/htdocs/inventori-obat/vendor/codeigniter4/framework/system/CodeIgniter.php(318): CodeIgniter\CodeIgniter->handleRequest(NULL, Object(Config\Cache), false)
#8 /Applications/XAMPP/xamppfiles/htdocs/inventori-obat/public/index.php(37): CodeIgniter\CodeIgniter->run()
#9 /Applications/XAMPP/xamppfiles/htdocs/inventori-obat/vendor/codeigniter4/framework/system/Commands/Server/rewrite.php(43): require_once('/Applications/X...')
#10 {main}
CRITICAL - 2022-01-11 08:41:56 --> Undefined variable $aturan
#0 /Applications/XAMPP/xamppfiles/htdocs/inventori-obat/app/Views/dashboard/dokter.php(101): CodeIgniter\Debug\Exceptions->errorHandler(2, 'Undefined varia...', '/Applications/X...', 101)
#1 /Applications/XAMPP/xamppfiles/htdocs/inventori-obat/vendor/codeigniter4/framework/system/View/View.php(214): include('/Applications/X...')
#2 /Applications/XAMPP/xamppfiles/htdocs/inventori-obat/vendor/codeigniter4/framework/system/View/View.php(217): CodeIgniter\View\View->CodeIgniter\View\{closure}()
#3 /Applications/XAMPP/xamppfiles/htdocs/inventori-obat/vendor/codeigniter4/framework/system/Common.php(1097): CodeIgniter\View\View->render('dashboard/dokte...', Array, true)
#4 /Applications/XAMPP/xamppfiles/htdocs/inventori-obat/app/Controllers/Dashboard.php(183): view('dashboard/dokte...', Array)
#5 /Applications/XAMPP/xamppfiles/htdocs/inventori-obat/vendor/codeigniter4/framework/system/CodeIgniter.php(824): App\Controllers\Dashboard->data_dokter()
#6 /Applications/XAMPP/xamppfiles/htdocs/inventori-obat/vendor/codeigniter4/framework/system/CodeIgniter.php(410): CodeIgniter\CodeIgniter->runController(Object(App\Controllers\Dashboard))
#7 /Applications/XAMPP/xamppfiles/htdocs/inventori-obat/vendor/codeigniter4/framework/system/CodeIgniter.php(318): CodeIgniter\CodeIgniter->handleRequest(NULL, Object(Config\Cache), false)
#8 /Applications/XAMPP/xamppfiles/htdocs/inventori-obat/public/index.php(37): CodeIgniter\CodeIgniter->run()
#9 /Applications/XAMPP/xamppfiles/htdocs/inventori-obat/vendor/codeigniter4/framework/system/Commands/Server/rewrite.php(43): require_once('/Applications/X...')
#10 {main}
CRITICAL - 2022-01-11 08:46:02 --> Undefined variable $aturan_usia
#0 /Applications/XAMPP/xamppfiles/htdocs/inventori-obat/app/Views/dashboard/dokter.php(131): CodeIgniter\Debug\Exceptions->errorHandler(2, 'Undefined varia...', '/Applications/X...', 131)
#1 /Applications/XAMPP/xamppfiles/htdocs/inventori-obat/vendor/codeigniter4/framework/system/View/View.php(214): include('/Applications/X...')
#2 /Applications/XAMPP/xamppfiles/htdocs/inventori-obat/vendor/codeigniter4/framework/system/View/View.php(217): CodeIgniter\View\View->CodeIgniter\View\{closure}()
#3 /Applications/XAMPP/xamppfiles/htdocs/inventori-obat/vendor/codeigniter4/framework/system/Common.php(1097): CodeIgniter\View\View->render('dashboard/dokte...', Array, true)
#4 /Applications/XAMPP/xamppfiles/htdocs/inventori-obat/app/Controllers/Dashboard.php(183): view('dashboard/dokte...', Array)
#5 /Applications/XAMPP/xamppfiles/htdocs/inventori-obat/vendor/codeigniter4/framework/system/CodeIgniter.php(824): App\Controllers\Dashboard->data_dokter()
#6 /Applications/XAMPP/xamppfiles/htdocs/inventori-obat/vendor/codeigniter4/framework/system/CodeIgniter.php(410): CodeIgniter\CodeIgniter->runController(Object(App\Controllers\Dashboard))
#7 /Applications/XAMPP/xamppfiles/htdocs/inventori-obat/vendor/codeigniter4/framework/system/CodeIgniter.php(318): CodeIgniter\CodeIgniter->handleRequest(NULL, Object(Config\Cache), false)
#8 /Applications/XAMPP/xamppfiles/htdocs/inventori-obat/public/index.php(37): CodeIgniter\CodeIgniter->run()
#9 /Applications/XAMPP/xamppfiles/htdocs/inventori-obat/vendor/codeigniter4/framework/system/Commands/Server/rewrite.php(43): require_once('/Applications/X...')
#10 {main}
CRITICAL - 2022-01-11 08:55:29 --> Undefined variable $aturan_usia
#0 /Applications/XAMPP/xamppfiles/htdocs/inventori-obat/app/Views/dashboard/dokter.php(166): CodeIgniter\Debug\Exceptions->errorHandler(2, 'Undefined varia...', '/Applications/X...', 166)
#1 /Applications/XAMPP/xamppfiles/htdocs/inventori-obat/vendor/codeigniter4/framework/system/View/View.php(214): include('/Applications/X...')
#2 /Applications/XAMPP/xamppfiles/htdocs/inventori-obat/vendor/codeigniter4/framework/system/View/View.php(217): CodeIgniter\View\View->CodeIgniter\View\{closure}()
#3 /Applications/XAMPP/xamppfiles/htdocs/inventori-obat/vendor/codeigniter4/framework/system/Common.php(1097): CodeIgniter\View\View->render('dashboard/dokte...', Array, true)
#4 /Applications/XAMPP/xamppfiles/htdocs/inventori-obat/app/Controllers/Dashboard.php(183): view('dashboard/dokte...', Array)
#5 /Applications/XAMPP/xamppfiles/htdocs/inventori-obat/vendor/codeigniter4/framework/system/CodeIgniter.php(824): App\Controllers\Dashboard->data_dokter()
#6 /Applications/XAMPP/xamppfiles/htdocs/inventori-obat/vendor/codeigniter4/framework/system/CodeIgniter.php(410): CodeIgniter\CodeIgniter->runController(Object(App\Controllers\Dashboard))
#7 /Applications/XAMPP/xamppfiles/htdocs/inventori-obat/vendor/codeigniter4/framework/system/CodeIgniter.php(318): CodeIgniter\CodeIgniter->handleRequest(NULL, Object(Config\Cache), false)
#8 /Applications/XAMPP/xamppfiles/htdocs/inventori-obat/public/index.php(37): CodeIgniter\CodeIgniter->run()
#9 /Applications/XAMPP/xamppfiles/htdocs/inventori-obat/vendor/codeigniter4/framework/system/Commands/Server/rewrite.php(43): require_once('/Applications/X...')
#10 {main}
CRITICAL - 2022-01-11 09:16:47 --> Cannot declare class App\Controllers\AturanObat, because the name is already in use
#0 [internal function]: CodeIgniter\Debug\Exceptions->shutdownHandler()
#1 {main}
CRITICAL - 2022-01-11 09:17:22 --> Cannot declare class App\Controllers\AturanObat, because the name is already in use
#0 [internal function]: CodeIgniter\Debug\Exceptions->shutdownHandler()
#1 {main}
ERROR - 2022-01-11 09:26:42 --> Unknown column 'no_rekamedis' in 'order clause'
CRITICAL - 2022-01-11 09:26:42 --> Unknown column 'no_rekamedis' in 'order clause'
#0 /Applications/XAMPP/xamppfiles/htdocs/inventori-obat/vendor/codeigniter4/framework/system/Database/MySQLi/Connection.php(292): mysqli->query('SELECT *\nFROM `...', 0)
#1 /Applications/XAMPP/xamppfiles/htdocs/inventori-obat/vendor/codeigniter4/framework/system/Database/BaseConnection.php(670): CodeIgniter\Database\MySQLi\Connection->execute('SELECT *\nFROM `...')
#2 /Applications/XAMPP/xamppfiles/htdocs/inventori-obat/vendor/codeigniter4/framework/system/Database/BaseConnection.php(598): CodeIgniter\Database\BaseConnection->simpleQuery('SELECT *\nFROM `...')
#3 /Applications/XAMPP/xamppfiles/htdocs/inventori-obat/vendor/codeigniter4/framework/system/Database/BaseBuilder.php(1443): CodeIgniter\Database\BaseConnection->query('SELECT *\nFROM `...', Array, false)
#4 /Applications/XAMPP/xamppfiles/htdocs/inventori-obat/vendor/codeigniter4/framework/system/Model.php(183): CodeIgniter\Database\BaseBuilder->get()
#5 /Applications/XAMPP/xamppfiles/htdocs/inventori-obat/vendor/codeigniter4/framework/system/BaseModel.php(584): CodeIgniter\Model->doFindAll(0, 0)
#6 /Applications/XAMPP/xamppfiles/htdocs/inventori-obat/app/Controllers/Pasien.php(9): CodeIgniter\BaseModel->findAll()
#7 /Applications/XAMPP/xamppfiles/htdocs/inventori-obat/vendor/codeigniter4/framework/system/CodeIgniter.php(824): App\Controllers\Pasien->pasienAdd()
#8 /Applications/XAMPP/xamppfiles/htdocs/inventori-obat/vendor/codeigniter4/framework/system/CodeIgniter.php(410): CodeIgniter\CodeIgniter->runController(Object(App\Controllers\Pasien))
#9 /Applications/XAMPP/xamppfiles/htdocs/inventori-obat/vendor/codeigniter4/framework/system/CodeIgniter.php(318): CodeIgniter\CodeIgniter->handleRequest(NULL, Object(Config\Cache), false)
#10 /Applications/XAMPP/xamppfiles/htdocs/inventori-obat/public/index.php(37): CodeIgniter\CodeIgniter->run()
#11 /Applications/XAMPP/xamppfiles/htdocs/inventori-obat/vendor/codeigniter4/framework/system/Commands/Server/rewrite.php(43): require_once('/Applications/X...')
#12 {main}
ERROR - 2022-01-11 09:34:36 --> Unknown column 'no_rekamedis' in 'order clause'
CRITICAL - 2022-01-11 09:34:36 --> Unknown column 'no_rekamedis' in 'order clause'
#0 /Applications/XAMPP/xamppfiles/htdocs/inventori-obat/vendor/codeigniter4/framework/system/Database/MySQLi/Connection.php(292): mysqli->query('SELECT *\nFROM `...', 0)
#1 /Applications/XAMPP/xamppfiles/htdocs/inventori-obat/vendor/codeigniter4/framework/system/Database/BaseConnection.php(670): CodeIgniter\Database\MySQLi\Connection->execute('SELECT *\nFROM `...')
#2 /Applications/XAMPP/xamppfiles/htdocs/inventori-obat/vendor/codeigniter4/framework/system/Database/BaseConnection.php(598): CodeIgniter\Database\BaseConnection->simpleQuery('SELECT *\nFROM `...')
#3 /Applications/XAMPP/xamppfiles/htdocs/inventori-obat/vendor/codeigniter4/framework/system/Database/BaseBuilder.php(1443): CodeIgniter\Database\BaseConnection->query('SELECT *\nFROM `...', Array, false)
#4 /Applications/XAMPP/xamppfiles/htdocs/inventori-obat/vendor/codeigniter4/framework/system/Model.php(183): CodeIgniter\Database\BaseBuilder->get()
#5 /Applications/XAMPP/xamppfiles/htdocs/inventori-obat/vendor/codeigniter4/framework/system/BaseModel.php(584): CodeIgniter\Model->doFindAll(0, 0)
#6 /Applications/XAMPP/xamppfiles/htdocs/inventori-obat/app/Controllers/Pasien.php(9): CodeIgniter\BaseModel->findAll()
#7 /Applications/XAMPP/xamppfiles/htdocs/inventori-obat/vendor/codeigniter4/framework/system/CodeIgniter.php(824): App\Controllers\Pasien->pasienAdd()
#8 /Applications/XAMPP/xamppfiles/htdocs/inventori-obat/vendor/codeigniter4/framework/system/CodeIgniter.php(410): CodeIgniter\CodeIgniter->runController(Object(App\Controllers\Pasien))
#9 /Applications/XAMPP/xamppfiles/htdocs/inventori-obat/vendor/codeigniter4/framework/system/CodeIgniter.php(318): CodeIgniter\CodeIgniter->handleRequest(NULL, Object(Config\Cache), false)
#10 /Applications/XAMPP/xamppfiles/htdocs/inventori-obat/public/index.php(37): CodeIgniter\CodeIgniter->run()
#11 /Applications/XAMPP/xamppfiles/htdocs/inventori-obat/vendor/codeigniter4/framework/system/Commands/Server/rewrite.php(43): require_once('/Applications/X...')
#12 {main}
CRITICAL - 2022-01-11 10:04:33 --> Undefined array key "nama_dokter"
#0 /Applications/XAMPP/xamppfiles/htdocs/inventori-obat/app/Controllers/Dashboard.php(142): CodeIgniter\Debug\Exceptions->errorHandler(2, 'Undefined array...', '/Applications/X...', 142)
#1 /Applications/XAMPP/xamppfiles/htdocs/inventori-obat/vendor/codeigniter4/framework/system/CodeIgniter.php(824): App\Controllers\Dashboard->resep_pasien()
#2 /Applications/XAMPP/xamppfiles/htdocs/inventori-obat/vendor/codeigniter4/framework/system/CodeIgniter.php(410): CodeIgniter\CodeIgniter->runController(Object(App\Controllers\Dashboard))
#3 /Applications/XAMPP/xamppfiles/htdocs/inventori-obat/vendor/codeigniter4/framework/system/CodeIgniter.php(318): CodeIgniter\CodeIgniter->handleRequest(NULL, Object(Config\Cache), false)
#4 /Applications/XAMPP/xamppfiles/htdocs/inventori-obat/public/index.php(37): CodeIgniter\CodeIgniter->run()
#5 /Applications/XAMPP/xamppfiles/htdocs/inventori-obat/vendor/codeigniter4/framework/system/Commands/Server/rewrite.php(43): require_once('/Applications/X...')
#6 {main}
CRITICAL - 2022-01-11 11:00:55 --> There is no data to insert.
#0 /Applications/XAMPP/xamppfiles/htdocs/inventori-obat/vendor/codeigniter4/framework/system/BaseModel.php(718): CodeIgniter\Database\Exceptions\DataException::forEmptyDataset('insert')
#1 /Applications/XAMPP/xamppfiles/htdocs/inventori-obat/vendor/codeigniter4/framework/system/Model.php(620): CodeIgniter\BaseModel->insert(Array, true)
#2 /Applications/XAMPP/xamppfiles/htdocs/inventori-obat/app/Controllers/AturanObat.php(9): CodeIgniter\Model->insert(Array)
#3 /Applications/XAMPP/xamppfiles/htdocs/inventori-obat/vendor/codeigniter4/framework/system/CodeIgniter.php(824): App\Controllers\AturanObat->create()
#4 /Applications/XAMPP/xamppfiles/htdocs/inventori-obat/vendor/codeigniter4/framework/system/CodeIgniter.php(410): CodeIgniter\CodeIgniter->runController(Object(App\Controllers\AturanObat))
#5 /Applications/XAMPP/xamppfiles/htdocs/inventori-obat/vendor/codeigniter4/framework/system/CodeIgniter.php(318): CodeIgniter\CodeIgniter->handleRequest(NULL, Object(Config\Cache), false)
#6 /Applications/XAMPP/xamppfiles/htdocs/inventori-obat/public/index.php(37): CodeIgniter\CodeIgniter->run()
#7 /Applications/XAMPP/xamppfiles/htdocs/inventori-obat/vendor/codeigniter4/framework/system/Commands/Server/rewrite.php(43): require_once('/Applications/X...')
#8 {main}
CRITICAL - 2022-01-11 11:01:07 --> There is no data to insert.
#0 /Applications/XAMPP/xamppfiles/htdocs/inventori-obat/vendor/codeigniter4/framework/system/BaseModel.php(718): CodeIgniter\Database\Exceptions\DataException::forEmptyDataset('insert')
#1 /Applications/XAMPP/xamppfiles/htdocs/inventori-obat/vendor/codeigniter4/framework/system/Model.php(620): CodeIgniter\BaseModel->insert(Array, true)
#2 /Applications/XAMPP/xamppfiles/htdocs/inventori-obat/app/Controllers/AturanObat.php(9): CodeIgniter\Model->insert(Array)
#3 /Applications/XAMPP/xamppfiles/htdocs/inventori-obat/vendor/codeigniter4/framework/system/CodeIgniter.php(824): App\Controllers\AturanObat->create()
#4 /Applications/XAMPP/xamppfiles/htdocs/inventori-obat/vendor/codeigniter4/framework/system/CodeIgniter.php(410): CodeIgniter\CodeIgniter->runController(Object(App\Controllers\AturanObat))
#5 /Applications/XAMPP/xamppfiles/htdocs/inventori-obat/vendor/codeigniter4/framework/system/CodeIgniter.php(318): CodeIgniter\CodeIgniter->handleRequest(NULL, Object(Config\Cache), false)
#6 /Applications/XAMPP/xamppfiles/htdocs/inventori-obat/public/index.php(37): CodeIgniter\CodeIgniter->run()
#7 /Applications/XAMPP/xamppfiles/htdocs/inventori-obat/vendor/codeigniter4/framework/system/Commands/Server/rewrite.php(43): require_once('/Applications/X...')
#8 {main}
CRITICAL - 2022-01-11 11:01:44 --> There is no data to insert.
#0 /Applications/XAMPP/xamppfiles/htdocs/inventori-obat/vendor/codeigniter4/framework/system/BaseModel.php(718): CodeIgniter\Database\Exceptions\DataException::forEmptyDataset('insert')
#1 /Applications/XAMPP/xamppfiles/htdocs/inventori-obat/vendor/codeigniter4/framework/system/Model.php(620): CodeIgniter\BaseModel->insert(Array, true)
#2 /Applications/XAMPP/xamppfiles/htdocs/inventori-obat/app/Controllers/AturanObat.php(9): CodeIgniter\Model->insert(Array)
#3 /Applications/XAMPP/xamppfiles/htdocs/inventori-obat/vendor/codeigniter4/framework/system/CodeIgniter.php(824): App\Controllers\AturanObat->create()
#4 /Applications/XAMPP/xamppfiles/htdocs/inventori-obat/vendor/codeigniter4/framework/system/CodeIgniter.php(410): CodeIgniter\CodeIgniter->runController(Object(App\Controllers\AturanObat))
#5 /Applications/XAMPP/xamppfiles/htdocs/inventori-obat/vendor/codeigniter4/framework/system/CodeIgniter.php(318): CodeIgniter\CodeIgniter->handleRequest(NULL, Object(Config\Cache), false)
#6 /Applications/XAMPP/xamppfiles/htdocs/inventori-obat/public/index.php(37): CodeIgniter\CodeIgniter->run()
#7 /Applications/XAMPP/xamppfiles/htdocs/inventori-obat/vendor/codeigniter4/framework/system/Commands/Server/rewrite.php(43): require_once('/Applications/X...')
#8 {main}
CRITICAL - 2022-01-11 11:05:48 --> Cannot access offset of type string on string
#0 /Applications/XAMPP/xamppfiles/htdocs/inventori-obat/vendor/codeigniter4/framework/system/View/View.php(214): include()
#1 /Applications/XAMPP/xamppfiles/htdocs/inventori-obat/vendor/codeigniter4/framework/system/View/View.php(217): CodeIgniter\View\View->CodeIgniter\View\{closure}()
#2 /Applications/XAMPP/xamppfiles/htdocs/inventori-obat/vendor/codeigniter4/framework/system/Common.php(1097): CodeIgniter\View\View->render('dashboard/pasie...', Array, true)
#3 /Applications/XAMPP/xamppfiles/htdocs/inventori-obat/app/Controllers/Dashboard.php(144): view('dashboard/pasie...', Array)
#4 /Applications/XAMPP/xamppfiles/htdocs/inventori-obat/vendor/codeigniter4/framework/system/CodeIgniter.php(824): App\Controllers\Dashboard->resep_pasien()
#5 /Applications/XAMPP/xamppfiles/htdocs/inventori-obat/vendor/codeigniter4/framework/system/CodeIgniter.php(410): CodeIgniter\CodeIgniter->runController(Object(App\Controllers\Dashboard))
#6 /Applications/XAMPP/xamppfiles/htdocs/inventori-obat/vendor/codeigniter4/framework/system/CodeIgniter.php(318): CodeIgniter\CodeIgniter->handleRequest(NULL, Object(Config\Cache), false)
#7 /Applications/XAMPP/xamppfiles/htdocs/inventori-obat/public/index.php(37): CodeIgniter\CodeIgniter->run()
#8 /Applications/XAMPP/xamppfiles/htdocs/inventori-obat/vendor/codeigniter4/framework/system/Commands/Server/rewrite.php(43): require_once('/Applications/X...')
#9 {main}
CRITICAL - 2022-01-11 11:06:37 --> Cannot access offset of type string on string
#0 /Applications/XAMPP/xamppfiles/htdocs/inventori-obat/vendor/codeigniter4/framework/system/View/View.php(214): include()
#1 /Applications/XAMPP/xamppfiles/htdocs/inventori-obat/vendor/codeigniter4/framework/system/View/View.php(217): CodeIgniter\View\View->CodeIgniter\View\{closure}()
#2 /Applications/XAMPP/xamppfiles/htdocs/inventori-obat/vendor/codeigniter4/framework/system/Common.php(1097): CodeIgniter\View\View->render('dashboard/pasie...', Array, true)
#3 /Applications/XAMPP/xamppfiles/htdocs/inventori-obat/app/Controllers/Dashboard.php(144): view('dashboard/pasie...', Array)
#4 /Applications/XAMPP/xamppfiles/htdocs/inventori-obat/vendor/codeigniter4/framework/system/CodeIgniter.php(824): App\Controllers\Dashboard->resep_pasien()
#5 /Applications/XAMPP/xamppfiles/htdocs/inventori-obat/vendor/codeigniter4/framework/system/CodeIgniter.php(410): CodeIgniter\CodeIgniter->runController(Object(App\Controllers\Dashboard))
#6 /Applications/XAMPP/xamppfiles/htdocs/inventori-obat/vendor/codeigniter4/framework/system/CodeIgniter.php(318): CodeIgniter\CodeIgniter->handleRequest(NULL, Object(Config\Cache), false)
#7 /Applications/XAMPP/xamppfiles/htdocs/inventori-obat/public/index.php(37): CodeIgniter\CodeIgniter->run()
#8 /Applications/XAMPP/xamppfiles/htdocs/inventori-obat/vendor/codeigniter4/framework/system/Commands/Server/rewrite.php(43): require_once('/Applications/X...')
#9 {main}
CRITICAL - 2022-01-11 11:06:47 --> Cannot access offset of type string on string
#0 /Applications/XAMPP/xamppfiles/htdocs/inventori-obat/vendor/codeigniter4/framework/system/View/View.php(214): include()
#1 /Applications/XAMPP/xamppfiles/htdocs/inventori-obat/vendor/codeigniter4/framework/system/View/View.php(217): CodeIgniter\View\View->CodeIgniter\View\{closure}()
#2 /Applications/XAMPP/xamppfiles/htdocs/inventori-obat/vendor/codeigniter4/framework/system/Common.php(1097): CodeIgniter\View\View->render('dashboard/pasie...', Array, true)
#3 /Applications/XAMPP/xamppfiles/htdocs/inventori-obat/app/Controllers/Dashboard.php(144): view('dashboard/pasie...', Array)
#4 /Applications/XAMPP/xamppfiles/htdocs/inventori-obat/vendor/codeigniter4/framework/system/CodeIgniter.php(824): App\Controllers\Dashboard->resep_pasien()
#5 /Applications/XAMPP/xamppfiles/htdocs/inventori-obat/vendor/codeigniter4/framework/system/CodeIgniter.php(410): CodeIgniter\CodeIgniter->runController(Object(App\Controllers\Dashboard))
#6 /Applications/XAMPP/xamppfiles/htdocs/inventori-obat/vendor/codeigniter4/framework/system/CodeIgniter.php(318): CodeIgniter\CodeIgniter->handleRequest(NULL, Object(Config\Cache), false)
#7 /Applications/XAMPP/xamppfiles/htdocs/inventori-obat/public/index.php(37): CodeIgniter\CodeIgniter->run()
#8 /Applications/XAMPP/xamppfiles/htdocs/inventori-obat/vendor/codeigniter4/framework/system/Commands/Server/rewrite.php(43): require_once('/Applications/X...')
#9 {main}
CRITICAL - 2022-01-11 11:07:46 --> Cannot access offset of type string on string
#0 /Applications/XAMPP/xamppfiles/htdocs/inventori-obat/vendor/codeigniter4/framework/system/View/View.php(214): include()
#1 /Applications/XAMPP/xamppfiles/htdocs/inventori-obat/vendor/codeigniter4/framework/system/View/View.php(217): CodeIgniter\View\View->CodeIgniter\View\{closure}()
#2 /Applications/XAMPP/xamppfiles/htdocs/inventori-obat/vendor/codeigniter4/framework/system/Common.php(1097): CodeIgniter\View\View->render('dashboard/pasie...', Array, true)
#3 /Applications/XAMPP/xamppfiles/htdocs/inventori-obat/app/Controllers/Dashboard.php(144): view('dashboard/pasie...', Array)
#4 /Applications/XAMPP/xamppfiles/htdocs/inventori-obat/vendor/codeigniter4/framework/system/CodeIgniter.php(824): App\Controllers\Dashboard->resep_pasien()
#5 /Applications/XAMPP/xamppfiles/htdocs/inventori-obat/vendor/codeigniter4/framework/system/CodeIgniter.php(410): CodeIgniter\CodeIgniter->runController(Object(App\Controllers\Dashboard))
#6 /Applications/XAMPP/xamppfiles/htdocs/inventori-obat/vendor/codeigniter4/framework/system/CodeIgniter.php(318): CodeIgniter\CodeIgniter->handleRequest(NULL, Object(Config\Cache), false)
#7 /Applications/XAMPP/xamppfiles/htdocs/inventori-obat/public/index.php(37): CodeIgniter\CodeIgniter->run()
#8 /Applications/XAMPP/xamppfiles/htdocs/inventori-obat/vendor/codeigniter4/framework/system/Commands/Server/rewrite.php(43): require_once('/Applications/X...')
#9 {main}
CRITICAL - 2022-01-11 11:07:57 --> Cannot access offset of type string on string
#0 /Applications/XAMPP/xamppfiles/htdocs/inventori-obat/vendor/codeigniter4/framework/system/View/View.php(214): include()
#1 /Applications/XAMPP/xamppfiles/htdocs/inventori-obat/vendor/codeigniter4/framework/system/View/View.php(217): CodeIgniter\View\View->CodeIgniter\View\{closure}()
#2 /Applications/XAMPP/xamppfiles/htdocs/inventori-obat/vendor/codeigniter4/framework/system/Common.php(1097): CodeIgniter\View\View->render('dashboard/pasie...', Array, true)
#3 /Applications/XAMPP/xamppfiles/htdocs/inventori-obat/app/Controllers/Dashboard.php(144): view('dashboard/pasie...', Array)
#4 /Applications/XAMPP/xamppfiles/htdocs/inventori-obat/vendor/codeigniter4/framework/system/CodeIgniter.php(824): App\Controllers\Dashboard->resep_pasien()
#5 /Applications/XAMPP/xamppfiles/htdocs/inventori-obat/vendor/codeigniter4/framework/system/CodeIgniter.php(410): CodeIgniter\CodeIgniter->runController(Object(App\Controllers\Dashboard))
#6 /Applications/XAMPP/xamppfiles/htdocs/inventori-obat/vendor/codeigniter4/framework/system/CodeIgniter.php(318): CodeIgniter\CodeIgniter->handleRequest(NULL, Object(Config\Cache), false)
#7 /Applications/XAMPP/xamppfiles/htdocs/inventori-obat/public/index.php(37): CodeIgniter\CodeIgniter->run()
#8 /Applications/XAMPP/xamppfiles/htdocs/inventori-obat/vendor/codeigniter4/framework/system/Commands/Server/rewrite.php(43): require_once('/Applications/X...')
#9 {main}
CRITICAL - 2022-01-11 11:09:16 --> Cannot access offset of type string on string
#0 /Applications/XAMPP/xamppfiles/htdocs/inventori-obat/vendor/codeigniter4/framework/system/View/View.php(214): include()
#1 /Applications/XAMPP/xamppfiles/htdocs/inventori-obat/vendor/codeigniter4/framework/system/View/View.php(217): CodeIgniter\View\View->CodeIgniter\View\{closure}()
#2 /Applications/XAMPP/xamppfiles/htdocs/inventori-obat/vendor/codeigniter4/framework/system/Common.php(1097): CodeIgniter\View\View->render('dashboard/pasie...', Array, true)
#3 /Applications/XAMPP/xamppfiles/htdocs/inventori-obat/app/Controllers/Dashboard.php(144): view('dashboard/pasie...', Array)
#4 /Applications/XAMPP/xamppfiles/htdocs/inventori-obat/vendor/codeigniter4/framework/system/CodeIgniter.php(824): App\Controllers\Dashboard->resep_pasien()
#5 /Applications/XAMPP/xamppfiles/htdocs/inventori-obat/vendor/codeigniter4/framework/system/CodeIgniter.php(410): CodeIgniter\CodeIgniter->runController(Object(App\Controllers\Dashboard))
#6 /Applications/XAMPP/xamppfiles/htdocs/inventori-obat/vendor/codeigniter4/framework/system/CodeIgniter.php(318): CodeIgniter\CodeIgniter->handleRequest(NULL, Object(Config\Cache), false)
#7 /Applications/XAMPP/xamppfiles/htdocs/inventori-obat/public/index.php(37): CodeIgniter\CodeIgniter->run()
#8 /Applications/XAMPP/xamppfiles/htdocs/inventori-obat/vendor/codeigniter4/framework/system/Commands/Server/rewrite.php(43): require_once('/Applications/X...')
#9 {main}
ERROR - 2022-01-11 11:26:36 --> Duplicate entry '000005' for key 'PRIMARY'
CRITICAL - 2022-01-11 11:26:36 --> Duplicate entry '000005' for key 'PRIMARY'
#0 /Applications/XAMPP/xamppfiles/htdocs/inventori-obat/vendor/codeigniter4/framework/system/Database/MySQLi/Connection.php(292): mysqli->query('UPDATE `tbl_res...', 0)
#1 /Applications/XAMPP/xamppfiles/htdocs/inventori-obat/vendor/codeigniter4/framework/system/Database/BaseConnection.php(670): CodeIgniter\Database\MySQLi\Connection->execute('UPDATE `tbl_res...')
#2 /Applications/XAMPP/xamppfiles/htdocs/inventori-obat/vendor/codeigniter4/framework/system/Database/BaseConnection.php(598): CodeIgniter\Database\BaseConnection->simpleQuery('UPDATE `tbl_res...')
#3 /Applications/XAMPP/xamppfiles/htdocs/inventori-obat/vendor/codeigniter4/framework/system/Database/BaseBuilder.php(1901): CodeIgniter\Database\BaseConnection->query('UPDATE `tbl_res...', Array, false)
#4 /Applications/XAMPP/xamppfiles/htdocs/inventori-obat/vendor/codeigniter4/framework/system/Model.php(298): CodeIgniter\Database\BaseBuilder->update()
#5 /Applications/XAMPP/xamppfiles/htdocs/inventori-obat/vendor/codeigniter4/framework/system/BaseModel.php(865): CodeIgniter\Model->doUpdate(NULL, Array)
#6 /Applications/XAMPP/xamppfiles/htdocs/inventori-obat/vendor/codeigniter4/framework/system/Model.php(646): CodeIgniter\BaseModel->update(NULL, Array)
#7 /Applications/XAMPP/xamppfiles/htdocs/inventori-obat/app/Controllers/Pasien.php(16): CodeIgniter\Model->update(NULL, Array)
#8 /Applications/XAMPP/xamppfiles/htdocs/inventori-obat/vendor/codeigniter4/framework/system/CodeIgniter.php(824): App\Controllers\Pasien->update()
#9 /Applications/XAMPP/xamppfiles/htdocs/inventori-obat/vendor/codeigniter4/framework/system/CodeIgniter.php(410): CodeIgniter\CodeIgniter->runController(Object(App\Controllers\Pasien))
#10 /Applications/XAMPP/xamppfiles/htdocs/inventori-obat/vendor/codeigniter4/framework/system/CodeIgniter.php(318): CodeIgniter\CodeIgniter->handleRequest(NULL, Object(Config\Cache), false)
#11 /Applications/XAMPP/xamppfiles/htdocs/inventori-obat/public/index.php(37): CodeIgniter\CodeIgniter->run()
#12 /Applications/XAMPP/xamppfiles/htdocs/inventori-obat/vendor/codeigniter4/framework/system/Commands/Server/rewrite.php(43): require_once('/Applications/X...')
#13 {main}
ERROR - 2022-01-11 11:28:22 --> Duplicate entry '000005' for key 'PRIMARY'
CRITICAL - 2022-01-11 11:28:22 --> Duplicate entry '000005' for key 'PRIMARY'
#0 /Applications/XAMPP/xamppfiles/htdocs/inventori-obat/vendor/codeigniter4/framework/system/Database/MySQLi/Connection.php(292): mysqli->query('UPDATE `tbl_res...', 0)
#1 /Applications/XAMPP/xamppfiles/htdocs/inventori-obat/vendor/codeigniter4/framework/system/Database/BaseConnection.php(670): CodeIgniter\Database\MySQLi\Connection->execute('UPDATE `tbl_res...')
#2 /Applications/XAMPP/xamppfiles/htdocs/inventori-obat/vendor/codeigniter4/framework/system/Database/BaseConnection.php(598): CodeIgniter\Database\BaseConnection->simpleQuery('UPDATE `tbl_res...')
#3 /Applications/XAMPP/xamppfiles/htdocs/inventori-obat/vendor/codeigniter4/framework/system/Database/BaseBuilder.php(1901): CodeIgniter\Database\BaseConnection->query('UPDATE `tbl_res...', Array, false)
#4 /Applications/XAMPP/xamppfiles/htdocs/inventori-obat/vendor/codeigniter4/framework/system/Model.php(298): CodeIgniter\Database\BaseBuilder->update()
#5 /Applications/XAMPP/xamppfiles/htdocs/inventori-obat/vendor/codeigniter4/framework/system/BaseModel.php(865): CodeIgniter\Model->doUpdate(NULL, Array)
#6 /Applications/XAMPP/xamppfiles/htdocs/inventori-obat/vendor/codeigniter4/framework/system/Model.php(646): CodeIgniter\BaseModel->update(NULL, Array)
#7 /Applications/XAMPP/xamppfiles/htdocs/inventori-obat/app/Controllers/Pasien.php(16): CodeIgniter\Model->update(NULL, Array)
#8 /Applications/XAMPP/xamppfiles/htdocs/inventori-obat/vendor/codeigniter4/framework/system/CodeIgniter.php(824): App\Controllers\Pasien->update()
#9 /Applications/XAMPP/xamppfiles/htdocs/inventori-obat/vendor/codeigniter4/framework/system/CodeIgniter.php(410): CodeIgniter\CodeIgniter->runController(Object(App\Controllers\Pasien))
#10 /Applications/XAMPP/xamppfiles/htdocs/inventori-obat/vendor/codeigniter4/framework/system/CodeIgniter.php(318): CodeIgniter\CodeIgniter->handleRequest(NULL, Object(Config\Cache), false)
#11 /Applications/XAMPP/xamppfiles/htdocs/inventori-obat/public/index.php(37): CodeIgniter\CodeIgniter->run()
#12 /Applications/XAMPP/xamppfiles/htdocs/inventori-obat/vendor/codeigniter4/framework/system/Commands/Server/rewrite.php(43): require_once('/Applications/X...')
#13 {main}
CRITICAL - 2022-01-11 12:29:46 --> Undefined variable $roles
#0 /Applications/XAMPP/xamppfiles/htdocs/inventori-obat/app/Views/user/user_list.php(139): CodeIgniter\Debug\Exceptions->errorHandler(2, 'Undefined varia...', '/Applications/X...', 139)
#1 /Applications/XAMPP/xamppfiles/htdocs/inventori-obat/vendor/codeigniter4/framework/system/View/View.php(214): include('/Applications/X...')
#2 /Applications/XAMPP/xamppfiles/htdocs/inventori-obat/vendor/codeigniter4/framework/system/View/View.php(217): CodeIgniter\View\View->CodeIgniter\View\{closure}()
#3 /Applications/XAMPP/xamppfiles/htdocs/inventori-obat/vendor/codeigniter4/framework/system/Common.php(1097): CodeIgniter\View\View->render('user/user_list', Array, true)
#4 /Applications/XAMPP/xamppfiles/htdocs/inventori-obat/app/Controllers/Dashboard.php(71): view('user/user_list', Array)
#5 /Applications/XAMPP/xamppfiles/htdocs/inventori-obat/vendor/codeigniter4/framework/system/CodeIgniter.php(824): App\Controllers\Dashboard->kelola_user()
#6 /Applications/XAMPP/xamppfiles/htdocs/inventori-obat/vendor/codeigniter4/framework/system/CodeIgniter.php(410): CodeIgniter\CodeIgniter->runController(Object(App\Controllers\Dashboard))
#7 /Applications/XAMPP/xamppfiles/htdocs/inventori-obat/vendor/codeigniter4/framework/system/CodeIgniter.php(318): CodeIgniter\CodeIgniter->handleRequest(NULL, Object(Config\Cache), false)
#8 /Applications/XAMPP/xamppfiles/htdocs/inventori-obat/public/index.php(37): CodeIgniter\CodeIgniter->run()
#9 /Applications/XAMPP/xamppfiles/htdocs/inventori-obat/vendor/codeigniter4/framework/system/Commands/Server/rewrite.php(43): require_once('/Applications/X...')
#10 {main}
CRITICAL - 2022-01-11 20:43:45 --> Undefined array key "no_rekamedis"
#0 /Applications/XAMPP/xamppfiles/htdocs/inventori-obat/app/Controllers/ResepObat.php(25): CodeIgniter\Debug\Exceptions->errorHandler(2, 'Undefined array...', '/Applications/X...', 25)
#1 /Applications/XAMPP/xamppfiles/htdocs/inventori-obat/vendor/codeigniter4/framework/system/CodeIgniter.php(824): App\Controllers\ResepObat->cetakResep('9')
#2 /Applications/XAMPP/xamppfiles/htdocs/inventori-obat/vendor/codeigniter4/framework/system/CodeIgniter.php(410): CodeIgniter\CodeIgniter->runController(Object(App\Controllers\ResepObat))
#3 /Applications/XAMPP/xamppfiles/htdocs/inventori-obat/vendor/codeigniter4/framework/system/CodeIgniter.php(318): CodeIgniter\CodeIgniter->handleRequest(NULL, Object(Config\Cache), false)
#4 /Applications/XAMPP/xamppfiles/htdocs/inventori-obat/public/index.php(37): CodeIgniter\CodeIgniter->run()
#5 /Applications/XAMPP/xamppfiles/htdocs/inventori-obat/vendor/codeigniter4/framework/system/Commands/Server/rewrite.php(43): require_once('/Applications/X...')
#6 {main}
CRITICAL - 2022-01-11 20:43:57 --> Undefined array key "no_rekamedis"
#0 /Applications/XAMPP/xamppfiles/htdocs/inventori-obat/app/Controllers/ResepObat.php(25): CodeIgniter\Debug\Exceptions->errorHandler(2, 'Undefined array...', '/Applications/X...', 25)
#1 /Applications/XAMPP/xamppfiles/htdocs/inventori-obat/vendor/codeigniter4/framework/system/CodeIgniter.php(824): App\Controllers\ResepObat->cetakResep('11')
#2 /Applications/XAMPP/xamppfiles/htdocs/inventori-obat/vendor/codeigniter4/framework/system/CodeIgniter.php(410): CodeIgniter\CodeIgniter->runController(Object(App\Controllers\ResepObat))
#3 /Applications/XAMPP/xamppfiles/htdocs/inventori-obat/vendor/codeigniter4/framework/system/CodeIgniter.php(318): CodeIgniter\CodeIgniter->handleRequest(NULL, Object(Config\Cache), false)
#4 /Applications/XAMPP/xamppfiles/htdocs/inventori-obat/public/index.php(37): CodeIgniter\CodeIgniter->run()
#5 /Applications/XAMPP/xamppfiles/htdocs/inventori-obat/vendor/codeigniter4/framework/system/Commands/Server/rewrite.php(43): require_once('/Applications/X...')
#6 {main}
CRITICAL - 2022-01-11 20:48:17 --> Undefined array key "no_rekamedis"
#0 /Applications/XAMPP/xamppfiles/htdocs/inventori-obat/app/Views/resep/resep_add.php(73): CodeIgniter\Debug\Exceptions->errorHandler(2, 'Undefined array...', '/Applications/X...', 73)
#1 /Applications/XAMPP/xamppfiles/htdocs/inventori-obat/vendor/codeigniter4/framework/system/View/View.php(214): include('/Applications/X...')
#2 /Applications/XAMPP/xamppfiles/htdocs/inventori-obat/vendor/codeigniter4/framework/system/View/View.php(217): CodeIgniter\View\View->CodeIgniter\View\{closure}()
#3 /Applications/XAMPP/xamppfiles/htdocs/inventori-obat/vendor/codeigniter4/framework/system/Common.php(1097): CodeIgniter\View\View->render('resep/resep_add', Array, true)
#4 /Applications/XAMPP/xamppfiles/htdocs/inventori-obat/app/Controllers/ResepObat.php(15): view('resep/resep_add', Array)
#5 /Applications/XAMPP/xamppfiles/htdocs/inventori-obat/vendor/codeigniter4/framework/system/CodeIgniter.php(824): App\Controllers\ResepObat->resepAdd()
#6 /Applications/XAMPP/xamppfiles/htdocs/inventori-obat/vendor/codeigniter4/framework/system/CodeIgniter.php(410): CodeIgniter\CodeIgniter->runController(Object(App\Controllers\ResepObat))
#7 /Applications/XAMPP/xamppfiles/htdocs/inventori-obat/vendor/codeigniter4/framework/system/CodeIgniter.php(318): CodeIgniter\CodeIgniter->handleRequest(NULL, Object(Config\Cache), false)
#8 /Applications/XAMPP/xamppfiles/htdocs/inventori-obat/public/index.php(37): CodeIgniter\CodeIgniter->run()
#9 /Applications/XAMPP/xamppfiles/htdocs/inventori-obat/vendor/codeigniter4/framework/system/Commands/Server/rewrite.php(43): require_once('/Applications/X...')
#10 {main}
CRITICAL - 2022-01-11 20:54:53 --> Undefined array key "kode_obat"
#0 /Applications/XAMPP/xamppfiles/htdocs/inventori-obat/app/Views/dashboard/pengambilan_obat.php(38): CodeIgniter\Debug\Exceptions->errorHandler(2, 'Undefined array...', '/Applications/X...', 38)
#1 /Applications/XAMPP/xamppfiles/htdocs/inventori-obat/vendor/codeigniter4/framework/system/View/View.php(214): include('/Applications/X...')
#2 /Applications/XAMPP/xamppfiles/htdocs/inventori-obat/vendor/codeigniter4/framework/system/View/View.php(217): CodeIgniter\View\View->CodeIgniter\View\{closure}()
#3 /Applications/XAMPP/xamppfiles/htdocs/inventori-obat/vendor/codeigniter4/framework/system/Common.php(1097): CodeIgniter\View\View->render('dashboard/penga...', Array, true)
#4 /Applications/XAMPP/xamppfiles/htdocs/inventori-obat/app/Controllers/Dashboard.php(259): view('dashboard/penga...', Array)
#5 /Applications/XAMPP/xamppfiles/htdocs/inventori-obat/vendor/codeigniter4/framework/system/CodeIgniter.php(824): App\Controllers\Dashboard->pengambilan_obat()
#6 /Applications/XAMPP/xamppfiles/htdocs/inventori-obat/vendor/codeigniter4/framework/system/CodeIgniter.php(410): CodeIgniter\CodeIgniter->runController(Object(App\Controllers\Dashboard))
#7 /Applications/XAMPP/xamppfiles/htdocs/inventori-obat/vendor/codeigniter4/framework/system/CodeIgniter.php(318): CodeIgniter\CodeIgniter->handleRequest(NULL, Object(Config\Cache), false)
#8 /Applications/XAMPP/xamppfiles/htdocs/inventori-obat/public/index.php(37): CodeIgniter\CodeIgniter->run()
#9 /Applications/XAMPP/xamppfiles/htdocs/inventori-obat/vendor/codeigniter4/framework/system/Commands/Server/rewrite.php(43): require_once('/Applications/X...')
#10 {main}
