ERROR - 2022-06-23 20:38:58 --> Unknown column 'updated_at' in 'order clause'
CRITICAL - 2022-06-23 20:38:58 --> Unknown column 'updated_at' in 'order clause'
#0 /Applications/XAMPP/xamppfiles/htdocs/si_dudcha/vendor/codeigniter4/framework/system/Database/MySQLi/Connection.php(292): mysqli->query('SELECT *\nFROM `...', 0)
#1 /Applications/XAMPP/xamppfiles/htdocs/si_dudcha/vendor/codeigniter4/framework/system/Database/BaseConnection.php(670): CodeIgniter\Database\MySQLi\Connection->execute('SELECT *\nFROM `...')
#2 /Applications/XAMPP/xamppfiles/htdocs/si_dudcha/vendor/codeigniter4/framework/system/Database/BaseConnection.php(598): CodeIgniter\Database\BaseConnection->simpleQuery('SELECT *\nFROM `...')
#3 /Applications/XAMPP/xamppfiles/htdocs/si_dudcha/vendor/codeigniter4/framework/system/Database/BaseBuilder.php(1455): CodeIgniter\Database\BaseConnection->query('SELECT *\nFROM `...', Array, false)
#4 /Applications/XAMPP/xamppfiles/htdocs/si_dudcha/vendor/codeigniter4/framework/system/Model.php(183): CodeIgniter\Database\BaseBuilder->get()
#5 /Applications/XAMPP/xamppfiles/htdocs/si_dudcha/vendor/codeigniter4/framework/system/BaseModel.php(584): CodeIgniter\Model->doFindAll(0, 0)
#6 /Applications/XAMPP/xamppfiles/htdocs/si_dudcha/app/Controllers/Dashboard.php(201): CodeIgniter\BaseModel->findAll()
#7 /Applications/XAMPP/xamppfiles/htdocs/si_dudcha/vendor/codeigniter4/framework/system/CodeIgniter.php(825): App\Controllers\Dashboard->outlet()
#8 /Applications/XAMPP/xamppfiles/htdocs/si_dudcha/vendor/codeigniter4/framework/system/CodeIgniter.php(412): CodeIgniter\CodeIgniter->runController(Object(App\Controllers\Dashboard))
#9 /Applications/XAMPP/xamppfiles/htdocs/si_dudcha/vendor/codeigniter4/framework/system/CodeIgniter.php(320): CodeIgniter\CodeIgniter->handleRequest(NULL, Object(Config\Cache), false)
#10 /Applications/XAMPP/xamppfiles/htdocs/si_dudcha/public/index.php(37): CodeIgniter\CodeIgniter->run()
#11 /Applications/XAMPP/xamppfiles/htdocs/si_dudcha/vendor/codeigniter4/framework/system/Commands/Server/rewrite.php(43): require_once('/Applications/X...')
#12 {main}
ERROR - 2022-06-23 20:41:01 --> Unknown column 'updated_at' in 'order clause'
CRITICAL - 2022-06-23 20:41:01 --> Unknown column 'updated_at' in 'order clause'
#0 /Applications/XAMPP/xamppfiles/htdocs/si_dudcha/vendor/codeigniter4/framework/system/Database/MySQLi/Connection.php(292): mysqli->query('SELECT *\nFROM `...', 0)
#1 /Applications/XAMPP/xamppfiles/htdocs/si_dudcha/vendor/codeigniter4/framework/system/Database/BaseConnection.php(670): CodeIgniter\Database\MySQLi\Connection->execute('SELECT *\nFROM `...')
#2 /Applications/XAMPP/xamppfiles/htdocs/si_dudcha/vendor/codeigniter4/framework/system/Database/BaseConnection.php(598): CodeIgniter\Database\BaseConnection->simpleQuery('SELECT *\nFROM `...')
#3 /Applications/XAMPP/xamppfiles/htdocs/si_dudcha/vendor/codeigniter4/framework/system/Database/BaseBuilder.php(1455): CodeIgniter\Database\BaseConnection->query('SELECT *\nFROM `...', Array, false)
#4 /Applications/XAMPP/xamppfiles/htdocs/si_dudcha/vendor/codeigniter4/framework/system/Model.php(183): CodeIgniter\Database\BaseBuilder->get()
#5 /Applications/XAMPP/xamppfiles/htdocs/si_dudcha/vendor/codeigniter4/framework/system/BaseModel.php(584): CodeIgniter\Model->doFindAll(0, 0)
#6 /Applications/XAMPP/xamppfiles/htdocs/si_dudcha/app/Controllers/Dashboard.php(201): CodeIgniter\BaseModel->findAll()
#7 /Applications/XAMPP/xamppfiles/htdocs/si_dudcha/vendor/codeigniter4/framework/system/CodeIgniter.php(825): App\Controllers\Dashboard->outlet()
#8 /Applications/XAMPP/xamppfiles/htdocs/si_dudcha/vendor/codeigniter4/framework/system/CodeIgniter.php(412): CodeIgniter\CodeIgniter->runController(Object(App\Controllers\Dashboard))
#9 /Applications/XAMPP/xamppfiles/htdocs/si_dudcha/vendor/codeigniter4/framework/system/CodeIgniter.php(320): CodeIgniter\CodeIgniter->handleRequest(NULL, Object(Config\Cache), false)
#10 /Applications/XAMPP/xamppfiles/htdocs/si_dudcha/public/index.php(37): CodeIgniter\CodeIgniter->run()
#11 /Applications/XAMPP/xamppfiles/htdocs/si_dudcha/vendor/codeigniter4/framework/system/Commands/Server/rewrite.php(43): require_once('/Applications/X...')
#12 {main}
ERROR - 2022-06-23 20:41:04 --> Unknown column 'updated_at' in 'order clause'
CRITICAL - 2022-06-23 20:41:04 --> Unknown column 'updated_at' in 'order clause'
#0 /Applications/XAMPP/xamppfiles/htdocs/si_dudcha/vendor/codeigniter4/framework/system/Database/MySQLi/Connection.php(292): mysqli->query('SELECT *\nFROM `...', 0)
#1 /Applications/XAMPP/xamppfiles/htdocs/si_dudcha/vendor/codeigniter4/framework/system/Database/BaseConnection.php(670): CodeIgniter\Database\MySQLi\Connection->execute('SELECT *\nFROM `...')
#2 /Applications/XAMPP/xamppfiles/htdocs/si_dudcha/vendor/codeigniter4/framework/system/Database/BaseConnection.php(598): CodeIgniter\Database\BaseConnection->simpleQuery('SELECT *\nFROM `...')
#3 /Applications/XAMPP/xamppfiles/htdocs/si_dudcha/vendor/codeigniter4/framework/system/Database/BaseBuilder.php(1455): CodeIgniter\Database\BaseConnection->query('SELECT *\nFROM `...', Array, false)
#4 /Applications/XAMPP/xamppfiles/htdocs/si_dudcha/vendor/codeigniter4/framework/system/Model.php(183): CodeIgniter\Database\BaseBuilder->get()
#5 /Applications/XAMPP/xamppfiles/htdocs/si_dudcha/vendor/codeigniter4/framework/system/BaseModel.php(584): CodeIgniter\Model->doFindAll(0, 0)
#6 /Applications/XAMPP/xamppfiles/htdocs/si_dudcha/app/Controllers/Dashboard.php(201): CodeIgniter\BaseModel->findAll()
#7 /Applications/XAMPP/xamppfiles/htdocs/si_dudcha/vendor/codeigniter4/framework/system/CodeIgniter.php(825): App\Controllers\Dashboard->outlet()
#8 /Applications/XAMPP/xamppfiles/htdocs/si_dudcha/vendor/codeigniter4/framework/system/CodeIgniter.php(412): CodeIgniter\CodeIgniter->runController(Object(App\Controllers\Dashboard))
#9 /Applications/XAMPP/xamppfiles/htdocs/si_dudcha/vendor/codeigniter4/framework/system/CodeIgniter.php(320): CodeIgniter\CodeIgniter->handleRequest(NULL, Object(Config\Cache), false)
#10 /Applications/XAMPP/xamppfiles/htdocs/si_dudcha/public/index.php(37): CodeIgniter\CodeIgniter->run()
#11 /Applications/XAMPP/xamppfiles/htdocs/si_dudcha/vendor/codeigniter4/framework/system/Commands/Server/rewrite.php(43): require_once('/Applications/X...')
#12 {main}
ERROR - 2022-06-23 20:41:25 --> Unknown column 'updated_at' in 'order clause'
CRITICAL - 2022-06-23 20:41:25 --> Unknown column 'updated_at' in 'order clause'
#0 /Applications/XAMPP/xamppfiles/htdocs/si_dudcha/vendor/codeigniter4/framework/system/Database/MySQLi/Connection.php(292): mysqli->query('SELECT *\nFROM `...', 0)
#1 /Applications/XAMPP/xamppfiles/htdocs/si_dudcha/vendor/codeigniter4/framework/system/Database/BaseConnection.php(670): CodeIgniter\Database\MySQLi\Connection->execute('SELECT *\nFROM `...')
#2 /Applications/XAMPP/xamppfiles/htdocs/si_dudcha/vendor/codeigniter4/framework/system/Database/BaseConnection.php(598): CodeIgniter\Database\BaseConnection->simpleQuery('SELECT *\nFROM `...')
#3 /Applications/XAMPP/xamppfiles/htdocs/si_dudcha/vendor/codeigniter4/framework/system/Database/BaseBuilder.php(1455): CodeIgniter\Database\BaseConnection->query('SELECT *\nFROM `...', Array, false)
#4 /Applications/XAMPP/xamppfiles/htdocs/si_dudcha/vendor/codeigniter4/framework/system/Model.php(183): CodeIgniter\Database\BaseBuilder->get()
#5 /Applications/XAMPP/xamppfiles/htdocs/si_dudcha/vendor/codeigniter4/framework/system/BaseModel.php(584): CodeIgniter\Model->doFindAll(0, 0)
#6 /Applications/XAMPP/xamppfiles/htdocs/si_dudcha/app/Controllers/Dashboard.php(201): CodeIgniter\BaseModel->findAll()
#7 /Applications/XAMPP/xamppfiles/htdocs/si_dudcha/vendor/codeigniter4/framework/system/CodeIgniter.php(825): App\Controllers\Dashboard->outlet()
#8 /Applications/XAMPP/xamppfiles/htdocs/si_dudcha/vendor/codeigniter4/framework/system/CodeIgniter.php(412): CodeIgniter\CodeIgniter->runController(Object(App\Controllers\Dashboard))
#9 /Applications/XAMPP/xamppfiles/htdocs/si_dudcha/vendor/codeigniter4/framework/system/CodeIgniter.php(320): CodeIgniter\CodeIgniter->handleRequest(NULL, Object(Config\Cache), false)
#10 /Applications/XAMPP/xamppfiles/htdocs/si_dudcha/public/index.php(37): CodeIgniter\CodeIgniter->run()
#11 /Applications/XAMPP/xamppfiles/htdocs/si_dudcha/vendor/codeigniter4/framework/system/Commands/Server/rewrite.php(43): require_once('/Applications/X...')
#12 {main}
ERROR - 2022-06-23 20:41:26 --> Unknown column 'updated_at' in 'order clause'
CRITICAL - 2022-06-23 20:41:26 --> Unknown column 'updated_at' in 'order clause'
#0 /Applications/XAMPP/xamppfiles/htdocs/si_dudcha/vendor/codeigniter4/framework/system/Database/MySQLi/Connection.php(292): mysqli->query('SELECT *\nFROM `...', 0)
#1 /Applications/XAMPP/xamppfiles/htdocs/si_dudcha/vendor/codeigniter4/framework/system/Database/BaseConnection.php(670): CodeIgniter\Database\MySQLi\Connection->execute('SELECT *\nFROM `...')
#2 /Applications/XAMPP/xamppfiles/htdocs/si_dudcha/vendor/codeigniter4/framework/system/Database/BaseConnection.php(598): CodeIgniter\Database\BaseConnection->simpleQuery('SELECT *\nFROM `...')
#3 /Applications/XAMPP/xamppfiles/htdocs/si_dudcha/vendor/codeigniter4/framework/system/Database/BaseBuilder.php(1455): CodeIgniter\Database\BaseConnection->query('SELECT *\nFROM `...', Array, false)
#4 /Applications/XAMPP/xamppfiles/htdocs/si_dudcha/vendor/codeigniter4/framework/system/Model.php(183): CodeIgniter\Database\BaseBuilder->get()
#5 /Applications/XAMPP/xamppfiles/htdocs/si_dudcha/vendor/codeigniter4/framework/system/BaseModel.php(584): CodeIgniter\Model->doFindAll(0, 0)
#6 /Applications/XAMPP/xamppfiles/htdocs/si_dudcha/app/Controllers/Dashboard.php(201): CodeIgniter\BaseModel->findAll()
#7 /Applications/XAMPP/xamppfiles/htdocs/si_dudcha/vendor/codeigniter4/framework/system/CodeIgniter.php(825): App\Controllers\Dashboard->outlet()
#8 /Applications/XAMPP/xamppfiles/htdocs/si_dudcha/vendor/codeigniter4/framework/system/CodeIgniter.php(412): CodeIgniter\CodeIgniter->runController(Object(App\Controllers\Dashboard))
#9 /Applications/XAMPP/xamppfiles/htdocs/si_dudcha/vendor/codeigniter4/framework/system/CodeIgniter.php(320): CodeIgniter\CodeIgniter->handleRequest(NULL, Object(Config\Cache), false)
#10 /Applications/XAMPP/xamppfiles/htdocs/si_dudcha/public/index.php(37): CodeIgniter\CodeIgniter->run()
#11 /Applications/XAMPP/xamppfiles/htdocs/si_dudcha/vendor/codeigniter4/framework/system/Commands/Server/rewrite.php(43): require_once('/Applications/X...')
#12 {main}
CRITICAL - 2022-06-23 20:42:06 --> Undefined index: alamat
#0 /Applications/XAMPP/xamppfiles/htdocs/si_dudcha/app/Views/dashboard/data_outlet.php(61): CodeIgniter\Debug\Exceptions->errorHandler(8, 'Undefined index...', '/Applications/X...', 61, Array)
#1 /Applications/XAMPP/xamppfiles/htdocs/si_dudcha/vendor/codeigniter4/framework/system/View/View.php(210): include('/Applications/X...')
#2 /Applications/XAMPP/xamppfiles/htdocs/si_dudcha/vendor/codeigniter4/framework/system/View/View.php(213): CodeIgniter\View\View->CodeIgniter\View\{closure}()
#3 /Applications/XAMPP/xamppfiles/htdocs/si_dudcha/vendor/codeigniter4/framework/system/Common.php(1089): CodeIgniter\View\View->render('dashboard/data_...', Array, true)
#4 /Applications/XAMPP/xamppfiles/htdocs/si_dudcha/app/Controllers/Dashboard.php(204): view('dashboard/data_...', Array)
#5 /Applications/XAMPP/xamppfiles/htdocs/si_dudcha/vendor/codeigniter4/framework/system/CodeIgniter.php(825): App\Controllers\Dashboard->outlet()
#6 /Applications/XAMPP/xamppfiles/htdocs/si_dudcha/vendor/codeigniter4/framework/system/CodeIgniter.php(412): CodeIgniter\CodeIgniter->runController(Object(App\Controllers\Dashboard))
#7 /Applications/XAMPP/xamppfiles/htdocs/si_dudcha/vendor/codeigniter4/framework/system/CodeIgniter.php(320): CodeIgniter\CodeIgniter->handleRequest(NULL, Object(Config\Cache), false)
#8 /Applications/XAMPP/xamppfiles/htdocs/si_dudcha/public/index.php(37): CodeIgniter\CodeIgniter->run()
#9 /Applications/XAMPP/xamppfiles/htdocs/si_dudcha/vendor/codeigniter4/framework/system/Commands/Server/rewrite.php(43): require_once('/Applications/X...')
#10 {main}
CRITICAL - 2022-06-23 20:42:15 --> Undefined index: kode_outlet
#0 /Applications/XAMPP/xamppfiles/htdocs/si_dudcha/app/Views/dashboard/data_outlet.php(63): CodeIgniter\Debug\Exceptions->errorHandler(8, 'Undefined index...', '/Applications/X...', 63, Array)
#1 /Applications/XAMPP/xamppfiles/htdocs/si_dudcha/vendor/codeigniter4/framework/system/View/View.php(210): include('/Applications/X...')
#2 /Applications/XAMPP/xamppfiles/htdocs/si_dudcha/vendor/codeigniter4/framework/system/View/View.php(213): CodeIgniter\View\View->CodeIgniter\View\{closure}()
#3 /Applications/XAMPP/xamppfiles/htdocs/si_dudcha/vendor/codeigniter4/framework/system/Common.php(1089): CodeIgniter\View\View->render('dashboard/data_...', Array, true)
#4 /Applications/XAMPP/xamppfiles/htdocs/si_dudcha/app/Controllers/Dashboard.php(204): view('dashboard/data_...', Array)
#5 /Applications/XAMPP/xamppfiles/htdocs/si_dudcha/vendor/codeigniter4/framework/system/CodeIgniter.php(825): App\Controllers\Dashboard->outlet()
#6 /Applications/XAMPP/xamppfiles/htdocs/si_dudcha/vendor/codeigniter4/framework/system/CodeIgniter.php(412): CodeIgniter\CodeIgniter->runController(Object(App\Controllers\Dashboard))
#7 /Applications/XAMPP/xamppfiles/htdocs/si_dudcha/vendor/codeigniter4/framework/system/CodeIgniter.php(320): CodeIgniter\CodeIgniter->handleRequest(NULL, Object(Config\Cache), false)
#8 /Applications/XAMPP/xamppfiles/htdocs/si_dudcha/public/index.php(37): CodeIgniter\CodeIgniter->run()
#9 /Applications/XAMPP/xamppfiles/htdocs/si_dudcha/vendor/codeigniter4/framework/system/Commands/Server/rewrite.php(43): require_once('/Applications/X...')
#10 {main}
CRITICAL - 2022-06-23 20:42:29 --> Undefined index: nama_outlet
#0 /Applications/XAMPP/xamppfiles/htdocs/si_dudcha/app/Views/dashboard/data_outlet.php(110): CodeIgniter\Debug\Exceptions->errorHandler(8, 'Undefined index...', '/Applications/X...', 110, Array)
#1 /Applications/XAMPP/xamppfiles/htdocs/si_dudcha/vendor/codeigniter4/framework/system/View/View.php(210): include('/Applications/X...')
#2 /Applications/XAMPP/xamppfiles/htdocs/si_dudcha/vendor/codeigniter4/framework/system/View/View.php(213): CodeIgniter\View\View->CodeIgniter\View\{closure}()
#3 /Applications/XAMPP/xamppfiles/htdocs/si_dudcha/vendor/codeigniter4/framework/system/Common.php(1089): CodeIgniter\View\View->render('dashboard/data_...', Array, true)
#4 /Applications/XAMPP/xamppfiles/htdocs/si_dudcha/app/Controllers/Dashboard.php(204): view('dashboard/data_...', Array)
#5 /Applications/XAMPP/xamppfiles/htdocs/si_dudcha/vendor/codeigniter4/framework/system/CodeIgniter.php(825): App\Controllers\Dashboard->outlet()
#6 /Applications/XAMPP/xamppfiles/htdocs/si_dudcha/vendor/codeigniter4/framework/system/CodeIgniter.php(412): CodeIgniter\CodeIgniter->runController(Object(App\Controllers\Dashboard))
#7 /Applications/XAMPP/xamppfiles/htdocs/si_dudcha/vendor/codeigniter4/framework/system/CodeIgniter.php(320): CodeIgniter\CodeIgniter->handleRequest(NULL, Object(Config\Cache), false)
#8 /Applications/XAMPP/xamppfiles/htdocs/si_dudcha/public/index.php(37): CodeIgniter\CodeIgniter->run()
#9 /Applications/XAMPP/xamppfiles/htdocs/si_dudcha/vendor/codeigniter4/framework/system/Commands/Server/rewrite.php(43): require_once('/Applications/X...')
#10 {main}
CRITICAL - 2022-06-23 20:42:39 --> Undefined index: nama_outlet
#0 /Applications/XAMPP/xamppfiles/htdocs/si_dudcha/app/Views/dashboard/data_outlet.php(110): CodeIgniter\Debug\Exceptions->errorHandler(8, 'Undefined index...', '/Applications/X...', 110, Array)
#1 /Applications/XAMPP/xamppfiles/htdocs/si_dudcha/vendor/codeigniter4/framework/system/View/View.php(210): include('/Applications/X...')
#2 /Applications/XAMPP/xamppfiles/htdocs/si_dudcha/vendor/codeigniter4/framework/system/View/View.php(213): CodeIgniter\View\View->CodeIgniter\View\{closure}()
#3 /Applications/XAMPP/xamppfiles/htdocs/si_dudcha/vendor/codeigniter4/framework/system/Common.php(1089): CodeIgniter\View\View->render('dashboard/data_...', Array, true)
#4 /Applications/XAMPP/xamppfiles/htdocs/si_dudcha/app/Controllers/Dashboard.php(204): view('dashboard/data_...', Array)
#5 /Applications/XAMPP/xamppfiles/htdocs/si_dudcha/vendor/codeigniter4/framework/system/CodeIgniter.php(825): App\Controllers\Dashboard->outlet()
#6 /Applications/XAMPP/xamppfiles/htdocs/si_dudcha/vendor/codeigniter4/framework/system/CodeIgniter.php(412): CodeIgniter\CodeIgniter->runController(Object(App\Controllers\Dashboard))
#7 /Applications/XAMPP/xamppfiles/htdocs/si_dudcha/vendor/codeigniter4/framework/system/CodeIgniter.php(320): CodeIgniter\CodeIgniter->handleRequest(NULL, Object(Config\Cache), false)
#8 /Applications/XAMPP/xamppfiles/htdocs/si_dudcha/public/index.php(37): CodeIgniter\CodeIgniter->run()
#9 /Applications/XAMPP/xamppfiles/htdocs/si_dudcha/vendor/codeigniter4/framework/system/Commands/Server/rewrite.php(43): require_once('/Applications/X...')
#10 {main}
CRITICAL - 2022-06-23 20:43:21 --> Undefined index: nama_outlet
#0 /Applications/XAMPP/xamppfiles/htdocs/si_dudcha/app/Views/dashboard/data_outlet.php(110): CodeIgniter\Debug\Exceptions->errorHandler(8, 'Undefined index...', '/Applications/X...', 110, Array)
#1 /Applications/XAMPP/xamppfiles/htdocs/si_dudcha/vendor/codeigniter4/framework/system/View/View.php(210): include('/Applications/X...')
#2 /Applications/XAMPP/xamppfiles/htdocs/si_dudcha/vendor/codeigniter4/framework/system/View/View.php(213): CodeIgniter\View\View->CodeIgniter\View\{closure}()
#3 /Applications/XAMPP/xamppfiles/htdocs/si_dudcha/vendor/codeigniter4/framework/system/Common.php(1089): CodeIgniter\View\View->render('dashboard/data_...', Array, true)
#4 /Applications/XAMPP/xamppfiles/htdocs/si_dudcha/app/Controllers/Dashboard.php(204): view('dashboard/data_...', Array)
#5 /Applications/XAMPP/xamppfiles/htdocs/si_dudcha/vendor/codeigniter4/framework/system/CodeIgniter.php(825): App\Controllers\Dashboard->outlet()
#6 /Applications/XAMPP/xamppfiles/htdocs/si_dudcha/vendor/codeigniter4/framework/system/CodeIgniter.php(412): CodeIgniter\CodeIgniter->runController(Object(App\Controllers\Dashboard))
#7 /Applications/XAMPP/xamppfiles/htdocs/si_dudcha/vendor/codeigniter4/framework/system/CodeIgniter.php(320): CodeIgniter\CodeIgniter->handleRequest(NULL, Object(Config\Cache), false)
#8 /Applications/XAMPP/xamppfiles/htdocs/si_dudcha/public/index.php(37): CodeIgniter\CodeIgniter->run()
#9 /Applications/XAMPP/xamppfiles/htdocs/si_dudcha/vendor/codeigniter4/framework/system/Commands/Server/rewrite.php(43): require_once('/Applications/X...')
#10 {main}
CRITICAL - 2022-06-23 20:43:50 --> Undefined index: outlet_name
#0 /Applications/XAMPP/xamppfiles/htdocs/si_dudcha/app/Views/dashboard/data_outlet.php(110): CodeIgniter\Debug\Exceptions->errorHandler(8, 'Undefined index...', '/Applications/X...', 110, Array)
#1 /Applications/XAMPP/xamppfiles/htdocs/si_dudcha/vendor/codeigniter4/framework/system/View/View.php(210): include('/Applications/X...')
#2 /Applications/XAMPP/xamppfiles/htdocs/si_dudcha/vendor/codeigniter4/framework/system/View/View.php(213): CodeIgniter\View\View->CodeIgniter\View\{closure}()
#3 /Applications/XAMPP/xamppfiles/htdocs/si_dudcha/vendor/codeigniter4/framework/system/Common.php(1089): CodeIgniter\View\View->render('dashboard/data_...', Array, true)
#4 /Applications/XAMPP/xamppfiles/htdocs/si_dudcha/app/Controllers/Dashboard.php(204): view('dashboard/data_...', Array)
#5 /Applications/XAMPP/xamppfiles/htdocs/si_dudcha/vendor/codeigniter4/framework/system/CodeIgniter.php(825): App\Controllers\Dashboard->outlet()
#6 /Applications/XAMPP/xamppfiles/htdocs/si_dudcha/vendor/codeigniter4/framework/system/CodeIgniter.php(412): CodeIgniter\CodeIgniter->runController(Object(App\Controllers\Dashboard))
#7 /Applications/XAMPP/xamppfiles/htdocs/si_dudcha/vendor/codeigniter4/framework/system/CodeIgniter.php(320): CodeIgniter\CodeIgniter->handleRequest(NULL, Object(Config\Cache), false)
#8 /Applications/XAMPP/xamppfiles/htdocs/si_dudcha/public/index.php(37): CodeIgniter\CodeIgniter->run()
#9 /Applications/XAMPP/xamppfiles/htdocs/si_dudcha/vendor/codeigniter4/framework/system/Commands/Server/rewrite.php(43): require_once('/Applications/X...')
#10 {main}
CRITICAL - 2022-06-23 20:43:54 --> Undefined index: outlet_name
#0 /Applications/XAMPP/xamppfiles/htdocs/si_dudcha/app/Views/dashboard/data_outlet.php(110): CodeIgniter\Debug\Exceptions->errorHandler(8, 'Undefined index...', '/Applications/X...', 110, Array)
#1 /Applications/XAMPP/xamppfiles/htdocs/si_dudcha/vendor/codeigniter4/framework/system/View/View.php(210): include('/Applications/X...')
#2 /Applications/XAMPP/xamppfiles/htdocs/si_dudcha/vendor/codeigniter4/framework/system/View/View.php(213): CodeIgniter\View\View->CodeIgniter\View\{closure}()
#3 /Applications/XAMPP/xamppfiles/htdocs/si_dudcha/vendor/codeigniter4/framework/system/Common.php(1089): CodeIgniter\View\View->render('dashboard/data_...', Array, true)
#4 /Applications/XAMPP/xamppfiles/htdocs/si_dudcha/app/Controllers/Dashboard.php(204): view('dashboard/data_...', Array)
#5 /Applications/XAMPP/xamppfiles/htdocs/si_dudcha/vendor/codeigniter4/framework/system/CodeIgniter.php(825): App\Controllers\Dashboard->outlet()
#6 /Applications/XAMPP/xamppfiles/htdocs/si_dudcha/vendor/codeigniter4/framework/system/CodeIgniter.php(412): CodeIgniter\CodeIgniter->runController(Object(App\Controllers\Dashboard))
#7 /Applications/XAMPP/xamppfiles/htdocs/si_dudcha/vendor/codeigniter4/framework/system/CodeIgniter.php(320): CodeIgniter\CodeIgniter->handleRequest(NULL, Object(Config\Cache), false)
#8 /Applications/XAMPP/xamppfiles/htdocs/si_dudcha/public/index.php(37): CodeIgniter\CodeIgniter->run()
#9 /Applications/XAMPP/xamppfiles/htdocs/si_dudcha/vendor/codeigniter4/framework/system/Commands/Server/rewrite.php(43): require_once('/Applications/X...')
#10 {main}
CRITICAL - 2022-06-23 20:43:54 --> Undefined index: outlet_name
#0 /Applications/XAMPP/xamppfiles/htdocs/si_dudcha/app/Views/dashboard/data_outlet.php(110): CodeIgniter\Debug\Exceptions->errorHandler(8, 'Undefined index...', '/Applications/X...', 110, Array)
#1 /Applications/XAMPP/xamppfiles/htdocs/si_dudcha/vendor/codeigniter4/framework/system/View/View.php(210): include('/Applications/X...')
#2 /Applications/XAMPP/xamppfiles/htdocs/si_dudcha/vendor/codeigniter4/framework/system/View/View.php(213): CodeIgniter\View\View->CodeIgniter\View\{closure}()
#3 /Applications/XAMPP/xamppfiles/htdocs/si_dudcha/vendor/codeigniter4/framework/system/Common.php(1089): CodeIgniter\View\View->render('dashboard/data_...', Array, true)
#4 /Applications/XAMPP/xamppfiles/htdocs/si_dudcha/app/Controllers/Dashboard.php(204): view('dashboard/data_...', Array)
#5 /Applications/XAMPP/xamppfiles/htdocs/si_dudcha/vendor/codeigniter4/framework/system/CodeIgniter.php(825): App\Controllers\Dashboard->outlet()
#6 /Applications/XAMPP/xamppfiles/htdocs/si_dudcha/vendor/codeigniter4/framework/system/CodeIgniter.php(412): CodeIgniter\CodeIgniter->runController(Object(App\Controllers\Dashboard))
#7 /Applications/XAMPP/xamppfiles/htdocs/si_dudcha/vendor/codeigniter4/framework/system/CodeIgniter.php(320): CodeIgniter\CodeIgniter->handleRequest(NULL, Object(Config\Cache), false)
#8 /Applications/XAMPP/xamppfiles/htdocs/si_dudcha/public/index.php(37): CodeIgniter\CodeIgniter->run()
#9 /Applications/XAMPP/xamppfiles/htdocs/si_dudcha/vendor/codeigniter4/framework/system/Commands/Server/rewrite.php(43): require_once('/Applications/X...')
#10 {main}
CRITICAL - 2022-06-23 20:50:49 --> There is no data to update.
#0 /Applications/XAMPP/xamppfiles/htdocs/si_dudcha/vendor/codeigniter4/framework/system/BaseModel.php(846): CodeIgniter\Database\Exceptions\DataException::forEmptyDataset('update')
#1 /Applications/XAMPP/xamppfiles/htdocs/si_dudcha/vendor/codeigniter4/framework/system/Model.php(651): CodeIgniter\BaseModel->update(Array, Array)
#2 /Applications/XAMPP/xamppfiles/htdocs/si_dudcha/app/Controllers/Outlet.php(16): CodeIgniter\Model->update('1', Array)
#3 /Applications/XAMPP/xamppfiles/htdocs/si_dudcha/vendor/codeigniter4/framework/system/CodeIgniter.php(825): App\Controllers\Outlet->update()
#4 /Applications/XAMPP/xamppfiles/htdocs/si_dudcha/vendor/codeigniter4/framework/system/CodeIgniter.php(412): CodeIgniter\CodeIgniter->runController(Object(App\Controllers\Outlet))
#5 /Applications/XAMPP/xamppfiles/htdocs/si_dudcha/vendor/codeigniter4/framework/system/CodeIgniter.php(320): CodeIgniter\CodeIgniter->handleRequest(NULL, Object(Config\Cache), false)
#6 /Applications/XAMPP/xamppfiles/htdocs/si_dudcha/public/index.php(37): CodeIgniter\CodeIgniter->run()
#7 /Applications/XAMPP/xamppfiles/htdocs/si_dudcha/vendor/codeigniter4/framework/system/Commands/Server/rewrite.php(43): require_once('/Applications/X...')
#8 {main}
CRITICAL - 2022-06-23 22:04:45 --> Call to undefined method CodeIgniter\Database\MySQLi\Builder::getResult()
#0 /Applications/XAMPP/xamppfiles/htdocs/si_dudcha/vendor/codeigniter4/framework/system/CodeIgniter.php(825): App\Controllers\Dashboard->data_barang()
#1 /Applications/XAMPP/xamppfiles/htdocs/si_dudcha/vendor/codeigniter4/framework/system/CodeIgniter.php(412): CodeIgniter\CodeIgniter->runController(Object(App\Controllers\Dashboard))
#2 /Applications/XAMPP/xamppfiles/htdocs/si_dudcha/vendor/codeigniter4/framework/system/CodeIgniter.php(320): CodeIgniter\CodeIgniter->handleRequest(NULL, Object(Config\Cache), false)
#3 /Applications/XAMPP/xamppfiles/htdocs/si_dudcha/public/index.php(37): CodeIgniter\CodeIgniter->run()
#4 /Applications/XAMPP/xamppfiles/htdocs/si_dudcha/vendor/codeigniter4/framework/system/Commands/Server/rewrite.php(43): require_once('/Applications/X...')
#5 {main}
CRITICAL - 2022-06-23 22:07:13 --> Call to undefined method CodeIgniter\Database\MySQLi\Builder::resultArray()
#0 /Applications/XAMPP/xamppfiles/htdocs/si_dudcha/vendor/codeigniter4/framework/system/CodeIgniter.php(825): App\Controllers\Dashboard->data_barang()
#1 /Applications/XAMPP/xamppfiles/htdocs/si_dudcha/vendor/codeigniter4/framework/system/CodeIgniter.php(412): CodeIgniter\CodeIgniter->runController(Object(App\Controllers\Dashboard))
#2 /Applications/XAMPP/xamppfiles/htdocs/si_dudcha/vendor/codeigniter4/framework/system/CodeIgniter.php(320): CodeIgniter\CodeIgniter->handleRequest(NULL, Object(Config\Cache), false)
#3 /Applications/XAMPP/xamppfiles/htdocs/si_dudcha/public/index.php(37): CodeIgniter\CodeIgniter->run()
#4 /Applications/XAMPP/xamppfiles/htdocs/si_dudcha/vendor/codeigniter4/framework/system/Commands/Server/rewrite.php(43): require_once('/Applications/X...')
#5 {main}
CRITICAL - 2022-06-23 22:09:38 --> Call to undefined method CodeIgniter\Database\MySQLi\Builder::getResult()
#0 /Applications/XAMPP/xamppfiles/htdocs/si_dudcha/vendor/codeigniter4/framework/system/CodeIgniter.php(825): App\Controllers\Dashboard->data_barang()
#1 /Applications/XAMPP/xamppfiles/htdocs/si_dudcha/vendor/codeigniter4/framework/system/CodeIgniter.php(412): CodeIgniter\CodeIgniter->runController(Object(App\Controllers\Dashboard))
#2 /Applications/XAMPP/xamppfiles/htdocs/si_dudcha/vendor/codeigniter4/framework/system/CodeIgniter.php(320): CodeIgniter\CodeIgniter->handleRequest(NULL, Object(Config\Cache), false)
#3 /Applications/XAMPP/xamppfiles/htdocs/si_dudcha/public/index.php(37): CodeIgniter\CodeIgniter->run()
#4 /Applications/XAMPP/xamppfiles/htdocs/si_dudcha/vendor/codeigniter4/framework/system/Commands/Server/rewrite.php(43): require_once('/Applications/X...')
#5 {main}
CRITICAL - 2022-06-23 22:16:39 --> syntax error, unexpected '$satuan_barang' (T_VARIABLE)
#0 /Applications/XAMPP/xamppfiles/htdocs/si_dudcha/vendor/codeigniter4/framework/system/Autoloader/Autoloader.php(241): CodeIgniter\Autoloader\Autoloader->includeFile('/Applications/X...')
#1 /Applications/XAMPP/xamppfiles/htdocs/si_dudcha/vendor/codeigniter4/framework/system/Autoloader/Autoloader.php(219): CodeIgniter\Autoloader\Autoloader->loadInNamespace('App\\Controllers...')
#2 [internal function]: CodeIgniter\Autoloader\Autoloader->loadClass('App\\Controllers...')
#3 [internal function]: spl_autoload_call('App\\Controllers...')
#4 /Applications/XAMPP/xamppfiles/htdocs/si_dudcha/vendor/codeigniter4/framework/system/CodeIgniter.php(790): class_exists('\\App\\Controller...', true)
#5 /Applications/XAMPP/xamppfiles/htdocs/si_dudcha/vendor/codeigniter4/framework/system/CodeIgniter.php(399): CodeIgniter\CodeIgniter->startController()
#6 /Applications/XAMPP/xamppfiles/htdocs/si_dudcha/vendor/codeigniter4/framework/system/CodeIgniter.php(320): CodeIgniter\CodeIgniter->handleRequest(NULL, Object(Config\Cache), false)
#7 /Applications/XAMPP/xamppfiles/htdocs/si_dudcha/public/index.php(37): CodeIgniter\CodeIgniter->run()
#8 /Applications/XAMPP/xamppfiles/htdocs/si_dudcha/vendor/codeigniter4/framework/system/Commands/Server/rewrite.php(43): require_once('/Applications/X...')
#9 {main}
CRITICAL - 2022-06-23 22:18:34 --> Call to undefined function App\Controllers\dump()
#0 /Applications/XAMPP/xamppfiles/htdocs/si_dudcha/vendor/codeigniter4/framework/system/CodeIgniter.php(825): App\Controllers\Dashboard->data_barang()
#1 /Applications/XAMPP/xamppfiles/htdocs/si_dudcha/vendor/codeigniter4/framework/system/CodeIgniter.php(412): CodeIgniter\CodeIgniter->runController(Object(App\Controllers\Dashboard))
#2 /Applications/XAMPP/xamppfiles/htdocs/si_dudcha/vendor/codeigniter4/framework/system/CodeIgniter.php(320): CodeIgniter\CodeIgniter->handleRequest(NULL, Object(Config\Cache), false)
#3 /Applications/XAMPP/xamppfiles/htdocs/si_dudcha/public/index.php(37): CodeIgniter\CodeIgniter->run()
#4 /Applications/XAMPP/xamppfiles/htdocs/si_dudcha/vendor/codeigniter4/framework/system/Commands/Server/rewrite.php(43): require_once('/Applications/X...')
#5 {main}
CRITICAL - 2022-06-23 22:18:46 --> Call to undefined function App\Controllers\dump()
#0 /Applications/XAMPP/xamppfiles/htdocs/si_dudcha/vendor/codeigniter4/framework/system/CodeIgniter.php(825): App\Controllers\Dashboard->data_barang()
#1 /Applications/XAMPP/xamppfiles/htdocs/si_dudcha/vendor/codeigniter4/framework/system/CodeIgniter.php(412): CodeIgniter\CodeIgniter->runController(Object(App\Controllers\Dashboard))
#2 /Applications/XAMPP/xamppfiles/htdocs/si_dudcha/vendor/codeigniter4/framework/system/CodeIgniter.php(320): CodeIgniter\CodeIgniter->handleRequest(NULL, Object(Config\Cache), false)
#3 /Applications/XAMPP/xamppfiles/htdocs/si_dudcha/public/index.php(37): CodeIgniter\CodeIgniter->run()
#4 /Applications/XAMPP/xamppfiles/htdocs/si_dudcha/vendor/codeigniter4/framework/system/Commands/Server/rewrite.php(43): require_once('/Applications/X...')
#5 {main}
CRITICAL - 2022-06-23 22:18:47 --> Call to undefined function App\Controllers\dump()
#0 /Applications/XAMPP/xamppfiles/htdocs/si_dudcha/vendor/codeigniter4/framework/system/CodeIgniter.php(825): App\Controllers\Dashboard->data_barang()
#1 /Applications/XAMPP/xamppfiles/htdocs/si_dudcha/vendor/codeigniter4/framework/system/CodeIgniter.php(412): CodeIgniter\CodeIgniter->runController(Object(App\Controllers\Dashboard))
#2 /Applications/XAMPP/xamppfiles/htdocs/si_dudcha/vendor/codeigniter4/framework/system/CodeIgniter.php(320): CodeIgniter\CodeIgniter->handleRequest(NULL, Object(Config\Cache), false)
#3 /Applications/XAMPP/xamppfiles/htdocs/si_dudcha/public/index.php(37): CodeIgniter\CodeIgniter->run()
#4 /Applications/XAMPP/xamppfiles/htdocs/si_dudcha/vendor/codeigniter4/framework/system/Commands/Server/rewrite.php(43): require_once('/Applications/X...')
#5 {main}
CRITICAL - 2022-06-23 22:19:28 --> Array to string conversion
#0 /Applications/XAMPP/xamppfiles/htdocs/si_dudcha/app/Views/dashboard/data_barang.php(130): CodeIgniter\Debug\Exceptions->errorHandler(8, 'Array to string...', '/Applications/X...', 130, Array)
#1 /Applications/XAMPP/xamppfiles/htdocs/si_dudcha/vendor/codeigniter4/framework/system/View/View.php(210): include('/Applications/X...')
#2 /Applications/XAMPP/xamppfiles/htdocs/si_dudcha/vendor/codeigniter4/framework/system/View/View.php(213): CodeIgniter\View\View->CodeIgniter\View\{closure}()
#3 /Applications/XAMPP/xamppfiles/htdocs/si_dudcha/vendor/codeigniter4/framework/system/Common.php(1089): CodeIgniter\View\View->render('dashboard/data_...', Array, true)
#4 /Applications/XAMPP/xamppfiles/htdocs/si_dudcha/app/Controllers/Dashboard.php(250): view('dashboard/data_...', Array)
#5 /Applications/XAMPP/xamppfiles/htdocs/si_dudcha/vendor/codeigniter4/framework/system/CodeIgniter.php(825): App\Controllers\Dashboard->data_barang()
#6 /Applications/XAMPP/xamppfiles/htdocs/si_dudcha/vendor/codeigniter4/framework/system/CodeIgniter.php(412): CodeIgniter\CodeIgniter->runController(Object(App\Controllers\Dashboard))
#7 /Applications/XAMPP/xamppfiles/htdocs/si_dudcha/vendor/codeigniter4/framework/system/CodeIgniter.php(320): CodeIgniter\CodeIgniter->handleRequest(NULL, Object(Config\Cache), false)
#8 /Applications/XAMPP/xamppfiles/htdocs/si_dudcha/public/index.php(37): CodeIgniter\CodeIgniter->run()
#9 /Applications/XAMPP/xamppfiles/htdocs/si_dudcha/vendor/codeigniter4/framework/system/Commands/Server/rewrite.php(43): require_once('/Applications/X...')
#10 {main}
CRITICAL - 2022-06-23 22:20:44 --> Array to string conversion
#0 /Applications/XAMPP/xamppfiles/htdocs/si_dudcha/app/Views/dashboard/data_barang.php(130): CodeIgniter\Debug\Exceptions->errorHandler(8, 'Array to string...', '/Applications/X...', 130, Array)
#1 /Applications/XAMPP/xamppfiles/htdocs/si_dudcha/vendor/codeigniter4/framework/system/View/View.php(210): include('/Applications/X...')
#2 /Applications/XAMPP/xamppfiles/htdocs/si_dudcha/vendor/codeigniter4/framework/system/View/View.php(213): CodeIgniter\View\View->CodeIgniter\View\{closure}()
#3 /Applications/XAMPP/xamppfiles/htdocs/si_dudcha/vendor/codeigniter4/framework/system/Common.php(1089): CodeIgniter\View\View->render('dashboard/data_...', Array, true)
#4 /Applications/XAMPP/xamppfiles/htdocs/si_dudcha/app/Controllers/Dashboard.php(250): view('dashboard/data_...', Array)
#5 /Applications/XAMPP/xamppfiles/htdocs/si_dudcha/vendor/codeigniter4/framework/system/CodeIgniter.php(825): App\Controllers\Dashboard->data_barang()
#6 /Applications/XAMPP/xamppfiles/htdocs/si_dudcha/vendor/codeigniter4/framework/system/CodeIgniter.php(412): CodeIgniter\CodeIgniter->runController(Object(App\Controllers\Dashboard))
#7 /Applications/XAMPP/xamppfiles/htdocs/si_dudcha/vendor/codeigniter4/framework/system/CodeIgniter.php(320): CodeIgniter\CodeIgniter->handleRequest(NULL, Object(Config\Cache), false)
#8 /Applications/XAMPP/xamppfiles/htdocs/si_dudcha/public/index.php(37): CodeIgniter\CodeIgniter->run()
#9 /Applications/XAMPP/xamppfiles/htdocs/si_dudcha/vendor/codeigniter4/framework/system/Commands/Server/rewrite.php(43): require_once('/Applications/X...')
#10 {main}
CRITICAL - 2022-06-23 22:27:56 --> Call to undefined method App\Models\BarangModel::innerJoin
#0 /Applications/XAMPP/xamppfiles/htdocs/si_dudcha/app/Controllers/Dashboard.php(227): CodeIgniter\Model->__call('innerJoin', Array)
#1 /Applications/XAMPP/xamppfiles/htdocs/si_dudcha/vendor/codeigniter4/framework/system/CodeIgniter.php(825): App\Controllers\Dashboard->data_barang()
#2 /Applications/XAMPP/xamppfiles/htdocs/si_dudcha/vendor/codeigniter4/framework/system/CodeIgniter.php(412): CodeIgniter\CodeIgniter->runController(Object(App\Controllers\Dashboard))
#3 /Applications/XAMPP/xamppfiles/htdocs/si_dudcha/vendor/codeigniter4/framework/system/CodeIgniter.php(320): CodeIgniter\CodeIgniter->handleRequest(NULL, Object(Config\Cache), false)
#4 /Applications/XAMPP/xamppfiles/htdocs/si_dudcha/public/index.php(37): CodeIgniter\CodeIgniter->run()
#5 /Applications/XAMPP/xamppfiles/htdocs/si_dudcha/vendor/codeigniter4/framework/system/Commands/Server/rewrite.php(43): require_once('/Applications/X...')
#6 {main}
CRITICAL - 2022-06-23 22:41:00 --> Undefined variable: barang
#0 /Applications/XAMPP/xamppfiles/htdocs/si_dudcha/app/Views/templates/adminlte_template.php(69): CodeIgniter\Debug\Exceptions->errorHandler(8, 'Undefined varia...', '/Applications/X...', 69, Array)
#1 /Applications/XAMPP/xamppfiles/htdocs/si_dudcha/vendor/codeigniter4/framework/system/View/View.php(210): include('/Applications/X...')
#2 /Applications/XAMPP/xamppfiles/htdocs/si_dudcha/vendor/codeigniter4/framework/system/View/View.php(213): CodeIgniter\View\View->CodeIgniter\View\{closure}()
#3 /Applications/XAMPP/xamppfiles/htdocs/si_dudcha/vendor/codeigniter4/framework/system/View/View.php(226): CodeIgniter\View\View->render('templates/admin...', Array, true)
#4 /Applications/XAMPP/xamppfiles/htdocs/si_dudcha/vendor/codeigniter4/framework/system/Common.php(1089): CodeIgniter\View\View->render('user/user_list', Array, true)
#5 /Applications/XAMPP/xamppfiles/htdocs/si_dudcha/app/Controllers/Dashboard.php(114): view('user/user_list', Array)
#6 /Applications/XAMPP/xamppfiles/htdocs/si_dudcha/vendor/codeigniter4/framework/system/CodeIgniter.php(825): App\Controllers\Dashboard->kelola_user()
#7 /Applications/XAMPP/xamppfiles/htdocs/si_dudcha/vendor/codeigniter4/framework/system/CodeIgniter.php(412): CodeIgniter\CodeIgniter->runController(Object(App\Controllers\Dashboard))
#8 /Applications/XAMPP/xamppfiles/htdocs/si_dudcha/vendor/codeigniter4/framework/system/CodeIgniter.php(320): CodeIgniter\CodeIgniter->handleRequest(NULL, Object(Config\Cache), false)
#9 /Applications/XAMPP/xamppfiles/htdocs/si_dudcha/public/index.php(37): CodeIgniter\CodeIgniter->run()
#10 /Applications/XAMPP/xamppfiles/htdocs/si_dudcha/vendor/codeigniter4/framework/system/Commands/Server/rewrite.php(43): require_once('/Applications/X...')
#11 {main}
CRITICAL - 2022-06-23 23:20:45 --> The original file is not a valid file.
#0 /Applications/XAMPP/xamppfiles/htdocs/si_dudcha/vendor/codeigniter4/framework/system/HTTP/Files/UploadedFile.php(137): CodeIgniter\HTTP\Exceptions\HTTPException::forInvalidFile()
#1 /Applications/XAMPP/xamppfiles/htdocs/si_dudcha/app/Controllers/Login.php(26): CodeIgniter\HTTP\Files\UploadedFile->move('/Applications/X...')
#2 /Applications/XAMPP/xamppfiles/htdocs/si_dudcha/vendor/codeigniter4/framework/system/CodeIgniter.php(825): App\Controllers\Login->updateProfile()
#3 /Applications/XAMPP/xamppfiles/htdocs/si_dudcha/vendor/codeigniter4/framework/system/CodeIgniter.php(412): CodeIgniter\CodeIgniter->runController(Object(App\Controllers\Login))
#4 /Applications/XAMPP/xamppfiles/htdocs/si_dudcha/vendor/codeigniter4/framework/system/CodeIgniter.php(320): CodeIgniter\CodeIgniter->handleRequest(NULL, Object(Config\Cache), false)
#5 /Applications/XAMPP/xamppfiles/htdocs/si_dudcha/public/index.php(37): CodeIgniter\CodeIgniter->run()
#6 /Applications/XAMPP/xamppfiles/htdocs/si_dudcha/vendor/codeigniter4/framework/system/Commands/Server/rewrite.php(43): require_once('/Applications/X...')
#7 {main}
CRITICAL - 2022-06-23 23:22:36 --> The original file is not a valid file.
#0 /Applications/XAMPP/xamppfiles/htdocs/si_dudcha/vendor/codeigniter4/framework/system/HTTP/Files/UploadedFile.php(137): CodeIgniter\HTTP\Exceptions\HTTPException::forInvalidFile()
#1 /Applications/XAMPP/xamppfiles/htdocs/si_dudcha/app/Controllers/Login.php(17): CodeIgniter\HTTP\Files\UploadedFile->move('/Applications/X...')
#2 /Applications/XAMPP/xamppfiles/htdocs/si_dudcha/vendor/codeigniter4/framework/system/CodeIgniter.php(825): App\Controllers\Login->updateProfile()
#3 /Applications/XAMPP/xamppfiles/htdocs/si_dudcha/vendor/codeigniter4/framework/system/CodeIgniter.php(412): CodeIgniter\CodeIgniter->runController(Object(App\Controllers\Login))
#4 /Applications/XAMPP/xamppfiles/htdocs/si_dudcha/vendor/codeigniter4/framework/system/CodeIgniter.php(320): CodeIgniter\CodeIgniter->handleRequest(NULL, Object(Config\Cache), false)
#5 /Applications/XAMPP/xamppfiles/htdocs/si_dudcha/public/index.php(37): CodeIgniter\CodeIgniter->run()
#6 /Applications/XAMPP/xamppfiles/htdocs/si_dudcha/vendor/codeigniter4/framework/system/Commands/Server/rewrite.php(43): require_once('/Applications/X...')
#7 {main}
CRITICAL - 2022-06-23 23:23:35 --> The original file is not a valid file.
#0 /Applications/XAMPP/xamppfiles/htdocs/si_dudcha/vendor/codeigniter4/framework/system/HTTP/Files/UploadedFile.php(137): CodeIgniter\HTTP\Exceptions\HTTPException::forInvalidFile()
#1 /Applications/XAMPP/xamppfiles/htdocs/si_dudcha/app/Controllers/Login.php(17): CodeIgniter\HTTP\Files\UploadedFile->move('/Applications/X...')
#2 /Applications/XAMPP/xamppfiles/htdocs/si_dudcha/vendor/codeigniter4/framework/system/CodeIgniter.php(825): App\Controllers\Login->updateProfile()
#3 /Applications/XAMPP/xamppfiles/htdocs/si_dudcha/vendor/codeigniter4/framework/system/CodeIgniter.php(412): CodeIgniter\CodeIgniter->runController(Object(App\Controllers\Login))
#4 /Applications/XAMPP/xamppfiles/htdocs/si_dudcha/vendor/codeigniter4/framework/system/CodeIgniter.php(320): CodeIgniter\CodeIgniter->handleRequest(NULL, Object(Config\Cache), false)
#5 /Applications/XAMPP/xamppfiles/htdocs/si_dudcha/public/index.php(37): CodeIgniter\CodeIgniter->run()
#6 /Applications/XAMPP/xamppfiles/htdocs/si_dudcha/vendor/codeigniter4/framework/system/Commands/Server/rewrite.php(43): require_once('/Applications/X...')
#7 {main}
CRITICAL - 2022-06-23 23:24:32 --> The original file is not a valid file.
#0 /Applications/XAMPP/xamppfiles/htdocs/si_dudcha/vendor/codeigniter4/framework/system/HTTP/Files/UploadedFile.php(137): CodeIgniter\HTTP\Exceptions\HTTPException::forInvalidFile()
#1 /Applications/XAMPP/xamppfiles/htdocs/si_dudcha/app/Controllers/Login.php(17): CodeIgniter\HTTP\Files\UploadedFile->move('/Applications/X...')
#2 /Applications/XAMPP/xamppfiles/htdocs/si_dudcha/vendor/codeigniter4/framework/system/CodeIgniter.php(825): App\Controllers\Login->updateProfile()
#3 /Applications/XAMPP/xamppfiles/htdocs/si_dudcha/vendor/codeigniter4/framework/system/CodeIgniter.php(412): CodeIgniter\CodeIgniter->runController(Object(App\Controllers\Login))
#4 /Applications/XAMPP/xamppfiles/htdocs/si_dudcha/vendor/codeigniter4/framework/system/CodeIgniter.php(320): CodeIgniter\CodeIgniter->handleRequest(NULL, Object(Config\Cache), false)
#5 /Applications/XAMPP/xamppfiles/htdocs/si_dudcha/public/index.php(37): CodeIgniter\CodeIgniter->run()
#6 /Applications/XAMPP/xamppfiles/htdocs/si_dudcha/vendor/codeigniter4/framework/system/Commands/Server/rewrite.php(43): require_once('/Applications/X...')
#7 {main}
CRITICAL - 2022-06-23 23:24:42 --> The original file is not a valid file.
#0 /Applications/XAMPP/xamppfiles/htdocs/si_dudcha/vendor/codeigniter4/framework/system/HTTP/Files/UploadedFile.php(137): CodeIgniter\HTTP\Exceptions\HTTPException::forInvalidFile()
#1 /Applications/XAMPP/xamppfiles/htdocs/si_dudcha/app/Controllers/Login.php(17): CodeIgniter\HTTP\Files\UploadedFile->move('/Applications/X...')
#2 /Applications/XAMPP/xamppfiles/htdocs/si_dudcha/vendor/codeigniter4/framework/system/CodeIgniter.php(825): App\Controllers\Login->updateProfile()
#3 /Applications/XAMPP/xamppfiles/htdocs/si_dudcha/vendor/codeigniter4/framework/system/CodeIgniter.php(412): CodeIgniter\CodeIgniter->runController(Object(App\Controllers\Login))
#4 /Applications/XAMPP/xamppfiles/htdocs/si_dudcha/vendor/codeigniter4/framework/system/CodeIgniter.php(320): CodeIgniter\CodeIgniter->handleRequest(NULL, Object(Config\Cache), false)
#5 /Applications/XAMPP/xamppfiles/htdocs/si_dudcha/public/index.php(37): CodeIgniter\CodeIgniter->run()
#6 /Applications/XAMPP/xamppfiles/htdocs/si_dudcha/vendor/codeigniter4/framework/system/Commands/Server/rewrite.php(43): require_once('/Applications/X...')
#7 {main}
CRITICAL - 2022-06-23 23:25:06 --> syntax error, unexpected '$dataUser' (T_VARIABLE)
#0 /Applications/XAMPP/xamppfiles/htdocs/si_dudcha/vendor/codeigniter4/framework/system/Autoloader/Autoloader.php(241): CodeIgniter\Autoloader\Autoloader->includeFile('/Applications/X...')
#1 /Applications/XAMPP/xamppfiles/htdocs/si_dudcha/vendor/codeigniter4/framework/system/Autoloader/Autoloader.php(219): CodeIgniter\Autoloader\Autoloader->loadInNamespace('App\\Controllers...')
#2 [internal function]: CodeIgniter\Autoloader\Autoloader->loadClass('App\\Controllers...')
#3 [internal function]: spl_autoload_call('App\\Controllers...')
#4 /Applications/XAMPP/xamppfiles/htdocs/si_dudcha/vendor/codeigniter4/framework/system/CodeIgniter.php(790): class_exists('\\App\\Controller...', true)
#5 /Applications/XAMPP/xamppfiles/htdocs/si_dudcha/vendor/codeigniter4/framework/system/CodeIgniter.php(399): CodeIgniter\CodeIgniter->startController()
#6 /Applications/XAMPP/xamppfiles/htdocs/si_dudcha/vendor/codeigniter4/framework/system/CodeIgniter.php(320): CodeIgniter\CodeIgniter->handleRequest(NULL, Object(Config\Cache), false)
#7 /Applications/XAMPP/xamppfiles/htdocs/si_dudcha/public/index.php(37): CodeIgniter\CodeIgniter->run()
#8 /Applications/XAMPP/xamppfiles/htdocs/si_dudcha/vendor/codeigniter4/framework/system/Commands/Server/rewrite.php(43): require_once('/Applications/X...')
#9 {main}
CRITICAL - 2022-06-23 23:25:20 --> The original file is not a valid file.
#0 /Applications/XAMPP/xamppfiles/htdocs/si_dudcha/vendor/codeigniter4/framework/system/HTTP/Files/UploadedFile.php(137): CodeIgniter\HTTP\Exceptions\HTTPException::forInvalidFile()
#1 /Applications/XAMPP/xamppfiles/htdocs/si_dudcha/app/Controllers/Login.php(17): CodeIgniter\HTTP\Files\UploadedFile->move('/Applications/X...')
#2 /Applications/XAMPP/xamppfiles/htdocs/si_dudcha/vendor/codeigniter4/framework/system/CodeIgniter.php(825): App\Controllers\Login->updateProfile()
#3 /Applications/XAMPP/xamppfiles/htdocs/si_dudcha/vendor/codeigniter4/framework/system/CodeIgniter.php(412): CodeIgniter\CodeIgniter->runController(Object(App\Controllers\Login))
#4 /Applications/XAMPP/xamppfiles/htdocs/si_dudcha/vendor/codeigniter4/framework/system/CodeIgniter.php(320): CodeIgniter\CodeIgniter->handleRequest(NULL, Object(Config\Cache), false)
#5 /Applications/XAMPP/xamppfiles/htdocs/si_dudcha/public/index.php(37): CodeIgniter\CodeIgniter->run()
#6 /Applications/XAMPP/xamppfiles/htdocs/si_dudcha/vendor/codeigniter4/framework/system/Commands/Server/rewrite.php(43): require_once('/Applications/X...')
#7 {main}
CRITICAL - 2022-06-23 23:26:24 --> The original file is not a valid file.
#0 /Applications/XAMPP/xamppfiles/htdocs/si_dudcha/vendor/codeigniter4/framework/system/HTTP/Files/UploadedFile.php(137): CodeIgniter\HTTP\Exceptions\HTTPException::forInvalidFile()
#1 /Applications/XAMPP/xamppfiles/htdocs/si_dudcha/app/Controllers/Login.php(17): CodeIgniter\HTTP\Files\UploadedFile->move('/Applications/X...')
#2 /Applications/XAMPP/xamppfiles/htdocs/si_dudcha/vendor/codeigniter4/framework/system/CodeIgniter.php(825): App\Controllers\Login->updateProfile()
#3 /Applications/XAMPP/xamppfiles/htdocs/si_dudcha/vendor/codeigniter4/framework/system/CodeIgniter.php(412): CodeIgniter\CodeIgniter->runController(Object(App\Controllers\Login))
#4 /Applications/XAMPP/xamppfiles/htdocs/si_dudcha/vendor/codeigniter4/framework/system/CodeIgniter.php(320): CodeIgniter\CodeIgniter->handleRequest(NULL, Object(Config\Cache), false)
#5 /Applications/XAMPP/xamppfiles/htdocs/si_dudcha/public/index.php(37): CodeIgniter\CodeIgniter->run()
#6 /Applications/XAMPP/xamppfiles/htdocs/si_dudcha/vendor/codeigniter4/framework/system/Commands/Server/rewrite.php(43): require_once('/Applications/X...')
#7 {main}
CRITICAL - 2022-06-23 23:28:11 --> The original file is not a valid file.
#0 /Applications/XAMPP/xamppfiles/htdocs/si_dudcha/vendor/codeigniter4/framework/system/HTTP/Files/UploadedFile.php(137): CodeIgniter\HTTP\Exceptions\HTTPException::forInvalidFile()
#1 /Applications/XAMPP/xamppfiles/htdocs/si_dudcha/app/Controllers/Login.php(17): CodeIgniter\HTTP\Files\UploadedFile->move('/Applications/X...')
#2 /Applications/XAMPP/xamppfiles/htdocs/si_dudcha/vendor/codeigniter4/framework/system/CodeIgniter.php(825): App\Controllers\Login->updateProfile()
#3 /Applications/XAMPP/xamppfiles/htdocs/si_dudcha/vendor/codeigniter4/framework/system/CodeIgniter.php(412): CodeIgniter\CodeIgniter->runController(Object(App\Controllers\Login))
#4 /Applications/XAMPP/xamppfiles/htdocs/si_dudcha/vendor/codeigniter4/framework/system/CodeIgniter.php(320): CodeIgniter\CodeIgniter->handleRequest(NULL, Object(Config\Cache), false)
#5 /Applications/XAMPP/xamppfiles/htdocs/si_dudcha/public/index.php(37): CodeIgniter\CodeIgniter->run()
#6 /Applications/XAMPP/xamppfiles/htdocs/si_dudcha/vendor/codeigniter4/framework/system/Commands/Server/rewrite.php(43): require_once('/Applications/X...')
#7 {main}
CRITICAL - 2022-06-23 23:30:04 --> The original file is not a valid file.
#0 /Applications/XAMPP/xamppfiles/htdocs/si_dudcha/vendor/codeigniter4/framework/system/HTTP/Files/UploadedFile.php(137): CodeIgniter\HTTP\Exceptions\HTTPException::forInvalidFile()
#1 /Applications/XAMPP/xamppfiles/htdocs/si_dudcha/app/Controllers/Login.php(17): CodeIgniter\HTTP\Files\UploadedFile->move('/Applications/X...')
#2 /Applications/XAMPP/xamppfiles/htdocs/si_dudcha/vendor/codeigniter4/framework/system/CodeIgniter.php(825): App\Controllers\Login->updateProfile()
#3 /Applications/XAMPP/xamppfiles/htdocs/si_dudcha/vendor/codeigniter4/framework/system/CodeIgniter.php(412): CodeIgniter\CodeIgniter->runController(Object(App\Controllers\Login))
#4 /Applications/XAMPP/xamppfiles/htdocs/si_dudcha/vendor/codeigniter4/framework/system/CodeIgniter.php(320): CodeIgniter\CodeIgniter->handleRequest(NULL, Object(Config\Cache), false)
#5 /Applications/XAMPP/xamppfiles/htdocs/si_dudcha/public/index.php(37): CodeIgniter\CodeIgniter->run()
#6 /Applications/XAMPP/xamppfiles/htdocs/si_dudcha/vendor/codeigniter4/framework/system/Commands/Server/rewrite.php(43): require_once('/Applications/X...')
#7 {main}
CRITICAL - 2022-06-23 23:31:09 --> The original file is not a valid file.
#0 /Applications/XAMPP/xamppfiles/htdocs/si_dudcha/vendor/codeigniter4/framework/system/HTTP/Files/UploadedFile.php(137): CodeIgniter\HTTP\Exceptions\HTTPException::forInvalidFile()
#1 /Applications/XAMPP/xamppfiles/htdocs/si_dudcha/app/Controllers/Login.php(17): CodeIgniter\HTTP\Files\UploadedFile->move('/Applications/X...')
#2 /Applications/XAMPP/xamppfiles/htdocs/si_dudcha/vendor/codeigniter4/framework/system/CodeIgniter.php(825): App\Controllers\Login->updateProfile()
#3 /Applications/XAMPP/xamppfiles/htdocs/si_dudcha/vendor/codeigniter4/framework/system/CodeIgniter.php(412): CodeIgniter\CodeIgniter->runController(Object(App\Controllers\Login))
#4 /Applications/XAMPP/xamppfiles/htdocs/si_dudcha/vendor/codeigniter4/framework/system/CodeIgniter.php(320): CodeIgniter\CodeIgniter->handleRequest(NULL, Object(Config\Cache), false)
#5 /Applications/XAMPP/xamppfiles/htdocs/si_dudcha/public/index.php(37): CodeIgniter\CodeIgniter->run()
#6 /Applications/XAMPP/xamppfiles/htdocs/si_dudcha/vendor/codeigniter4/framework/system/Commands/Server/rewrite.php(43): require_once('/Applications/X...')
#7 {main}
CRITICAL - 2022-06-23 23:32:52 --> The original file is not a valid file.
#0 /Applications/XAMPP/xamppfiles/htdocs/si_dudcha/vendor/codeigniter4/framework/system/HTTP/Files/UploadedFile.php(137): CodeIgniter\HTTP\Exceptions\HTTPException::forInvalidFile()
#1 /Applications/XAMPP/xamppfiles/htdocs/si_dudcha/app/Controllers/Login.php(17): CodeIgniter\HTTP\Files\UploadedFile->move('/Applications/X...')
#2 /Applications/XAMPP/xamppfiles/htdocs/si_dudcha/vendor/codeigniter4/framework/system/CodeIgniter.php(825): App\Controllers\Login->updateProfile()
#3 /Applications/XAMPP/xamppfiles/htdocs/si_dudcha/vendor/codeigniter4/framework/system/CodeIgniter.php(412): CodeIgniter\CodeIgniter->runController(Object(App\Controllers\Login))
#4 /Applications/XAMPP/xamppfiles/htdocs/si_dudcha/vendor/codeigniter4/framework/system/CodeIgniter.php(320): CodeIgniter\CodeIgniter->handleRequest(NULL, Object(Config\Cache), false)
#5 /Applications/XAMPP/xamppfiles/htdocs/si_dudcha/public/index.php(37): CodeIgniter\CodeIgniter->run()
#6 /Applications/XAMPP/xamppfiles/htdocs/si_dudcha/vendor/codeigniter4/framework/system/Commands/Server/rewrite.php(43): require_once('/Applications/X...')
#7 {main}
CRITICAL - 2022-06-23 23:36:41 --> The original file is not a valid file.
#0 /Applications/XAMPP/xamppfiles/htdocs/si_dudcha/vendor/codeigniter4/framework/system/HTTP/Files/UploadedFile.php(137): CodeIgniter\HTTP\Exceptions\HTTPException::forInvalidFile()
#1 /Applications/XAMPP/xamppfiles/htdocs/si_dudcha/app/Controllers/Login.php(17): CodeIgniter\HTTP\Files\UploadedFile->move('/Applications/X...')
#2 /Applications/XAMPP/xamppfiles/htdocs/si_dudcha/vendor/codeigniter4/framework/system/CodeIgniter.php(825): App\Controllers\Login->updateProfile()
#3 /Applications/XAMPP/xamppfiles/htdocs/si_dudcha/vendor/codeigniter4/framework/system/CodeIgniter.php(412): CodeIgniter\CodeIgniter->runController(Object(App\Controllers\Login))
#4 /Applications/XAMPP/xamppfiles/htdocs/si_dudcha/vendor/codeigniter4/framework/system/CodeIgniter.php(320): CodeIgniter\CodeIgniter->handleRequest(NULL, Object(Config\Cache), false)
#5 /Applications/XAMPP/xamppfiles/htdocs/si_dudcha/public/index.php(37): CodeIgniter\CodeIgniter->run()
#6 /Applications/XAMPP/xamppfiles/htdocs/si_dudcha/vendor/codeigniter4/framework/system/Commands/Server/rewrite.php(43): require_once('/Applications/X...')
#7 {main}
CRITICAL - 2022-06-23 23:41:29 --> Call to undefined function form_open_multipart()
#0 /Applications/XAMPP/xamppfiles/htdocs/si_dudcha/vendor/codeigniter4/framework/system/View/View.php(210): include()
#1 /Applications/XAMPP/xamppfiles/htdocs/si_dudcha/vendor/codeigniter4/framework/system/View/View.php(213): CodeIgniter\View\View->CodeIgniter\View\{closure}()
#2 /Applications/XAMPP/xamppfiles/htdocs/si_dudcha/vendor/codeigniter4/framework/system/View/View.php(226): CodeIgniter\View\View->render('templates/admin...', Array, true)
#3 /Applications/XAMPP/xamppfiles/htdocs/si_dudcha/vendor/codeigniter4/framework/system/Common.php(1089): CodeIgniter\View\View->render('dashboard/index', Array, true)
#4 /Applications/XAMPP/xamppfiles/htdocs/si_dudcha/app/Controllers/Dashboard.php(75): view('dashboard/index', Array)
#5 /Applications/XAMPP/xamppfiles/htdocs/si_dudcha/vendor/codeigniter4/framework/system/CodeIgniter.php(825): App\Controllers\Dashboard->index()
#6 /Applications/XAMPP/xamppfiles/htdocs/si_dudcha/vendor/codeigniter4/framework/system/CodeIgniter.php(412): CodeIgniter\CodeIgniter->runController(Object(App\Controllers\Dashboard))
#7 /Applications/XAMPP/xamppfiles/htdocs/si_dudcha/vendor/codeigniter4/framework/system/CodeIgniter.php(320): CodeIgniter\CodeIgniter->handleRequest(NULL, Object(Config\Cache), false)
#8 /Applications/XAMPP/xamppfiles/htdocs/si_dudcha/public/index.php(37): CodeIgniter\CodeIgniter->run()
#9 /Applications/XAMPP/xamppfiles/htdocs/si_dudcha/vendor/codeigniter4/framework/system/Commands/Server/rewrite.php(43): require_once('/Applications/X...')
#10 {main}
CRITICAL - 2022-06-23 23:45:57 --> The original file is not a valid file.
#0 /Applications/XAMPP/xamppfiles/htdocs/si_dudcha/vendor/codeigniter4/framework/system/HTTP/Files/UploadedFile.php(137): CodeIgniter\HTTP\Exceptions\HTTPException::forInvalidFile()
#1 /Applications/XAMPP/xamppfiles/htdocs/si_dudcha/app/Controllers/Login.php(26): CodeIgniter\HTTP\Files\UploadedFile->move('/Applications/X...')
#2 /Applications/XAMPP/xamppfiles/htdocs/si_dudcha/vendor/codeigniter4/framework/system/CodeIgniter.php(825): App\Controllers\Login->updateProfile()
#3 /Applications/XAMPP/xamppfiles/htdocs/si_dudcha/vendor/codeigniter4/framework/system/CodeIgniter.php(412): CodeIgniter\CodeIgniter->runController(Object(App\Controllers\Login))
#4 /Applications/XAMPP/xamppfiles/htdocs/si_dudcha/vendor/codeigniter4/framework/system/CodeIgniter.php(320): CodeIgniter\CodeIgniter->handleRequest(NULL, Object(Config\Cache), false)
#5 /Applications/XAMPP/xamppfiles/htdocs/si_dudcha/public/index.php(37): CodeIgniter\CodeIgniter->run()
#6 /Applications/XAMPP/xamppfiles/htdocs/si_dudcha/vendor/codeigniter4/framework/system/Commands/Server/rewrite.php(43): require_once('/Applications/X...')
#7 {main}
CRITICAL - 2022-06-23 23:48:10 --> mkdir(): Read-only file system
#0 [internal function]: CodeIgniter\Debug\Exceptions->errorHandler(2, 'mkdir(): Read-o...', '/Applications/X...', 176, Array)
#1 /Applications/XAMPP/xamppfiles/htdocs/si_dudcha/vendor/codeigniter4/framework/system/HTTP/Files/UploadedFile.php(176): mkdir('/public/uploads...', 511, true)
#2 /Applications/XAMPP/xamppfiles/htdocs/si_dudcha/vendor/codeigniter4/framework/system/HTTP/Files/UploadedFile.php(130): CodeIgniter\HTTP\Files\UploadedFile->setPath('/public/uploads...')
#3 /Applications/XAMPP/xamppfiles/htdocs/si_dudcha/app/Controllers/Login.php(26): CodeIgniter\HTTP\Files\UploadedFile->move('/public/uploads...')
#4 /Applications/XAMPP/xamppfiles/htdocs/si_dudcha/vendor/codeigniter4/framework/system/CodeIgniter.php(825): App\Controllers\Login->updateProfile()
#5 /Applications/XAMPP/xamppfiles/htdocs/si_dudcha/vendor/codeigniter4/framework/system/CodeIgniter.php(412): CodeIgniter\CodeIgniter->runController(Object(App\Controllers\Login))
#6 /Applications/XAMPP/xamppfiles/htdocs/si_dudcha/vendor/codeigniter4/framework/system/CodeIgniter.php(320): CodeIgniter\CodeIgniter->handleRequest(NULL, Object(Config\Cache), false)
#7 /Applications/XAMPP/xamppfiles/htdocs/si_dudcha/public/index.php(37): CodeIgniter\CodeIgniter->run()
#8 /Applications/XAMPP/xamppfiles/htdocs/si_dudcha/vendor/codeigniter4/framework/system/Commands/Server/rewrite.php(43): require_once('/Applications/X...')
#9 {main}
CRITICAL - 2022-06-23 23:48:47 --> The original file is not a valid file.
#0 /Applications/XAMPP/xamppfiles/htdocs/si_dudcha/vendor/codeigniter4/framework/system/HTTP/Files/UploadedFile.php(137): CodeIgniter\HTTP\Exceptions\HTTPException::forInvalidFile()
#1 /Applications/XAMPP/xamppfiles/htdocs/si_dudcha/app/Controllers/Login.php(26): CodeIgniter\HTTP\Files\UploadedFile->move('/Applications/X...')
#2 /Applications/XAMPP/xamppfiles/htdocs/si_dudcha/vendor/codeigniter4/framework/system/CodeIgniter.php(825): App\Controllers\Login->updateProfile()
#3 /Applications/XAMPP/xamppfiles/htdocs/si_dudcha/vendor/codeigniter4/framework/system/CodeIgniter.php(412): CodeIgniter\CodeIgniter->runController(Object(App\Controllers\Login))
#4 /Applications/XAMPP/xamppfiles/htdocs/si_dudcha/vendor/codeigniter4/framework/system/CodeIgniter.php(320): CodeIgniter\CodeIgniter->handleRequest(NULL, Object(Config\Cache), false)
#5 /Applications/XAMPP/xamppfiles/htdocs/si_dudcha/public/index.php(37): CodeIgniter\CodeIgniter->run()
#6 /Applications/XAMPP/xamppfiles/htdocs/si_dudcha/vendor/codeigniter4/framework/system/Commands/Server/rewrite.php(43): require_once('/Applications/X...')
#7 {main}
CRITICAL - 2022-06-23 23:52:46 --> The original file is not a valid file.
#0 /Applications/XAMPP/xamppfiles/htdocs/si_dudcha/vendor/codeigniter4/framework/system/HTTP/Files/UploadedFile.php(137): CodeIgniter\HTTP\Exceptions\HTTPException::forInvalidFile()
#1 /Applications/XAMPP/xamppfiles/htdocs/si_dudcha/app/Controllers/Login.php(26): CodeIgniter\HTTP\Files\UploadedFile->move('/Applications/X...', 'IMG_0283.jpg')
#2 /Applications/XAMPP/xamppfiles/htdocs/si_dudcha/vendor/codeigniter4/framework/system/CodeIgniter.php(825): App\Controllers\Login->updateProfile()
#3 /Applications/XAMPP/xamppfiles/htdocs/si_dudcha/vendor/codeigniter4/framework/system/CodeIgniter.php(412): CodeIgniter\CodeIgniter->runController(Object(App\Controllers\Login))
#4 /Applications/XAMPP/xamppfiles/htdocs/si_dudcha/vendor/codeigniter4/framework/system/CodeIgniter.php(320): CodeIgniter\CodeIgniter->handleRequest(NULL, Object(Config\Cache), false)
#5 /Applications/XAMPP/xamppfiles/htdocs/si_dudcha/public/index.php(37): CodeIgniter\CodeIgniter->run()
#6 /Applications/XAMPP/xamppfiles/htdocs/si_dudcha/vendor/codeigniter4/framework/system/Commands/Server/rewrite.php(43): require_once('/Applications/X...')
#7 {main}
CRITICAL - 2022-06-23 23:53:19 --> The original file is not a valid file.
#0 /Applications/XAMPP/xamppfiles/htdocs/si_dudcha/vendor/codeigniter4/framework/system/HTTP/Files/UploadedFile.php(137): CodeIgniter\HTTP\Exceptions\HTTPException::forInvalidFile()
#1 /Applications/XAMPP/xamppfiles/htdocs/si_dudcha/app/Controllers/Login.php(26): CodeIgniter\HTTP\Files\UploadedFile->move('/Applications/X...', 'IMG_0283.jpg')
#2 /Applications/XAMPP/xamppfiles/htdocs/si_dudcha/vendor/codeigniter4/framework/system/CodeIgniter.php(825): App\Controllers\Login->updateProfile()
#3 /Applications/XAMPP/xamppfiles/htdocs/si_dudcha/vendor/codeigniter4/framework/system/CodeIgniter.php(412): CodeIgniter\CodeIgniter->runController(Object(App\Controllers\Login))
#4 /Applications/XAMPP/xamppfiles/htdocs/si_dudcha/vendor/codeigniter4/framework/system/CodeIgniter.php(320): CodeIgniter\CodeIgniter->handleRequest(NULL, Object(Config\Cache), false)
#5 /Applications/XAMPP/xamppfiles/htdocs/si_dudcha/public/index.php(37): CodeIgniter\CodeIgniter->run()
#6 /Applications/XAMPP/xamppfiles/htdocs/si_dudcha/vendor/codeigniter4/framework/system/Commands/Server/rewrite.php(43): require_once('/Applications/X...')
#7 {main}
CRITICAL - 2022-06-23 23:53:53 --> The original file is not a valid file.
#0 /Applications/XAMPP/xamppfiles/htdocs/si_dudcha/vendor/codeigniter4/framework/system/HTTP/Files/UploadedFile.php(137): CodeIgniter\HTTP\Exceptions\HTTPException::forInvalidFile()
#1 /Applications/XAMPP/xamppfiles/htdocs/si_dudcha/app/Controllers/Login.php(26): CodeIgniter\HTTP\Files\UploadedFile->move('/Applications/X...', 'IMG_0283.jpg')
#2 /Applications/XAMPP/xamppfiles/htdocs/si_dudcha/vendor/codeigniter4/framework/system/CodeIgniter.php(825): App\Controllers\Login->updateProfile()
#3 /Applications/XAMPP/xamppfiles/htdocs/si_dudcha/vendor/codeigniter4/framework/system/CodeIgniter.php(412): CodeIgniter\CodeIgniter->runController(Object(App\Controllers\Login))
#4 /Applications/XAMPP/xamppfiles/htdocs/si_dudcha/vendor/codeigniter4/framework/system/CodeIgniter.php(320): CodeIgniter\CodeIgniter->handleRequest(NULL, Object(Config\Cache), false)
#5 /Applications/XAMPP/xamppfiles/htdocs/si_dudcha/public/index.php(37): CodeIgniter\CodeIgniter->run()
#6 /Applications/XAMPP/xamppfiles/htdocs/si_dudcha/vendor/codeigniter4/framework/system/Commands/Server/rewrite.php(43): require_once('/Applications/X...')
#7 {main}
CRITICAL - 2022-06-23 23:57:13 --> The original file is not a valid file.
#0 /Applications/XAMPP/xamppfiles/htdocs/si_dudcha/vendor/codeigniter4/framework/system/HTTP/Files/UploadedFile.php(137): CodeIgniter\HTTP\Exceptions\HTTPException::forInvalidFile()
#1 /Applications/XAMPP/xamppfiles/htdocs/si_dudcha/app/Controllers/Login.php(27): CodeIgniter\HTTP\Files\UploadedFile->move('/Applications/X...', '1656003433_4dd8...')
#2 /Applications/XAMPP/xamppfiles/htdocs/si_dudcha/vendor/codeigniter4/framework/system/CodeIgniter.php(825): App\Controllers\Login->updateProfile()
#3 /Applications/XAMPP/xamppfiles/htdocs/si_dudcha/vendor/codeigniter4/framework/system/CodeIgniter.php(412): CodeIgniter\CodeIgniter->runController(Object(App\Controllers\Login))
#4 /Applications/XAMPP/xamppfiles/htdocs/si_dudcha/vendor/codeigniter4/framework/system/CodeIgniter.php(320): CodeIgniter\CodeIgniter->handleRequest(NULL, Object(Config\Cache), false)
#5 /Applications/XAMPP/xamppfiles/htdocs/si_dudcha/public/index.php(37): CodeIgniter\CodeIgniter->run()
#6 /Applications/XAMPP/xamppfiles/htdocs/si_dudcha/vendor/codeigniter4/framework/system/Commands/Server/rewrite.php(43): require_once('/Applications/X...')
#7 {main}
CRITICAL - 2022-06-23 23:57:38 --> The original file is not a valid file.
#0 /Applications/XAMPP/xamppfiles/htdocs/si_dudcha/vendor/codeigniter4/framework/system/HTTP/Files/UploadedFile.php(137): CodeIgniter\HTTP\Exceptions\HTTPException::forInvalidFile()
#1 /Applications/XAMPP/xamppfiles/htdocs/si_dudcha/app/Controllers/Login.php(27): CodeIgniter\HTTP\Files\UploadedFile->move('/Applications/X...', '1656003458_b5f3...')
#2 /Applications/XAMPP/xamppfiles/htdocs/si_dudcha/vendor/codeigniter4/framework/system/CodeIgniter.php(825): App\Controllers\Login->updateProfile()
#3 /Applications/XAMPP/xamppfiles/htdocs/si_dudcha/vendor/codeigniter4/framework/system/CodeIgniter.php(412): CodeIgniter\CodeIgniter->runController(Object(App\Controllers\Login))
#4 /Applications/XAMPP/xamppfiles/htdocs/si_dudcha/vendor/codeigniter4/framework/system/CodeIgniter.php(320): CodeIgniter\CodeIgniter->handleRequest(NULL, Object(Config\Cache), false)
#5 /Applications/XAMPP/xamppfiles/htdocs/si_dudcha/public/index.php(37): CodeIgniter\CodeIgniter->run()
#6 /Applications/XAMPP/xamppfiles/htdocs/si_dudcha/vendor/codeigniter4/framework/system/Commands/Server/rewrite.php(43): require_once('/Applications/X...')
#7 {main}
